; Jacking in...
; Starting Jack-in Terminal: lein update-in :dependencies conj '[nrepl,"0.9.0"]' -- update-in :plugins conj '[cider/cider-nrepl,"0.27.4"]' -- update-in '[:repl-options,:nrepl-middleware]' conj '["cider.nrepl/cider-middleware"]' -- repl :headless
; Hooking up nREPL sessions...
; Connected session: clj
; TIPS: 
;   - You can edit the contents here. Use it as a REPL if you like.
;   - `alt+enter` evaluates the current top level form.
;   - `ctrl+enter` evaluates the current form.
;   - `alt+up` and `alt+down` traverse up and down the REPL command history
;      when the cursor is after the last contents at the prompt
;   - Clojure lines in stack traces are peekable and clickable.
cljêž‰userêž‰>Â 
; Jack-in done.
cljêž‰userêž‰>Â 
#'all-your-base/exp
cljêž‰all-your-baseêž‰>Â 
#'all-your-base/convertToBase
cljêž‰all-your-baseêž‰>Â 
#'all-your-base/convert
cljêž‰all-your-baseêž‰>Â 
; Execution error (NullPointerException) at all-your-base/eval6039 (form-init14129650725976120769.clj:20).
; null
cljêž‰all-your-baseêž‰>Â 
; Evaluating file: all_your_base.clj
3
; Running tests for all-your-base...
; FAIL in all-your-base-test/test-both-bases-are-negative (all_your_base_test.clj:87):
; When both bases are negative, nil is returned
; expected:
(nil? (all-your-base/convert -2 '(1) -7))
; actual:
(not (nil? (1)))
; FAIL in all-your-base-test/test-first-base-is-negative (all_your_base_test.clj:79):
; Negative input base returns nil
; expected:
(nil? (all-your-base/convert -2 '(1) 10))
; actual:
(not (nil? (1)))
; FAIL in all-your-base-test/test-first-base-is-one (all_your_base_test.clj:63):
; Input base of 1 returns nil
; expected:
(nil? (all-your-base/convert 1 () 10))
; actual:
(not (nil? ()))
; FAIL in all-your-base-test/test-first-base-is-zero (all_your_base_test.clj:71):
; Input base of 0 returns nil
; expected:
(nil? (all-your-base/convert 0 () 10))
; actual:
(not (nil? ()))
; FAIL in all-your-base-test/test-invalid-positive-digit (all_your_base_test.clj:59):
; Invalid digits return nil
; expected:
(nil? (all-your-base/convert 2 '(1 2 1 0 1 0) 10))
; actual:
(not (nil? (7 4)))
; FAIL in all-your-base-test/test-multiple-zeroes (all_your_base_test.clj:47):
; 0 converts to 0, no matter the how many zeroes
; expected:
(= '(0) (all-your-base/convert 10 '(0 0 0) 2))
; actual:
(not (= (0) ()))
; FAIL in all-your-base-test/test-negative-digit (all_your_base_test.clj:55):
; Negative digits result in nil
; expected:
(nil? (all-your-base/convert 2 '(1 -1 1 0 1 0) 10))
; actual:
(not (nil? (2 6)))
; FAIL in all-your-base-test/test-second-base-is-negative (all_your_base_test.clj:83):
; Negative output base returns nil
; expected:
(nil? (all-your-base/convert 2 '(1) -7))
; actual:
(not (nil? (1)))
; ERROR in all-your-base-test/test-second-base-is-one (RT.java):
; Output base of 1 returns nil
; error: java.lang.StackOverflowError (RT.java)
; expected:
(nil? (all-your-base/convert 2 '(1 0 1 0 1 0) 1))
; ERROR in all-your-base-test/test-second-base-is-zero (Numbers.java:75):
; Output base of 0 returns nil
; error: java.lang.ArithmeticException: Divide by zero (Numbers.java:75)
; expected:
(nil? (all-your-base/convert 10 '(7) 0))
; FAIL in all-your-base-test/test-single-zero (all_your_base_test.clj:43):
; 0 converts to 0, no matter the base
; expected:
(= '(0) (all-your-base/convert 10 '(0) 2))
; actual:
(not (= (0) ()))
; 21 tests finished, problems found. ðŸ˜­ errors: 2, failures: 9, ns: 1, vars: 21
cljêž‰all-your-baseêž‰>Â 
3
cljêž‰all-your-baseêž‰>Â 
; Evaluating file: all_your_base.clj
3
; Running tests for all-your-base...
; FAIL in all-your-base-test/test-both-bases-are-negative (all_your_base_test.clj:87):
; When both bases are negative, nil is returned
; expected:
(nil? (all-your-base/convert -2 '(1) -7))
; actual:
(not (nil? (1)))
; FAIL in all-your-base-test/test-first-base-is-negative (all_your_base_test.clj:79):
; Negative input base returns nil
; expected:
(nil? (all-your-base/convert -2 '(1) 10))
; actual:
(not (nil? (1)))
; FAIL in all-your-base-test/test-first-base-is-one (all_your_base_test.clj:63):
; Input base of 1 returns nil
; expected:
(nil? (all-your-base/convert 1 () 10))
; actual:
(not (nil? ()))
; FAIL in all-your-base-test/test-first-base-is-zero (all_your_base_test.clj:71):
; Input base of 0 returns nil
; expected:
(nil? (all-your-base/convert 0 () 10))
; actual:
(not (nil? ()))
; FAIL in all-your-base-test/test-invalid-positive-digit (all_your_base_test.clj:59):
; Invalid digits return nil
; expected:
(nil? (all-your-base/convert 2 '(1 2 1 0 1 0) 10))
; actual:
(not (nil? (7 4)))
; FAIL in all-your-base-test/test-multiple-zeroes (all_your_base_test.clj:47):
; 0 converts to 0, no matter the how many zeroes
; expected:
(0)
; actual:
()
; FAIL in all-your-base-test/test-negative-digit (all_your_base_test.clj:55):
; Negative digits result in nil
; expected:
(nil? (all-your-base/convert 2 '(1 -1 1 0 1 0) 10))
; actual:
(not (nil? (2 6)))
; FAIL in all-your-base-test/test-second-base-is-negative (all_your_base_test.clj:83):
; Negative output base returns nil
; expected:
(nil? (all-your-base/convert 2 '(1) -7))
; actual:
(not (nil? (1)))
; ERROR in all-your-base-test/test-second-base-is-one (Numbers.java):
; Output base of 1 returns nil
; error: java.lang.StackOverflowError (Numbers.java)
; expected:
(nil? (all-your-base/convert 2 '(1 0 1 0 1 0) 1))
; ERROR in all-your-base-test/test-second-base-is-zero (Numbers.java:75):
; Output base of 0 returns nil
; error: java.lang.ArithmeticException: Divide by zero (Numbers.java:75)
; expected:
(nil? (all-your-base/convert 10 '(7) 0))
; FAIL in all-your-base-test/test-single-zero (all_your_base_test.clj:43):
; 0 converts to 0, no matter the base
; expected:
(0)
; actual:
()
; 21 tests finished, problems found. ðŸ˜­ errors: 2, failures: 9, ns: 1, vars: 21
cljêž‰all-your-baseêž‰>Â 
; Evaluating file: all_your_base.clj
; Syntax error macroexpanding clojure.core/defn at (all_your_base.clj:13:1).
; () - failed: Insufficient input at: [:fn-tail] spec: :clojure.core.specs.alpha/defn-args
; Evaluation of file all_your_base.clj failed: class clojure.lang.Compiler$CompilerException
; Evaluating file: all_your_base.clj
3
; Running tests for all-your-base...
; FAIL in all-your-base-test/test-both-bases-are-negative (all_your_base_test.clj:87):
; When both bases are negative, nil is returned
; expected:
(nil? (all-your-base/convert -2 '(1) -7))
; actual:
(not (nil? (1)))
; FAIL in all-your-base-test/test-first-base-is-negative (all_your_base_test.clj:79):
; Negative input base returns nil
; expected:
(nil? (all-your-base/convert -2 '(1) 10))
; actual:
(not (nil? (1)))
; FAIL in all-your-base-test/test-first-base-is-one (all_your_base_test.clj:63):
; Input base of 1 returns nil
; expected:
(nil? (all-your-base/convert 1 () 10))
; actual:
(not (nil? ()))
; FAIL in all-your-base-test/test-first-base-is-zero (all_your_base_test.clj:71):
; Input base of 0 returns nil
; expected:
(nil? (all-your-base/convert 0 () 10))
; actual:
(not (nil? ()))
; FAIL in all-your-base-test/test-invalid-positive-digit (all_your_base_test.clj:59):
; Invalid digits return nil
; expected:
(nil? (all-your-base/convert 2 '(1 2 1 0 1 0) 10))
; actual:
(not (nil? (7 4)))
; FAIL in all-your-base-test/test-multiple-zeroes (all_your_base_test.clj:47):
; 0 converts to 0, no matter the how many zeroes
; expected:
(0)
; actual:
()
; FAIL in all-your-base-test/test-negative-digit (all_your_base_test.clj:55):
; Negative digits result in nil
; expected:
(nil? (all-your-base/convert 2 '(1 -1 1 0 1 0) 10))
; actual:
(not (nil? (2 6)))
; FAIL in all-your-base-test/test-second-base-is-negative (all_your_base_test.clj:83):
; Negative output base returns nil
; expected:
(nil? (all-your-base/convert 2 '(1) -7))
; actual:
(not (nil? (1)))
; ERROR in all-your-base-test/test-second-base-is-one (Numbers.java):
; Output base of 1 returns nil
; error: java.lang.StackOverflowError (Numbers.java)
; expected:
(nil? (all-your-base/convert 2 '(1 0 1 0 1 0) 1))
; ERROR in all-your-base-test/test-second-base-is-zero (Numbers.java:75):
; Output base of 0 returns nil
; error: java.lang.ArithmeticException: Divide by zero (Numbers.java:75)
; expected:
(nil? (all-your-base/convert 10 '(7) 0))
; FAIL in all-your-base-test/test-single-zero (all_your_base_test.clj:43):
; 0 converts to 0, no matter the base
; expected:
(0)
; actual:
()
; 21 tests finished, problems found. ðŸ˜­ errors: 2, failures: 9, ns: 1, vars: 21
cljêž‰all-your-baseêž‰>Â 
; Evaluating file: all_your_base.clj
3
; Running tests for all-your-base...
; FAIL in all-your-base-test/test-both-bases-are-negative (all_your_base_test.clj:87):
; When both bases are negative, nil is returned
; expected:
(nil? (all-your-base/convert -2 '(1) -7))
; actual:
(not (nil? (1)))
; FAIL in all-your-base-test/test-first-base-is-negative (all_your_base_test.clj:79):
; Negative input base returns nil
; expected:
(nil? (all-your-base/convert -2 '(1) 10))
; actual:
(not (nil? (1)))
; FAIL in all-your-base-test/test-first-base-is-one (all_your_base_test.clj:63):
; Input base of 1 returns nil
; expected:
(nil? (all-your-base/convert 1 () 10))
; actual:
(not (nil? ()))
; FAIL in all-your-base-test/test-first-base-is-zero (all_your_base_test.clj:71):
; Input base of 0 returns nil
; expected:
(nil? (all-your-base/convert 0 () 10))
; actual:
(not (nil? ()))
; FAIL in all-your-base-test/test-invalid-positive-digit (all_your_base_test.clj:59):
; Invalid digits return nil
; expected:
(nil? (all-your-base/convert 2 '(1 2 1 0 1 0) 10))
; actual:
(not (nil? (7 4)))
; FAIL in all-your-base-test/test-multiple-zeroes (all_your_base_test.clj:47):
; 0 converts to 0, no matter the how many zeroes
; expected:
(0)
; actual:
()
; FAIL in all-your-base-test/test-negative-digit (all_your_base_test.clj:55):
; Negative digits result in nil
; expected:
(nil? (all-your-base/convert 2 '(1 -1 1 0 1 0) 10))
; actual:
(not (nil? (2 6)))
; FAIL in all-your-base-test/test-second-base-is-negative (all_your_base_test.clj:83):
; Negative output base returns nil
; expected:
(nil? (all-your-base/convert 2 '(1) -7))
; actual:
(not (nil? (1)))
; ERROR in all-your-base-test/test-second-base-is-one (Numbers.java):
; Output base of 1 returns nil
; error: java.lang.StackOverflowError (Numbers.java)
; expected:
(nil? (all-your-base/convert 2 '(1 0 1 0 1 0) 1))
; ERROR in all-your-base-test/test-second-base-is-zero (Numbers.java:75):
; Output base of 0 returns nil
; error: java.lang.ArithmeticException: Divide by zero (Numbers.java:75)
; expected:
(nil? (all-your-base/convert 10 '(7) 0))
; FAIL in all-your-base-test/test-single-zero (all_your_base_test.clj:43):
; 0 converts to 0, no matter the base
; expected:
(0)
; actual:
()
; 21 tests finished, problems found. ðŸ˜­ errors: 2, failures: 9, ns: 1, vars: 21
cljêž‰all-your-baseêž‰>Â 
; Evaluating file: all_your_base.clj
3
; Running tests for all-your-base...
; FAIL in all-your-base-test/test-both-bases-are-negative (all_your_base_test.clj:87):
; When both bases are negative, nil is returned
; expected:
(nil? (all-your-base/convert -2 '(1) -7))
; actual:
(not (nil? (1)))
; FAIL in all-your-base-test/test-first-base-is-negative (all_your_base_test.clj:79):
; Negative input base returns nil
; expected:
(nil? (all-your-base/convert -2 '(1) 10))
; actual:
(not (nil? (1)))
; FAIL in all-your-base-test/test-first-base-is-one (all_your_base_test.clj:63):
; Input base of 1 returns nil
; expected:
(nil? (all-your-base/convert 1 () 10))
; actual:
(not (nil? ()))
; FAIL in all-your-base-test/test-first-base-is-zero (all_your_base_test.clj:71):
; Input base of 0 returns nil
; expected:
(nil? (all-your-base/convert 0 () 10))
; actual:
(not (nil? ()))
; FAIL in all-your-base-test/test-invalid-positive-digit (all_your_base_test.clj:59):
; Invalid digits return nil
; expected:
(nil? (all-your-base/convert 2 '(1 2 1 0 1 0) 10))
; actual:
(not (nil? (7 4)))
; FAIL in all-your-base-test/test-multiple-zeroes (all_your_base_test.clj:47):
; 0 converts to 0, no matter the how many zeroes
; expected:
(0)
; actual:
()
; FAIL in all-your-base-test/test-negative-digit (all_your_base_test.clj:55):
; Negative digits result in nil
; expected:
(nil? (all-your-base/convert 2 '(1 -1 1 0 1 0) 10))
; actual:
(not (nil? (2 6)))
; FAIL in all-your-base-test/test-second-base-is-negative (all_your_base_test.clj:83):
; Negative output base returns nil
; expected:
(nil? (all-your-base/convert 2 '(1) -7))
; actual:
(not (nil? (1)))
; ERROR in all-your-base-test/test-second-base-is-one (Numbers.java):
; Output base of 1 returns nil
; error: java.lang.StackOverflowError (Numbers.java)
; expected:
(nil? (all-your-base/convert 2 '(1 0 1 0 1 0) 1))
; ERROR in all-your-base-test/test-second-base-is-zero (Numbers.java:75):
; Output base of 0 returns nil
; error: java.lang.ArithmeticException: Divide by zero (Numbers.java:75)
; expected:
(nil? (all-your-base/convert 10 '(7) 0))
; FAIL in all-your-base-test/test-single-zero (all_your_base_test.clj:43):
; 0 converts to 0, no matter the base
; expected:
(0)
; actual:
()
; 21 tests finished, problems found. ðŸ˜­ errors: 2, failures: 9, ns: 1, vars: 21
cljêž‰all-your-baseêž‰>Â 
; Evaluating file: all_your_base.clj
3
; Running tests for all-your-base...
; FAIL in all-your-base-test/test-both-bases-are-negative (all_your_base_test.clj:87):
; When both bases are negative, nil is returned
; expected:
(nil? (all-your-base/convert -2 '(1) -7))
; actual:
(not (nil? (1)))
; FAIL in all-your-base-test/test-first-base-is-negative (all_your_base_test.clj:79):
; Negative input base returns nil
; expected:
(nil? (all-your-base/convert -2 '(1) 10))
; actual:
(not (nil? (1)))
; FAIL in all-your-base-test/test-first-base-is-one (all_your_base_test.clj:63):
; Input base of 1 returns nil
; expected:
(nil? (all-your-base/convert 1 () 10))
; actual:
(not (nil? ()))
; FAIL in all-your-base-test/test-first-base-is-zero (all_your_base_test.clj:71):
; Input base of 0 returns nil
; expected:
(nil? (all-your-base/convert 0 () 10))
; actual:
(not (nil? ()))
; FAIL in all-your-base-test/test-invalid-positive-digit (all_your_base_test.clj:59):
; Invalid digits return nil
; expected:
(nil? (all-your-base/convert 2 '(1 2 1 0 1 0) 10))
; actual:
(not (nil? (7 4)))
; FAIL in all-your-base-test/test-multiple-zeroes (all_your_base_test.clj:47):
; 0 converts to 0, no matter the how many zeroes
; expected:
(0)
; actual:
()
; FAIL in all-your-base-test/test-negative-digit (all_your_base_test.clj:55):
; Negative digits result in nil
; expected:
(nil? (all-your-base/convert 2 '(1 -1 1 0 1 0) 10))
; actual:
(not (nil? (2 6)))
; FAIL in all-your-base-test/test-second-base-is-negative (all_your_base_test.clj:83):
; Negative output base returns nil
; expected:
(nil? (all-your-base/convert 2 '(1) -7))
; actual:
(not (nil? (1)))
; ERROR in all-your-base-test/test-second-base-is-one (Numbers.java):
; Output base of 1 returns nil
; error: java.lang.StackOverflowError (Numbers.java)
; expected:
(nil? (all-your-base/convert 2 '(1 0 1 0 1 0) 1))
; ERROR in all-your-base-test/test-second-base-is-zero (Numbers.java:75):
; Output base of 0 returns nil
; error: java.lang.ArithmeticException: Divide by zero (Numbers.java:75)
; expected:
(nil? (all-your-base/convert 10 '(7) 0))
; FAIL in all-your-base-test/test-single-zero (all_your_base_test.clj:43):
; 0 converts to 0, no matter the base
; expected:
(0)
; actual:
()
; 21 tests finished, problems found. ðŸ˜­ errors: 2, failures: 9, ns: 1, vars: 21
cljêž‰all-your-baseêž‰>Â 
; Evaluating file: all_your_base.clj
3
; Running tests for all-your-base...
; FAIL in all-your-base-test/test-both-bases-are-negative (all_your_base_test.clj:87):
; When both bases are negative, nil is returned
; expected:
(nil? (all-your-base/convert -2 '(1) -7))
; actual:
(not (nil? (1)))
; FAIL in all-your-base-test/test-first-base-is-negative (all_your_base_test.clj:79):
; Negative input base returns nil
; expected:
(nil? (all-your-base/convert -2 '(1) 10))
; actual:
(not (nil? (1)))
; FAIL in all-your-base-test/test-first-base-is-one (all_your_base_test.clj:63):
; Input base of 1 returns nil
; expected:
(nil? (all-your-base/convert 1 () 10))
; actual:
(not (nil? ()))
; FAIL in all-your-base-test/test-first-base-is-zero (all_your_base_test.clj:71):
; Input base of 0 returns nil
; expected:
(nil? (all-your-base/convert 0 () 10))
; actual:
(not (nil? ()))
; FAIL in all-your-base-test/test-invalid-positive-digit (all_your_base_test.clj:59):
; Invalid digits return nil
; expected:
(nil? (all-your-base/convert 2 '(1 2 1 0 1 0) 10))
; actual:
(not (nil? (7 4)))
; FAIL in all-your-base-test/test-multiple-zeroes (all_your_base_test.clj:47):
; 0 converts to 0, no matter the how many zeroes
; expected:
(0)
; actual:
()
; FAIL in all-your-base-test/test-negative-digit (all_your_base_test.clj:55):
; Negative digits result in nil
; expected:
(nil? (all-your-base/convert 2 '(1 -1 1 0 1 0) 10))
; actual:
(not (nil? (2 6)))
; FAIL in all-your-base-test/test-second-base-is-negative (all_your_base_test.clj:83):
; Negative output base returns nil
; expected:
(nil? (all-your-base/convert 2 '(1) -7))
; actual:
(not (nil? (1)))
; ERROR in all-your-base-test/test-second-base-is-one (RT.java):
; Output base of 1 returns nil
; error: java.lang.StackOverflowError (RT.java)
; expected:
(nil? (all-your-base/convert 2 '(1 0 1 0 1 0) 1))
; ERROR in all-your-base-test/test-second-base-is-zero (Numbers.java:75):
; Output base of 0 returns nil
; error: java.lang.ArithmeticException: Divide by zero (Numbers.java:75)
; expected:
(nil? (all-your-base/convert 10 '(7) 0))
; FAIL in all-your-base-test/test-single-zero (all_your_base_test.clj:43):
; 0 converts to 0, no matter the base
; expected:
(0)
; actual:
()
; 21 tests finished, problems found. ðŸ˜­ errors: 2, failures: 9, ns: 1, vars: 21
cljêž‰all-your-baseêž‰>Â 
; Evaluating file: all_your_base.clj
3
; Running tests for all-your-base...
; FAIL in all-your-base-test/test-both-bases-are-negative (all_your_base_test.clj:87):
; When both bases are negative, nil is returned
; expected:
(nil? (all-your-base/convert -2 '(1) -7))
; actual:
(not (nil? (1)))
; FAIL in all-your-base-test/test-first-base-is-negative (all_your_base_test.clj:79):
; Negative input base returns nil
; expected:
(nil? (all-your-base/convert -2 '(1) 10))
; actual:
(not (nil? (1)))
; FAIL in all-your-base-test/test-first-base-is-one (all_your_base_test.clj:63):
; Input base of 1 returns nil
; expected:
(nil? (all-your-base/convert 1 () 10))
; actual:
(not (nil? ()))
; FAIL in all-your-base-test/test-first-base-is-zero (all_your_base_test.clj:71):
; Input base of 0 returns nil
; expected:
(nil? (all-your-base/convert 0 () 10))
; actual:
(not (nil? ()))
; FAIL in all-your-base-test/test-invalid-positive-digit (all_your_base_test.clj:59):
; Invalid digits return nil
; expected:
(nil? (all-your-base/convert 2 '(1 2 1 0 1 0) 10))
; actual:
(not (nil? (7 4)))
; FAIL in all-your-base-test/test-multiple-zeroes (all_your_base_test.clj:47):
; 0 converts to 0, no matter the how many zeroes
; expected:
(0)
; actual:
()
; FAIL in all-your-base-test/test-negative-digit (all_your_base_test.clj:55):
; Negative digits result in nil
; expected:
(nil? (all-your-base/convert 2 '(1 -1 1 0 1 0) 10))
; actual:
(not (nil? (2 6)))
; FAIL in all-your-base-test/test-second-base-is-negative (all_your_base_test.clj:83):
; Negative output base returns nil
; expected:
(nil? (all-your-base/convert 2 '(1) -7))
; actual:
(not (nil? (1)))
; ERROR in all-your-base-test/test-second-base-is-one (Numbers.java):
; Output base of 1 returns nil
; error: java.lang.StackOverflowError (Numbers.java)
; expected:
(nil? (all-your-base/convert 2 '(1 0 1 0 1 0) 1))
; ERROR in all-your-base-test/test-second-base-is-zero (Numbers.java:75):
; Output base of 0 returns nil
; error: java.lang.ArithmeticException: Divide by zero (Numbers.java:75)
; expected:
(nil? (all-your-base/convert 10 '(7) 0))
; FAIL in all-your-base-test/test-single-zero (all_your_base_test.clj:43):
; 0 converts to 0, no matter the base
; expected:
(0)
; actual:
()
; 21 tests finished, problems found. ðŸ˜­ errors: 2, failures: 9, ns: 1, vars: 21
cljêž‰all-your-baseêž‰>Â 
; Evaluating file: all_your_base.clj
3
; Running tests for all-your-base...
; FAIL in all-your-base-test/test-both-bases-are-negative (all_your_base_test.clj:87):
; When both bases are negative, nil is returned
; expected:
(nil? (all-your-base/convert -2 '(1) -7))
; actual:
(not (nil? (1)))
; FAIL in all-your-base-test/test-first-base-is-negative (all_your_base_test.clj:79):
; Negative input base returns nil
; expected:
(nil? (all-your-base/convert -2 '(1) 10))
; actual:
(not (nil? (1)))
; FAIL in all-your-base-test/test-first-base-is-one (all_your_base_test.clj:63):
; Input base of 1 returns nil
; expected:
(nil? (all-your-base/convert 1 () 10))
; actual:
(not (nil? ()))
; FAIL in all-your-base-test/test-first-base-is-zero (all_your_base_test.clj:71):
; Input base of 0 returns nil
; expected:
(nil? (all-your-base/convert 0 () 10))
; actual:
(not (nil? ()))
; FAIL in all-your-base-test/test-invalid-positive-digit (all_your_base_test.clj:59):
; Invalid digits return nil
; expected:
(nil? (all-your-base/convert 2 '(1 2 1 0 1 0) 10))
; actual:
(not (nil? (7 4)))
; FAIL in all-your-base-test/test-multiple-zeroes (all_your_base_test.clj:47):
; 0 converts to 0, no matter the how many zeroes
; expected:
(0)
; actual:
()
; FAIL in all-your-base-test/test-negative-digit (all_your_base_test.clj:55):
; Negative digits result in nil
; expected:
(nil? (all-your-base/convert 2 '(1 -1 1 0 1 0) 10))
; actual:
(not (nil? (2 6)))
; FAIL in all-your-base-test/test-second-base-is-negative (all_your_base_test.clj:83):
; Negative output base returns nil
; expected:
(nil? (all-your-base/convert 2 '(1) -7))
; actual:
(not (nil? (1)))
; ERROR in all-your-base-test/test-second-base-is-one (Numbers.java):
; Output base of 1 returns nil
; error: java.lang.StackOverflowError (Numbers.java)
; expected:
(nil? (all-your-base/convert 2 '(1 0 1 0 1 0) 1))
; ERROR in all-your-base-test/test-second-base-is-zero (Numbers.java:75):
; Output base of 0 returns nil
; error: java.lang.ArithmeticException: Divide by zero (Numbers.java:75)
; expected:
(nil? (all-your-base/convert 10 '(7) 0))
; FAIL in all-your-base-test/test-single-zero (all_your_base_test.clj:43):
; 0 converts to 0, no matter the base
; expected:
(0)
; actual:
()
; 21 tests finished, problems found. ðŸ˜­ errors: 2, failures: 9, ns: 1, vars: 21
cljêž‰all-your-baseêž‰>Â 
; Evaluating file: all_your_base.clj
3
; Running tests for all-your-base...
; FAIL in all-your-base-test/test-both-bases-are-negative (all_your_base_test.clj:87):
; When both bases are negative, nil is returned
; expected:
(nil? (all-your-base/convert -2 '(1) -7))
; actual:
(not (nil? (1)))
; FAIL in all-your-base-test/test-first-base-is-negative (all_your_base_test.clj:79):
; Negative input base returns nil
; expected:
(nil? (all-your-base/convert -2 '(1) 10))
; actual:
(not (nil? (1)))
; FAIL in all-your-base-test/test-first-base-is-one (all_your_base_test.clj:63):
; Input base of 1 returns nil
; expected:
(nil? (all-your-base/convert 1 () 10))
; actual:
(not (nil? ()))
; FAIL in all-your-base-test/test-first-base-is-zero (all_your_base_test.clj:71):
; Input base of 0 returns nil
; expected:
(nil? (all-your-base/convert 0 () 10))
; actual:
(not (nil? ()))
; FAIL in all-your-base-test/test-invalid-positive-digit (all_your_base_test.clj:59):
; Invalid digits return nil
; expected:
(nil? (all-your-base/convert 2 '(1 2 1 0 1 0) 10))
; actual:
(not (nil? (7 4)))
; FAIL in all-your-base-test/test-multiple-zeroes (all_your_base_test.clj:47):
; 0 converts to 0, no matter the how many zeroes
; expected:
(0)
; actual:
()
; FAIL in all-your-base-test/test-negative-digit (all_your_base_test.clj:55):
; Negative digits result in nil
; expected:
(nil? (all-your-base/convert 2 '(1 -1 1 0 1 0) 10))
; actual:
(not (nil? (2 6)))
; FAIL in all-your-base-test/test-second-base-is-negative (all_your_base_test.clj:83):
; Negative output base returns nil
; expected:
(nil? (all-your-base/convert 2 '(1) -7))
; actual:
(not (nil? (1)))
; ERROR in all-your-base-test/test-second-base-is-one (Numbers.java):
; Output base of 1 returns nil
; error: java.lang.StackOverflowError (Numbers.java)
; expected:
(nil? (all-your-base/convert 2 '(1 0 1 0 1 0) 1))
; ERROR in all-your-base-test/test-second-base-is-zero (Numbers.java:75):
; Output base of 0 returns nil
; error: java.lang.ArithmeticException: Divide by zero (Numbers.java:75)
; expected:
(nil? (all-your-base/convert 10 '(7) 0))
; FAIL in all-your-base-test/test-single-zero (all_your_base_test.clj:43):
; 0 converts to 0, no matter the base
; expected:
(0)
; actual:
()
; 21 tests finished, problems found. ðŸ˜­ errors: 2, failures: 9, ns: 1, vars: 21
cljêž‰all-your-baseêž‰>Â 
; Evaluating file: all_your_base.clj
; Syntax error macroexpanding cond at (all_your_base.clj:15:3).
; cond requires an even number of forms
; Evaluation of file all_your_base.clj failed: class clojure.lang.Compiler$CompilerException
; Evaluating file: all_your_base.clj
; Syntax error macroexpanding cond at (all_your_base.clj:15:3).
; cond requires an even number of forms
; Evaluation of file all_your_base.clj failed: class clojure.lang.Compiler$CompilerException
; Evaluating file: all_your_base.clj
; Syntax error macroexpanding cond at (all_your_base.clj:15:3).
; cond requires an even number of forms
; Evaluation of file all_your_base.clj failed: class clojure.lang.Compiler$CompilerException
; Evaluating file: all_your_base.clj
; Syntax error macroexpanding cond at (all_your_base.clj:15:3).
; cond requires an even number of forms
; Evaluation of file all_your_base.clj failed: class clojure.lang.Compiler$CompilerException
; Evaluating file: all_your_base.clj
; Syntax error macroexpanding cond at (all_your_base.clj:15:3).
; cond requires an even number of forms
; Evaluation of file all_your_base.clj failed: class clojure.lang.Compiler$CompilerException
; Evaluating file: all_your_base.clj
; Syntax error macroexpanding cond at (all_your_base.clj:15:3).
; cond requires an even number of forms
; Evaluation of file all_your_base.clj failed: class clojure.lang.Compiler$CompilerException
; Evaluating file: all_your_base.clj
; Syntax error (ArityException) compiling at (all_your_base.clj:21:1).
; Wrong number of args (2) passed to: clojure.core/some?
; Evaluation of file all_your_base.clj failed: class clojure.lang.Compiler$CompilerException
; Evaluating file: all_your_base.clj
; Syntax error macroexpanding clojure.core/cond at (all_your_base.clj:15:3).
; cond requires an even number of forms
; Evaluation of file all_your_base.clj failed: class clojure.lang.Compiler$CompilerException
; Execution error (ArityException) at all-your-base/convert (all_your_base.clj:16).
; Wrong number of args (2) passed to: clojure.core/some?
cljêž‰all-your-baseêž‰>Â 
; Evaluating file: all_your_base.clj
; Syntax error macroexpanding clojure.core/cond at (all_your_base.clj:15:3).
; cond requires an even number of forms
; Evaluation of file all_your_base.clj failed: class clojure.lang.Compiler$CompilerException
; Evaluating file: all_your_base.clj
; Syntax error compiling at (all_your_base.clj:16:5).
; Unable to resolve symbol: not? in this context
; Evaluation of file all_your_base.clj failed: class clojure.lang.Compiler$CompilerException
; Evaluating file: all_your_base.clj
; Syntax error macroexpanding clojure.core/cond at (all_your_base.clj:15:3).
; cond requires an even number of forms
; Evaluation of file all_your_base.clj failed: class clojure.lang.Compiler$CompilerException
; Evaluating file: all_your_base.clj
; Syntax error macroexpanding clojure.core/cond at (all_your_base.clj:15:3).
; cond requires an even number of forms
; Evaluation of file all_your_base.clj failed: class clojure.lang.Compiler$CompilerException
; Execution error (ArityException) at all-your-base/convert (all_your_base.clj:16).
; Wrong number of args (2) passed to: clojure.core/some?
cljêž‰all-your-baseêž‰>Â 
; Syntax error macroexpanding clojure.core/cond at (all_your_base.clj:15:3).
; cond requires an even number of forms
cljêž‰all-your-baseêž‰>Â 
; Evaluating file: all_your_base.clj
3
; Running tests for all-your-base...
; FAIL in all-your-base-test/test-binary-to-multiple-decimal (all_your_base_test.clj:19):
; Base 2 '1 0 1 0 1 0' converts to base 10 '4 2'
; expected:
(4 2)
; actual:
nil
; FAIL in all-your-base-test/test-binary-to-single-decimal (all_your_base_test.clj:11):
; Base 2 '1 0 1' converts to base 10 '5'
; expected:
(5)
; actual:
nil
; FAIL in all-your-base-test/test-both-bases-are-negative (all_your_base_test.clj:87):
; When both bases are negative, nil is returned
; expected:
(nil? (all-your-base/convert -2 '(1) -7))
; actual:
(not (nil? (1)))
; FAIL in all-your-base-test/test-first-base-is-negative (all_your_base_test.clj:79):
; Negative input base returns nil
; expected:
(nil? (all-your-base/convert -2 '(1) 10))
; actual:
(not (nil? (1)))
; FAIL in all-your-base-test/test-first-base-is-one (all_your_base_test.clj:63):
; Input base of 1 returns nil
; expected:
(nil? (all-your-base/convert 1 () 10))
; actual:
(not (nil? ()))
; FAIL in all-your-base-test/test-first-base-is-zero (all_your_base_test.clj:71):
; Input base of 0 returns nil
; expected:
(nil? (all-your-base/convert 0 () 10))
; actual:
(not (nil? ()))
; FAIL in all-your-base-test/test-leading-zeros (all_your_base_test.clj:51):
; Leading zeroes don't affect conversion
; expected:
(4 2)
; actual:
nil
; FAIL in all-your-base-test/test-multiple-zeroes (all_your_base_test.clj:47):
; 0 converts to 0, no matter the how many zeroes
; expected:
(0)
; actual:
nil
; FAIL in all-your-base-test/test-second-base-is-negative (all_your_base_test.clj:83):
; Negative output base returns nil
; expected:
(nil? (all-your-base/convert 2 '(1) -7))
; actual:
(not (nil? (1)))
; ERROR in all-your-base-test/test-second-base-is-zero (Numbers.java:75):
; Output base of 0 returns nil
; error: java.lang.ArithmeticException: Divide by zero (Numbers.java:75)
; expected:
(nil? (all-your-base/convert 10 '(7) 0))
; FAIL in all-your-base-test/test-single-zero (all_your_base_test.clj:43):
; 0 converts to 0, no matter the base
; expected:
(0)
; actual:
nil
; FAIL in all-your-base-test/test-trinary-to-hexadecimal (all_your_base_test.clj:27):
; Base 3 '1 1 2 0' converts to base 16 '2 10'
; expected:
(2 10)
; actual:
nil
; 21 tests finished, problems found. ðŸ˜­ errors: 1, failures: 11, ns: 1, vars: 21
cljêž‰all-your-baseêž‰>Â 
(1 1 0 0)
cljêž‰all-your-baseêž‰>Â 
; Evaluating file: all_your_base.clj
3
; Running tests for all-your-base...
; FAIL in all-your-base-test/test-binary-to-multiple-decimal (all_your_base_test.clj:19):
; Base 2 '1 0 1 0 1 0' converts to base 10 '4 2'
; expected:
(4 2)
; actual:
nil
; FAIL in all-your-base-test/test-binary-to-single-decimal (all_your_base_test.clj:11):
; Base 2 '1 0 1' converts to base 10 '5'
; expected:
(5)
; actual:
nil
; FAIL in all-your-base-test/test-both-bases-are-negative (all_your_base_test.clj:87):
; When both bases are negative, nil is returned
; expected:
(nil? (all-your-base/convert -2 '(1) -7))
; actual:
(not (nil? (1)))
; FAIL in all-your-base-test/test-first-base-is-negative (all_your_base_test.clj:79):
; Negative input base returns nil
; expected:
(nil? (all-your-base/convert -2 '(1) 10))
; actual:
(not (nil? (1)))
; FAIL in all-your-base-test/test-first-base-is-one (all_your_base_test.clj:63):
; Input base of 1 returns nil
; expected:
(nil? (all-your-base/convert 1 () 10))
; actual:
(not (nil? ()))
; FAIL in all-your-base-test/test-first-base-is-zero (all_your_base_test.clj:71):
; Input base of 0 returns nil
; expected:
(nil? (all-your-base/convert 0 () 10))
; actual:
(not (nil? ()))
; FAIL in all-your-base-test/test-leading-zeros (all_your_base_test.clj:51):
; Leading zeroes don't affect conversion
; expected:
(4 2)
; actual:
nil
; FAIL in all-your-base-test/test-multiple-zeroes (all_your_base_test.clj:47):
; 0 converts to 0, no matter the how many zeroes
; expected:
(0)
; actual:
nil
; FAIL in all-your-base-test/test-second-base-is-negative (all_your_base_test.clj:83):
; Negative output base returns nil
; expected:
(nil? (all-your-base/convert 2 '(1) -7))
; actual:
(not (nil? (1)))
; ERROR in all-your-base-test/test-second-base-is-zero (Numbers.java:75):
; Output base of 0 returns nil
; error: java.lang.ArithmeticException: Divide by zero (Numbers.java:75)
; expected:
(nil? (all-your-base/convert 10 '(7) 0))
; FAIL in all-your-base-test/test-single-zero (all_your_base_test.clj:43):
; 0 converts to 0, no matter the base
; expected:
(0)
; actual:
nil
; FAIL in all-your-base-test/test-trinary-to-hexadecimal (all_your_base_test.clj:27):
; Base 3 '1 1 2 0' converts to base 16 '2 10'
; expected:
(2 10)
; actual:
nil
; 21 tests finished, problems found. ðŸ˜­ errors: 1, failures: 11, ns: 1, vars: 21
cljêž‰all-your-baseêž‰>Â 
nil
cljêž‰all-your-baseêž‰>Â 
; Evaluating file: all_your_base.clj
3
; Running tests for all-your-base...
; FAIL in all-your-base-test/test-binary-to-multiple-decimal (all_your_base_test.clj:19):
; Base 2 '1 0 1 0 1 0' converts to base 10 '4 2'
; expected:
(4 2)
; actual:
nil
; FAIL in all-your-base-test/test-binary-to-single-decimal (all_your_base_test.clj:11):
; Base 2 '1 0 1' converts to base 10 '5'
; expected:
(5)
; actual:
nil
; FAIL in all-your-base-test/test-both-bases-are-negative (all_your_base_test.clj:87):
; When both bases are negative, nil is returned
; expected:
(nil? (all-your-base/convert -2 '(1) -7))
; actual:
(not (nil? (1)))
; FAIL in all-your-base-test/test-first-base-is-negative (all_your_base_test.clj:79):
; Negative input base returns nil
; expected:
(nil? (all-your-base/convert -2 '(1) 10))
; actual:
(not (nil? (1)))
; FAIL in all-your-base-test/test-first-base-is-one (all_your_base_test.clj:63):
; Input base of 1 returns nil
; expected:
(nil? (all-your-base/convert 1 () 10))
; actual:
(not (nil? ()))
; FAIL in all-your-base-test/test-first-base-is-zero (all_your_base_test.clj:71):
; Input base of 0 returns nil
; expected:
(nil? (all-your-base/convert 0 () 10))
; actual:
(not (nil? ()))
; FAIL in all-your-base-test/test-leading-zeros (all_your_base_test.clj:51):
; Leading zeroes don't affect conversion
; expected:
(4 2)
; actual:
nil
; FAIL in all-your-base-test/test-multiple-zeroes (all_your_base_test.clj:47):
; 0 converts to 0, no matter the how many zeroes
; expected:
(0)
; actual:
nil
; FAIL in all-your-base-test/test-second-base-is-negative (all_your_base_test.clj:83):
; Negative output base returns nil
; expected:
(nil? (all-your-base/convert 2 '(1) -7))
; actual:
(not (nil? (1)))
; ERROR in all-your-base-test/test-second-base-is-zero (Numbers.java:75):
; Output base of 0 returns nil
; error: java.lang.ArithmeticException: Divide by zero (Numbers.java:75)
; expected:
(nil? (all-your-base/convert 10 '(7) 0))
; FAIL in all-your-base-test/test-single-zero (all_your_base_test.clj:43):
; 0 converts to 0, no matter the base
; expected:
(0)
; actual:
nil
; FAIL in all-your-base-test/test-trinary-to-hexadecimal (all_your_base_test.clj:27):
; Base 3 '1 1 2 0' converts to base 16 '2 10'
; expected:
(2 10)
; actual:
nil
; 21 tests finished, problems found. ðŸ˜­ errors: 1, failures: 11, ns: 1, vars: 21
cljêž‰all-your-baseêž‰>Â 
; Evaluating file: all_your_base.clj
3
; Running tests for all-your-base...
; FAIL in all-your-base-test/test-binary-to-multiple-decimal (all_your_base_test.clj:19):
; Base 2 '1 0 1 0 1 0' converts to base 10 '4 2'
; expected:
(4 2)
; actual:
nil
; FAIL in all-your-base-test/test-binary-to-single-decimal (all_your_base_test.clj:11):
; Base 2 '1 0 1' converts to base 10 '5'
; expected:
(5)
; actual:
nil
; FAIL in all-your-base-test/test-both-bases-are-negative (all_your_base_test.clj:87):
; When both bases are negative, nil is returned
; expected:
(nil? (all-your-base/convert -2 '(1) -7))
; actual:
(not (nil? (1)))
; FAIL in all-your-base-test/test-first-base-is-negative (all_your_base_test.clj:79):
; Negative input base returns nil
; expected:
(nil? (all-your-base/convert -2 '(1) 10))
; actual:
(not (nil? (1)))
; FAIL in all-your-base-test/test-first-base-is-one (all_your_base_test.clj:63):
; Input base of 1 returns nil
; expected:
(nil? (all-your-base/convert 1 () 10))
; actual:
(not (nil? ()))
; FAIL in all-your-base-test/test-first-base-is-zero (all_your_base_test.clj:71):
; Input base of 0 returns nil
; expected:
(nil? (all-your-base/convert 0 () 10))
; actual:
(not (nil? ()))
; FAIL in all-your-base-test/test-leading-zeros (all_your_base_test.clj:51):
; Leading zeroes don't affect conversion
; expected:
(4 2)
; actual:
nil
; FAIL in all-your-base-test/test-multiple-zeroes (all_your_base_test.clj:47):
; 0 converts to 0, no matter the how many zeroes
; expected:
(0)
; actual:
nil
; FAIL in all-your-base-test/test-second-base-is-negative (all_your_base_test.clj:83):
; Negative output base returns nil
; expected:
(nil? (all-your-base/convert 2 '(1) -7))
; actual:
(not (nil? (1)))
; ERROR in all-your-base-test/test-second-base-is-zero (Numbers.java:75):
; Output base of 0 returns nil
; error: java.lang.ArithmeticException: Divide by zero (Numbers.java:75)
; expected:
(nil? (all-your-base/convert 10 '(7) 0))
; FAIL in all-your-base-test/test-single-zero (all_your_base_test.clj:43):
; 0 converts to 0, no matter the base
; expected:
(0)
; actual:
nil
; FAIL in all-your-base-test/test-trinary-to-hexadecimal (all_your_base_test.clj:27):
; Base 3 '1 1 2 0' converts to base 16 '2 10'
; expected:
(2 10)
; actual:
nil
; 21 tests finished, problems found. ðŸ˜­ errors: 1, failures: 11, ns: 1, vars: 21
cljêž‰all-your-baseêž‰>Â 
; Evaluating file: all_your_base.clj
; Syntax error macroexpanding clojure.core/cond at (all_your_base.clj:14:3).
; cond requires an even number of forms
; Evaluation of file all_your_base.clj failed: class clojure.lang.Compiler$CompilerException
; Evaluating file: all_your_base.clj
; Syntax error macroexpanding clojure.core/cond at (all_your_base.clj:14:3).
; cond requires an even number of forms
; Evaluation of file all_your_base.clj failed: class clojure.lang.Compiler$CompilerException
; Evaluating file: all_your_base.clj
3
; Running tests for all-your-base...
; FAIL in all-your-base-test/test-binary-to-multiple-decimal (all_your_base_test.clj:19):
; Base 2 '1 0 1 0 1 0' converts to base 10 '4 2'
; expected:
(4 2)
; actual:
nil
; FAIL in all-your-base-test/test-binary-to-single-decimal (all_your_base_test.clj:11):
; Base 2 '1 0 1' converts to base 10 '5'
; expected:
(5)
; actual:
nil
; FAIL in all-your-base-test/test-first-base-is-one (all_your_base_test.clj:63):
; Input base of 1 returns nil
; expected:
(nil? (all-your-base/convert 1 () 10))
; actual:
(not (nil? ()))
; FAIL in all-your-base-test/test-first-base-is-zero (all_your_base_test.clj:71):
; Input base of 0 returns nil
; expected:
(nil? (all-your-base/convert 0 () 10))
; actual:
(not (nil? ()))
; FAIL in all-your-base-test/test-leading-zeros (all_your_base_test.clj:51):
; Leading zeroes don't affect conversion
; expected:
(4 2)
; actual:
nil
; FAIL in all-your-base-test/test-multiple-zeroes (all_your_base_test.clj:47):
; 0 converts to 0, no matter the how many zeroes
; expected:
(0)
; actual:
nil
; FAIL in all-your-base-test/test-second-base-is-negative (all_your_base_test.clj:83):
; Negative output base returns nil
; expected:
(nil? (all-your-base/convert 2 '(1) -7))
; actual:
(not (nil? (1)))
; ERROR in all-your-base-test/test-second-base-is-zero (Numbers.java:75):
; Output base of 0 returns nil
; error: java.lang.ArithmeticException: Divide by zero (Numbers.java:75)
; expected:
(nil? (all-your-base/convert 10 '(7) 0))
; FAIL in all-your-base-test/test-single-zero (all_your_base_test.clj:43):
; 0 converts to 0, no matter the base
; expected:
(0)
; actual:
nil
; FAIL in all-your-base-test/test-trinary-to-hexadecimal (all_your_base_test.clj:27):
; Base 3 '1 1 2 0' converts to base 16 '2 10'
; expected:
(2 10)
; actual:
nil
; 21 tests finished, problems found. ðŸ˜­ errors: 1, failures: 9, ns: 1, vars: 21
cljêž‰all-your-baseêž‰>Â 
; Evaluating file: all_your_base.clj
3
; Running tests for all-your-base...
; FAIL in all-your-base-test/test-binary-to-multiple-decimal (all_your_base_test.clj:19):
; Base 2 '1 0 1 0 1 0' converts to base 10 '4 2'
; expected:
(4 2)
; actual:
nil
; FAIL in all-your-base-test/test-binary-to-single-decimal (all_your_base_test.clj:11):
; Base 2 '1 0 1' converts to base 10 '5'
; expected:
(5)
; actual:
nil
; FAIL in all-your-base-test/test-first-base-is-one (all_your_base_test.clj:63):
; Input base of 1 returns nil
; expected:
(nil? (all-your-base/convert 1 () 10))
; actual:
(not (nil? ()))
; FAIL in all-your-base-test/test-first-base-is-zero (all_your_base_test.clj:71):
; Input base of 0 returns nil
; expected:
(nil? (all-your-base/convert 0 () 10))
; actual:
(not (nil? ()))
; FAIL in all-your-base-test/test-leading-zeros (all_your_base_test.clj:51):
; Leading zeroes don't affect conversion
; expected:
(4 2)
; actual:
nil
; FAIL in all-your-base-test/test-multiple-zeroes (all_your_base_test.clj:47):
; 0 converts to 0, no matter the how many zeroes
; expected:
(0)
; actual:
nil
; FAIL in all-your-base-test/test-second-base-is-negative (all_your_base_test.clj:83):
; Negative output base returns nil
; expected:
(nil? (all-your-base/convert 2 '(1) -7))
; actual:
(not (nil? (1)))
; ERROR in all-your-base-test/test-second-base-is-zero (Numbers.java:75):
; Output base of 0 returns nil
; error: java.lang.ArithmeticException: Divide by zero (Numbers.java:75)
; expected:
(nil? (all-your-base/convert 10 '(7) 0))
; FAIL in all-your-base-test/test-single-zero (all_your_base_test.clj:43):
; 0 converts to 0, no matter the base
; expected:
(0)
; actual:
nil
; FAIL in all-your-base-test/test-trinary-to-hexadecimal (all_your_base_test.clj:27):
; Base 3 '1 1 2 0' converts to base 16 '2 10'
; expected:
(2 10)
; actual:
nil
; 21 tests finished, problems found. ðŸ˜­ errors: 1, failures: 9, ns: 1, vars: 21
cljêž‰all-your-baseêž‰>Â 
; Evaluating file: all_your_base.clj
; Syntax error (ArityException) compiling neg? at (all_your_base.clj:17:5).
; Wrong number of args (0) passed to: clojure.core/neg?--inliner--5605
; Evaluation of file all_your_base.clj failed: class clojure.lang.Compiler$CompilerException
; Evaluating file: all_your_base.clj
3
; Running tests for all-your-base...
; FAIL in all-your-base-test/test-binary-to-multiple-decimal (all_your_base_test.clj:19):
; Base 2 '1 0 1 0 1 0' converts to base 10 '4 2'
; expected:
(4 2)
; actual:
nil
; FAIL in all-your-base-test/test-binary-to-single-decimal (all_your_base_test.clj:11):
; Base 2 '1 0 1' converts to base 10 '5'
; expected:
(5)
; actual:
nil
; FAIL in all-your-base-test/test-first-base-is-one (all_your_base_test.clj:63):
; Input base of 1 returns nil
; expected:
(nil? (all-your-base/convert 1 () 10))
; actual:
(not (nil? ()))
; FAIL in all-your-base-test/test-first-base-is-zero (all_your_base_test.clj:71):
; Input base of 0 returns nil
; expected:
(nil? (all-your-base/convert 0 () 10))
; actual:
(not (nil? ()))
; FAIL in all-your-base-test/test-leading-zeros (all_your_base_test.clj:51):
; Leading zeroes don't affect conversion
; expected:
(4 2)
; actual:
nil
; FAIL in all-your-base-test/test-multiple-zeroes (all_your_base_test.clj:47):
; 0 converts to 0, no matter the how many zeroes
; expected:
(0)
; actual:
nil
; FAIL in all-your-base-test/test-second-base-is-negative (all_your_base_test.clj:83):
; Negative output base returns nil
; expected:
(nil? (all-your-base/convert 2 '(1) -7))
; actual:
(not (nil? (1)))
; ERROR in all-your-base-test/test-second-base-is-zero (Numbers.java:75):
; Output base of 0 returns nil
; error: java.lang.ArithmeticException: Divide by zero (Numbers.java:75)
; expected:
(nil? (all-your-base/convert 10 '(7) 0))
; FAIL in all-your-base-test/test-single-zero (all_your_base_test.clj:43):
; 0 converts to 0, no matter the base
; expected:
(0)
; actual:
nil
; FAIL in all-your-base-test/test-trinary-to-hexadecimal (all_your_base_test.clj:27):
; Base 3 '1 1 2 0' converts to base 16 '2 10'
; expected:
(2 10)
; actual:
nil
; 21 tests finished, problems found. ðŸ˜­ errors: 1, failures: 9, ns: 1, vars: 21
cljêž‰all-your-baseêž‰>Â 
; Evaluating file: all_your_base.clj
; Syntax error (ArityException) compiling neg? at (all_your_base.clj:16:5).
; Wrong number of args (2) passed to: clojure.core/neg?--inliner--5605
; Evaluation of file all_your_base.clj failed: class clojure.lang.Compiler$CompilerException
; Evaluating file: all_your_base.clj
3
; Running tests for all-your-base...
; FAIL in all-your-base-test/test-binary-to-multiple-decimal (all_your_base_test.clj:19):
; Base 2 '1 0 1 0 1 0' converts to base 10 '4 2'
; expected:
(4 2)
; actual:
nil
; FAIL in all-your-base-test/test-binary-to-single-decimal (all_your_base_test.clj:11):
; Base 2 '1 0 1' converts to base 10 '5'
; expected:
(5)
; actual:
nil
; FAIL in all-your-base-test/test-first-base-is-one (all_your_base_test.clj:63):
; Input base of 1 returns nil
; expected:
(nil? (all-your-base/convert 1 () 10))
; actual:
(not (nil? ()))
; FAIL in all-your-base-test/test-first-base-is-zero (all_your_base_test.clj:71):
; Input base of 0 returns nil
; expected:
(nil? (all-your-base/convert 0 () 10))
; actual:
(not (nil? ()))
; FAIL in all-your-base-test/test-leading-zeros (all_your_base_test.clj:51):
; Leading zeroes don't affect conversion
; expected:
(4 2)
; actual:
nil
; FAIL in all-your-base-test/test-multiple-zeroes (all_your_base_test.clj:47):
; 0 converts to 0, no matter the how many zeroes
; expected:
(0)
; actual:
nil
; FAIL in all-your-base-test/test-second-base-is-negative (all_your_base_test.clj:83):
; Negative output base returns nil
; expected:
(nil? (all-your-base/convert 2 '(1) -7))
; actual:
(not (nil? (1)))
; ERROR in all-your-base-test/test-second-base-is-zero (Numbers.java:75):
; Output base of 0 returns nil
; error: java.lang.ArithmeticException: Divide by zero (Numbers.java:75)
; expected:
(nil? (all-your-base/convert 10 '(7) 0))
; FAIL in all-your-base-test/test-single-zero (all_your_base_test.clj:43):
; 0 converts to 0, no matter the base
; expected:
(0)
; actual:
nil
; FAIL in all-your-base-test/test-trinary-to-hexadecimal (all_your_base_test.clj:27):
; Base 3 '1 1 2 0' converts to base 16 '2 10'
; expected:
(2 10)
; actual:
nil
; 21 tests finished, problems found. ðŸ˜­ errors: 1, failures: 9, ns: 1, vars: 21
cljêž‰all-your-baseêž‰>Â 
; Evaluating file: all_your_base.clj
; Syntax error macroexpanding clojure.core/cond at (all_your_base.clj:14:3).
; cond requires an even number of forms
; Evaluation of file all_your_base.clj failed: class clojure.lang.Compiler$CompilerException
; Evaluating file: all_your_base.clj
; Syntax error macroexpanding clojure.core/cond at (all_your_base.clj:14:3).
; cond requires an even number of forms
; Evaluation of file all_your_base.clj failed: class clojure.lang.Compiler$CompilerException
; Evaluating file: all_your_base.clj
3
; Running tests for all-your-base...
; FAIL in all-your-base-test/test-binary-to-multiple-decimal (all_your_base_test.clj:19):
; Base 2 '1 0 1 0 1 0' converts to base 10 '4 2'
; expected:
(4 2)
; actual:
nil
; FAIL in all-your-base-test/test-binary-to-single-decimal (all_your_base_test.clj:11):
; Base 2 '1 0 1' converts to base 10 '5'
; expected:
(5)
; actual:
nil
; FAIL in all-your-base-test/test-first-base-is-one (all_your_base_test.clj:63):
; Input base of 1 returns nil
; expected:
(nil? (all-your-base/convert 1 () 10))
; actual:
(not (nil? ()))
; FAIL in all-your-base-test/test-first-base-is-zero (all_your_base_test.clj:71):
; Input base of 0 returns nil
; expected:
(nil? (all-your-base/convert 0 () 10))
; actual:
(not (nil? ()))
; FAIL in all-your-base-test/test-leading-zeros (all_your_base_test.clj:51):
; Leading zeroes don't affect conversion
; expected:
(4 2)
; actual:
nil
; FAIL in all-your-base-test/test-multiple-zeroes (all_your_base_test.clj:47):
; 0 converts to 0, no matter the how many zeroes
; expected:
(0)
; actual:
nil
; ERROR in all-your-base-test/test-second-base-is-zero (Numbers.java:75):
; Output base of 0 returns nil
; error: java.lang.ArithmeticException: Divide by zero (Numbers.java:75)
; expected:
(nil? (all-your-base/convert 10 '(7) 0))
; FAIL in all-your-base-test/test-single-zero (all_your_base_test.clj:43):
; 0 converts to 0, no matter the base
; expected:
(0)
; actual:
nil
; FAIL in all-your-base-test/test-trinary-to-hexadecimal (all_your_base_test.clj:27):
; Base 3 '1 1 2 0' converts to base 16 '2 10'
; expected:
(2 10)
; actual:
nil
; 21 tests finished, problems found. ðŸ˜­ errors: 1, failures: 8, ns: 1, vars: 21
cljêž‰all-your-baseêž‰>Â 
; Evaluating file: all_your_base.clj
3
; Running tests for all-your-base...
; FAIL in all-your-base-test/test-15-bit-integer (all_your_base_test.clj:35):
; Base 97 '3 46 60' converts to base 73 '6 10 45'
; expected:
(6 10 45)
; actual:
nil
; FAIL in all-your-base-test/test-binary-to-multiple-decimal (all_your_base_test.clj:19):
; Base 2 '1 0 1 0 1 0' converts to base 10 '4 2'
; expected:
(4 2)
; actual:
nil
; FAIL in all-your-base-test/test-binary-to-single-decimal (all_your_base_test.clj:11):
; Base 2 '1 0 1' converts to base 10 '5'
; expected:
(5)
; actual:
nil
; FAIL in all-your-base-test/test-decimal-to-binary (all_your_base_test.clj:23):
; Base 10 '4 2' conves to base 2 '1 0 1 0 1 0'
; expected:
(1 0 1 0 1 0)
; actual:
nil
; FAIL in all-your-base-test/test-first-base-is-negative (all_your_base_test.clj:79):
; Negative input base returns nil
; expected:
(nil? (all-your-base/convert -2 '(1) 10))
; actual:
(not (nil? (1)))
; FAIL in all-your-base-test/test-first-base-is-zero (all_your_base_test.clj:71):
; Input base of 0 returns nil
; expected:
(nil? (all-your-base/convert 0 () 10))
; actual:
(not (nil? ()))
; FAIL in all-your-base-test/test-hexadecimal-to-trinary (all_your_base_test.clj:31):
; Base 16 '2 10' converts to base 3 '1 1 2 0'
; expected:
(1 1 2 0)
; actual:
nil
; FAIL in all-your-base-test/test-leading-zeros (all_your_base_test.clj:51):
; Leading zeroes don't affect conversion
; expected:
(4 2)
; actual:
nil
; FAIL in all-your-base-test/test-multiple-zeroes (all_your_base_test.clj:47):
; 0 converts to 0, no matter the how many zeroes
; expected:
(0)
; actual:
nil
; FAIL in all-your-base-test/test-single-bit-to-one-decimal (all_your_base_test.clj:7):
; Base 2 '1' converts to base 10 '1'
; expected:
(1)
; actual:
nil
; FAIL in all-your-base-test/test-single-decimal-to-binary (all_your_base_test.clj:15):
; Base 10 '5' converts to base 2 '1 0 1'
; expected:
(1 0 1)
; actual:
nil
; FAIL in all-your-base-test/test-single-zero (all_your_base_test.clj:43):
; 0 converts to 0, no matter the base
; expected:
(0)
; actual:
nil
; FAIL in all-your-base-test/test-trinary-to-hexadecimal (all_your_base_test.clj:27):
; Base 3 '1 1 2 0' converts to base 16 '2 10'
; expected:
(2 10)
; actual:
nil
; 21 tests finished, problems found. ðŸ˜­ errors: 0, failures: 13, ns: 1, vars: 21
cljêž‰all-your-baseêž‰>Â 
; Evaluating file: all_your_base.clj
; Syntax error (ArityException) compiling pos? at (all_your_base.clj:16:6).
; Wrong number of args (0) passed to: clojure.core/pos?--inliner--5602
; Evaluation of file all_your_base.clj failed: class clojure.lang.Compiler$CompilerException
; Evaluating file: all_your_base.clj
3
; Running tests for all-your-base...
; FAIL in all-your-base-test/test-15-bit-integer (all_your_base_test.clj:35):
; Base 97 '3 46 60' converts to base 73 '6 10 45'
; expected:
(6 10 45)
; actual:
nil
; FAIL in all-your-base-test/test-binary-to-multiple-decimal (all_your_base_test.clj:19):
; Base 2 '1 0 1 0 1 0' converts to base 10 '4 2'
; expected:
(4 2)
; actual:
nil
; FAIL in all-your-base-test/test-binary-to-single-decimal (all_your_base_test.clj:11):
; Base 2 '1 0 1' converts to base 10 '5'
; expected:
(5)
; actual:
nil
; FAIL in all-your-base-test/test-decimal-to-binary (all_your_base_test.clj:23):
; Base 10 '4 2' conves to base 2 '1 0 1 0 1 0'
; expected:
(1 0 1 0 1 0)
; actual:
nil
; FAIL in all-your-base-test/test-first-base-is-negative (all_your_base_test.clj:79):
; Negative input base returns nil
; expected:
(nil? (all-your-base/convert -2 '(1) 10))
; actual:
(not (nil? (1)))
; FAIL in all-your-base-test/test-first-base-is-zero (all_your_base_test.clj:71):
; Input base of 0 returns nil
; expected:
(nil? (all-your-base/convert 0 () 10))
; actual:
(not (nil? ()))
; FAIL in all-your-base-test/test-hexadecimal-to-trinary (all_your_base_test.clj:31):
; Base 16 '2 10' converts to base 3 '1 1 2 0'
; expected:
(1 1 2 0)
; actual:
nil
; FAIL in all-your-base-test/test-leading-zeros (all_your_base_test.clj:51):
; Leading zeroes don't affect conversion
; expected:
(4 2)
; actual:
nil
; FAIL in all-your-base-test/test-multiple-zeroes (all_your_base_test.clj:47):
; 0 converts to 0, no matter the how many zeroes
; expected:
(0)
; actual:
nil
; FAIL in all-your-base-test/test-single-bit-to-one-decimal (all_your_base_test.clj:7):
; Base 2 '1' converts to base 10 '1'
; expected:
(1)
; actual:
nil
; FAIL in all-your-base-test/test-single-decimal-to-binary (all_your_base_test.clj:15):
; Base 10 '5' converts to base 2 '1 0 1'
; expected:
(1 0 1)
; actual:
nil
; FAIL in all-your-base-test/test-single-zero (all_your_base_test.clj:43):
; 0 converts to 0, no matter the base
; expected:
(0)
; actual:
nil
; FAIL in all-your-base-test/test-trinary-to-hexadecimal (all_your_base_test.clj:27):
; Base 3 '1 1 2 0' converts to base 16 '2 10'
; expected:
(2 10)
; actual:
nil
; 21 tests finished, problems found. ðŸ˜­ errors: 0, failures: 13, ns: 1, vars: 21
cljêž‰all-your-baseêž‰>Â 
; Evaluating file: all_your_base.clj
3
; Running tests for all-your-base...
; FAIL in all-your-base-test/test-binary-to-multiple-decimal (all_your_base_test.clj:19):
; Base 2 '1 0 1 0 1 0' converts to base 10 '4 2'
; expected:
(4 2)
; actual:
nil
; FAIL in all-your-base-test/test-binary-to-single-decimal (all_your_base_test.clj:11):
; Base 2 '1 0 1' converts to base 10 '5'
; expected:
(5)
; actual:
nil
; FAIL in all-your-base-test/test-first-base-is-one (all_your_base_test.clj:63):
; Input base of 1 returns nil
; expected:
(nil? (all-your-base/convert 1 () 10))
; actual:
(not (nil? ()))
; FAIL in all-your-base-test/test-leading-zeros (all_your_base_test.clj:51):
; Leading zeroes don't affect conversion
; expected:
(4 2)
; actual:
nil
; FAIL in all-your-base-test/test-multiple-zeroes (all_your_base_test.clj:47):
; 0 converts to 0, no matter the how many zeroes
; expected:
(0)
; actual:
nil
; ERROR in all-your-base-test/test-second-base-is-zero (Numbers.java:75):
; Output base of 0 returns nil
; error: java.lang.ArithmeticException: Divide by zero (Numbers.java:75)
; expected:
(nil? (all-your-base/convert 10 '(7) 0))
; FAIL in all-your-base-test/test-single-zero (all_your_base_test.clj:43):
; 0 converts to 0, no matter the base
; expected:
(0)
; actual:
nil
; FAIL in all-your-base-test/test-trinary-to-hexadecimal (all_your_base_test.clj:27):
; Base 3 '1 1 2 0' converts to base 16 '2 10'
; expected:
(2 10)
; actual:
nil
; 21 tests finished, problems found. ðŸ˜­ errors: 1, failures: 7, ns: 1, vars: 21
cljêž‰all-your-baseêž‰>Â 
; Evaluating file: all_your_base.clj
; Syntax error macroexpanding clojure.core/cond at (all_your_base.clj:14:3).
; cond requires an even number of forms
; Evaluation of file all_your_base.clj failed: class clojure.lang.Compiler$CompilerException
; Evaluating file: all_your_base.clj
3
; Running tests for all-your-base...
; FAIL in all-your-base-test/test-15-bit-integer (all_your_base_test.clj:35):
; Base 97 '3 46 60' converts to base 73 '6 10 45'
; expected:
(6 10 45)
; actual:
nil
; FAIL in all-your-base-test/test-binary-to-multiple-decimal (all_your_base_test.clj:19):
; Base 2 '1 0 1 0 1 0' converts to base 10 '4 2'
; expected:
(4 2)
; actual:
nil
; FAIL in all-your-base-test/test-binary-to-single-decimal (all_your_base_test.clj:11):
; Base 2 '1 0 1' converts to base 10 '5'
; expected:
(5)
; actual:
nil
; FAIL in all-your-base-test/test-decimal-to-binary (all_your_base_test.clj:23):
; Base 10 '4 2' conves to base 2 '1 0 1 0 1 0'
; expected:
(1 0 1 0 1 0)
; actual:
nil
; FAIL in all-your-base-test/test-hexadecimal-to-trinary (all_your_base_test.clj:31):
; Base 16 '2 10' converts to base 3 '1 1 2 0'
; expected:
(1 1 2 0)
; actual:
nil
; FAIL in all-your-base-test/test-leading-zeros (all_your_base_test.clj:51):
; Leading zeroes don't affect conversion
; expected:
(4 2)
; actual:
nil
; FAIL in all-your-base-test/test-multiple-zeroes (all_your_base_test.clj:47):
; 0 converts to 0, no matter the how many zeroes
; expected:
(0)
; actual:
nil
; FAIL in all-your-base-test/test-second-base-is-negative (all_your_base_test.clj:83):
; Negative output base returns nil
; expected:
(nil? (all-your-base/convert 2 '(1) -7))
; actual:
(not (nil? (1)))
; FAIL in all-your-base-test/test-single-bit-to-one-decimal (all_your_base_test.clj:7):
; Base 2 '1' converts to base 10 '1'
; expected:
(1)
; actual:
nil
; FAIL in all-your-base-test/test-single-decimal-to-binary (all_your_base_test.clj:15):
; Base 10 '5' converts to base 2 '1 0 1'
; expected:
(1 0 1)
; actual:
nil
; FAIL in all-your-base-test/test-single-zero (all_your_base_test.clj:43):
; 0 converts to 0, no matter the base
; expected:
(0)
; actual:
nil
; FAIL in all-your-base-test/test-trinary-to-hexadecimal (all_your_base_test.clj:27):
; Base 3 '1 1 2 0' converts to base 16 '2 10'
; expected:
(2 10)
; actual:
nil
; 21 tests finished, problems found. ðŸ˜­ errors: 0, failures: 12, ns: 1, vars: 21
cljêž‰all-your-baseêž‰>Â 
; Evaluating file: all_your_base.clj
3
; Running tests for all-your-base...
; FAIL in all-your-base-test/test-binary-to-multiple-decimal (all_your_base_test.clj:19):
; Base 2 '1 0 1 0 1 0' converts to base 10 '4 2'
; expected:
(4 2)
; actual:
nil
; FAIL in all-your-base-test/test-binary-to-single-decimal (all_your_base_test.clj:11):
; Base 2 '1 0 1' converts to base 10 '5'
; expected:
(5)
; actual:
nil
; FAIL in all-your-base-test/test-first-base-is-one (all_your_base_test.clj:63):
; Input base of 1 returns nil
; expected:
(nil? (all-your-base/convert 1 () 10))
; actual:
(not (nil? ()))
; FAIL in all-your-base-test/test-leading-zeros (all_your_base_test.clj:51):
; Leading zeroes don't affect conversion
; expected:
(4 2)
; actual:
nil
; FAIL in all-your-base-test/test-multiple-zeroes (all_your_base_test.clj:47):
; 0 converts to 0, no matter the how many zeroes
; expected:
(0)
; actual:
nil
; FAIL in all-your-base-test/test-single-zero (all_your_base_test.clj:43):
; 0 converts to 0, no matter the base
; expected:
(0)
; actual:
nil
; FAIL in all-your-base-test/test-trinary-to-hexadecimal (all_your_base_test.clj:27):
; Base 3 '1 1 2 0' converts to base 16 '2 10'
; expected:
(2 10)
; actual:
nil
; 21 tests finished, problems found. ðŸ˜­ errors: 0, failures: 7, ns: 1, vars: 21
cljêž‰all-your-baseêž‰>Â 
; Evaluating file: all_your_base.clj
3
; Running tests for all-your-base...
; FAIL in all-your-base-test/test-binary-to-multiple-decimal (all_your_base_test.clj:19):
; Base 2 '1 0 1 0 1 0' converts to base 10 '4 2'
; expected:
(4 2)
; actual:
nil
; FAIL in all-your-base-test/test-binary-to-single-decimal (all_your_base_test.clj:11):
; Base 2 '1 0 1' converts to base 10 '5'
; expected:
(5)
; actual:
nil
; FAIL in all-your-base-test/test-first-base-is-one (all_your_base_test.clj:63):
; Input base of 1 returns nil
; expected:
(nil? (all-your-base/convert 1 () 10))
; actual:
(not (nil? ()))
; FAIL in all-your-base-test/test-leading-zeros (all_your_base_test.clj:51):
; Leading zeroes don't affect conversion
; expected:
(4 2)
; actual:
nil
; FAIL in all-your-base-test/test-multiple-zeroes (all_your_base_test.clj:47):
; 0 converts to 0, no matter the how many zeroes
; expected:
(0)
; actual:
nil
; FAIL in all-your-base-test/test-single-zero (all_your_base_test.clj:43):
; 0 converts to 0, no matter the base
; expected:
(0)
; actual:
nil
; FAIL in all-your-base-test/test-trinary-to-hexadecimal (all_your_base_test.clj:27):
; Base 3 '1 1 2 0' converts to base 16 '2 10'
; expected:
(2 10)
; actual:
nil
; 21 tests finished, problems found. ðŸ˜­ errors: 0, failures: 7, ns: 1, vars: 21
cljêž‰all-your-baseêž‰>Â 
nil
cljêž‰all-your-baseêž‰>Â 
#'all-your-base/convert
cljêž‰all-your-baseêž‰>Â 
nil
cljêž‰all-your-baseêž‰>Â 
nil
cljêž‰all-your-baseêž‰>Â 
; Evaluating file: all_your_base.clj
3
; Running tests for all-your-base...
; FAIL in all-your-base-test/test-15-bit-integer (all_your_base_test.clj:35):
; Base 97 '3 46 60' converts to base 73 '6 10 45'
; expected:
(6 10 45)
; actual:
nil
; FAIL in all-your-base-test/test-decimal-to-binary (all_your_base_test.clj:23):
; Base 10 '4 2' conves to base 2 '1 0 1 0 1 0'
; expected:
(1 0 1 0 1 0)
; actual:
nil
; FAIL in all-your-base-test/test-hexadecimal-to-trinary (all_your_base_test.clj:31):
; Base 16 '2 10' converts to base 3 '1 1 2 0'
; expected:
(1 1 2 0)
; actual:
nil
; FAIL in all-your-base-test/test-invalid-positive-digit (all_your_base_test.clj:59):
; Invalid digits return nil
; expected:
(nil? (all-your-base/convert 2 '(1 2 1 0 1 0) 10))
; actual:
(not (nil? (7 4)))
; FAIL in all-your-base-test/test-multiple-zeroes (all_your_base_test.clj:47):
; 0 converts to 0, no matter the how many zeroes
; expected:
(0)
; actual:
()
; FAIL in all-your-base-test/test-negative-digit (all_your_base_test.clj:55):
; Negative digits result in nil
; expected:
(nil? (all-your-base/convert 2 '(1 -1 1 0 1 0) 10))
; actual:
(not (nil? (2 6)))
; ERROR in all-your-base-test/test-second-base-is-one (Numbers.java):
; Output base of 1 returns nil
; error: java.lang.StackOverflowError (Numbers.java)
; expected:
(nil? (all-your-base/convert 2 '(1 0 1 0 1 0) 1))
; FAIL in all-your-base-test/test-single-bit-to-one-decimal (all_your_base_test.clj:7):
; Base 2 '1' converts to base 10 '1'
; expected:
(1)
; actual:
nil
; FAIL in all-your-base-test/test-single-decimal-to-binary (all_your_base_test.clj:15):
; Base 10 '5' converts to base 2 '1 0 1'
; expected:
(1 0 1)
; actual:
nil
; FAIL in all-your-base-test/test-single-zero (all_your_base_test.clj:43):
; 0 converts to 0, no matter the base
; expected:
(0)
; actual:
()
; 21 tests finished, problems found. ðŸ˜­ errors: 1, failures: 9, ns: 1, vars: 21
cljêž‰all-your-baseêž‰>Â 
; Evaluating file: all_your_base.clj
; Syntax error (ArityException) compiling at (all_your_base.clj:22:1).
; Wrong number of args (3) passed to: clojure.core/every?
; Evaluation of file all_your_base.clj failed: class clojure.lang.Compiler$CompilerException
; Evaluating file: all_your_base.clj
; Syntax error (ArityException) compiling at (all_your_base.clj:22:1).
; Wrong number of args (0) passed to: clojure.core/not
; Evaluation of file all_your_base.clj failed: class clojure.lang.Compiler$CompilerException
; Evaluating file: all_your_base.clj
3
; Running tests for all-your-base...
; FAIL in all-your-base-test/test-binary-to-multiple-decimal (all_your_base_test.clj:19):
; Base 2 '1 0 1 0 1 0' converts to base 10 '4 2'
; expected:
(4 2)
; actual:
nil
; FAIL in all-your-base-test/test-binary-to-single-decimal (all_your_base_test.clj:11):
; Base 2 '1 0 1' converts to base 10 '5'
; expected:
(5)
; actual:
nil
; FAIL in all-your-base-test/test-first-base-is-one (all_your_base_test.clj:63):
; Input base of 1 returns nil
; expected:
(nil? (all-your-base/convert 1 () 10))
; actual:
(not (nil? ()))
; FAIL in all-your-base-test/test-leading-zeros (all_your_base_test.clj:51):
; Leading zeroes don't affect conversion
; expected:
(4 2)
; actual:
nil
; FAIL in all-your-base-test/test-multiple-zeroes (all_your_base_test.clj:47):
; 0 converts to 0, no matter the how many zeroes
; expected:
(0)
; actual:
nil
; FAIL in all-your-base-test/test-single-zero (all_your_base_test.clj:43):
; 0 converts to 0, no matter the base
; expected:
(0)
; actual:
nil
; FAIL in all-your-base-test/test-trinary-to-hexadecimal (all_your_base_test.clj:27):
; Base 3 '1 1 2 0' converts to base 16 '2 10'
; expected:
(2 10)
; actual:
nil
; 21 tests finished, problems found. ðŸ˜­ errors: 0, failures: 7, ns: 1, vars: 21
cljêž‰all-your-baseêž‰>Â 
; Evaluating file: all_your_base.clj
; Syntax error (ArityException) compiling at (all_your_base.clj:22:1).
; Wrong number of args (0) passed to: clojure.core/not
; Evaluation of file all_your_base.clj failed: class clojure.lang.Compiler$CompilerException
; Evaluating file: all_your_base.clj
; Syntax error (ArityException) compiling at (all_your_base.clj:22:1).
; Wrong number of args (3) passed to: clojure.core/every?
; Evaluation of file all_your_base.clj failed: class clojure.lang.Compiler$CompilerException
; Evaluating file: all_your_base.clj
3
; Running tests for all-your-base...
; FAIL in all-your-base-test/test-first-base-is-one (all_your_base_test.clj:63):
; Input base of 1 returns nil
; expected:
(nil? (all-your-base/convert 1 () 10))
; actual:
(not (nil? ()))
; FAIL in all-your-base-test/test-invalid-positive-digit (all_your_base_test.clj:59):
; Invalid digits return nil
; expected:
(nil? (all-your-base/convert 2 '(1 2 1 0 1 0) 10))
; actual:
(not (nil? (7 4)))
; FAIL in all-your-base-test/test-multiple-zeroes (all_your_base_test.clj:47):
; 0 converts to 0, no matter the how many zeroes
; expected:
(0)
; actual:
()
; ERROR in all-your-base-test/test-second-base-is-one (Numbers.java):
; Output base of 1 returns nil
; error: java.lang.StackOverflowError (Numbers.java)
; expected:
(nil? (all-your-base/convert 2 '(1 0 1 0 1 0) 1))
; FAIL in all-your-base-test/test-single-zero (all_your_base_test.clj:43):
; 0 converts to 0, no matter the base
; expected:
(0)
; actual:
()
; 21 tests finished, problems found. ðŸ˜­ errors: 1, failures: 4, ns: 1, vars: 21
cljêž‰all-your-baseêž‰>Â 
(1 1 0 0)
cljêž‰all-your-baseêž‰>Â 
; Evaluating file: all_your_base.clj
3
; Running tests for all-your-base...
; FAIL in all-your-base-test/test-first-base-is-one (all_your_base_test.clj:63):
; Input base of 1 returns nil
; expected:
(nil? (all-your-base/convert 1 () 10))
; actual:
(not (nil? ()))
; FAIL in all-your-base-test/test-invalid-positive-digit (all_your_base_test.clj:59):
; Invalid digits return nil
; expected:
(nil? (all-your-base/convert 2 '(1 2 1 0 1 0) 10))
; actual:
(not (nil? (7 4)))
; FAIL in all-your-base-test/test-multiple-zeroes (all_your_base_test.clj:47):
; 0 converts to 0, no matter the how many zeroes
; expected:
(0)
; actual:
()
; ERROR in all-your-base-test/test-second-base-is-one (Numbers.java):
; Output base of 1 returns nil
; error: java.lang.StackOverflowError (Numbers.java)
; expected:
(nil? (all-your-base/convert 2 '(1 0 1 0 1 0) 1))
; FAIL in all-your-base-test/test-single-zero (all_your_base_test.clj:43):
; 0 converts to 0, no matter the base
; expected:
(0)
; actual:
()
; 21 tests finished, problems found. ðŸ˜­ errors: 1, failures: 4, ns: 1, vars: 21
cljêž‰all-your-baseêž‰>Â 
()
cljêž‰all-your-baseêž‰>Â 
#'all-your-base/convert
cljêž‰all-your-baseêž‰>Â 
()
cljêž‰all-your-baseêž‰>Â 
; Evaluating file: all_your_base.clj
; Syntax error (StackOverflowError) compiling at (all_your_base.clj:22:1).
; null
; Evaluation of file all_your_base.clj failed: class clojure.lang.Compiler$CompilerException
; Evaluating file: all_your_base.clj
; Syntax error reading source at (all_your_base.clj:9:81).
; Unmatched delimiter: )
; Evaluation of file all_your_base.clj failed: class clojure.lang.Compiler$CompilerException
; Evaluating file: all_your_base.clj
; Syntax error (StackOverflowError) compiling at (all_your_base.clj:20:1).
; null
; Evaluation of file all_your_base.clj failed: class clojure.lang.Compiler$CompilerException
; Evaluating file: all_your_base.clj
; Syntax error (StackOverflowError) compiling at (all_your_base.clj:21:1).
; null
; Evaluation of file all_your_base.clj failed: class clojure.lang.Compiler$CompilerException
; Evaluating file: all_your_base.clj
; Syntax error (StackOverflowError) compiling at (all_your_base.clj:22:1).
; null
; Evaluation of file all_your_base.clj failed: class clojure.lang.Compiler$CompilerException
; Evaluating file: all_your_base.clj
; Syntax error (StackOverflowError) compiling at (all_your_base.clj:23:1).
; null
; Evaluation of file all_your_base.clj failed: class clojure.lang.Compiler$CompilerException
; Evaluating file: all_your_base.clj
; Syntax error (StackOverflowError) compiling at (all_your_base.clj:23:1).
; null
; Evaluation of file all_your_base.clj failed: class clojure.lang.Compiler$CompilerException
; Evaluating file: all_your_base.clj
; Syntax error (StackOverflowError) compiling at (all_your_base.clj:23:1).
; null
; Evaluation of file all_your_base.clj failed: class clojure.lang.Compiler$CompilerException
; Evaluating file: all_your_base.clj
; Syntax error (StackOverflowError) compiling at (all_your_base.clj:24:1).
; null
; Evaluation of file all_your_base.clj failed: class clojure.lang.Compiler$CompilerException
; Evaluating file: all_your_base.clj
; Syntax error (StackOverflowError) compiling at (all_your_base.clj:25:1).
; null
; Evaluation of file all_your_base.clj failed: class clojure.lang.Compiler$CompilerException
; Evaluating file: all_your_base.clj
; Syntax error (ArityException) compiling at (all_your_base.clj:25:1).
; Wrong number of args (3) passed to: all-your-base/convertToBase
; Evaluation of file all_your_base.clj failed: class clojure.lang.Compiler$CompilerException
; Evaluating file: all_your_base.clj
; Syntax error compiling if at (all_your_base.clj:12:5).
; Too few arguments to if
; Evaluation of file all_your_base.clj failed: class clojure.lang.Compiler$CompilerException
; Evaluating file: all_your_base.clj
; Syntax error compiling if at (all_your_base.clj:12:5).
; Too few arguments to if
; Evaluation of file all_your_base.clj failed: class clojure.lang.Compiler$CompilerException
; Evaluating file: all_your_base.clj
; Syntax error compiling if at (all_your_base.clj:12:5).
; Too few arguments to if
; Evaluation of file all_your_base.clj failed: class clojure.lang.Compiler$CompilerException
; Evaluating file: all_your_base.clj
; Syntax error (ArityException) compiling at (all_your_base.clj:26:1).
; Wrong number of args (3) passed to: all-your-base/convertToBase
; Evaluation of file all_your_base.clj failed: class clojure.lang.Compiler$CompilerException
; Evaluating file: all_your_base.clj
; Syntax error (StackOverflowError) compiling at (all_your_base.clj:26:1).
; null
; Evaluation of file all_your_base.clj failed: class clojure.lang.Compiler$CompilerException
; Execution error (StackOverflowError) at all-your-base/convertToBase (all_your_base.clj:12).
; null
cljêž‰all-your-baseêž‰>Â 
; Evaluating file: all_your_base.clj
; Syntax error (StackOverflowError) compiling at (all_your_base.clj:24:1).
; null
; Evaluation of file all_your_base.clj failed: class clojure.lang.Compiler$CompilerException
; Evaluating file: all_your_base.clj
; Syntax error (StackOverflowError) compiling at (all_your_base.clj:22:1).
; null
; Evaluation of file all_your_base.clj failed: class clojure.lang.Compiler$CompilerException
; Evaluating file: all_your_base.clj
; Syntax error (StackOverflowError) compiling at (all_your_base.clj:23:1).
; null
; Evaluation of file all_your_base.clj failed: class clojure.lang.Compiler$CompilerException
; Evaluating file: all_your_base.clj
; Syntax error (StackOverflowError) compiling at (all_your_base.clj:23:1).
; null
; Evaluation of file all_your_base.clj failed: class clojure.lang.Compiler$CompilerException
; Evaluating file: all_your_base.clj
3
; Running tests for all-your-base...
; FAIL in all-your-base-test/test-15-bit-integer (all_your_base_test.clj:35):
; Base 97 '3 46 60' converts to base 73 '6 10 45'
; expected:
(6 10 45)
; actual:
()
; FAIL in all-your-base-test/test-binary-to-multiple-decimal (all_your_base_test.clj:19):
; Base 2 '1 0 1 0 1 0' converts to base 10 '4 2'
; expected:
(4 2)
; actual:
()
; FAIL in all-your-base-test/test-binary-to-single-decimal (all_your_base_test.clj:11):
; Base 2 '1 0 1' converts to base 10 '5'
; expected:
(5)
; actual:
()
; FAIL in all-your-base-test/test-decimal-to-binary (all_your_base_test.clj:23):
; Base 10 '4 2' conves to base 2 '1 0 1 0 1 0'
; expected:
(1 0 1 0 1 0)
; actual:
()
; FAIL in all-your-base-test/test-first-base-is-one (all_your_base_test.clj:63):
; Input base of 1 returns nil
; expected:
(nil? (all-your-base/convert 1 () 10))
; actual:
(not (nil? ()))
; FAIL in all-your-base-test/test-hexadecimal-to-trinary (all_your_base_test.clj:31):
; Base 16 '2 10' converts to base 3 '1 1 2 0'
; expected:
(1 1 2 0)
; actual:
()
; FAIL in all-your-base-test/test-invalid-positive-digit (all_your_base_test.clj:59):
; Invalid digits return nil
; expected:
(nil? (all-your-base/convert 2 '(1 2 1 0 1 0) 10))
; actual:
(not (nil? ()))
; FAIL in all-your-base-test/test-leading-zeros (all_your_base_test.clj:51):
; Leading zeroes don't affect conversion
; expected:
(4 2)
; actual:
()
; FAIL in all-your-base-test/test-multiple-zeroes (all_your_base_test.clj:47):
; 0 converts to 0, no matter the how many zeroes
; expected:
(0)
; actual:
()
; FAIL in all-your-base-test/test-second-base-is-one (all_your_base_test.clj:67):
; Output base of 1 returns nil
; expected:
(nil? (all-your-base/convert 2 '(1 0 1 0 1 0) 1))
; actual:
(not (nil? ()))
; FAIL in all-your-base-test/test-single-bit-to-one-decimal (all_your_base_test.clj:7):
; Base 2 '1' converts to base 10 '1'
; expected:
(1)
; actual:
()
; FAIL in all-your-base-test/test-single-decimal-to-binary (all_your_base_test.clj:15):
; Base 10 '5' converts to base 2 '1 0 1'
; expected:
(1 0 1)
; actual:
()
; FAIL in all-your-base-test/test-single-zero (all_your_base_test.clj:43):
; 0 converts to 0, no matter the base
; expected:
(0)
; actual:
()
; FAIL in all-your-base-test/test-trinary-to-hexadecimal (all_your_base_test.clj:27):
; Base 3 '1 1 2 0' converts to base 16 '2 10'
; expected:
(2 10)
; actual:
()
; 21 tests finished, problems found. ðŸ˜­ errors: 0, failures: 14, ns: 1, vars: 21
cljêž‰all-your-baseêž‰>Â 
; Evaluating file: all_your_base.clj
; Syntax error (StackOverflowError) compiling at (all_your_base.clj:22:1).
; null
; Evaluation of file all_your_base.clj failed: class clojure.lang.Compiler$CompilerException
; Evaluating file: all_your_base.clj
3
; Running tests for all-your-base...
; FAIL in all-your-base-test/test-first-base-is-one (all_your_base_test.clj:63):
; Input base of 1 returns nil
; expected:
(nil? (all-your-base/convert 1 () 10))
; actual:
(not (nil? ()))
; FAIL in all-your-base-test/test-invalid-positive-digit (all_your_base_test.clj:59):
; Invalid digits return nil
; expected:
(nil? (all-your-base/convert 2 '(1 2 1 0 1 0) 10))
; actual:
(not (nil? (7 4)))
; FAIL in all-your-base-test/test-multiple-zeroes (all_your_base_test.clj:47):
; 0 converts to 0, no matter the how many zeroes
; expected:
(0)
; actual:
()
; ERROR in all-your-base-test/test-second-base-is-one (Numbers.java):
; Output base of 1 returns nil
; error: java.lang.StackOverflowError (Numbers.java)
; expected:
(nil? (all-your-base/convert 2 '(1 0 1 0 1 0) 1))
; FAIL in all-your-base-test/test-single-zero (all_your_base_test.clj:43):
; 0 converts to 0, no matter the base
; expected:
(0)
; actual:
()
; 21 tests finished, problems found. ðŸ˜­ errors: 1, failures: 4, ns: 1, vars: 21
cljêž‰all-your-baseêž‰>Â 
; Evaluating file: all_your_base.clj
3
; Running tests for all-your-base...
; FAIL in all-your-base-test/test-first-base-is-one (all_your_base_test.clj:63):
; Input base of 1 returns nil
; expected:
(nil? (all-your-base/convert 1 () 10))
; actual:
(not (nil? ()))
; FAIL in all-your-base-test/test-invalid-positive-digit (all_your_base_test.clj:59):
; Invalid digits return nil
; expected:
(nil? (all-your-base/convert 2 '(1 2 1 0 1 0) 10))
; actual:
(not (nil? (7 4)))
; FAIL in all-your-base-test/test-multiple-zeroes (all_your_base_test.clj:47):
; 0 converts to 0, no matter the how many zeroes
; expected:
(0)
; actual:
()
; ERROR in all-your-base-test/test-second-base-is-one (Numbers.java):
; Output base of 1 returns nil
; error: java.lang.StackOverflowError (Numbers.java)
; expected:
(nil? (all-your-base/convert 2 '(1 0 1 0 1 0) 1))
; FAIL in all-your-base-test/test-single-zero (all_your_base_test.clj:43):
; 0 converts to 0, no matter the base
; expected:
(0)
; actual:
()
; 21 tests finished, problems found. ðŸ˜­ errors: 1, failures: 4, ns: 1, vars: 21
cljêž‰all-your-baseêž‰>Â 
; Evaluating file: all_your_base.clj
; Syntax error (ClassCastException) compiling at (all_your_base.clj:23:1).
; class clojure.lang.PersistentList$EmptyList cannot be cast to class clojure.lang.IFn (clojure.lang.PersistentList$EmptyList and clojure.lang.IFn are in unnamed module of loader 'app')
; Evaluation of file all_your_base.clj failed: class clojure.lang.Compiler$CompilerException
; Evaluating file: all_your_base.clj
; Syntax error (ArityException) compiling at (all_your_base.clj:23:1).
; Wrong number of args (1) passed to: clojure.core/every?
; Evaluation of file all_your_base.clj failed: class clojure.lang.Compiler$CompilerException
; Evaluating file: all_your_base.clj
; Syntax error (ArityException) compiling at (all_your_base.clj:23:1).
; Wrong number of args (1) passed to: all-your-base/convert/fn--25228
; Evaluation of file all_your_base.clj failed: class clojure.lang.Compiler$CompilerException
; Evaluating file: all_your_base.clj
; Syntax error (ArityException) compiling at (all_your_base.clj:23:1).
; Wrong number of args (1) passed to: all-your-base/convert/fn--25442
; Evaluation of file all_your_base.clj failed: class clojure.lang.Compiler$CompilerException
; Evaluating file: all_your_base.clj
; Syntax error (ArityException) compiling at (all_your_base.clj:23:1).
; Wrong number of args (1) passed to: all-your-base/convert/fn--25656
; Evaluation of file all_your_base.clj failed: class clojure.lang.Compiler$CompilerException
; Evaluating file: all_your_base.clj
; Syntax error (ArityException) compiling at (all_your_base.clj:23:1).
; Wrong number of args (1) passed to: all-your-base/convert/fn--25870
; Evaluation of file all_your_base.clj failed: class clojure.lang.Compiler$CompilerException
; Evaluating file: all_your_base.clj
3
; Running tests for all-your-base...
; FAIL in all-your-base-test/test-first-base-is-one (all_your_base_test.clj:63):
; Input base of 1 returns nil
; expected:
(nil? (all-your-base/convert 1 () 10))
; actual:
(not (nil? ()))
; FAIL in all-your-base-test/test-invalid-positive-digit (all_your_base_test.clj:59):
; Invalid digits return nil
; expected:
(nil? (all-your-base/convert 2 '(1 2 1 0 1 0) 10))
; actual:
(not (nil? (7 4)))
; FAIL in all-your-base-test/test-multiple-zeroes (all_your_base_test.clj:47):
; 0 converts to 0, no matter the how many zeroes
; expected:
(0)
; actual:
()
; ERROR in all-your-base-test/test-second-base-is-one (Numbers.java):
; Output base of 1 returns nil
; error: java.lang.StackOverflowError (Numbers.java)
; expected:
(nil? (all-your-base/convert 2 '(1 0 1 0 1 0) 1))
; FAIL in all-your-base-test/test-single-zero (all_your_base_test.clj:43):
; 0 converts to 0, no matter the base
; expected:
(0)
; actual:
()
; 21 tests finished, problems found. ðŸ˜­ errors: 1, failures: 4, ns: 1, vars: 21
cljêž‰all-your-baseêž‰>Â 
; Evaluating file: all_your_base.clj
3
; Running tests for all-your-base...
; FAIL in all-your-base-test/test-first-base-is-one (all_your_base_test.clj:63):
; Input base of 1 returns nil
; expected:
(nil? (all-your-base/convert 1 () 10))
; actual:
(not (nil? ()))
; FAIL in all-your-base-test/test-invalid-positive-digit (all_your_base_test.clj:59):
; Invalid digits return nil
; expected:
(nil? (all-your-base/convert 2 '(1 2 1 0 1 0) 10))
; actual:
(not (nil? (7 4)))
; FAIL in all-your-base-test/test-multiple-zeroes (all_your_base_test.clj:47):
; 0 converts to 0, no matter the how many zeroes
; expected:
(0)
; actual:
()
; ERROR in all-your-base-test/test-second-base-is-one (Util.java):
; Output base of 1 returns nil
; error: java.lang.StackOverflowError (Util.java)
; expected:
(nil? (all-your-base/convert 2 '(1 0 1 0 1 0) 1))
; FAIL in all-your-base-test/test-single-zero (all_your_base_test.clj:43):
; 0 converts to 0, no matter the base
; expected:
(0)
; actual:
()
; 21 tests finished, problems found. ðŸ˜­ errors: 1, failures: 4, ns: 1, vars: 21
cljêž‰all-your-baseêž‰>Â 
; Evaluating file: all_your_base.clj
; Syntax error compiling at (all_your_base.clj:16:18).
; Unable to resolve symbol: e in this context
; Evaluation of file all_your_base.clj failed: class clojure.lang.Compiler$CompilerException
; Evaluating file: all_your_base.clj
; Syntax error compiling at (all_your_base.clj:16:18).
; Unable to resolve symbol: s in this context
; Evaluation of file all_your_base.clj failed: class clojure.lang.Compiler$CompilerException
; Evaluating file: all_your_base.clj
3
; Running tests for all-your-base...
; FAIL in all-your-base-test/test-15-bit-integer (all_your_base_test.clj:35):
; Base 97 '3 46 60' converts to base 73 '6 10 45'
; expected:
(6 10 45)
; actual:
nil
; FAIL in all-your-base-test/test-binary-to-multiple-decimal (all_your_base_test.clj:19):
; Base 2 '1 0 1 0 1 0' converts to base 10 '4 2'
; expected:
(4 2)
; actual:
nil
; FAIL in all-your-base-test/test-binary-to-single-decimal (all_your_base_test.clj:11):
; Base 2 '1 0 1' converts to base 10 '5'
; expected:
(5)
; actual:
nil
; FAIL in all-your-base-test/test-decimal-to-binary (all_your_base_test.clj:23):
; Base 10 '4 2' conves to base 2 '1 0 1 0 1 0'
; expected:
(1 0 1 0 1 0)
; actual:
nil
; FAIL in all-your-base-test/test-first-base-is-one (all_your_base_test.clj:63):
; Input base of 1 returns nil
; expected:
(nil? (all-your-base/convert 1 () 10))
; actual:
(not (nil? ()))
; FAIL in all-your-base-test/test-hexadecimal-to-trinary (all_your_base_test.clj:31):
; Base 16 '2 10' converts to base 3 '1 1 2 0'
; expected:
(1 1 2 0)
; actual:
nil
; FAIL in all-your-base-test/test-leading-zeros (all_your_base_test.clj:51):
; Leading zeroes don't affect conversion
; expected:
(4 2)
; actual:
nil
; FAIL in all-your-base-test/test-multiple-zeroes (all_your_base_test.clj:47):
; 0 converts to 0, no matter the how many zeroes
; expected:
(0)
; actual:
nil
; FAIL in all-your-base-test/test-single-bit-to-one-decimal (all_your_base_test.clj:7):
; Base 2 '1' converts to base 10 '1'
; expected:
(1)
; actual:
nil
; FAIL in all-your-base-test/test-single-decimal-to-binary (all_your_base_test.clj:15):
; Base 10 '5' converts to base 2 '1 0 1'
; expected:
(1 0 1)
; actual:
nil
; FAIL in all-your-base-test/test-single-zero (all_your_base_test.clj:43):
; 0 converts to 0, no matter the base
; expected:
(0)
; actual:
nil
; FAIL in all-your-base-test/test-trinary-to-hexadecimal (all_your_base_test.clj:27):
; Base 3 '1 1 2 0' converts to base 16 '2 10'
; expected:
(2 10)
; actual:
nil
; 21 tests finished, problems found. ðŸ˜­ errors: 0, failures: 12, ns: 1, vars: 21
cljêž‰all-your-baseêž‰>Â 
; Evaluating file: all_your_base.clj
3
; Running tests for all-your-base...
; FAIL in all-your-base-test/test-15-bit-integer (all_your_base_test.clj:35):
; Base 97 '3 46 60' converts to base 73 '6 10 45'
; expected:
(6 10 45)
; actual:
nil
; FAIL in all-your-base-test/test-binary-to-multiple-decimal (all_your_base_test.clj:19):
; Base 2 '1 0 1 0 1 0' converts to base 10 '4 2'
; expected:
(4 2)
; actual:
nil
; FAIL in all-your-base-test/test-binary-to-single-decimal (all_your_base_test.clj:11):
; Base 2 '1 0 1' converts to base 10 '5'
; expected:
(5)
; actual:
nil
; ERROR in all-your-base-test/test-both-bases-are-negative (all_your_base.clj:87):
; When both bases are negative, nil is returned
; error: java.lang.ClassCastException: class java.lang.Long cannot be cast to class clojure.lang.IFn (java.lang.Long is in module java.base of loader 'bootstrap'; clojure.lang.IFn is in unnamed module of loader 'app') (all_your_base.clj:87)
; expected:
(nil? (all-your-base/convert -2 '(1) -7))
; FAIL in all-your-base-test/test-decimal-to-binary (all_your_base_test.clj:23):
; Base 10 '4 2' conves to base 2 '1 0 1 0 1 0'
; expected:
(1 0 1 0 1 0)
; actual:
nil
; ERROR in all-your-base-test/test-empty-list (all_your_base.clj:39):
; Empty input digits returns empty sequence
; error: java.lang.ClassCastException: class java.lang.Long cannot be cast to class clojure.lang.IFn (java.lang.Long is in module java.base of loader 'bootstrap'; clojure.lang.IFn is in unnamed module of loader 'app') (all_your_base.clj:39)
; expected:
(empty? (all-your-base/convert 2 () 10))
; ERROR in all-your-base-test/test-first-base-is-negative (all_your_base.clj:79):
; Negative input base returns nil
; error: java.lang.ClassCastException: class java.lang.Long cannot be cast to class clojure.lang.IFn (java.lang.Long is in module java.base of loader 'bootstrap'; clojure.lang.IFn is in unnamed module of loader 'app') (all_your_base.clj:79)
; expected:
(nil? (all-your-base/convert -2 '(1) 10))
; ERROR in all-your-base-test/test-first-base-is-one (all_your_base.clj:63):
; Input base of 1 returns nil
; error: java.lang.ClassCastException: class java.lang.Long cannot be cast to class clojure.lang.IFn (java.lang.Long is in module java.base of loader 'bootstrap'; clojure.lang.IFn is in unnamed module of loader 'app') (all_your_base.clj:63)
; expected:
(nil? (all-your-base/convert 1 () 10))
; ERROR in all-your-base-test/test-first-base-is-zero (all_your_base.clj:71):
; Input base of 0 returns nil
; error: java.lang.ClassCastException: class java.lang.Long cannot be cast to class clojure.lang.IFn (java.lang.Long is in module java.base of loader 'bootstrap'; clojure.lang.IFn is in unnamed module of loader 'app') (all_your_base.clj:71)
; expected:
(nil? (all-your-base/convert 0 () 10))
; FAIL in all-your-base-test/test-hexadecimal-to-trinary (all_your_base_test.clj:31):
; Base 16 '2 10' converts to base 3 '1 1 2 0'
; expected:
(1 1 2 0)
; actual:
nil
; FAIL in all-your-base-test/test-leading-zeros (all_your_base_test.clj:51):
; Leading zeroes don't affect conversion
; expected:
(4 2)
; actual:
nil
; FAIL in all-your-base-test/test-multiple-zeroes (all_your_base_test.clj:47):
; 0 converts to 0, no matter the how many zeroes
; expected:
(0)
; actual:
nil
; FAIL in all-your-base-test/test-single-bit-to-one-decimal (all_your_base_test.clj:7):
; Base 2 '1' converts to base 10 '1'
; expected:
(1)
; actual:
nil
; FAIL in all-your-base-test/test-single-decimal-to-binary (all_your_base_test.clj:15):
; Base 10 '5' converts to base 2 '1 0 1'
; expected:
(1 0 1)
; actual:
nil
; FAIL in all-your-base-test/test-single-zero (all_your_base_test.clj:43):
; 0 converts to 0, no matter the base
; expected:
(0)
; actual:
nil
; FAIL in all-your-base-test/test-trinary-to-hexadecimal (all_your_base_test.clj:27):
; Base 3 '1 1 2 0' converts to base 16 '2 10'
; expected:
(2 10)
; actual:
nil
; 21 tests finished, problems found. ðŸ˜­ errors: 5, failures: 11, ns: 1, vars: 21
cljêž‰all-your-baseêž‰>Â 
; Evaluating file: all_your_base.clj
3
; Running tests for all-your-base...
; FAIL in all-your-base-test/test-15-bit-integer (all_your_base_test.clj:35):
; Base 97 '3 46 60' converts to base 73 '6 10 45'
; expected:
(6 10 45)
; actual:
nil
; FAIL in all-your-base-test/test-binary-to-multiple-decimal (all_your_base_test.clj:19):
; Base 2 '1 0 1 0 1 0' converts to base 10 '4 2'
; expected:
(4 2)
; actual:
nil
; FAIL in all-your-base-test/test-binary-to-single-decimal (all_your_base_test.clj:11):
; Base 2 '1 0 1' converts to base 10 '5'
; expected:
(5)
; actual:
nil
; ERROR in all-your-base-test/test-both-bases-are-negative (all_your_base.clj:87):
; When both bases are negative, nil is returned
; error: java.lang.ClassCastException: class java.lang.Long cannot be cast to class clojure.lang.IFn (java.lang.Long is in module java.base of loader 'bootstrap'; clojure.lang.IFn is in unnamed module of loader 'app') (all_your_base.clj:87)
; expected:
(nil? (all-your-base/convert -2 '(1) -7))
; FAIL in all-your-base-test/test-decimal-to-binary (all_your_base_test.clj:23):
; Base 10 '4 2' conves to base 2 '1 0 1 0 1 0'
; expected:
(1 0 1 0 1 0)
; actual:
nil
; ERROR in all-your-base-test/test-empty-list (all_your_base.clj:39):
; Empty input digits returns empty sequence
; error: java.lang.ClassCastException: class java.lang.Long cannot be cast to class clojure.lang.IFn (java.lang.Long is in module java.base of loader 'bootstrap'; clojure.lang.IFn is in unnamed module of loader 'app') (all_your_base.clj:39)
; expected:
(empty? (all-your-base/convert 2 () 10))
; ERROR in all-your-base-test/test-first-base-is-negative (all_your_base.clj:79):
; Negative input base returns nil
; error: java.lang.ClassCastException: class java.lang.Long cannot be cast to class clojure.lang.IFn (java.lang.Long is in module java.base of loader 'bootstrap'; clojure.lang.IFn is in unnamed module of loader 'app') (all_your_base.clj:79)
; expected:
(nil? (all-your-base/convert -2 '(1) 10))
; ERROR in all-your-base-test/test-first-base-is-one (all_your_base.clj:63):
; Input base of 1 returns nil
; error: java.lang.ClassCastException: class java.lang.Long cannot be cast to class clojure.lang.IFn (java.lang.Long is in module java.base of loader 'bootstrap'; clojure.lang.IFn is in unnamed module of loader 'app') (all_your_base.clj:63)
; expected:
(nil? (all-your-base/convert 1 () 10))
; ERROR in all-your-base-test/test-first-base-is-zero (all_your_base.clj:71):
; Input base of 0 returns nil
; error: java.lang.ClassCastException: class java.lang.Long cannot be cast to class clojure.lang.IFn (java.lang.Long is in module java.base of loader 'bootstrap'; clojure.lang.IFn is in unnamed module of loader 'app') (all_your_base.clj:71)
; expected:
(nil? (all-your-base/convert 0 () 10))
; FAIL in all-your-base-test/test-hexadecimal-to-trinary (all_your_base_test.clj:31):
; Base 16 '2 10' converts to base 3 '1 1 2 0'
; expected:
(1 1 2 0)
; actual:
nil
; FAIL in all-your-base-test/test-leading-zeros (all_your_base_test.clj:51):
; Leading zeroes don't affect conversion
; expected:
(4 2)
; actual:
nil
; FAIL in all-your-base-test/test-multiple-zeroes (all_your_base_test.clj:47):
; 0 converts to 0, no matter the how many zeroes
; expected:
(0)
; actual:
nil
; FAIL in all-your-base-test/test-single-bit-to-one-decimal (all_your_base_test.clj:7):
; Base 2 '1' converts to base 10 '1'
; expected:
(1)
; actual:
nil
; FAIL in all-your-base-test/test-single-decimal-to-binary (all_your_base_test.clj:15):
; Base 10 '5' converts to base 2 '1 0 1'
; expected:
(1 0 1)
; actual:
nil
; FAIL in all-your-base-test/test-single-zero (all_your_base_test.clj:43):
; 0 converts to 0, no matter the base
; expected:
(0)
; actual:
nil
; FAIL in all-your-base-test/test-trinary-to-hexadecimal (all_your_base_test.clj:27):
; Base 3 '1 1 2 0' converts to base 16 '2 10'
; expected:
(2 10)
; actual:
nil
; 21 tests finished, problems found. ðŸ˜­ errors: 5, failures: 11, ns: 1, vars: 21
cljêž‰all-your-baseêž‰>Â 
; Evaluating file: all_your_base.clj
3
; Running tests for all-your-base...
; FAIL in all-your-base-test/test-15-bit-integer (all_your_base_test.clj:35):
; Base 97 '3 46 60' converts to base 73 '6 10 45'
; expected:
(6 10 45)
; actual:
nil
; FAIL in all-your-base-test/test-binary-to-multiple-decimal (all_your_base_test.clj:19):
; Base 2 '1 0 1 0 1 0' converts to base 10 '4 2'
; expected:
(4 2)
; actual:
nil
; FAIL in all-your-base-test/test-binary-to-single-decimal (all_your_base_test.clj:11):
; Base 2 '1 0 1' converts to base 10 '5'
; expected:
(5)
; actual:
nil
; ERROR in all-your-base-test/test-both-bases-are-negative (all_your_base.clj:87):
; When both bases are negative, nil is returned
; error: java.lang.ClassCastException: class java.lang.Long cannot be cast to class clojure.lang.IFn (java.lang.Long is in module java.base of loader 'bootstrap'; clojure.lang.IFn is in unnamed module of loader 'app') (all_your_base.clj:87)
; expected:
(nil? (all-your-base/convert -2 '(1) -7))
; FAIL in all-your-base-test/test-decimal-to-binary (all_your_base_test.clj:23):
; Base 10 '4 2' conves to base 2 '1 0 1 0 1 0'
; expected:
(1 0 1 0 1 0)
; actual:
nil
; ERROR in all-your-base-test/test-empty-list (all_your_base.clj:39):
; Empty input digits returns empty sequence
; error: java.lang.ClassCastException: class java.lang.Long cannot be cast to class clojure.lang.IFn (java.lang.Long is in module java.base of loader 'bootstrap'; clojure.lang.IFn is in unnamed module of loader 'app') (all_your_base.clj:39)
; expected:
(empty? (all-your-base/convert 2 () 10))
; ERROR in all-your-base-test/test-first-base-is-negative (all_your_base.clj:79):
; Negative input base returns nil
; error: java.lang.ClassCastException: class java.lang.Long cannot be cast to class clojure.lang.IFn (java.lang.Long is in module java.base of loader 'bootstrap'; clojure.lang.IFn is in unnamed module of loader 'app') (all_your_base.clj:79)
; expected:
(nil? (all-your-base/convert -2 '(1) 10))
; ERROR in all-your-base-test/test-first-base-is-one (all_your_base.clj:63):
; Input base of 1 returns nil
; error: java.lang.ClassCastException: class java.lang.Long cannot be cast to class clojure.lang.IFn (java.lang.Long is in module java.base of loader 'bootstrap'; clojure.lang.IFn is in unnamed module of loader 'app') (all_your_base.clj:63)
; expected:
(nil? (all-your-base/convert 1 () 10))
; ERROR in all-your-base-test/test-first-base-is-zero (all_your_base.clj:71):
; Input base of 0 returns nil
; error: java.lang.ClassCastException: class java.lang.Long cannot be cast to class clojure.lang.IFn (java.lang.Long is in module java.base of loader 'bootstrap'; clojure.lang.IFn is in unnamed module of loader 'app') (all_your_base.clj:71)
; expected:
(nil? (all-your-base/convert 0 () 10))
; FAIL in all-your-base-test/test-hexadecimal-to-trinary (all_your_base_test.clj:31):
; Base 16 '2 10' converts to base 3 '1 1 2 0'
; expected:
(1 1 2 0)
; actual:
nil
; FAIL in all-your-base-test/test-leading-zeros (all_your_base_test.clj:51):
; Leading zeroes don't affect conversion
; expected:
(4 2)
; actual:
nil
; FAIL in all-your-base-test/test-multiple-zeroes (all_your_base_test.clj:47):
; 0 converts to 0, no matter the how many zeroes
; expected:
(0)
; actual:
nil
; FAIL in all-your-base-test/test-single-bit-to-one-decimal (all_your_base_test.clj:7):
; Base 2 '1' converts to base 10 '1'
; expected:
(1)
; actual:
nil
; FAIL in all-your-base-test/test-single-decimal-to-binary (all_your_base_test.clj:15):
; Base 10 '5' converts to base 2 '1 0 1'
; expected:
(1 0 1)
; actual:
nil
; FAIL in all-your-base-test/test-single-zero (all_your_base_test.clj:43):
; 0 converts to 0, no matter the base
; expected:
(0)
; actual:
nil
; FAIL in all-your-base-test/test-trinary-to-hexadecimal (all_your_base_test.clj:27):
; Base 3 '1 1 2 0' converts to base 16 '2 10'
; expected:
(2 10)
; actual:
nil
; 21 tests finished, problems found. ðŸ˜­ errors: 5, failures: 11, ns: 1, vars: 21
cljêž‰all-your-baseêž‰>Â 
; Evaluating file: all_your_base.clj
3
; Running tests for all-your-base...
; FAIL in all-your-base-test/test-15-bit-integer (all_your_base_test.clj:35):
; Base 97 '3 46 60' converts to base 73 '6 10 45'
; expected:
(6 10 45)
; actual:
nil
; FAIL in all-your-base-test/test-binary-to-multiple-decimal (all_your_base_test.clj:19):
; Base 2 '1 0 1 0 1 0' converts to base 10 '4 2'
; expected:
(4 2)
; actual:
nil
; FAIL in all-your-base-test/test-binary-to-single-decimal (all_your_base_test.clj:11):
; Base 2 '1 0 1' converts to base 10 '5'
; expected:
(5)
; actual:
nil
; ERROR in all-your-base-test/test-both-bases-are-negative (all_your_base.clj:87):
; When both bases are negative, nil is returned
; error: java.lang.ClassCastException: class java.lang.Long cannot be cast to class clojure.lang.IFn (java.lang.Long is in module java.base of loader 'bootstrap'; clojure.lang.IFn is in unnamed module of loader 'app') (all_your_base.clj:87)
; expected:
(nil? (all-your-base/convert -2 '(1) -7))
; FAIL in all-your-base-test/test-decimal-to-binary (all_your_base_test.clj:23):
; Base 10 '4 2' conves to base 2 '1 0 1 0 1 0'
; expected:
(1 0 1 0 1 0)
; actual:
nil
; ERROR in all-your-base-test/test-empty-list (all_your_base.clj:39):
; Empty input digits returns empty sequence
; error: java.lang.ClassCastException: class java.lang.Long cannot be cast to class clojure.lang.IFn (java.lang.Long is in module java.base of loader 'bootstrap'; clojure.lang.IFn is in unnamed module of loader 'app') (all_your_base.clj:39)
; expected:
(empty? (all-your-base/convert 2 () 10))
; ERROR in all-your-base-test/test-first-base-is-negative (all_your_base.clj:79):
; Negative input base returns nil
; error: java.lang.ClassCastException: class java.lang.Long cannot be cast to class clojure.lang.IFn (java.lang.Long is in module java.base of loader 'bootstrap'; clojure.lang.IFn is in unnamed module of loader 'app') (all_your_base.clj:79)
; expected:
(nil? (all-your-base/convert -2 '(1) 10))
; ERROR in all-your-base-test/test-first-base-is-one (all_your_base.clj:63):
; Input base of 1 returns nil
; error: java.lang.ClassCastException: class java.lang.Long cannot be cast to class clojure.lang.IFn (java.lang.Long is in module java.base of loader 'bootstrap'; clojure.lang.IFn is in unnamed module of loader 'app') (all_your_base.clj:63)
; expected:
(nil? (all-your-base/convert 1 () 10))
; ERROR in all-your-base-test/test-first-base-is-zero (all_your_base.clj:71):
; Input base of 0 returns nil
; error: java.lang.ClassCastException: class java.lang.Long cannot be cast to class clojure.lang.IFn (java.lang.Long is in module java.base of loader 'bootstrap'; clojure.lang.IFn is in unnamed module of loader 'app') (all_your_base.clj:71)
; expected:
(nil? (all-your-base/convert 0 () 10))
; FAIL in all-your-base-test/test-hexadecimal-to-trinary (all_your_base_test.clj:31):
; Base 16 '2 10' converts to base 3 '1 1 2 0'
; expected:
(1 1 2 0)
; actual:
nil
; FAIL in all-your-base-test/test-leading-zeros (all_your_base_test.clj:51):
; Leading zeroes don't affect conversion
; expected:
(4 2)
; actual:
nil
; FAIL in all-your-base-test/test-multiple-zeroes (all_your_base_test.clj:47):
; 0 converts to 0, no matter the how many zeroes
; expected:
(0)
; actual:
nil
; FAIL in all-your-base-test/test-single-bit-to-one-decimal (all_your_base_test.clj:7):
; Base 2 '1' converts to base 10 '1'
; expected:
(1)
; actual:
nil
; FAIL in all-your-base-test/test-single-decimal-to-binary (all_your_base_test.clj:15):
; Base 10 '5' converts to base 2 '1 0 1'
; expected:
(1 0 1)
; actual:
nil
; FAIL in all-your-base-test/test-single-zero (all_your_base_test.clj:43):
; 0 converts to 0, no matter the base
; expected:
(0)
; actual:
nil
; FAIL in all-your-base-test/test-trinary-to-hexadecimal (all_your_base_test.clj:27):
; Base 3 '1 1 2 0' converts to base 16 '2 10'
; expected:
(2 10)
; actual:
nil
; 21 tests finished, problems found. ðŸ˜­ errors: 5, failures: 11, ns: 1, vars: 21
cljêž‰all-your-baseêž‰>Â 
; Evaluating file: all_your_base.clj
3
; Running tests for all-your-base...
; FAIL in all-your-base-test/test-15-bit-integer (all_your_base_test.clj:35):
; Base 97 '3 46 60' converts to base 73 '6 10 45'
; expected:
(6 10 45)
; actual:
nil
; FAIL in all-your-base-test/test-binary-to-multiple-decimal (all_your_base_test.clj:19):
; Base 2 '1 0 1 0 1 0' converts to base 10 '4 2'
; expected:
(4 2)
; actual:
nil
; FAIL in all-your-base-test/test-binary-to-single-decimal (all_your_base_test.clj:11):
; Base 2 '1 0 1' converts to base 10 '5'
; expected:
(5)
; actual:
nil
; ERROR in all-your-base-test/test-both-bases-are-negative (all_your_base.clj:87):
; When both bases are negative, nil is returned
; error: java.lang.ClassCastException: class java.lang.Long cannot be cast to class clojure.lang.IFn (java.lang.Long is in module java.base of loader 'bootstrap'; clojure.lang.IFn is in unnamed module of loader 'app') (all_your_base.clj:87)
; expected:
(nil? (all-your-base/convert -2 '(1) -7))
; FAIL in all-your-base-test/test-decimal-to-binary (all_your_base_test.clj:23):
; Base 10 '4 2' conves to base 2 '1 0 1 0 1 0'
; expected:
(1 0 1 0 1 0)
; actual:
nil
; ERROR in all-your-base-test/test-empty-list (all_your_base.clj:39):
; Empty input digits returns empty sequence
; error: java.lang.ClassCastException: class java.lang.Long cannot be cast to class clojure.lang.IFn (java.lang.Long is in module java.base of loader 'bootstrap'; clojure.lang.IFn is in unnamed module of loader 'app') (all_your_base.clj:39)
; expected:
(empty? (all-your-base/convert 2 () 10))
; ERROR in all-your-base-test/test-first-base-is-negative (all_your_base.clj:79):
; Negative input base returns nil
; error: java.lang.ClassCastException: class java.lang.Long cannot be cast to class clojure.lang.IFn (java.lang.Long is in module java.base of loader 'bootstrap'; clojure.lang.IFn is in unnamed module of loader 'app') (all_your_base.clj:79)
; expected:
(nil? (all-your-base/convert -2 '(1) 10))
; ERROR in all-your-base-test/test-first-base-is-one (all_your_base.clj:63):
; Input base of 1 returns nil
; error: java.lang.ClassCastException: class java.lang.Long cannot be cast to class clojure.lang.IFn (java.lang.Long is in module java.base of loader 'bootstrap'; clojure.lang.IFn is in unnamed module of loader 'app') (all_your_base.clj:63)
; expected:
(nil? (all-your-base/convert 1 () 10))
; ERROR in all-your-base-test/test-first-base-is-zero (all_your_base.clj:71):
; Input base of 0 returns nil
; error: java.lang.ClassCastException: class java.lang.Long cannot be cast to class clojure.lang.IFn (java.lang.Long is in module java.base of loader 'bootstrap'; clojure.lang.IFn is in unnamed module of loader 'app') (all_your_base.clj:71)
; expected:
(nil? (all-your-base/convert 0 () 10))
; FAIL in all-your-base-test/test-hexadecimal-to-trinary (all_your_base_test.clj:31):
; Base 16 '2 10' converts to base 3 '1 1 2 0'
; expected:
(1 1 2 0)
; actual:
nil
; FAIL in all-your-base-test/test-leading-zeros (all_your_base_test.clj:51):
; Leading zeroes don't affect conversion
; expected:
(4 2)
; actual:
nil
; FAIL in all-your-base-test/test-multiple-zeroes (all_your_base_test.clj:47):
; 0 converts to 0, no matter the how many zeroes
; expected:
(0)
; actual:
nil
; FAIL in all-your-base-test/test-single-bit-to-one-decimal (all_your_base_test.clj:7):
; Base 2 '1' converts to base 10 '1'
; expected:
(1)
; actual:
nil
; FAIL in all-your-base-test/test-single-decimal-to-binary (all_your_base_test.clj:15):
; Base 10 '5' converts to base 2 '1 0 1'
; expected:
(1 0 1)
; actual:
nil
; FAIL in all-your-base-test/test-single-zero (all_your_base_test.clj:43):
; 0 converts to 0, no matter the base
; expected:
(0)
; actual:
nil
; FAIL in all-your-base-test/test-trinary-to-hexadecimal (all_your_base_test.clj:27):
; Base 3 '1 1 2 0' converts to base 16 '2 10'
; expected:
(2 10)
; actual:
nil
; 21 tests finished, problems found. ðŸ˜­ errors: 5, failures: 11, ns: 1, vars: 21
cljêž‰all-your-baseêž‰>Â 
; Evaluating file: all_your_base.clj
3
; Running tests for all-your-base...
; FAIL in all-your-base-test/test-15-bit-integer (all_your_base_test.clj:35):
; Base 97 '3 46 60' converts to base 73 '6 10 45'
; expected:
(6 10 45)
; actual:
nil
; FAIL in all-your-base-test/test-binary-to-multiple-decimal (all_your_base_test.clj:19):
; Base 2 '1 0 1 0 1 0' converts to base 10 '4 2'
; expected:
(4 2)
; actual:
nil
; FAIL in all-your-base-test/test-binary-to-single-decimal (all_your_base_test.clj:11):
; Base 2 '1 0 1' converts to base 10 '5'
; expected:
(5)
; actual:
nil
; ERROR in all-your-base-test/test-both-bases-are-negative (all_your_base.clj:87):
; When both bases are negative, nil is returned
; error: java.lang.ClassCastException: class java.lang.Long cannot be cast to class clojure.lang.IFn (java.lang.Long is in module java.base of loader 'bootstrap'; clojure.lang.IFn is in unnamed module of loader 'app') (all_your_base.clj:87)
; expected:
(nil? (all-your-base/convert -2 '(1) -7))
; FAIL in all-your-base-test/test-decimal-to-binary (all_your_base_test.clj:23):
; Base 10 '4 2' conves to base 2 '1 0 1 0 1 0'
; expected:
(1 0 1 0 1 0)
; actual:
nil
; ERROR in all-your-base-test/test-empty-list (all_your_base.clj:39):
; Empty input digits returns empty sequence
; error: java.lang.ClassCastException: class java.lang.Long cannot be cast to class clojure.lang.IFn (java.lang.Long is in module java.base of loader 'bootstrap'; clojure.lang.IFn is in unnamed module of loader 'app') (all_your_base.clj:39)
; expected:
(empty? (all-your-base/convert 2 () 10))
; ERROR in all-your-base-test/test-first-base-is-negative (all_your_base.clj:79):
; Negative input base returns nil
; error: java.lang.ClassCastException: class java.lang.Long cannot be cast to class clojure.lang.IFn (java.lang.Long is in module java.base of loader 'bootstrap'; clojure.lang.IFn is in unnamed module of loader 'app') (all_your_base.clj:79)
; expected:
(nil? (all-your-base/convert -2 '(1) 10))
; ERROR in all-your-base-test/test-first-base-is-one (all_your_base.clj:63):
; Input base of 1 returns nil
; error: java.lang.ClassCastException: class java.lang.Long cannot be cast to class clojure.lang.IFn (java.lang.Long is in module java.base of loader 'bootstrap'; clojure.lang.IFn is in unnamed module of loader 'app') (all_your_base.clj:63)
; expected:
(nil? (all-your-base/convert 1 () 10))
; ERROR in all-your-base-test/test-first-base-is-zero (all_your_base.clj:71):
; Input base of 0 returns nil
; error: java.lang.ClassCastException: class java.lang.Long cannot be cast to class clojure.lang.IFn (java.lang.Long is in module java.base of loader 'bootstrap'; clojure.lang.IFn is in unnamed module of loader 'app') (all_your_base.clj:71)
; expected:
(nil? (all-your-base/convert 0 () 10))
; FAIL in all-your-base-test/test-hexadecimal-to-trinary (all_your_base_test.clj:31):
; Base 16 '2 10' converts to base 3 '1 1 2 0'
; expected:
(1 1 2 0)
; actual:
nil
; FAIL in all-your-base-test/test-leading-zeros (all_your_base_test.clj:51):
; Leading zeroes don't affect conversion
; expected:
(4 2)
; actual:
nil
; FAIL in all-your-base-test/test-multiple-zeroes (all_your_base_test.clj:47):
; 0 converts to 0, no matter the how many zeroes
; expected:
(0)
; actual:
nil
; FAIL in all-your-base-test/test-single-bit-to-one-decimal (all_your_base_test.clj:7):
; Base 2 '1' converts to base 10 '1'
; expected:
(1)
; actual:
nil
; FAIL in all-your-base-test/test-single-decimal-to-binary (all_your_base_test.clj:15):
; Base 10 '5' converts to base 2 '1 0 1'
; expected:
(1 0 1)
; actual:
nil
; FAIL in all-your-base-test/test-single-zero (all_your_base_test.clj:43):
; 0 converts to 0, no matter the base
; expected:
(0)
; actual:
nil
; FAIL in all-your-base-test/test-trinary-to-hexadecimal (all_your_base_test.clj:27):
; Base 3 '1 1 2 0' converts to base 16 '2 10'
; expected:
(2 10)
; actual:
nil
; 21 tests finished, problems found. ðŸ˜­ errors: 5, failures: 11, ns: 1, vars: 21
cljêž‰all-your-baseêž‰>Â 
; Evaluating file: all_your_base.clj
3
; Running tests for all-your-base...
; FAIL in all-your-base-test/test-15-bit-integer (all_your_base_test.clj:35):
; Base 97 '3 46 60' converts to base 73 '6 10 45'
; expected:
(6 10 45)
; actual:
nil
; FAIL in all-your-base-test/test-binary-to-multiple-decimal (all_your_base_test.clj:19):
; Base 2 '1 0 1 0 1 0' converts to base 10 '4 2'
; expected:
(4 2)
; actual:
nil
; FAIL in all-your-base-test/test-binary-to-single-decimal (all_your_base_test.clj:11):
; Base 2 '1 0 1' converts to base 10 '5'
; expected:
(5)
; actual:
nil
; ERROR in all-your-base-test/test-both-bases-are-negative (all_your_base.clj:87):
; When both bases are negative, nil is returned
; error: java.lang.ClassCastException: class java.lang.Long cannot be cast to class clojure.lang.IFn (java.lang.Long is in module java.base of loader 'bootstrap'; clojure.lang.IFn is in unnamed module of loader 'app') (all_your_base.clj:87)
; expected:
(nil? (all-your-base/convert -2 '(1) -7))
; FAIL in all-your-base-test/test-decimal-to-binary (all_your_base_test.clj:23):
; Base 10 '4 2' conves to base 2 '1 0 1 0 1 0'
; expected:
(1 0 1 0 1 0)
; actual:
nil
; ERROR in all-your-base-test/test-empty-list (all_your_base.clj:39):
; Empty input digits returns empty sequence
; error: java.lang.ClassCastException: class java.lang.Long cannot be cast to class clojure.lang.IFn (java.lang.Long is in module java.base of loader 'bootstrap'; clojure.lang.IFn is in unnamed module of loader 'app') (all_your_base.clj:39)
; expected:
(empty? (all-your-base/convert 2 () 10))
; ERROR in all-your-base-test/test-first-base-is-negative (all_your_base.clj:79):
; Negative input base returns nil
; error: java.lang.ClassCastException: class java.lang.Long cannot be cast to class clojure.lang.IFn (java.lang.Long is in module java.base of loader 'bootstrap'; clojure.lang.IFn is in unnamed module of loader 'app') (all_your_base.clj:79)
; expected:
(nil? (all-your-base/convert -2 '(1) 10))
; ERROR in all-your-base-test/test-first-base-is-one (all_your_base.clj:63):
; Input base of 1 returns nil
; error: java.lang.ClassCastException: class java.lang.Long cannot be cast to class clojure.lang.IFn (java.lang.Long is in module java.base of loader 'bootstrap'; clojure.lang.IFn is in unnamed module of loader 'app') (all_your_base.clj:63)
; expected:
(nil? (all-your-base/convert 1 () 10))
; ERROR in all-your-base-test/test-first-base-is-zero (all_your_base.clj:71):
; Input base of 0 returns nil
; error: java.lang.ClassCastException: class java.lang.Long cannot be cast to class clojure.lang.IFn (java.lang.Long is in module java.base of loader 'bootstrap'; clojure.lang.IFn is in unnamed module of loader 'app') (all_your_base.clj:71)
; expected:
(nil? (all-your-base/convert 0 () 10))
; FAIL in all-your-base-test/test-hexadecimal-to-trinary (all_your_base_test.clj:31):
; Base 16 '2 10' converts to base 3 '1 1 2 0'
; expected:
(1 1 2 0)
; actual:
nil
; FAIL in all-your-base-test/test-leading-zeros (all_your_base_test.clj:51):
; Leading zeroes don't affect conversion
; expected:
(4 2)
; actual:
nil
; FAIL in all-your-base-test/test-multiple-zeroes (all_your_base_test.clj:47):
; 0 converts to 0, no matter the how many zeroes
; expected:
(0)
; actual:
nil
; FAIL in all-your-base-test/test-single-bit-to-one-decimal (all_your_base_test.clj:7):
; Base 2 '1' converts to base 10 '1'
; expected:
(1)
; actual:
nil
; FAIL in all-your-base-test/test-single-decimal-to-binary (all_your_base_test.clj:15):
; Base 10 '5' converts to base 2 '1 0 1'
; expected:
(1 0 1)
; actual:
nil
; FAIL in all-your-base-test/test-single-zero (all_your_base_test.clj:43):
; 0 converts to 0, no matter the base
; expected:
(0)
; actual:
nil
; FAIL in all-your-base-test/test-trinary-to-hexadecimal (all_your_base_test.clj:27):
; Base 3 '1 1 2 0' converts to base 16 '2 10'
; expected:
(2 10)
; actual:
nil
; 21 tests finished, problems found. ðŸ˜­ errors: 5, failures: 11, ns: 1, vars: 21
cljêž‰all-your-baseêž‰>Â 
#'all-your-base/convert
cljêž‰all-your-baseêž‰>Â 
; Evaluating file: all_your_base.clj
3
; Running tests for all-your-base...
; FAIL in all-your-base-test/test-15-bit-integer (all_your_base_test.clj:35):
; Base 97 '3 46 60' converts to base 73 '6 10 45'
; expected:
(6 10 45)
; actual:
nil
; FAIL in all-your-base-test/test-binary-to-multiple-decimal (all_your_base_test.clj:19):
; Base 2 '1 0 1 0 1 0' converts to base 10 '4 2'
; expected:
(4 2)
; actual:
nil
; FAIL in all-your-base-test/test-binary-to-single-decimal (all_your_base_test.clj:11):
; Base 2 '1 0 1' converts to base 10 '5'
; expected:
(5)
; actual:
nil
; ERROR in all-your-base-test/test-both-bases-are-negative (all_your_base.clj:87):
; When both bases are negative, nil is returned
; error: java.lang.ClassCastException: class java.lang.Long cannot be cast to class clojure.lang.IFn (java.lang.Long is in module java.base of loader 'bootstrap'; clojure.lang.IFn is in unnamed module of loader 'app') (all_your_base.clj:87)
; expected:
(nil? (all-your-base/convert -2 '(1) -7))
; FAIL in all-your-base-test/test-decimal-to-binary (all_your_base_test.clj:23):
; Base 10 '4 2' conves to base 2 '1 0 1 0 1 0'
; expected:
(1 0 1 0 1 0)
; actual:
nil
; ERROR in all-your-base-test/test-empty-list (all_your_base.clj:39):
; Empty input digits returns empty sequence
; error: java.lang.ClassCastException: class java.lang.Long cannot be cast to class clojure.lang.IFn (java.lang.Long is in module java.base of loader 'bootstrap'; clojure.lang.IFn is in unnamed module of loader 'app') (all_your_base.clj:39)
; expected:
(empty? (all-your-base/convert 2 () 10))
; ERROR in all-your-base-test/test-first-base-is-negative (all_your_base.clj:79):
; Negative input base returns nil
; error: java.lang.ClassCastException: class java.lang.Long cannot be cast to class clojure.lang.IFn (java.lang.Long is in module java.base of loader 'bootstrap'; clojure.lang.IFn is in unnamed module of loader 'app') (all_your_base.clj:79)
; expected:
(nil? (all-your-base/convert -2 '(1) 10))
; ERROR in all-your-base-test/test-first-base-is-one (all_your_base.clj:63):
; Input base of 1 returns nil
; error: java.lang.ClassCastException: class java.lang.Long cannot be cast to class clojure.lang.IFn (java.lang.Long is in module java.base of loader 'bootstrap'; clojure.lang.IFn is in unnamed module of loader 'app') (all_your_base.clj:63)
; expected:
(nil? (all-your-base/convert 1 () 10))
; ERROR in all-your-base-test/test-first-base-is-zero (all_your_base.clj:71):
; Input base of 0 returns nil
; error: java.lang.ClassCastException: class java.lang.Long cannot be cast to class clojure.lang.IFn (java.lang.Long is in module java.base of loader 'bootstrap'; clojure.lang.IFn is in unnamed module of loader 'app') (all_your_base.clj:71)
; expected:
(nil? (all-your-base/convert 0 () 10))
; FAIL in all-your-base-test/test-hexadecimal-to-trinary (all_your_base_test.clj:31):
; Base 16 '2 10' converts to base 3 '1 1 2 0'
; expected:
(1 1 2 0)
; actual:
nil
; FAIL in all-your-base-test/test-leading-zeros (all_your_base_test.clj:51):
; Leading zeroes don't affect conversion
; expected:
(4 2)
; actual:
nil
; FAIL in all-your-base-test/test-multiple-zeroes (all_your_base_test.clj:47):
; 0 converts to 0, no matter the how many zeroes
; expected:
(0)
; actual:
nil
; FAIL in all-your-base-test/test-single-bit-to-one-decimal (all_your_base_test.clj:7):
; Base 2 '1' converts to base 10 '1'
; expected:
(1)
; actual:
nil
; FAIL in all-your-base-test/test-single-decimal-to-binary (all_your_base_test.clj:15):
; Base 10 '5' converts to base 2 '1 0 1'
; expected:
(1 0 1)
; actual:
nil
; FAIL in all-your-base-test/test-single-zero (all_your_base_test.clj:43):
; 0 converts to 0, no matter the base
; expected:
(0)
; actual:
nil
; FAIL in all-your-base-test/test-trinary-to-hexadecimal (all_your_base_test.clj:27):
; Base 3 '1 1 2 0' converts to base 16 '2 10'
; expected:
(2 10)
; actual:
nil
; 21 tests finished, problems found. ðŸ˜­ errors: 5, failures: 11, ns: 1, vars: 21
cljêž‰all-your-baseêž‰>Â 
; Evaluating file: all_your_base.clj
3
; Running tests for all-your-base...
; FAIL in all-your-base-test/test-15-bit-integer (all_your_base_test.clj:35):
; Base 97 '3 46 60' converts to base 73 '6 10 45'
; expected:
(6 10 45)
; actual:
nil
; FAIL in all-your-base-test/test-binary-to-multiple-decimal (all_your_base_test.clj:19):
; Base 2 '1 0 1 0 1 0' converts to base 10 '4 2'
; expected:
(4 2)
; actual:
nil
; FAIL in all-your-base-test/test-binary-to-single-decimal (all_your_base_test.clj:11):
; Base 2 '1 0 1' converts to base 10 '5'
; expected:
(5)
; actual:
nil
; FAIL in all-your-base-test/test-decimal-to-binary (all_your_base_test.clj:23):
; Base 10 '4 2' conves to base 2 '1 0 1 0 1 0'
; expected:
(1 0 1 0 1 0)
; actual:
nil
; FAIL in all-your-base-test/test-first-base-is-negative (all_your_base_test.clj:79):
; Negative input base returns nil
; expected:
(nil? (all-your-base/convert -2 '(1) 10))
; actual:
(not (nil? (1)))
; FAIL in all-your-base-test/test-first-base-is-zero (all_your_base_test.clj:71):
; Input base of 0 returns nil
; expected:
(nil? (all-your-base/convert 0 () 10))
; actual:
(not (nil? ()))
; FAIL in all-your-base-test/test-hexadecimal-to-trinary (all_your_base_test.clj:31):
; Base 16 '2 10' converts to base 3 '1 1 2 0'
; expected:
(1 1 2 0)
; actual:
nil
; FAIL in all-your-base-test/test-leading-zeros (all_your_base_test.clj:51):
; Leading zeroes don't affect conversion
; expected:
(4 2)
; actual:
nil
; FAIL in all-your-base-test/test-multiple-zeroes (all_your_base_test.clj:47):
; 0 converts to 0, no matter the how many zeroes
; expected:
(0)
; actual:
nil
; FAIL in all-your-base-test/test-single-bit-to-one-decimal (all_your_base_test.clj:7):
; Base 2 '1' converts to base 10 '1'
; expected:
(1)
; actual:
nil
; FAIL in all-your-base-test/test-single-decimal-to-binary (all_your_base_test.clj:15):
; Base 10 '5' converts to base 2 '1 0 1'
; expected:
(1 0 1)
; actual:
nil
; FAIL in all-your-base-test/test-single-zero (all_your_base_test.clj:43):
; 0 converts to 0, no matter the base
; expected:
(0)
; actual:
nil
; FAIL in all-your-base-test/test-trinary-to-hexadecimal (all_your_base_test.clj:27):
; Base 3 '1 1 2 0' converts to base 16 '2 10'
; expected:
(2 10)
; actual:
nil
; 21 tests finished, problems found. ðŸ˜­ errors: 0, failures: 13, ns: 1, vars: 21
cljêž‰all-your-baseêž‰>Â 
; Evaluating file: all_your_base.clj
3
; Running tests for all-your-base...
; FAIL in all-your-base-test/test-15-bit-integer (all_your_base_test.clj:35):
; Base 97 '3 46 60' converts to base 73 '6 10 45'
; expected:
(6 10 45)
; actual:
nil
; FAIL in all-your-base-test/test-binary-to-multiple-decimal (all_your_base_test.clj:19):
; Base 2 '1 0 1 0 1 0' converts to base 10 '4 2'
; expected:
(4 2)
; actual:
nil
; FAIL in all-your-base-test/test-binary-to-single-decimal (all_your_base_test.clj:11):
; Base 2 '1 0 1' converts to base 10 '5'
; expected:
(5)
; actual:
nil
; FAIL in all-your-base-test/test-decimal-to-binary (all_your_base_test.clj:23):
; Base 10 '4 2' conves to base 2 '1 0 1 0 1 0'
; expected:
(1 0 1 0 1 0)
; actual:
nil
; FAIL in all-your-base-test/test-hexadecimal-to-trinary (all_your_base_test.clj:31):
; Base 16 '2 10' converts to base 3 '1 1 2 0'
; expected:
(1 1 2 0)
; actual:
nil
; FAIL in all-your-base-test/test-leading-zeros (all_your_base_test.clj:51):
; Leading zeroes don't affect conversion
; expected:
(4 2)
; actual:
nil
; FAIL in all-your-base-test/test-multiple-zeroes (all_your_base_test.clj:47):
; 0 converts to 0, no matter the how many zeroes
; expected:
(0)
; actual:
nil
; FAIL in all-your-base-test/test-single-bit-to-one-decimal (all_your_base_test.clj:7):
; Base 2 '1' converts to base 10 '1'
; expected:
(1)
; actual:
nil
; FAIL in all-your-base-test/test-single-decimal-to-binary (all_your_base_test.clj:15):
; Base 10 '5' converts to base 2 '1 0 1'
; expected:
(1 0 1)
; actual:
nil
; FAIL in all-your-base-test/test-single-zero (all_your_base_test.clj:43):
; 0 converts to 0, no matter the base
; expected:
(0)
; actual:
nil
; FAIL in all-your-base-test/test-trinary-to-hexadecimal (all_your_base_test.clj:27):
; Base 3 '1 1 2 0' converts to base 16 '2 10'
; expected:
(2 10)
; actual:
nil
; 21 tests finished, problems found. ðŸ˜­ errors: 0, failures: 11, ns: 1, vars: 21
cljêž‰all-your-baseêž‰>Â 
; Evaluating file: all_your_base.clj
3
; Running tests for all-your-base...
; FAIL in all-your-base-test/test-15-bit-integer (all_your_base_test.clj:35):
; Base 97 '3 46 60' converts to base 73 '6 10 45'
; expected:
(6 10 45)
; actual:
nil
; FAIL in all-your-base-test/test-binary-to-multiple-decimal (all_your_base_test.clj:19):
; Base 2 '1 0 1 0 1 0' converts to base 10 '4 2'
; expected:
(4 2)
; actual:
nil
; FAIL in all-your-base-test/test-binary-to-single-decimal (all_your_base_test.clj:11):
; Base 2 '1 0 1' converts to base 10 '5'
; expected:
(5)
; actual:
nil
; FAIL in all-your-base-test/test-decimal-to-binary (all_your_base_test.clj:23):
; Base 10 '4 2' conves to base 2 '1 0 1 0 1 0'
; expected:
(1 0 1 0 1 0)
; actual:
nil
; FAIL in all-your-base-test/test-first-base-is-negative (all_your_base_test.clj:79):
; Negative input base returns nil
; expected:
(nil? (all-your-base/convert -2 '(1) 10))
; actual:
(not (nil? (1)))
; FAIL in all-your-base-test/test-first-base-is-zero (all_your_base_test.clj:71):
; Input base of 0 returns nil
; expected:
(nil? (all-your-base/convert 0 () 10))
; actual:
(not (nil? ()))
; FAIL in all-your-base-test/test-hexadecimal-to-trinary (all_your_base_test.clj:31):
; Base 16 '2 10' converts to base 3 '1 1 2 0'
; expected:
(1 1 2 0)
; actual:
nil
; FAIL in all-your-base-test/test-leading-zeros (all_your_base_test.clj:51):
; Leading zeroes don't affect conversion
; expected:
(4 2)
; actual:
nil
; FAIL in all-your-base-test/test-multiple-zeroes (all_your_base_test.clj:47):
; 0 converts to 0, no matter the how many zeroes
; expected:
(0)
; actual:
nil
; FAIL in all-your-base-test/test-single-bit-to-one-decimal (all_your_base_test.clj:7):
; Base 2 '1' converts to base 10 '1'
; expected:
(1)
; actual:
nil
; FAIL in all-your-base-test/test-single-decimal-to-binary (all_your_base_test.clj:15):
; Base 10 '5' converts to base 2 '1 0 1'
; expected:
(1 0 1)
; actual:
nil
; FAIL in all-your-base-test/test-single-zero (all_your_base_test.clj:43):
; 0 converts to 0, no matter the base
; expected:
(0)
; actual:
nil
; FAIL in all-your-base-test/test-trinary-to-hexadecimal (all_your_base_test.clj:27):
; Base 3 '1 1 2 0' converts to base 16 '2 10'
; expected:
(2 10)
; actual:
nil
; 21 tests finished, problems found. ðŸ˜­ errors: 0, failures: 13, ns: 1, vars: 21
cljêž‰all-your-baseêž‰>Â 
; Evaluating file: all_your_base.clj
3
; Running tests for all-your-base...
; FAIL in all-your-base-test/test-15-bit-integer (all_your_base_test.clj:35):
; Base 97 '3 46 60' converts to base 73 '6 10 45'
; expected:
(6 10 45)
; actual:
nil
; FAIL in all-your-base-test/test-binary-to-multiple-decimal (all_your_base_test.clj:19):
; Base 2 '1 0 1 0 1 0' converts to base 10 '4 2'
; expected:
(4 2)
; actual:
nil
; FAIL in all-your-base-test/test-binary-to-single-decimal (all_your_base_test.clj:11):
; Base 2 '1 0 1' converts to base 10 '5'
; expected:
(5)
; actual:
nil
; FAIL in all-your-base-test/test-decimal-to-binary (all_your_base_test.clj:23):
; Base 10 '4 2' conves to base 2 '1 0 1 0 1 0'
; expected:
(1 0 1 0 1 0)
; actual:
nil
; FAIL in all-your-base-test/test-first-base-is-one (all_your_base_test.clj:63):
; Input base of 1 returns nil
; expected:
(nil? (all-your-base/convert 1 () 10))
; actual:
(not (nil? ()))
; FAIL in all-your-base-test/test-hexadecimal-to-trinary (all_your_base_test.clj:31):
; Base 16 '2 10' converts to base 3 '1 1 2 0'
; expected:
(1 1 2 0)
; actual:
nil
; FAIL in all-your-base-test/test-leading-zeros (all_your_base_test.clj:51):
; Leading zeroes don't affect conversion
; expected:
(4 2)
; actual:
nil
; FAIL in all-your-base-test/test-multiple-zeroes (all_your_base_test.clj:47):
; 0 converts to 0, no matter the how many zeroes
; expected:
(0)
; actual:
nil
; FAIL in all-your-base-test/test-single-bit-to-one-decimal (all_your_base_test.clj:7):
; Base 2 '1' converts to base 10 '1'
; expected:
(1)
; actual:
nil
; FAIL in all-your-base-test/test-single-decimal-to-binary (all_your_base_test.clj:15):
; Base 10 '5' converts to base 2 '1 0 1'
; expected:
(1 0 1)
; actual:
nil
; FAIL in all-your-base-test/test-single-zero (all_your_base_test.clj:43):
; 0 converts to 0, no matter the base
; expected:
(0)
; actual:
nil
; FAIL in all-your-base-test/test-trinary-to-hexadecimal (all_your_base_test.clj:27):
; Base 3 '1 1 2 0' converts to base 16 '2 10'
; expected:
(2 10)
; actual:
nil
; 21 tests finished, problems found. ðŸ˜­ errors: 0, failures: 12, ns: 1, vars: 21
cljêž‰all-your-baseêž‰>Â 
; Evaluating file: all_your_base.clj
; Syntax error macroexpanding clojure.core/cond at (all_your_base.clj:14:3).
; cond requires an even number of forms
; Evaluation of file all_your_base.clj failed: class clojure.lang.Compiler$CompilerException
; Evaluating file: all_your_base.clj
; Syntax error macroexpanding clojure.core/cond at (all_your_base.clj:14:3).
; cond requires an even number of forms
; Evaluation of file all_your_base.clj failed: class clojure.lang.Compiler$CompilerException
; Evaluating file: all_your_base.clj
3
; Running tests for all-your-base...
; FAIL in all-your-base-test/test-15-bit-integer (all_your_base_test.clj:35):
; Base 97 '3 46 60' converts to base 73 '6 10 45'
; expected:
(6 10 45)
; actual:
nil
; FAIL in all-your-base-test/test-binary-to-multiple-decimal (all_your_base_test.clj:19):
; Base 2 '1 0 1 0 1 0' converts to base 10 '4 2'
; expected:
(4 2)
; actual:
nil
; FAIL in all-your-base-test/test-binary-to-single-decimal (all_your_base_test.clj:11):
; Base 2 '1 0 1' converts to base 10 '5'
; expected:
(5)
; actual:
nil
; FAIL in all-your-base-test/test-decimal-to-binary (all_your_base_test.clj:23):
; Base 10 '4 2' conves to base 2 '1 0 1 0 1 0'
; expected:
(1 0 1 0 1 0)
; actual:
nil
; FAIL in all-your-base-test/test-hexadecimal-to-trinary (all_your_base_test.clj:31):
; Base 16 '2 10' converts to base 3 '1 1 2 0'
; expected:
(1 1 2 0)
; actual:
nil
; FAIL in all-your-base-test/test-leading-zeros (all_your_base_test.clj:51):
; Leading zeroes don't affect conversion
; expected:
(4 2)
; actual:
nil
; FAIL in all-your-base-test/test-multiple-zeroes (all_your_base_test.clj:47):
; 0 converts to 0, no matter the how many zeroes
; expected:
(0)
; actual:
nil
; FAIL in all-your-base-test/test-single-bit-to-one-decimal (all_your_base_test.clj:7):
; Base 2 '1' converts to base 10 '1'
; expected:
(1)
; actual:
nil
; FAIL in all-your-base-test/test-single-decimal-to-binary (all_your_base_test.clj:15):
; Base 10 '5' converts to base 2 '1 0 1'
; expected:
(1 0 1)
; actual:
nil
; FAIL in all-your-base-test/test-single-zero (all_your_base_test.clj:43):
; 0 converts to 0, no matter the base
; expected:
(0)
; actual:
nil
; FAIL in all-your-base-test/test-trinary-to-hexadecimal (all_your_base_test.clj:27):
; Base 3 '1 1 2 0' converts to base 16 '2 10'
; expected:
(2 10)
; actual:
nil
; 21 tests finished, problems found. ðŸ˜­ errors: 0, failures: 11, ns: 1, vars: 21
cljêž‰all-your-baseêž‰>Â 
; Evaluating file: all_your_base.clj
3
; Running tests for all-your-base...
; FAIL in all-your-base-test/test-invalid-positive-digit (all_your_base_test.clj:59):
; Invalid digits return nil
; expected:
(nil? (all-your-base/convert 2 '(1 2 1 0 1 0) 10))
; actual:
(not (nil? (7 4)))
; FAIL in all-your-base-test/test-multiple-zeroes (all_your_base_test.clj:47):
; 0 converts to 0, no matter the how many zeroes
; expected:
(0)
; actual:
()
; ERROR in all-your-base-test/test-second-base-is-one (RT.java):
; Output base of 1 returns nil
; error: java.lang.StackOverflowError (RT.java)
; expected:
(nil? (all-your-base/convert 2 '(1 0 1 0 1 0) 1))
; FAIL in all-your-base-test/test-single-zero (all_your_base_test.clj:43):
; 0 converts to 0, no matter the base
; expected:
(0)
; actual:
()
; 21 tests finished, problems found. ðŸ˜­ errors: 1, failures: 3, ns: 1, vars: 21
cljêž‰all-your-baseêž‰>Â 
; Evaluating file: all_your_base.clj
3
; Running tests for all-your-base...
; FAIL in all-your-base-test/test-15-bit-integer (all_your_base_test.clj:35):
; Base 97 '3 46 60' converts to base 73 '6 10 45'
; expected:
(6 10 45)
; actual:
nil
; FAIL in all-your-base-test/test-binary-to-multiple-decimal (all_your_base_test.clj:19):
; Base 2 '1 0 1 0 1 0' converts to base 10 '4 2'
; expected:
(4 2)
; actual:
nil
; FAIL in all-your-base-test/test-binary-to-single-decimal (all_your_base_test.clj:11):
; Base 2 '1 0 1' converts to base 10 '5'
; expected:
(5)
; actual:
nil
; FAIL in all-your-base-test/test-decimal-to-binary (all_your_base_test.clj:23):
; Base 10 '4 2' conves to base 2 '1 0 1 0 1 0'
; expected:
(1 0 1 0 1 0)
; actual:
nil
; FAIL in all-your-base-test/test-hexadecimal-to-trinary (all_your_base_test.clj:31):
; Base 16 '2 10' converts to base 3 '1 1 2 0'
; expected:
(1 1 2 0)
; actual:
nil
; FAIL in all-your-base-test/test-leading-zeros (all_your_base_test.clj:51):
; Leading zeroes don't affect conversion
; expected:
(4 2)
; actual:
nil
; FAIL in all-your-base-test/test-multiple-zeroes (all_your_base_test.clj:47):
; 0 converts to 0, no matter the how many zeroes
; expected:
(0)
; actual:
nil
; FAIL in all-your-base-test/test-single-bit-to-one-decimal (all_your_base_test.clj:7):
; Base 2 '1' converts to base 10 '1'
; expected:
(1)
; actual:
nil
; FAIL in all-your-base-test/test-single-decimal-to-binary (all_your_base_test.clj:15):
; Base 10 '5' converts to base 2 '1 0 1'
; expected:
(1 0 1)
; actual:
nil
; FAIL in all-your-base-test/test-single-zero (all_your_base_test.clj:43):
; 0 converts to 0, no matter the base
; expected:
(0)
; actual:
nil
; FAIL in all-your-base-test/test-trinary-to-hexadecimal (all_your_base_test.clj:27):
; Base 3 '1 1 2 0' converts to base 16 '2 10'
; expected:
(2 10)
; actual:
nil
; 21 tests finished, problems found. ðŸ˜­ errors: 0, failures: 11, ns: 1, vars: 21
cljêž‰all-your-baseêž‰>Â 
; Evaluating file: all_your_base.clj
3
; Running tests for all-your-base...
; FAIL in all-your-base-test/test-invalid-positive-digit (all_your_base_test.clj:59):
; Invalid digits return nil
; expected:
(nil? (all-your-base/convert 2 '(1 2 1 0 1 0) 10))
; actual:
(not (nil? (7 4)))
; FAIL in all-your-base-test/test-multiple-zeroes (all_your_base_test.clj:47):
; 0 converts to 0, no matter the how many zeroes
; expected:
(0)
; actual:
()
; ERROR in all-your-base-test/test-second-base-is-one (RT.java):
; Output base of 1 returns nil
; error: java.lang.StackOverflowError (RT.java)
; expected:
(nil? (all-your-base/convert 2 '(1 0 1 0 1 0) 1))
; FAIL in all-your-base-test/test-single-zero (all_your_base_test.clj:43):
; 0 converts to 0, no matter the base
; expected:
(0)
; actual:
()
; 21 tests finished, problems found. ðŸ˜­ errors: 1, failures: 3, ns: 1, vars: 21
cljêž‰all-your-baseêž‰>Â 
; Evaluating file: all_your_base.clj
3
; Running tests for all-your-base...
; FAIL in all-your-base-test/test-invalid-positive-digit (all_your_base_test.clj:59):
; Invalid digits return nil
; expected:
(nil? (all-your-base/convert 2 '(1 2 1 0 1 0) 10))
; actual:
(not (nil? (7 4)))
; FAIL in all-your-base-test/test-multiple-zeroes (all_your_base_test.clj:47):
; 0 converts to 0, no matter the how many zeroes
; expected:
(0)
; actual:
()
; ERROR in all-your-base-test/test-second-base-is-one (Util.java):
; Output base of 1 returns nil
; error: java.lang.StackOverflowError (Util.java)
; expected:
(nil? (all-your-base/convert 2 '(1 0 1 0 1 0) 1))
; FAIL in all-your-base-test/test-single-zero (all_your_base_test.clj:43):
; 0 converts to 0, no matter the base
; expected:
(0)
; actual:
()
; 21 tests finished, problems found. ðŸ˜­ errors: 1, failures: 3, ns: 1, vars: 21
cljêž‰all-your-baseêž‰>Â 
(1 0 0)
cljêž‰all-your-baseêž‰>Â 
; Evaluating file: all_your_base.clj
3
; Running tests for all-your-base...
; FAIL in all-your-base-test/test-15-bit-integer (all_your_base_test.clj:35):
; Base 97 '3 46 60' converts to base 73 '6 10 45'
; expected:
(6 10 45)
; actual:
nil
; FAIL in all-your-base-test/test-binary-to-multiple-decimal (all_your_base_test.clj:19):
; Base 2 '1 0 1 0 1 0' converts to base 10 '4 2'
; expected:
(4 2)
; actual:
nil
; FAIL in all-your-base-test/test-binary-to-single-decimal (all_your_base_test.clj:11):
; Base 2 '1 0 1' converts to base 10 '5'
; expected:
(5)
; actual:
nil
; FAIL in all-your-base-test/test-decimal-to-binary (all_your_base_test.clj:23):
; Base 10 '4 2' conves to base 2 '1 0 1 0 1 0'
; expected:
(1 0 1 0 1 0)
; actual:
nil
; FAIL in all-your-base-test/test-hexadecimal-to-trinary (all_your_base_test.clj:31):
; Base 16 '2 10' converts to base 3 '1 1 2 0'
; expected:
(1 1 2 0)
; actual:
nil
; FAIL in all-your-base-test/test-leading-zeros (all_your_base_test.clj:51):
; Leading zeroes don't affect conversion
; expected:
(4 2)
; actual:
nil
; FAIL in all-your-base-test/test-multiple-zeroes (all_your_base_test.clj:47):
; 0 converts to 0, no matter the how many zeroes
; expected:
(0)
; actual:
nil
; FAIL in all-your-base-test/test-single-bit-to-one-decimal (all_your_base_test.clj:7):
; Base 2 '1' converts to base 10 '1'
; expected:
(1)
; actual:
nil
; FAIL in all-your-base-test/test-single-decimal-to-binary (all_your_base_test.clj:15):
; Base 10 '5' converts to base 2 '1 0 1'
; expected:
(1 0 1)
; actual:
nil
; FAIL in all-your-base-test/test-single-zero (all_your_base_test.clj:43):
; 0 converts to 0, no matter the base
; expected:
(0)
; actual:
nil
; FAIL in all-your-base-test/test-trinary-to-hexadecimal (all_your_base_test.clj:27):
; Base 3 '1 1 2 0' converts to base 16 '2 10'
; expected:
(2 10)
; actual:
nil
; 21 tests finished, problems found. ðŸ˜­ errors: 0, failures: 11, ns: 1, vars: 21
cljêž‰all-your-baseêž‰>Â 
; Evaluating file: all_your_base.clj
3
; Running tests for all-your-base...
; FAIL in all-your-base-test/test-15-bit-integer (all_your_base_test.clj:35):
; Base 97 '3 46 60' converts to base 73 '6 10 45'
; expected:
(6 10 45)
; actual:
nil
; FAIL in all-your-base-test/test-binary-to-multiple-decimal (all_your_base_test.clj:19):
; Base 2 '1 0 1 0 1 0' converts to base 10 '4 2'
; expected:
(4 2)
; actual:
nil
; FAIL in all-your-base-test/test-binary-to-single-decimal (all_your_base_test.clj:11):
; Base 2 '1 0 1' converts to base 10 '5'
; expected:
(5)
; actual:
nil
; FAIL in all-your-base-test/test-decimal-to-binary (all_your_base_test.clj:23):
; Base 10 '4 2' conves to base 2 '1 0 1 0 1 0'
; expected:
(1 0 1 0 1 0)
; actual:
nil
; FAIL in all-your-base-test/test-hexadecimal-to-trinary (all_your_base_test.clj:31):
; Base 16 '2 10' converts to base 3 '1 1 2 0'
; expected:
(1 1 2 0)
; actual:
nil
; FAIL in all-your-base-test/test-leading-zeros (all_your_base_test.clj:51):
; Leading zeroes don't affect conversion
; expected:
(4 2)
; actual:
nil
; FAIL in all-your-base-test/test-multiple-zeroes (all_your_base_test.clj:47):
; 0 converts to 0, no matter the how many zeroes
; expected:
(0)
; actual:
nil
; FAIL in all-your-base-test/test-single-bit-to-one-decimal (all_your_base_test.clj:7):
; Base 2 '1' converts to base 10 '1'
; expected:
(1)
; actual:
nil
; FAIL in all-your-base-test/test-single-decimal-to-binary (all_your_base_test.clj:15):
; Base 10 '5' converts to base 2 '1 0 1'
; expected:
(1 0 1)
; actual:
nil
; FAIL in all-your-base-test/test-single-zero (all_your_base_test.clj:43):
; 0 converts to 0, no matter the base
; expected:
(0)
; actual:
nil
; FAIL in all-your-base-test/test-trinary-to-hexadecimal (all_your_base_test.clj:27):
; Base 3 '1 1 2 0' converts to base 16 '2 10'
; expected:
(2 10)
; actual:
nil
; 21 tests finished, problems found. ðŸ˜­ errors: 0, failures: 11, ns: 1, vars: 21
cljêž‰all-your-baseêž‰>Â 
; Evaluating file: all_your_base.clj
3
; Running tests for all-your-base...
; FAIL in all-your-base-test/test-multiple-zeroes (all_your_base_test.clj:47):
; 0 converts to 0, no matter the how many zeroes
; expected:
(0)
; actual:
()
; ERROR in all-your-base-test/test-second-base-is-one (Numbers.java):
; Output base of 1 returns nil
; error: java.lang.StackOverflowError (Numbers.java)
; expected:
(nil? (all-your-base/convert 2 '(1 0 1 0 1 0) 1))
; FAIL in all-your-base-test/test-single-zero (all_your_base_test.clj:43):
; 0 converts to 0, no matter the base
; expected:
(0)
; actual:
()
; 21 tests finished, problems found. ðŸ˜­ errors: 1, failures: 2, ns: 1, vars: 21
cljêž‰all-your-baseêž‰>Â 
nil
cljêž‰all-your-baseêž‰>Â 
; Evaluating file: all_your_base.clj
3
; Running tests for all-your-base...
; FAIL in all-your-base-test/test-multiple-zeroes (all_your_base_test.clj:47):
; 0 converts to 0, no matter the how many zeroes
; expected:
(0)
; actual:
()
; ERROR in all-your-base-test/test-second-base-is-one (RT.java):
; Output base of 1 returns nil
; error: java.lang.StackOverflowError (RT.java)
; expected:
(nil? (all-your-base/convert 2 '(1 0 1 0 1 0) 1))
; FAIL in all-your-base-test/test-single-zero (all_your_base_test.clj:43):
; 0 converts to 0, no matter the base
; expected:
(0)
; actual:
()
; 21 tests finished, problems found. ðŸ˜­ errors: 1, failures: 2, ns: 1, vars: 21
cljêž‰all-your-baseêž‰>Â 
; Evaluating file: all_your_base.clj
3
; Running tests for all-your-base...
; FAIL in all-your-base-test/test-multiple-zeroes (all_your_base_test.clj:47):
; 0 converts to 0, no matter the how many zeroes
; expected:
(0)
; actual:
()
; ERROR in all-your-base-test/test-second-base-is-one (Numbers.java):
; Output base of 1 returns nil
; error: java.lang.StackOverflowError (Numbers.java)
; expected:
(nil? (all-your-base/convert 2 '(1 0 1 0 1 0) 1))
; FAIL in all-your-base-test/test-single-zero (all_your_base_test.clj:43):
; 0 converts to 0, no matter the base
; expected:
(0)
; actual:
()
; 21 tests finished, problems found. ðŸ˜­ errors: 1, failures: 2, ns: 1, vars: 21
cljêž‰all-your-baseêž‰>Â 
; Evaluating file: all_your_base.clj
; Syntax error macroexpanding clojure.core/cond at (all_your_base.clj:14:3).
; cond requires an even number of forms
; Evaluation of file all_your_base.clj failed: class clojure.lang.Compiler$CompilerException
; Evaluating file: all_your_base.clj
3
; Running tests for all-your-base...
; FAIL in all-your-base-test/test-multiple-zeroes (all_your_base_test.clj:47):
; 0 converts to 0, no matter the how many zeroes
; expected:
(0)
; actual:
()
; FAIL in all-your-base-test/test-single-zero (all_your_base_test.clj:43):
; 0 converts to 0, no matter the base
; expected:
(0)
; actual:
()
; 21 tests finished, problems found. ðŸ˜­ errors: 0, failures: 2, ns: 1, vars: 21
cljêž‰all-your-baseêž‰>Â 
; Evaluating file: all_your_base.clj
3
; Running tests for all-your-base...
; FAIL in all-your-base-test/test-multiple-zeroes (all_your_base_test.clj:47):
; 0 converts to 0, no matter the how many zeroes
; expected:
(0)
; actual:
()
; FAIL in all-your-base-test/test-single-zero (all_your_base_test.clj:43):
; 0 converts to 0, no matter the base
; expected:
(0)
; actual:
()
; 21 tests finished, problems found. ðŸ˜­ errors: 0, failures: 2, ns: 1, vars: 21
cljêž‰all-your-baseêž‰>Â 
; Evaluating file: all_your_base.clj
3
; Running tests for all-your-base...
; FAIL in all-your-base-test/test-multiple-zeroes (all_your_base_test.clj:47):
; 0 converts to 0, no matter the how many zeroes
; expected:
(0)
; actual:
()
; FAIL in all-your-base-test/test-single-zero (all_your_base_test.clj:43):
; 0 converts to 0, no matter the base
; expected:
(0)
; actual:
()
; 21 tests finished, problems found. ðŸ˜­ errors: 0, failures: 2, ns: 1, vars: 21
cljêž‰all-your-baseêž‰>Â 
; Evaluating file: all_your_base.clj
; Syntax error (ArityException) compiling at (all_your_base.clj:22:17).
; Wrong number of args (3) passed to: clojure.core/for
; Evaluation of file all_your_base.clj failed: class clojure.lang.Compiler$CompilerException
; Evaluating file: all_your_base.clj
; Syntax error (ArityException) compiling at (all_your_base.clj:22:17).
; Wrong number of args (3) passed to: clojure.core/for
; Evaluation of file all_your_base.clj failed: class clojure.lang.Compiler$CompilerException
; Evaluating file: all_your_base.clj
3
; Running tests for all-your-base...
; ERROR in all-your-base-test/test-15-bit-integer (RT.java:35):
; Base 97 '3 46 60' converts to base 73 '6 10 45'
; error: java.lang.IllegalArgumentException: Don't know how to create ISeq from: java.lang.Long (RT.java:35)
; expected:
(= '(6 10 45) (all-your-base/convert 97 '(3 46 60) 73))
; ERROR in all-your-base-test/test-binary-to-multiple-decimal (RT.java:19):
; Base 2 '1 0 1 0 1 0' converts to base 10 '4 2'
; error: java.lang.IllegalArgumentException: Don't know how to create ISeq from: java.lang.Long (RT.java:19)
; expected:
(= '(4 2) (all-your-base/convert 2 '(1 0 1 0 1 0) 10))
; ERROR in all-your-base-test/test-binary-to-single-decimal (RT.java:11):
; Base 2 '1 0 1' converts to base 10 '5'
; error: java.lang.IllegalArgumentException: Don't know how to create ISeq from: java.lang.Long (RT.java:11)
; expected:
(= '(5) (all-your-base/convert 2 '(1 0 1) 10))
; ERROR in all-your-base-test/test-decimal-to-binary (RT.java:23):
; Base 10 '4 2' conves to base 2 '1 0 1 0 1 0'
; error: java.lang.IllegalArgumentException: Don't know how to create ISeq from: java.lang.Long (RT.java:23)
; expected:
(= '(1 0 1 0 1 0) (all-your-base/convert 10 '(4 2) 2))
; ERROR in all-your-base-test/test-hexadecimal-to-trinary (RT.java:31):
; Base 16 '2 10' converts to base 3 '1 1 2 0'
; error: java.lang.IllegalArgumentException: Don't know how to create ISeq from: java.lang.Long (RT.java:31)
; expected:
(= '(1 1 2 0) (all-your-base/convert 16 '(2 10) 3))
; ERROR in all-your-base-test/test-leading-zeros (RT.java:51):
; Leading zeroes don't affect conversion
; error: java.lang.IllegalArgumentException: Don't know how to create ISeq from: java.lang.Long (RT.java:51)
; expected:
(= '(4 2) (all-your-base/convert 7 '(0 6 0) 10))
; ERROR in all-your-base-test/test-multiple-zeroes (RT.java:47):
; 0 converts to 0, no matter the how many zeroes
; error: java.lang.IllegalArgumentException: Don't know how to create ISeq from: java.lang.Long (RT.java:47)
; expected:
(= '(0) (all-your-base/convert 10 '(0 0 0) 2))
; ERROR in all-your-base-test/test-single-bit-to-one-decimal (RT.java:7):
; Base 2 '1' converts to base 10 '1'
; error: java.lang.IllegalArgumentException: Don't know how to create ISeq from: java.lang.Long (RT.java:7)
; expected:
(= '(1) (all-your-base/convert 2 '(1) 10))
; ERROR in all-your-base-test/test-single-decimal-to-binary (RT.java:15):
; Base 10 '5' converts to base 2 '1 0 1'
; error: java.lang.IllegalArgumentException: Don't know how to create ISeq from: java.lang.Long (RT.java:15)
; expected:
(= '(1 0 1) (all-your-base/convert 10 '(5) 2))
; ERROR in all-your-base-test/test-single-zero (RT.java:43):
; 0 converts to 0, no matter the base
; error: java.lang.IllegalArgumentException: Don't know how to create ISeq from: java.lang.Long (RT.java:43)
; expected:
(= '(0) (all-your-base/convert 10 '(0) 2))
; ERROR in all-your-base-test/test-trinary-to-hexadecimal (RT.java:27):
; Base 3 '1 1 2 0' converts to base 16 '2 10'
; error: java.lang.IllegalArgumentException: Don't know how to create ISeq from: java.lang.Long (RT.java:27)
; expected:
(= '(2 10) (all-your-base/convert 3 '(1 1 2 0) 16))
; 21 tests finished, problems found. ðŸ˜­ errors: 11, failures: 0, ns: 1, vars: 21
cljêž‰all-your-baseêž‰>Â 
; Evaluating file: all_your_base.clj
3
; Running tests for all-your-base...
; ERROR in all-your-base-test/test-15-bit-integer (RT.java:35):
; Base 97 '3 46 60' converts to base 73 '6 10 45'
; error: java.lang.IllegalArgumentException: Don't know how to create ISeq from: java.lang.Long (RT.java:35)
; expected:
(= '(6 10 45) (all-your-base/convert 97 '(3 46 60) 73))
; ERROR in all-your-base-test/test-binary-to-multiple-decimal (RT.java:19):
; Base 2 '1 0 1 0 1 0' converts to base 10 '4 2'
; error: java.lang.IllegalArgumentException: Don't know how to create ISeq from: java.lang.Long (RT.java:19)
; expected:
(= '(4 2) (all-your-base/convert 2 '(1 0 1 0 1 0) 10))
; ERROR in all-your-base-test/test-binary-to-single-decimal (RT.java:11):
; Base 2 '1 0 1' converts to base 10 '5'
; error: java.lang.IllegalArgumentException: Don't know how to create ISeq from: java.lang.Long (RT.java:11)
; expected:
(= '(5) (all-your-base/convert 2 '(1 0 1) 10))
; ERROR in all-your-base-test/test-decimal-to-binary (RT.java:23):
; Base 10 '4 2' conves to base 2 '1 0 1 0 1 0'
; error: java.lang.IllegalArgumentException: Don't know how to create ISeq from: java.lang.Long (RT.java:23)
; expected:
(= '(1 0 1 0 1 0) (all-your-base/convert 10 '(4 2) 2))
; ERROR in all-your-base-test/test-empty-list (Numbers.java:39):
; Empty input digits returns empty sequence
; error: java.lang.ClassCastException: class clojure.lang.LazySeq cannot be cast to class java.lang.Number (clojure.lang.LazySeq is in unnamed module of loader 'app'; java.lang.Number is in module java.base of loader 'bootstrap') (Numbers.java:39)
; expected:
(empty? (all-your-base/convert 2 () 10))
; ERROR in all-your-base-test/test-hexadecimal-to-trinary (RT.java:31):
; Base 16 '2 10' converts to base 3 '1 1 2 0'
; error: java.lang.IllegalArgumentException: Don't know how to create ISeq from: java.lang.Long (RT.java:31)
; expected:
(= '(1 1 2 0) (all-your-base/convert 16 '(2 10) 3))
; ERROR in all-your-base-test/test-leading-zeros (RT.java:51):
; Leading zeroes don't affect conversion
; error: java.lang.IllegalArgumentException: Don't know how to create ISeq from: java.lang.Long (RT.java:51)
; expected:
(= '(4 2) (all-your-base/convert 7 '(0 6 0) 10))
; ERROR in all-your-base-test/test-multiple-zeroes (RT.java:47):
; 0 converts to 0, no matter the how many zeroes
; error: java.lang.IllegalArgumentException: Don't know how to create ISeq from: java.lang.Long (RT.java:47)
; expected:
(= '(0) (all-your-base/convert 10 '(0 0 0) 2))
; ERROR in all-your-base-test/test-single-bit-to-one-decimal (RT.java:7):
; Base 2 '1' converts to base 10 '1'
; error: java.lang.IllegalArgumentException: Don't know how to create ISeq from: java.lang.Long (RT.java:7)
; expected:
(= '(1) (all-your-base/convert 2 '(1) 10))
; ERROR in all-your-base-test/test-single-decimal-to-binary (RT.java:15):
; Base 10 '5' converts to base 2 '1 0 1'
; error: java.lang.IllegalArgumentException: Don't know how to create ISeq from: java.lang.Long (RT.java:15)
; expected:
(= '(1 0 1) (all-your-base/convert 10 '(5) 2))
; ERROR in all-your-base-test/test-single-zero (RT.java:43):
; 0 converts to 0, no matter the base
; error: java.lang.IllegalArgumentException: Don't know how to create ISeq from: java.lang.Long (RT.java:43)
; expected:
(= '(0) (all-your-base/convert 10 '(0) 2))
; ERROR in all-your-base-test/test-trinary-to-hexadecimal (RT.java:27):
; Base 3 '1 1 2 0' converts to base 16 '2 10'
; error: java.lang.IllegalArgumentException: Don't know how to create ISeq from: java.lang.Long (RT.java:27)
; expected:
(= '(2 10) (all-your-base/convert 3 '(1 1 2 0) 16))
; 21 tests finished, problems found. ðŸ˜­ errors: 12, failures: 0, ns: 1, vars: 21
cljêž‰all-your-baseêž‰>Â 
; Evaluating file: all_your_base.clj
; Syntax error compiling if at (all_your_base.clj:24:13).
; Too few arguments to if
; Evaluation of file all_your_base.clj failed: class clojure.lang.Compiler$CompilerException
; Evaluating file: all_your_base.clj
3
; Running tests for all-your-base...
; ERROR in all-your-base-test/test-15-bit-integer (RT.java:35):
; Base 97 '3 46 60' converts to base 73 '6 10 45'
; error: java.lang.IllegalArgumentException: Don't know how to create ISeq from: java.lang.Long (RT.java:35)
; expected:
(= '(6 10 45) (all-your-base/convert 97 '(3 46 60) 73))
; ERROR in all-your-base-test/test-binary-to-multiple-decimal (RT.java:19):
; Base 2 '1 0 1 0 1 0' converts to base 10 '4 2'
; error: java.lang.IllegalArgumentException: Don't know how to create ISeq from: java.lang.Long (RT.java:19)
; expected:
(= '(4 2) (all-your-base/convert 2 '(1 0 1 0 1 0) 10))
; ERROR in all-your-base-test/test-binary-to-single-decimal (RT.java:11):
; Base 2 '1 0 1' converts to base 10 '5'
; error: java.lang.IllegalArgumentException: Don't know how to create ISeq from: java.lang.Long (RT.java:11)
; expected:
(= '(5) (all-your-base/convert 2 '(1 0 1) 10))
; ERROR in all-your-base-test/test-decimal-to-binary (RT.java:23):
; Base 10 '4 2' conves to base 2 '1 0 1 0 1 0'
; error: java.lang.IllegalArgumentException: Don't know how to create ISeq from: java.lang.Long (RT.java:23)
; expected:
(= '(1 0 1 0 1 0) (all-your-base/convert 10 '(4 2) 2))
; ERROR in all-your-base-test/test-empty-list (Numbers.java:39):
; Empty input digits returns empty sequence
; error: java.lang.ClassCastException: class clojure.lang.LazySeq cannot be cast to class java.lang.Number (clojure.lang.LazySeq is in unnamed module of loader 'app'; java.lang.Number is in module java.base of loader 'bootstrap') (Numbers.java:39)
; expected:
(empty? (all-your-base/convert 2 () 10))
; ERROR in all-your-base-test/test-hexadecimal-to-trinary (RT.java:31):
; Base 16 '2 10' converts to base 3 '1 1 2 0'
; error: java.lang.IllegalArgumentException: Don't know how to create ISeq from: java.lang.Long (RT.java:31)
; expected:
(= '(1 1 2 0) (all-your-base/convert 16 '(2 10) 3))
; ERROR in all-your-base-test/test-leading-zeros (RT.java:51):
; Leading zeroes don't affect conversion
; error: java.lang.IllegalArgumentException: Don't know how to create ISeq from: java.lang.Long (RT.java:51)
; expected:
(= '(4 2) (all-your-base/convert 7 '(0 6 0) 10))
; ERROR in all-your-base-test/test-multiple-zeroes (RT.java:47):
; 0 converts to 0, no matter the how many zeroes
; error: java.lang.IllegalArgumentException: Don't know how to create ISeq from: java.lang.Long (RT.java:47)
; expected:
(= '(0) (all-your-base/convert 10 '(0 0 0) 2))
; ERROR in all-your-base-test/test-single-bit-to-one-decimal (RT.java:7):
; Base 2 '1' converts to base 10 '1'
; error: java.lang.IllegalArgumentException: Don't know how to create ISeq from: java.lang.Long (RT.java:7)
; expected:
(= '(1) (all-your-base/convert 2 '(1) 10))
; ERROR in all-your-base-test/test-single-decimal-to-binary (RT.java:15):
; Base 10 '5' converts to base 2 '1 0 1'
; error: java.lang.IllegalArgumentException: Don't know how to create ISeq from: java.lang.Long (RT.java:15)
; expected:
(= '(1 0 1) (all-your-base/convert 10 '(5) 2))
; ERROR in all-your-base-test/test-single-zero (RT.java:43):
; 0 converts to 0, no matter the base
; error: java.lang.IllegalArgumentException: Don't know how to create ISeq from: java.lang.Long (RT.java:43)
; expected:
(= '(0) (all-your-base/convert 10 '(0) 2))
; ERROR in all-your-base-test/test-trinary-to-hexadecimal (RT.java:27):
; Base 3 '1 1 2 0' converts to base 16 '2 10'
; error: java.lang.IllegalArgumentException: Don't know how to create ISeq from: java.lang.Long (RT.java:27)
; expected:
(= '(2 10) (all-your-base/convert 3 '(1 1 2 0) 16))
; 21 tests finished, problems found. ðŸ˜­ errors: 12, failures: 0, ns: 1, vars: 21
cljêž‰all-your-baseêž‰>Â 
; Evaluating file: all_your_base.clj
; Syntax error compiling if at (all_your_base.clj:24:13).
; Too few arguments to if
; Evaluation of file all_your_base.clj failed: class clojure.lang.Compiler$CompilerException
; Evaluating file: all_your_base.clj
; Syntax error compiling if at (all_your_base.clj:24:13).
; Too few arguments to if
; Evaluation of file all_your_base.clj failed: class clojure.lang.Compiler$CompilerException
; Evaluating file: all_your_base.clj
; Syntax error reading source at (all_your_base.clj:24:27).
; Unmatched delimiter: )
; Evaluation of file all_your_base.clj failed: class clojure.lang.Compiler$CompilerException
; Evaluating file: all_your_base.clj
; Syntax error compiling if at (all_your_base.clj:24:13).
; Too few arguments to if
; Evaluation of file all_your_base.clj failed: class clojure.lang.Compiler$CompilerException
; Evaluating file: all_your_base.clj
; Syntax error compiling if at (all_your_base.clj:24:13).
; Too few arguments to if
; Evaluation of file all_your_base.clj failed: class clojure.lang.Compiler$CompilerException
; Evaluating file: all_your_base.clj
3
; Running tests for all-your-base...
; ERROR in all-your-base-test/test-15-bit-integer (RT.java:35):
; Base 97 '3 46 60' converts to base 73 '6 10 45'
; error: java.lang.IllegalArgumentException: Don't know how to create ISeq from: java.lang.Long (RT.java:35)
; expected:
(= '(6 10 45) (all-your-base/convert 97 '(3 46 60) 73))
; ERROR in all-your-base-test/test-binary-to-multiple-decimal (RT.java:19):
; Base 2 '1 0 1 0 1 0' converts to base 10 '4 2'
; error: java.lang.IllegalArgumentException: Don't know how to create ISeq from: java.lang.Long (RT.java:19)
; expected:
(= '(4 2) (all-your-base/convert 2 '(1 0 1 0 1 0) 10))
; ERROR in all-your-base-test/test-binary-to-single-decimal (RT.java:11):
; Base 2 '1 0 1' converts to base 10 '5'
; error: java.lang.IllegalArgumentException: Don't know how to create ISeq from: java.lang.Long (RT.java:11)
; expected:
(= '(5) (all-your-base/convert 2 '(1 0 1) 10))
; ERROR in all-your-base-test/test-decimal-to-binary (RT.java:23):
; Base 10 '4 2' conves to base 2 '1 0 1 0 1 0'
; error: java.lang.IllegalArgumentException: Don't know how to create ISeq from: java.lang.Long (RT.java:23)
; expected:
(= '(1 0 1 0 1 0) (all-your-base/convert 10 '(4 2) 2))
; ERROR in all-your-base-test/test-empty-list (Numbers.java:39):
; Empty input digits returns empty sequence
; error: java.lang.ClassCastException: class clojure.lang.LazySeq cannot be cast to class java.lang.Number (clojure.lang.LazySeq is in unnamed module of loader 'app'; java.lang.Number is in module java.base of loader 'bootstrap') (Numbers.java:39)
; expected:
(empty? (all-your-base/convert 2 () 10))
; ERROR in all-your-base-test/test-hexadecimal-to-trinary (RT.java:31):
; Base 16 '2 10' converts to base 3 '1 1 2 0'
; error: java.lang.IllegalArgumentException: Don't know how to create ISeq from: java.lang.Long (RT.java:31)
; expected:
(= '(1 1 2 0) (all-your-base/convert 16 '(2 10) 3))
; ERROR in all-your-base-test/test-leading-zeros (RT.java:51):
; Leading zeroes don't affect conversion
; error: java.lang.IllegalArgumentException: Don't know how to create ISeq from: java.lang.Long (RT.java:51)
; expected:
(= '(4 2) (all-your-base/convert 7 '(0 6 0) 10))
; ERROR in all-your-base-test/test-multiple-zeroes (RT.java:47):
; 0 converts to 0, no matter the how many zeroes
; error: java.lang.IllegalArgumentException: Don't know how to create ISeq from: java.lang.Long (RT.java:47)
; expected:
(= '(0) (all-your-base/convert 10 '(0 0 0) 2))
; ERROR in all-your-base-test/test-single-bit-to-one-decimal (RT.java:7):
; Base 2 '1' converts to base 10 '1'
; error: java.lang.IllegalArgumentException: Don't know how to create ISeq from: java.lang.Long (RT.java:7)
; expected:
(= '(1) (all-your-base/convert 2 '(1) 10))
; ERROR in all-your-base-test/test-single-decimal-to-binary (RT.java:15):
; Base 10 '5' converts to base 2 '1 0 1'
; error: java.lang.IllegalArgumentException: Don't know how to create ISeq from: java.lang.Long (RT.java:15)
; expected:
(= '(1 0 1) (all-your-base/convert 10 '(5) 2))
; ERROR in all-your-base-test/test-single-zero (RT.java:43):
; 0 converts to 0, no matter the base
; error: java.lang.IllegalArgumentException: Don't know how to create ISeq from: java.lang.Long (RT.java:43)
; expected:
(= '(0) (all-your-base/convert 10 '(0) 2))
; ERROR in all-your-base-test/test-trinary-to-hexadecimal (RT.java:27):
; Base 3 '1 1 2 0' converts to base 16 '2 10'
; error: java.lang.IllegalArgumentException: Don't know how to create ISeq from: java.lang.Long (RT.java:27)
; expected:
(= '(2 10) (all-your-base/convert 3 '(1 1 2 0) 16))
; 21 tests finished, problems found. ðŸ˜­ errors: 12, failures: 0, ns: 1, vars: 21
cljêž‰all-your-baseêž‰>Â 
; Evaluating file: all_your_base.clj
3
; Running tests for all-your-base...
; ERROR in all-your-base-test/test-15-bit-integer (RT.java:35):
; Base 97 '3 46 60' converts to base 73 '6 10 45'
; error: java.lang.IllegalArgumentException: Don't know how to create ISeq from: java.lang.Long (RT.java:35)
; expected:
(= '(6 10 45) (all-your-base/convert 97 '(3 46 60) 73))
; ERROR in all-your-base-test/test-binary-to-multiple-decimal (RT.java:19):
; Base 2 '1 0 1 0 1 0' converts to base 10 '4 2'
; error: java.lang.IllegalArgumentException: Don't know how to create ISeq from: java.lang.Long (RT.java:19)
; expected:
(= '(4 2) (all-your-base/convert 2 '(1 0 1 0 1 0) 10))
; ERROR in all-your-base-test/test-binary-to-single-decimal (RT.java:11):
; Base 2 '1 0 1' converts to base 10 '5'
; error: java.lang.IllegalArgumentException: Don't know how to create ISeq from: java.lang.Long (RT.java:11)
; expected:
(= '(5) (all-your-base/convert 2 '(1 0 1) 10))
; ERROR in all-your-base-test/test-decimal-to-binary (RT.java:23):
; Base 10 '4 2' conves to base 2 '1 0 1 0 1 0'
; error: java.lang.IllegalArgumentException: Don't know how to create ISeq from: java.lang.Long (RT.java:23)
; expected:
(= '(1 0 1 0 1 0) (all-your-base/convert 10 '(4 2) 2))
; ERROR in all-your-base-test/test-hexadecimal-to-trinary (RT.java:31):
; Base 16 '2 10' converts to base 3 '1 1 2 0'
; error: java.lang.IllegalArgumentException: Don't know how to create ISeq from: java.lang.Long (RT.java:31)
; expected:
(= '(1 1 2 0) (all-your-base/convert 16 '(2 10) 3))
; ERROR in all-your-base-test/test-leading-zeros (RT.java:51):
; Leading zeroes don't affect conversion
; error: java.lang.IllegalArgumentException: Don't know how to create ISeq from: java.lang.Long (RT.java:51)
; expected:
(= '(4 2) (all-your-base/convert 7 '(0 6 0) 10))
; ERROR in all-your-base-test/test-multiple-zeroes (RT.java:47):
; 0 converts to 0, no matter the how many zeroes
; error: java.lang.IllegalArgumentException: Don't know how to create ISeq from: java.lang.Long (RT.java:47)
; expected:
(= '(0) (all-your-base/convert 10 '(0 0 0) 2))
; ERROR in all-your-base-test/test-single-bit-to-one-decimal (RT.java:7):
; Base 2 '1' converts to base 10 '1'
; error: java.lang.IllegalArgumentException: Don't know how to create ISeq from: java.lang.Long (RT.java:7)
; expected:
(= '(1) (all-your-base/convert 2 '(1) 10))
; ERROR in all-your-base-test/test-single-decimal-to-binary (RT.java:15):
; Base 10 '5' converts to base 2 '1 0 1'
; error: java.lang.IllegalArgumentException: Don't know how to create ISeq from: java.lang.Long (RT.java:15)
; expected:
(= '(1 0 1) (all-your-base/convert 10 '(5) 2))
; ERROR in all-your-base-test/test-single-zero (RT.java:43):
; 0 converts to 0, no matter the base
; error: java.lang.IllegalArgumentException: Don't know how to create ISeq from: java.lang.Long (RT.java:43)
; expected:
(= '(0) (all-your-base/convert 10 '(0) 2))
; ERROR in all-your-base-test/test-trinary-to-hexadecimal (RT.java:27):
; Base 3 '1 1 2 0' converts to base 16 '2 10'
; error: java.lang.IllegalArgumentException: Don't know how to create ISeq from: java.lang.Long (RT.java:27)
; expected:
(= '(2 10) (all-your-base/convert 3 '(1 1 2 0) 16))
; 21 tests finished, problems found. ðŸ˜­ errors: 11, failures: 0, ns: 1, vars: 21
cljêž‰all-your-baseêž‰>Â 
nil
cljêž‰all-your-baseêž‰>Â 
#'all-your-base/convert
cljêž‰all-your-baseêž‰>Â 
nil
cljêž‰all-your-baseêž‰>Â 
; Evaluating file: all_your_base.clj
; Syntax error (IllegalArgumentException) compiling at (all_your_base.clj:26:1).
; Don't know how to create ISeq from: java.lang.Long
; Evaluation of file all_your_base.clj failed: class clojure.lang.Compiler$CompilerException
; Execution error (IllegalArgumentException) at all-your-base/convert$iter$fn (all_your_base.clj:23).
; Don't know how to create ISeq from: java.lang.Long
cljêž‰all-your-baseêž‰>Â 
; Evaluating file: all_your_base.clj
; Syntax error (IllegalArgumentException) compiling at (all_your_base.clj:26:1).
; Don't know how to create ISeq from: java.lang.Long
; Evaluation of file all_your_base.clj failed: class clojure.lang.Compiler$CompilerException
#'all-your-base/convert
cljêž‰all-your-baseêž‰>Â 
; Execution error (IllegalArgumentException) at all-your-base/eval36723$convert$iter$fn (form-init14129650725976120769.clj:24).
; Don't know how to create ISeq from: java.lang.Long
cljêž‰all-your-baseêž‰>Â 
; Evaluating file: all_your_base.clj
; Syntax error (ClassCastException) compiling at (all_your_base.clj:26:1).
; class java.lang.Long cannot be cast to class clojure.lang.IFn (java.lang.Long is in module java.base of loader 'bootstrap'; clojure.lang.IFn is in unnamed module of loader 'app')
; Evaluation of file all_your_base.clj failed: class clojure.lang.Compiler$CompilerException
; Evaluating file: all_your_base.clj
; Syntax error (ClassCastException) compiling at (all_your_base.clj:26:1).
; class clojure.lang.LazySeq cannot be cast to class java.lang.Number (clojure.lang.LazySeq is in unnamed module of loader 'app'; java.lang.Number is in module java.base of loader 'bootstrap')
; Evaluation of file all_your_base.clj failed: class clojure.lang.Compiler$CompilerException
; Evaluating file: all_your_base.clj
; Syntax error macroexpanding clojure.core/let at (all_your_base.clj:21:11).
; [vals () (for [[i n] (map-indexed vector (reverse nums))] (* n (exp startBase i)))] - failed: even-number-of-forms? at: [:bindings] spec: :clojure.core.specs.alpha/bindings
; Evaluation of file all_your_base.clj failed: class clojure.lang.Compiler$CompilerException
; Evaluating file: all_your_base.clj
; Syntax error macroexpanding clojure.core/let at (all_your_base.clj:21:11).
; [vals (reduce +) (for [[i n] (map-indexed vector (reverse nums))] (* n (exp startBase i)))] - failed: even-number-of-forms? at: [:bindings] spec: :clojure.core.specs.alpha/bindings
; Evaluation of file all_your_base.clj failed: class clojure.lang.Compiler$CompilerException
; Evaluating file: all_your_base.clj
; Syntax error (IllegalArgumentException) compiling at (all_your_base.clj:26:1).
; Don't know how to create ISeq from: java.lang.Long
; Evaluation of file all_your_base.clj failed: class clojure.lang.Compiler$CompilerException
; Execution error (IllegalArgumentException) at all-your-base/convert (all_your_base.clj:24).
; Don't know how to create ISeq from: java.lang.Long
cljêž‰all-your-baseêž‰>Â 
#'all-your-base/convert
cljêž‰all-your-baseêž‰>Â 
; Execution error (IllegalArgumentException) at all-your-base/convert (form-init14129650725976120769.clj:24).
; Don't know how to create ISeq from: java.lang.Long
cljêž‰all-your-baseêž‰>Â 
; Evaluating file: all_your_base.clj
; Syntax error (ClassCastException) compiling at (all_your_base.clj:26:1).
; class java.lang.Long cannot be cast to class clojure.lang.IFn (java.lang.Long is in module java.base of loader 'bootstrap'; clojure.lang.IFn is in unnamed module of loader 'app')
; Evaluation of file all_your_base.clj failed: class clojure.lang.Compiler$CompilerException
; Evaluating file: all_your_base.clj
; Syntax error (IllegalArgumentException) compiling at (all_your_base.clj:26:1).
; Don't know how to create ISeq from: java.lang.Long
; Evaluation of file all_your_base.clj failed: class clojure.lang.Compiler$CompilerException
; Evaluating file: all_your_base.clj
; Syntax error compiling if at (all_your_base.clj:24:13).
; Too few arguments to if
; Evaluation of file all_your_base.clj failed: class clojure.lang.Compiler$CompilerException
; Evaluating file: all_your_base.clj
; Syntax error (IllegalArgumentException) compiling at (all_your_base.clj:26:1).
; Don't know how to create ISeq from: java.lang.Long
; Evaluation of file all_your_base.clj failed: class clojure.lang.Compiler$CompilerException
; Evaluating file: all_your_base.clj
; Syntax error (ClassCastException) compiling at (all_your_base.clj:26:1).
; class java.lang.Long cannot be cast to class clojure.lang.IFn (java.lang.Long is in module java.base of loader 'bootstrap'; clojure.lang.IFn is in unnamed module of loader 'app')
; Evaluation of file all_your_base.clj failed: class clojure.lang.Compiler$CompilerException
; Evaluating file: all_your_base.clj
; Syntax error (ClassCastException) compiling at (all_your_base.clj:26:1).
; class clojure.lang.LazySeq cannot be cast to class java.lang.Number (clojure.lang.LazySeq is in unnamed module of loader 'app'; java.lang.Number is in module java.base of loader 'bootstrap')
; Evaluation of file all_your_base.clj failed: class clojure.lang.Compiler$CompilerException
; Evaluating file: all_your_base.clj
; Syntax error (ArityException) compiling at (all_your_base.clj:26:1).
; Wrong number of args (0) passed to: clojure.core/reduce
; Evaluation of file all_your_base.clj failed: class clojure.lang.Compiler$CompilerException
; Evaluating file: all_your_base.clj
; Syntax error (ArityException) compiling at (all_your_base.clj:26:1).
; Wrong number of args (1) passed to: clojure.core/reduce
; Evaluation of file all_your_base.clj failed: class clojure.lang.Compiler$CompilerException
; Evaluating file: all_your_base.clj
3
; Running tests for all-your-base...
; FAIL in all-your-base-test/test-multiple-zeroes (all_your_base_test.clj:47):
; 0 converts to 0, no matter the how many zeroes
; expected:
(0)
; actual:
nil
; FAIL in all-your-base-test/test-single-zero (all_your_base_test.clj:43):
; 0 converts to 0, no matter the base
; expected:
(0)
; actual:
nil
; 21 tests finished, problems found. ðŸ˜­ errors: 0, failures: 2, ns: 1, vars: 21
cljêž‰all-your-baseêž‰>Â 
; Evaluating file: all_your_base.clj
; Syntax error (ArityException) compiling at (all_your_base.clj:26:1).
; Wrong number of args (1) passed to: clojure.core/reduce
; Evaluation of file all_your_base.clj failed: class clojure.lang.Compiler$CompilerException
; Evaluating file: all_your_base.clj
; Syntax error (IllegalArgumentException) compiling at (all_your_base.clj:26:1).
; Don't know how to create ISeq from: java.lang.Long
; Evaluation of file all_your_base.clj failed: class clojure.lang.Compiler$CompilerException
; Execution error (IllegalArgumentException) at all-your-base/convert (all_your_base.clj:24).
; Don't know how to create ISeq from: java.lang.Long
cljêž‰all-your-baseêž‰>Â 
#'all-your-base/convert
cljêž‰all-your-baseêž‰>Â 
; Execution error (IllegalArgumentException) at all-your-base/eval40217$convert (form-init14129650725976120769.clj:25).
; Don't know how to create ISeq from: java.lang.Long
cljêž‰all-your-baseêž‰>Â 
; Evaluating file: all_your_base.clj
; Syntax error (ClassCastException) compiling at (all_your_base.clj:26:1).
; class clojure.lang.LazySeq cannot be cast to class clojure.lang.IFn (clojure.lang.LazySeq and clojure.lang.IFn are in unnamed module of loader 'app')
; Evaluation of file all_your_base.clj failed: class clojure.lang.Compiler$CompilerException
; Evaluating file: all_your_base.clj
3
; Running tests for all-your-base...
; FAIL in all-your-base-test/test-multiple-zeroes (all_your_base_test.clj:47):
; 0 converts to 0, no matter the how many zeroes
; expected:
(0)
; actual:
nil
; FAIL in all-your-base-test/test-single-zero (all_your_base_test.clj:43):
; 0 converts to 0, no matter the base
; expected:
(0)
; actual:
nil
; 21 tests finished, problems found. ðŸ˜­ errors: 0, failures: 2, ns: 1, vars: 21
cljêž‰all-your-baseêž‰>Â 
(1 1)
cljêž‰all-your-baseêž‰>Â 
; Evaluating file: all_your_base.clj
3
; Running tests for all-your-base...
; FAIL in all-your-base-test/test-15-bit-integer (all_your_base_test.clj:35):
; Base 97 '3 46 60' converts to base 73 '6 10 45'
; expected:
(6 10 45)
; actual:
nil
; FAIL in all-your-base-test/test-binary-to-multiple-decimal (all_your_base_test.clj:19):
; Base 2 '1 0 1 0 1 0' converts to base 10 '4 2'
; expected:
(4 2)
; actual:
nil
; FAIL in all-your-base-test/test-binary-to-single-decimal (all_your_base_test.clj:11):
; Base 2 '1 0 1' converts to base 10 '5'
; expected:
(5)
; actual:
nil
; FAIL in all-your-base-test/test-decimal-to-binary (all_your_base_test.clj:23):
; Base 10 '4 2' conves to base 2 '1 0 1 0 1 0'
; expected:
(1 0 1 0 1 0)
; actual:
nil
; FAIL in all-your-base-test/test-hexadecimal-to-trinary (all_your_base_test.clj:31):
; Base 16 '2 10' converts to base 3 '1 1 2 0'
; expected:
(1 1 2 0)
; actual:
nil
; FAIL in all-your-base-test/test-leading-zeros (all_your_base_test.clj:51):
; Leading zeroes don't affect conversion
; expected:
(4 2)
; actual:
nil
; FAIL in all-your-base-test/test-multiple-zeroes (all_your_base_test.clj:47):
; 0 converts to 0, no matter the how many zeroes
; expected:
(0)
; actual:
()
; FAIL in all-your-base-test/test-single-bit-to-one-decimal (all_your_base_test.clj:7):
; Base 2 '1' converts to base 10 '1'
; expected:
(1)
; actual:
nil
; FAIL in all-your-base-test/test-single-decimal-to-binary (all_your_base_test.clj:15):
; Base 10 '5' converts to base 2 '1 0 1'
; expected:
(1 0 1)
; actual:
nil
; FAIL in all-your-base-test/test-single-zero (all_your_base_test.clj:43):
; 0 converts to 0, no matter the base
; expected:
(0)
; actual:
()
; FAIL in all-your-base-test/test-trinary-to-hexadecimal (all_your_base_test.clj:27):
; Base 3 '1 1 2 0' converts to base 16 '2 10'
; expected:
(2 10)
; actual:
nil
; 21 tests finished, problems found. ðŸ˜­ errors: 0, failures: 11, ns: 1, vars: 21
cljêž‰all-your-baseêž‰>Â 
; Evaluating file: all_your_base.clj
3
; Running tests for all-your-base...
; FAIL in all-your-base-test/test-15-bit-integer (all_your_base_test.clj:35):
; Base 97 '3 46 60' converts to base 73 '6 10 45'
; expected:
(6 10 45)
; actual:
nil
; FAIL in all-your-base-test/test-binary-to-multiple-decimal (all_your_base_test.clj:19):
; Base 2 '1 0 1 0 1 0' converts to base 10 '4 2'
; expected:
(4 2)
; actual:
nil
; FAIL in all-your-base-test/test-binary-to-single-decimal (all_your_base_test.clj:11):
; Base 2 '1 0 1' converts to base 10 '5'
; expected:
(5)
; actual:
nil
; FAIL in all-your-base-test/test-decimal-to-binary (all_your_base_test.clj:23):
; Base 10 '4 2' conves to base 2 '1 0 1 0 1 0'
; expected:
(1 0 1 0 1 0)
; actual:
nil
; FAIL in all-your-base-test/test-empty-list (all_your_base_test.clj:39):
; Empty input digits returns empty sequence
; expected:
(empty? (all-your-base/convert 2 () 10))
; actual:
(not (empty? (reverse (convertToBase (reduce + vals) endBase))))
; FAIL in all-your-base-test/test-hexadecimal-to-trinary (all_your_base_test.clj:31):
; Base 16 '2 10' converts to base 3 '1 1 2 0'
; expected:
(1 1 2 0)
; actual:
nil
; FAIL in all-your-base-test/test-leading-zeros (all_your_base_test.clj:51):
; Leading zeroes don't affect conversion
; expected:
(4 2)
; actual:
nil
; FAIL in all-your-base-test/test-multiple-zeroes (all_your_base_test.clj:47):
; 0 converts to 0, no matter the how many zeroes
; expected:
(0)
; actual:
(reverse (convertToBase (reduce + vals) endBase))
; FAIL in all-your-base-test/test-single-bit-to-one-decimal (all_your_base_test.clj:7):
; Base 2 '1' converts to base 10 '1'
; expected:
(1)
; actual:
nil
; FAIL in all-your-base-test/test-single-decimal-to-binary (all_your_base_test.clj:15):
; Base 10 '5' converts to base 2 '1 0 1'
; expected:
(1 0 1)
; actual:
nil
; FAIL in all-your-base-test/test-single-zero (all_your_base_test.clj:43):
; 0 converts to 0, no matter the base
; expected:
(0)
; actual:
(reverse (convertToBase (reduce + vals) endBase))
; FAIL in all-your-base-test/test-trinary-to-hexadecimal (all_your_base_test.clj:27):
; Base 3 '1 1 2 0' converts to base 16 '2 10'
; expected:
(2 10)
; actual:
nil
; 21 tests finished, problems found. ðŸ˜­ errors: 0, failures: 12, ns: 1, vars: 21
cljêž‰all-your-baseêž‰>Â 
; Evaluating file: all_your_base.clj
3
; Running tests for all-your-base...
; FAIL in all-your-base-test/test-empty-list (all_your_base_test.clj:39):
; Empty input digits returns empty sequence
; expected:
(empty? (all-your-base/convert 2 () 10))
; actual:
(not (empty? (0)))
; 21 tests finished, problems found. ðŸ˜­ errors: 0, failures: 1, ns: 1, vars: 21
cljêž‰all-your-baseêž‰>Â 
(1 1)
cljêž‰all-your-baseêž‰>Â 
; Evaluating file: all_your_base.clj
3
; Running tests for all-your-base...
; FAIL in all-your-base-test/test-empty-list (all_your_base_test.clj:39):
; Empty input digits returns empty sequence
; expected:
(empty? (all-your-base/convert 2 () 10))
; actual:
(not (empty? (0)))
; 21 tests finished, problems found. ðŸ˜­ errors: 0, failures: 1, ns: 1, vars: 21
cljêž‰all-your-baseêž‰>Â 
; Evaluating file: all_your_base.clj
; Syntax error macroexpanding clojure.core/cond at (all_your_base.clj:14:3).
; cond requires an even number of forms
; Evaluation of file all_your_base.clj failed: class clojure.lang.Compiler$CompilerException
; Evaluating file: all_your_base.clj
; Syntax error macroexpanding clojure.core/cond at (all_your_base.clj:14:3).
; cond requires an even number of forms
; Evaluation of file all_your_base.clj failed: class clojure.lang.Compiler$CompilerException
; Evaluating file: all_your_base_test.clj
#'all-your-base-test/test-both-bases-are-negative
; Running tests for all-your-base...
; FAIL in all-your-base-test/test-empty-list (all_your_base_test.clj:39):
; Empty input digits returns empty sequence
; expected:
(empty? (all-your-base/convert 2 () 10))
; actual:
(not (empty? (0)))
; 21 tests finished, problems found. ðŸ˜­ errors: 0, failures: 1, ns: 1, vars: 21
cljêž‰all-your-baseêž‰>Â 
; Evaluating file: all_your_base.clj
; Syntax error macroexpanding clojure.core/cond at (all_your_base.clj:14:3).
; cond requires an even number of forms
; Evaluation of file all_your_base.clj failed: class clojure.lang.Compiler$CompilerException
; Evaluating file: all_your_base.clj
; Syntax error macroexpanding clojure.core/cond at (all_your_base.clj:14:3).
; cond requires an even number of forms
; Evaluation of file all_your_base.clj failed: class clojure.lang.Compiler$CompilerException
; Evaluating file: all_your_base.clj
; Syntax error macroexpanding clojure.core/cond at (all_your_base.clj:14:3).
; cond requires an even number of forms
; Evaluation of file all_your_base.clj failed: class clojure.lang.Compiler$CompilerException
(0)
cljêž‰all-your-baseêž‰>Â 
; Evaluating file: all_your_base.clj
; Syntax error macroexpanding clojure.core/cond at (all_your_base.clj:14:3).
; cond requires an even number of forms
; Evaluation of file all_your_base.clj failed: class clojure.lang.Compiler$CompilerException
; Evaluating file: all_your_base.clj
; Syntax error macroexpanding clojure.core/cond at (all_your_base.clj:14:3).
; cond requires an even number of forms
; Evaluation of file all_your_base.clj failed: class clojure.lang.Compiler$CompilerException
; Evaluating file: all_your_base.clj
true
cljêž‰all-your-baseêž‰>Â 
; Syntax error macroexpanding clojure.core/cond at (all_your_base.clj:14:3).
; cond requires an even number of forms
; Evaluation of file all_your_base.clj failed: class clojure.lang.Compiler$CompilerException
; Evaluating file: all_your_base.clj
; Syntax error macroexpanding clojure.core/cond at (all_your_base.clj:14:3).
; cond requires an even number of forms
; Evaluation of file all_your_base.clj failed: class clojure.lang.Compiler$CompilerException
; Evaluating file: all_your_base.clj
3
; Running tests for all-your-base...
; 21 tests finished, all passing ðŸ‘, ns: 1, vars: 21
cljêž‰all-your-baseêž‰>Â 
nil
cljêž‰all-your-baseêž‰>Â 
; Evaluating file: all_your_base.clj
#'all-your-base/convert
; Running tests for all-your-base...
; 21 tests finished, all passing ðŸ‘, ns: 1, vars: 21
cljêž‰all-your-baseêž‰>Â 
