; This is the Calva evaluation results output window.
; TIPS: The keyboard shortcut `ctrl+alt+o o` shows and focuses this window
;   when connected to a REPL session.
; Please see https://calva.io/output/ for more info.
; Happy coding! â™¥ï¸

; Jacking in...
; Starting Jack-in Terminal: lein update-in :dependencies conj '[nrepl,"0.9.0"]' -- update-in :plugins conj '[cider/cider-nrepl,"0.27.4"]' -- update-in '[:repl-options,:nrepl-middleware]' conj '["cider.nrepl/cider-middleware"]' -- repl :headless
; Hooking up nREPL sessions...
; Connected session: clj
; TIPS: 
;   - You can edit the contents here. Use it as a REPL if you like.
;   - `alt+enter` evaluates the current top level form.
;   - `ctrl+enter` evaluates the current form.
;   - `alt+up` and `alt+down` traverse up and down the REPL command history
;      when the cursor is after the last contents at the prompt
;   - Clojure lines in stack traces are peekable and clickable.
cljêž‰userêž‰>Â  ; Use `alt+enter` to evaluate
; Jack-in done.
cljêž‰userêž‰>Â 
; Syntax error compiling at (anagram.clj:5:1).
; Unable to resolve symbol: map in this context
cljêž‰anagramêž‰>Â 
; Syntax error compiling at (anagram.clj:1:7651).
; Unable to resolve symbol: t in this context
cljêž‰anagramêž‰>Â 
; Syntax error compiling at (anagram.clj:5:1).
; Unable to resolve symbol: map in this context
cljêž‰anagramêž‰>Â 
; Syntax error compiling at (anagram.clj:6:1).
; Unable to resolve symbol: map in this context
cljêž‰anagramêž‰>Â 
; nREPL Connection was closed
; Jacking in...
; Starting Jack-in Terminal: lein update-in :dependencies conj '[nrepl,"0.9.0"]' -- update-in :plugins conj '[cider/cider-nrepl,"0.27.4"]' -- update-in '[:repl-options,:nrepl-middleware]' conj '["cider.nrepl/cider-middleware"]' -- repl :headless
; Hooking up nREPL sessions...
; Connected session: clj
; TIPS: 
;   - You can edit the contents here. Use it as a REPL if you like.
;   - `alt+enter` evaluates the current top level form.
;   - `ctrl+enter` evaluates the current form.
;   - `alt+up` and `alt+down` traverse up and down the REPL command history
;      when the cursor is after the last contents at the prompt
;   - Clojure lines in stack traces are peekable and clickable.
cljêž‰userêž‰>Â 
; Jack-in done.
cljêž‰userêž‰>Â (+ 1 2)
3
cljêž‰userêž‰>Â 
(map inc [1 2])
(2 3)
cljêž‰userêž‰>Â 
; Syntax error compiling at (anagram.clj:6:1).
; Unable to resolve symbol: map in this context
cljêž‰anagramêž‰>Â 
(2 3)
cljêž‰anagramêž‰>Â 
(2 3)
cljêž‰anagramêž‰>Â 
(false false false false false false)
cljêž‰anagramêž‰>Â 
; Evaluating file: anagram.clj
(2 3)
; Running tests for anagram...
; FAIL in anagram-test/capital-word-is-not-own-anagram (anagram_test.clj:38):
; expected:
(= [] (anagram/anagrams-for "BANANA" ["banana"]))
; actual:
(not (= [] nil))
; FAIL in anagram-test/case-insensitive-anagrams (anagram_test.clj:30):
; expected:
(=
 ["Carthorse"]
 (let
  [coll ["cashregister" "Carthorse" "radishes"]]
  (anagram/anagrams-for "Orchestra" coll)))
; actual:
(not (= ["Carthorse"] nil))
; FAIL in anagram-test/detect-anagram (anagram_test.clj:19):
; expected:
(=
 ["inlets"]
 (let
  [coll ["enlists" "google" "inlets" "banana"]]
  (anagram/anagrams-for "listen" coll)))
; actual:
(not (= ["inlets"] nil))
; FAIL in anagram-test/detect-simple-anagram (anagram_test.clj:10):
; expected:
(= ["tan"] (anagram/anagrams-for "ant" ["tan" "stand" "at"]))
; actual:
(not (= ["tan"] nil))
; FAIL in anagram-test/does-not-confuse-different-duplicates (anagram_test.clj:13):
; expected:
(= [] (anagram/anagrams-for "galea" ["eagle"]))
; actual:
(not (= [] nil))
; FAIL in anagram-test/eliminate-anagram-subsets (anagram_test.clj:16):
; expected:
(= [] (anagram/anagrams-for "good" ["dog" "goody"]))
; actual:
(not (= [] nil))
; FAIL in anagram-test/multiple-anagrams (anagram_test.clj:24):
; expected:
(=
 ["gallery" "regally" "largely"]
 (let
  [coll ["gallery" "ballerina" "regally" "clergy" "largely" "leading"]]
  (anagram/anagrams-for "allergy" coll)))
; actual:
(not (= ["gallery" "regally" "largely"] nil))
; FAIL in anagram-test/no-matches (anagram_test.clj:6):
; expected:
(=
 []
 (anagram/anagrams-for "diaper" ["hello" "world" "zombies" "pants"]))
; actual:
(not (= [] nil))
; FAIL in anagram-test/word-is-not-own-anagram (anagram_test.clj:35):
; expected:
(= [] (anagram/anagrams-for "banana" ["banana"]))
; actual:
(not (= [] nil))
; 9 tests finished, problems found. ðŸ˜­ errors: 0, failures: 9, ns: 1, vars: 9
cljêž‰anagramêž‰>Â 
(false false false false true false)
cljêž‰anagramêž‰>Â 
; Evaluating file: anagram.clj
(2 3)
; Running tests for anagram...
; FAIL in anagram-test/capital-word-is-not-own-anagram (anagram_test.clj:38):
; expected:
[]
; actual:
nil
; FAIL in anagram-test/case-insensitive-anagrams (anagram_test.clj:30):
; expected:
["Carthorse"]
; actual:
nil
; FAIL in anagram-test/detect-anagram (anagram_test.clj:19):
; expected:
["inlets"]
; actual:
nil
; FAIL in anagram-test/detect-simple-anagram (anagram_test.clj:10):
; expected:
["tan"]
; actual:
nil
; FAIL in anagram-test/does-not-confuse-different-duplicates (anagram_test.clj:13):
; expected:
[]
; actual:
nil
; FAIL in anagram-test/eliminate-anagram-subsets (anagram_test.clj:16):
; expected:
[]
; actual:
nil
; FAIL in anagram-test/multiple-anagrams (anagram_test.clj:24):
; expected:
["gallery" "regally" "largely"]
; actual:
nil
; FAIL in anagram-test/no-matches (anagram_test.clj:6):
; expected:
[]
; actual:
nil
; FAIL in anagram-test/word-is-not-own-anagram (anagram_test.clj:35):
; expected:
[]
; actual:
nil
; 9 tests finished, problems found. ðŸ˜­ errors: 0, failures: 9, ns: 1, vars: 9
cljêž‰anagramêž‰>Â 
; Evaluating file: anagram.clj
(2 3)
; Running tests for anagram...
; FAIL in anagram-test/capital-word-is-not-own-anagram (anagram_test.clj:38):
; expected:
[]
; actual:
nil
; FAIL in anagram-test/case-insensitive-anagrams (anagram_test.clj:30):
; expected:
["Carthorse"]
; actual:
nil
; FAIL in anagram-test/detect-anagram (anagram_test.clj:19):
; expected:
["inlets"]
; actual:
nil
; FAIL in anagram-test/detect-simple-anagram (anagram_test.clj:10):
; expected:
["tan"]
; actual:
nil
; FAIL in anagram-test/does-not-confuse-different-duplicates (anagram_test.clj:13):
; expected:
[]
; actual:
nil
; FAIL in anagram-test/eliminate-anagram-subsets (anagram_test.clj:16):
; expected:
[]
; actual:
nil
; FAIL in anagram-test/multiple-anagrams (anagram_test.clj:24):
; expected:
["gallery" "regally" "largely"]
; actual:
nil
; FAIL in anagram-test/no-matches (anagram_test.clj:6):
; expected:
[]
; actual:
nil
; FAIL in anagram-test/word-is-not-own-anagram (anagram_test.clj:35):
; expected:
[]
; actual:
nil
; 9 tests finished, problems found. ðŸ˜­ errors: 0, failures: 9, ns: 1, vars: 9
cljêž‰anagramêž‰>Â 
; Evaluating file: anagram.clj
(2 3)
; Running tests for anagram...
; FAIL in anagram-test/capital-word-is-not-own-anagram (anagram_test.clj:38):
; expected:
[]
; actual:
nil
; FAIL in anagram-test/case-insensitive-anagrams (anagram_test.clj:30):
; expected:
["Carthorse"]
; actual:
nil
; FAIL in anagram-test/detect-anagram (anagram_test.clj:19):
; expected:
["inlets"]
; actual:
nil
; FAIL in anagram-test/detect-simple-anagram (anagram_test.clj:10):
; expected:
["tan"]
; actual:
nil
; FAIL in anagram-test/does-not-confuse-different-duplicates (anagram_test.clj:13):
; expected:
[]
; actual:
nil
; FAIL in anagram-test/eliminate-anagram-subsets (anagram_test.clj:16):
; expected:
[]
; actual:
nil
; FAIL in anagram-test/multiple-anagrams (anagram_test.clj:24):
; expected:
["gallery" "regally" "largely"]
; actual:
nil
; FAIL in anagram-test/no-matches (anagram_test.clj:6):
; expected:
[]
; actual:
nil
; FAIL in anagram-test/word-is-not-own-anagram (anagram_test.clj:35):
; expected:
[]
; actual:
nil
; 9 tests finished, problems found. ðŸ˜­ errors: 0, failures: 9, ns: 1, vars: 9
cljêž‰anagramêž‰>Â 
; Evaluating file: anagram.clj
(2 3)
; Running tests for anagram...
; FAIL in anagram-test/capital-word-is-not-own-anagram (anagram_test.clj:38):
; expected:
[]
; actual:
nil
; FAIL in anagram-test/case-insensitive-anagrams (anagram_test.clj:30):
; expected:
["Carthorse"]
; actual:
nil
; FAIL in anagram-test/detect-anagram (anagram_test.clj:19):
; expected:
["inlets"]
; actual:
nil
; FAIL in anagram-test/detect-simple-anagram (anagram_test.clj:10):
; expected:
["tan"]
; actual:
nil
; FAIL in anagram-test/does-not-confuse-different-duplicates (anagram_test.clj:13):
; expected:
[]
; actual:
nil
; FAIL in anagram-test/eliminate-anagram-subsets (anagram_test.clj:16):
; expected:
[]
; actual:
nil
; FAIL in anagram-test/multiple-anagrams (anagram_test.clj:24):
; expected:
["gallery" "regally" "largely"]
; actual:
nil
; FAIL in anagram-test/no-matches (anagram_test.clj:6):
; expected:
[]
; actual:
nil
; FAIL in anagram-test/word-is-not-own-anagram (anagram_test.clj:35):
; expected:
[]
; actual:
nil
; 9 tests finished, problems found. ðŸ˜­ errors: 0, failures: 9, ns: 1, vars: 9
cljêž‰anagramêž‰>Â 
; Evaluating file: anagram.clj
; Syntax error macroexpanding clojure.core/let at (anagram.clj:5:1).
; () - failed: Insufficient input at: [:bindings] spec: :clojure.core.specs.alpha/bindings
; Evaluation of file anagram.clj failed: class clojure.lang.Compiler$CompilerException
; Evaluating file: anagram.clj
; Syntax error macroexpanding clojure.core/let at (anagram.clj:5:1).
; fn - failed: vector? at: [:bindings] spec: :clojure.core.specs.alpha/bindings
; Evaluation of file anagram.clj failed: class clojure.lang.Compiler$CompilerException
; Evaluating file: anagram.clj
(2 3)
; Running tests for anagram...
; FAIL in anagram-test/capital-word-is-not-own-anagram (anagram_test.clj:38):
; expected:
[]
; actual:
nil
; FAIL in anagram-test/case-insensitive-anagrams (anagram_test.clj:30):
; expected:
["Carthorse"]
; actual:
nil
; FAIL in anagram-test/detect-anagram (anagram_test.clj:19):
; expected:
["inlets"]
; actual:
nil
; FAIL in anagram-test/detect-simple-anagram (anagram_test.clj:10):
; expected:
["tan"]
; actual:
nil
; FAIL in anagram-test/does-not-confuse-different-duplicates (anagram_test.clj:13):
; expected:
[]
; actual:
nil
; FAIL in anagram-test/eliminate-anagram-subsets (anagram_test.clj:16):
; expected:
[]
; actual:
nil
; FAIL in anagram-test/multiple-anagrams (anagram_test.clj:24):
; expected:
["gallery" "regally" "largely"]
; actual:
nil
; FAIL in anagram-test/no-matches (anagram_test.clj:6):
; expected:
[]
; actual:
nil
; FAIL in anagram-test/word-is-not-own-anagram (anagram_test.clj:35):
; expected:
[]
; actual:
nil
; 9 tests finished, problems found. ðŸ˜­ errors: 0, failures: 9, ns: 1, vars: 9
cljêž‰anagramêž‰>Â 
; Evaluating file: anagram.clj
; Syntax error macroexpanding clojure.core/let at (anagram.clj:5:1).
; [every-] - failed: even-number-of-forms? at: [:bindings] spec: :clojure.core.specs.alpha/bindings
; Evaluation of file anagram.clj failed: class clojure.lang.Compiler$CompilerException
; Evaluating file: anagram.clj
; Syntax error macroexpanding clojure.core/let at (anagram.clj:5:1).
; [every-letter] - failed: even-number-of-forms? at: [:bindings] spec: :clojure.core.specs.alpha/bindings
; Evaluation of file anagram.clj failed: class clojure.lang.Compiler$CompilerException
; Evaluating file: anagram.clj
(2 3)
; Running tests for anagram...
; FAIL in anagram-test/capital-word-is-not-own-anagram (anagram_test.clj:38):
; expected:
[]
; actual:
nil
; FAIL in anagram-test/case-insensitive-anagrams (anagram_test.clj:30):
; expected:
["Carthorse"]
; actual:
nil
; FAIL in anagram-test/detect-anagram (anagram_test.clj:19):
; expected:
["inlets"]
; actual:
nil
; FAIL in anagram-test/detect-simple-anagram (anagram_test.clj:10):
; expected:
["tan"]
; actual:
nil
; FAIL in anagram-test/does-not-confuse-different-duplicates (anagram_test.clj:13):
; expected:
[]
; actual:
nil
; FAIL in anagram-test/eliminate-anagram-subsets (anagram_test.clj:16):
; expected:
[]
; actual:
nil
; FAIL in anagram-test/multiple-anagrams (anagram_test.clj:24):
; expected:
["gallery" "regally" "largely"]
; actual:
nil
; FAIL in anagram-test/no-matches (anagram_test.clj:6):
; expected:
[]
; actual:
nil
; FAIL in anagram-test/word-is-not-own-anagram (anagram_test.clj:35):
; expected:
[]
; actual:
nil
; 9 tests finished, problems found. ðŸ˜­ errors: 0, failures: 9, ns: 1, vars: 9
cljêž‰anagramêž‰>Â 
; Evaluating file: anagram.clj
(2 3)
; Running tests for anagram...
; FAIL in anagram-test/capital-word-is-not-own-anagram (anagram_test.clj:38):
; expected:
[]
; actual:
nil
; FAIL in anagram-test/case-insensitive-anagrams (anagram_test.clj:30):
; expected:
["Carthorse"]
; actual:
nil
; FAIL in anagram-test/detect-anagram (anagram_test.clj:19):
; expected:
["inlets"]
; actual:
nil
; FAIL in anagram-test/detect-simple-anagram (anagram_test.clj:10):
; expected:
["tan"]
; actual:
nil
; FAIL in anagram-test/does-not-confuse-different-duplicates (anagram_test.clj:13):
; expected:
[]
; actual:
nil
; FAIL in anagram-test/eliminate-anagram-subsets (anagram_test.clj:16):
; expected:
[]
; actual:
nil
; FAIL in anagram-test/multiple-anagrams (anagram_test.clj:24):
; expected:
["gallery" "regally" "largely"]
; actual:
nil
; FAIL in anagram-test/no-matches (anagram_test.clj:6):
; expected:
[]
; actual:
nil
; FAIL in anagram-test/word-is-not-own-anagram (anagram_test.clj:35):
; expected:
[]
; actual:
nil
; 9 tests finished, problems found. ðŸ˜­ errors: 0, failures: 9, ns: 1, vars: 9
cljêž‰anagramêž‰>Â 
; Evaluating file: anagram.clj
(2 3)
; Running tests for anagram...
; FAIL in anagram-test/capital-word-is-not-own-anagram (anagram_test.clj:38):
; expected:
[]
; actual:
nil
; FAIL in anagram-test/case-insensitive-anagrams (anagram_test.clj:30):
; expected:
["Carthorse"]
; actual:
nil
; FAIL in anagram-test/detect-anagram (anagram_test.clj:19):
; expected:
["inlets"]
; actual:
nil
; FAIL in anagram-test/detect-simple-anagram (anagram_test.clj:10):
; expected:
["tan"]
; actual:
nil
; FAIL in anagram-test/does-not-confuse-different-duplicates (anagram_test.clj:13):
; expected:
[]
; actual:
nil
; FAIL in anagram-test/eliminate-anagram-subsets (anagram_test.clj:16):
; expected:
[]
; actual:
nil
; FAIL in anagram-test/multiple-anagrams (anagram_test.clj:24):
; expected:
["gallery" "regally" "largely"]
; actual:
nil
; FAIL in anagram-test/no-matches (anagram_test.clj:6):
; expected:
[]
; actual:
nil
; FAIL in anagram-test/word-is-not-own-anagram (anagram_test.clj:35):
; expected:
[]
; actual:
nil
; 9 tests finished, problems found. ðŸ˜­ errors: 0, failures: 9, ns: 1, vars: 9
cljêž‰anagramêž‰>Â 
; Evaluating file: anagram.clj
(2 3)
; Running tests for anagram...
; FAIL in anagram-test/capital-word-is-not-own-anagram (anagram_test.clj:38):
; expected:
[]
; actual:
nil
; FAIL in anagram-test/case-insensitive-anagrams (anagram_test.clj:30):
; expected:
["Carthorse"]
; actual:
nil
; FAIL in anagram-test/detect-anagram (anagram_test.clj:19):
; expected:
["inlets"]
; actual:
nil
; FAIL in anagram-test/detect-simple-anagram (anagram_test.clj:10):
; expected:
["tan"]
; actual:
nil
; FAIL in anagram-test/does-not-confuse-different-duplicates (anagram_test.clj:13):
; expected:
[]
; actual:
nil
; FAIL in anagram-test/eliminate-anagram-subsets (anagram_test.clj:16):
; expected:
[]
; actual:
nil
; FAIL in anagram-test/multiple-anagrams (anagram_test.clj:24):
; expected:
["gallery" "regally" "largely"]
; actual:
nil
; FAIL in anagram-test/no-matches (anagram_test.clj:6):
; expected:
[]
; actual:
nil
; FAIL in anagram-test/word-is-not-own-anagram (anagram_test.clj:35):
; expected:
[]
; actual:
nil
; 9 tests finished, problems found. ðŸ˜­ errors: 0, failures: 9, ns: 1, vars: 9
cljêž‰anagramêž‰>Â 
; Evaluating file: anagram.clj
; Syntax error (ArityException) compiling at (anagram.clj:8:1).
; Wrong number of args (1) passed to: clojure.core/for
; Evaluation of file anagram.clj failed: class clojure.lang.Compiler$CompilerException
; Evaluating file: anagram.clj
; Syntax error (ArityException) compiling at (anagram.clj:8:1).
; Wrong number of args (1) passed to: clojure.core/for
; Evaluation of file anagram.clj failed: class clojure.lang.Compiler$CompilerException
; Evaluating file: anagram.clj
; Syntax error (ArityException) compiling at (anagram.clj:8:1).
; Wrong number of args (1) passed to: clojure.core/for
; Evaluation of file anagram.clj failed: class clojure.lang.Compiler$CompilerException
; Evaluating file: anagram.clj
; Syntax error (ArityException) compiling at (anagram.clj:8:1).
; Wrong number of args (1) passed to: clojure.core/for
; Evaluation of file anagram.clj failed: class clojure.lang.Compiler$CompilerException
; Evaluating file: anagram.clj
; Syntax error (ArityException) compiling at (anagram.clj:8:1).
; Wrong number of args (1) passed to: clojure.core/for
; Evaluation of file anagram.clj failed: class clojure.lang.Compiler$CompilerException
; Evaluating file: anagram.clj
; Syntax error (ArityException) compiling at (anagram.clj:8:1).
; Wrong number of args (1) passed to: clojure.core/for
; Evaluation of file anagram.clj failed: class clojure.lang.Compiler$CompilerException
; Evaluating file: anagram.clj
; Syntax error (ArityException) compiling at (anagram.clj:8:1).
; Wrong number of args (1) passed to: clojure.core/for
; Evaluation of file anagram.clj failed: class clojure.lang.Compiler$CompilerException
; Evaluating file: anagram.clj
; Syntax error (ArityException) compiling at (anagram.clj:8:1).
; Wrong number of args (1) passed to: clojure.core/for
; Evaluation of file anagram.clj failed: class clojure.lang.Compiler$CompilerException
; Evaluating file: anagram.clj
; Syntax error (ArityException) compiling at (anagram.clj:8:1).
; Wrong number of args (1) passed to: clojure.core/for
; Evaluation of file anagram.clj failed: class clojure.lang.Compiler$CompilerException
; Evaluating file: anagram.clj
; Syntax error (ArityException) compiling at (anagram.clj:8:1).
; Wrong number of args (1) passed to: clojure.core/for
; Evaluation of file anagram.clj failed: class clojure.lang.Compiler$CompilerException
; Evaluating file: anagram.clj
; Syntax error (ArityException) compiling at (anagram.clj:8:1).
; Wrong number of args (1) passed to: clojure.core/for
; Evaluation of file anagram.clj failed: class clojure.lang.Compiler$CompilerException
; Evaluating file: anagram.clj
; Syntax error (ArityException) compiling at (anagram.clj:8:1).
; Wrong number of args (1) passed to: clojure.core/for
; Evaluation of file anagram.clj failed: class clojure.lang.Compiler$CompilerException
; Evaluating file: anagram.clj
; Syntax error (ArityException) compiling at (anagram.clj:8:1).
; Wrong number of args (1) passed to: clojure.core/for
; Evaluation of file anagram.clj failed: class clojure.lang.Compiler$CompilerException
; Evaluating file: anagram.clj
(() () () () () () () () () () () () () () () () () () () () () () () () () () () () () () () () () () () ())
; Running tests for anagram...
; FAIL in anagram-test/capital-word-is-not-own-anagram (anagram_test.clj:38):
; expected:
[]
; actual:
nil
; FAIL in anagram-test/case-insensitive-anagrams (anagram_test.clj:30):
; expected:
["Carthorse"]
; actual:
nil
; FAIL in anagram-test/detect-anagram (anagram_test.clj:19):
; expected:
["inlets"]
; actual:
nil
; FAIL in anagram-test/detect-simple-anagram (anagram_test.clj:10):
; expected:
["tan"]
; actual:
nil
; FAIL in anagram-test/does-not-confuse-different-duplicates (anagram_test.clj:13):
; expected:
[]
; actual:
nil
; FAIL in anagram-test/eliminate-anagram-subsets (anagram_test.clj:16):
; expected:
[]
; actual:
nil
; FAIL in anagram-test/multiple-anagrams (anagram_test.clj:24):
; expected:
["gallery" "regally" "largely"]
; actual:
nil
; FAIL in anagram-test/no-matches (anagram_test.clj:6):
; expected:
[]
; actual:
nil
; FAIL in anagram-test/word-is-not-own-anagram (anagram_test.clj:35):
; expected:
[]
; actual:
nil
; 9 tests finished, problems found. ðŸ˜­ errors: 0, failures: 9, ns: 1, vars: 9
cljêž‰anagramêž‰>Â 
; Evaluating file: anagram.clj
(true true true true true true true true true true true true true true true true true true true true true true true true true true true true true true true true true true true true)
; Running tests for anagram...
; FAIL in anagram-test/capital-word-is-not-own-anagram (anagram_test.clj:38):
; expected:
[]
; actual:
nil
; FAIL in anagram-test/case-insensitive-anagrams (anagram_test.clj:30):
; expected:
["Carthorse"]
; actual:
nil
; FAIL in anagram-test/detect-anagram (anagram_test.clj:19):
; expected:
["inlets"]
; actual:
nil
; FAIL in anagram-test/detect-simple-anagram (anagram_test.clj:10):
; expected:
["tan"]
; actual:
nil
; FAIL in anagram-test/does-not-confuse-different-duplicates (anagram_test.clj:13):
; expected:
[]
; actual:
nil
; FAIL in anagram-test/eliminate-anagram-subsets (anagram_test.clj:16):
; expected:
[]
; actual:
nil
; FAIL in anagram-test/multiple-anagrams (anagram_test.clj:24):
; expected:
["gallery" "regally" "largely"]
; actual:
nil
; FAIL in anagram-test/no-matches (anagram_test.clj:6):
; expected:
[]
; actual:
nil
; FAIL in anagram-test/word-is-not-own-anagram (anagram_test.clj:35):
; expected:
[]
; actual:
nil
; 9 tests finished, problems found. ðŸ˜­ errors: 0, failures: 9, ns: 1, vars: 9
cljêž‰anagramêž‰>Â 
; Evaluating file: anagram.clj
(false false true false false false false false false true false false false false false false true false false false false false false true true false false false false false false true false false false false)
; Running tests for anagram...
; FAIL in anagram-test/capital-word-is-not-own-anagram (anagram_test.clj:38):
; expected:
[]
; actual:
nil
; FAIL in anagram-test/case-insensitive-anagrams (anagram_test.clj:30):
; expected:
["Carthorse"]
; actual:
nil
; FAIL in anagram-test/detect-anagram (anagram_test.clj:19):
; expected:
["inlets"]
; actual:
nil
; FAIL in anagram-test/detect-simple-anagram (anagram_test.clj:10):
; expected:
["tan"]
; actual:
nil
; FAIL in anagram-test/does-not-confuse-different-duplicates (anagram_test.clj:13):
; expected:
[]
; actual:
nil
; FAIL in anagram-test/eliminate-anagram-subsets (anagram_test.clj:16):
; expected:
[]
; actual:
nil
; FAIL in anagram-test/multiple-anagrams (anagram_test.clj:24):
; expected:
["gallery" "regally" "largely"]
; actual:
nil
; FAIL in anagram-test/no-matches (anagram_test.clj:6):
; expected:
[]
; actual:
nil
; FAIL in anagram-test/word-is-not-own-anagram (anagram_test.clj:35):
; expected:
[]
; actual:
nil
; 9 tests finished, problems found. ðŸ˜­ errors: 0, failures: 9, ns: 1, vars: 9
cljêž‰anagramêž‰>Â 
(false
 false
 true
 false
 false
 false
 false
 false
 false
 true
 false
 false
 false
 false
 false
 false
 true
 false
 false
 false
 false
 false
 false
 true
 true
 false
 false
 false
 false
 false
 false
 true
 false
 false
 false
 false)
cljêž‰anagramêž‰>Â 
; Evaluating file: anagram.clj
(2 3)
; Running tests for anagram...
; FAIL in anagram-test/capital-word-is-not-own-anagram (anagram_test.clj:38):
; expected:
[]
; actual:
nil
; FAIL in anagram-test/case-insensitive-anagrams (anagram_test.clj:30):
; expected:
["Carthorse"]
; actual:
nil
; FAIL in anagram-test/detect-anagram (anagram_test.clj:19):
; expected:
["inlets"]
; actual:
nil
; FAIL in anagram-test/detect-simple-anagram (anagram_test.clj:10):
; expected:
["tan"]
; actual:
nil
; FAIL in anagram-test/does-not-confuse-different-duplicates (anagram_test.clj:13):
; expected:
[]
; actual:
nil
; FAIL in anagram-test/eliminate-anagram-subsets (anagram_test.clj:16):
; expected:
[]
; actual:
nil
; FAIL in anagram-test/multiple-anagrams (anagram_test.clj:24):
; expected:
["gallery" "regally" "largely"]
; actual:
nil
; FAIL in anagram-test/no-matches (anagram_test.clj:6):
; expected:
[]
; actual:
nil
; FAIL in anagram-test/word-is-not-own-anagram (anagram_test.clj:35):
; expected:
[]
; actual:
nil
; 9 tests finished, problems found. ðŸ˜­ errors: 0, failures: 9, ns: 1, vars: 9
cljêž‰anagramêž‰>Â 
; Evaluating file: anagram.clj
; Syntax error compiling at (anagram.clj:6:7).
; Unable to resolve symbol: ? in this context
; Evaluation of file anagram.clj failed: class clojure.lang.Compiler$CompilerException
; Evaluating file: anagram.clj
(2 3)
; Running tests for anagram...
; FAIL in anagram-test/capital-word-is-not-own-anagram (anagram_test.clj:38):
; expected:
[]
; actual:
nil
; FAIL in anagram-test/case-insensitive-anagrams (anagram_test.clj:30):
; expected:
["Carthorse"]
; actual:
nil
; FAIL in anagram-test/detect-anagram (anagram_test.clj:19):
; expected:
["inlets"]
; actual:
nil
; FAIL in anagram-test/detect-simple-anagram (anagram_test.clj:10):
; expected:
["tan"]
; actual:
nil
; FAIL in anagram-test/does-not-confuse-different-duplicates (anagram_test.clj:13):
; expected:
[]
; actual:
nil
; FAIL in anagram-test/eliminate-anagram-subsets (anagram_test.clj:16):
; expected:
[]
; actual:
nil
; FAIL in anagram-test/multiple-anagrams (anagram_test.clj:24):
; expected:
["gallery" "regally" "largely"]
; actual:
nil
; FAIL in anagram-test/no-matches (anagram_test.clj:6):
; expected:
[]
; actual:
nil
; FAIL in anagram-test/word-is-not-own-anagram (anagram_test.clj:35):
; expected:
[]
; actual:
nil
; 9 tests finished, problems found. ðŸ˜­ errors: 0, failures: 9, ns: 1, vars: 9
cljêž‰anagramêž‰>Â 
; Evaluating file: anagram.clj
(2 3)
; Running tests for anagram...
; FAIL in anagram-test/capital-word-is-not-own-anagram (anagram_test.clj:38):
; expected:
[]
; actual:
nil
; FAIL in anagram-test/case-insensitive-anagrams (anagram_test.clj:30):
; expected:
["Carthorse"]
; actual:
nil
; FAIL in anagram-test/detect-anagram (anagram_test.clj:19):
; expected:
["inlets"]
; actual:
nil
; FAIL in anagram-test/detect-simple-anagram (anagram_test.clj:10):
; expected:
["tan"]
; actual:
nil
; FAIL in anagram-test/does-not-confuse-different-duplicates (anagram_test.clj:13):
; expected:
[]
; actual:
nil
; FAIL in anagram-test/eliminate-anagram-subsets (anagram_test.clj:16):
; expected:
[]
; actual:
nil
; FAIL in anagram-test/multiple-anagrams (anagram_test.clj:24):
; expected:
["gallery" "regally" "largely"]
; actual:
nil
; FAIL in anagram-test/no-matches (anagram_test.clj:6):
; expected:
[]
; actual:
nil
; FAIL in anagram-test/word-is-not-own-anagram (anagram_test.clj:35):
; expected:
[]
; actual:
nil
; 9 tests finished, problems found. ðŸ˜­ errors: 0, failures: 9, ns: 1, vars: 9
cljêž‰anagramêž‰>Â 
; Evaluating file: anagram.clj
(2 3)
; Running tests for anagram...
; FAIL in anagram-test/capital-word-is-not-own-anagram (anagram_test.clj:38):
; expected:
[]
; actual:
nil
; FAIL in anagram-test/case-insensitive-anagrams (anagram_test.clj:30):
; expected:
["Carthorse"]
; actual:
nil
; FAIL in anagram-test/detect-anagram (anagram_test.clj:19):
; expected:
["inlets"]
; actual:
nil
; FAIL in anagram-test/detect-simple-anagram (anagram_test.clj:10):
; expected:
["tan"]
; actual:
nil
; FAIL in anagram-test/does-not-confuse-different-duplicates (anagram_test.clj:13):
; expected:
[]
; actual:
nil
; FAIL in anagram-test/eliminate-anagram-subsets (anagram_test.clj:16):
; expected:
[]
; actual:
nil
; FAIL in anagram-test/multiple-anagrams (anagram_test.clj:24):
; expected:
["gallery" "regally" "largely"]
; actual:
nil
; FAIL in anagram-test/no-matches (anagram_test.clj:6):
; expected:
[]
; actual:
nil
; FAIL in anagram-test/word-is-not-own-anagram (anagram_test.clj:35):
; expected:
[]
; actual:
nil
; 9 tests finished, problems found. ðŸ˜­ errors: 0, failures: 9, ns: 1, vars: 9
cljêž‰anagramêž‰>Â 
; Evaluating file: anagram.clj
; Syntax error compiling at (anagram.clj:6:13).
; Unable to resolve symbol: comp% in this context
; Evaluation of file anagram.clj failed: class clojure.lang.Compiler$CompilerException
; Evaluating file: anagram.clj
(2 3)
; Running tests for anagram...
; FAIL in anagram-test/capital-word-is-not-own-anagram (anagram_test.clj:38):
; expected:
[]
; actual:
nil
; FAIL in anagram-test/case-insensitive-anagrams (anagram_test.clj:30):
; expected:
["Carthorse"]
; actual:
nil
; FAIL in anagram-test/detect-anagram (anagram_test.clj:19):
; expected:
["inlets"]
; actual:
nil
; FAIL in anagram-test/detect-simple-anagram (anagram_test.clj:10):
; expected:
["tan"]
; actual:
nil
; FAIL in anagram-test/does-not-confuse-different-duplicates (anagram_test.clj:13):
; expected:
[]
; actual:
nil
; FAIL in anagram-test/eliminate-anagram-subsets (anagram_test.clj:16):
; expected:
[]
; actual:
nil
; FAIL in anagram-test/multiple-anagrams (anagram_test.clj:24):
; expected:
["gallery" "regally" "largely"]
; actual:
nil
; FAIL in anagram-test/no-matches (anagram_test.clj:6):
; expected:
[]
; actual:
nil
; FAIL in anagram-test/word-is-not-own-anagram (anagram_test.clj:35):
; expected:
[]
; actual:
nil
; 9 tests finished, problems found. ðŸ˜­ errors: 0, failures: 9, ns: 1, vars: 9
cljêž‰anagramêž‰>Â 
; Evaluating file: anagram.clj
(2 3)
; Running tests for anagram...
; FAIL in anagram-test/capital-word-is-not-own-anagram (anagram_test.clj:38):
; expected:
[]
; actual:
nil
; FAIL in anagram-test/case-insensitive-anagrams (anagram_test.clj:30):
; expected:
["Carthorse"]
; actual:
nil
; FAIL in anagram-test/detect-anagram (anagram_test.clj:19):
; expected:
["inlets"]
; actual:
nil
; FAIL in anagram-test/detect-simple-anagram (anagram_test.clj:10):
; expected:
["tan"]
; actual:
nil
; FAIL in anagram-test/does-not-confuse-different-duplicates (anagram_test.clj:13):
; expected:
[]
; actual:
nil
; FAIL in anagram-test/eliminate-anagram-subsets (anagram_test.clj:16):
; expected:
[]
; actual:
nil
; FAIL in anagram-test/multiple-anagrams (anagram_test.clj:24):
; expected:
["gallery" "regally" "largely"]
; actual:
nil
; FAIL in anagram-test/no-matches (anagram_test.clj:6):
; expected:
[]
; actual:
nil
; FAIL in anagram-test/word-is-not-own-anagram (anagram_test.clj:35):
; expected:
[]
; actual:
nil
; 9 tests finished, problems found. ðŸ˜­ errors: 0, failures: 9, ns: 1, vars: 9
cljêž‰anagramêž‰>Â 
; Evaluating file: anagram.clj
(2 3)
; Running tests for anagram...
; FAIL in anagram-test/capital-word-is-not-own-anagram (anagram_test.clj:38):
; expected:
[]
; actual:
nil
; FAIL in anagram-test/case-insensitive-anagrams (anagram_test.clj:30):
; expected:
["Carthorse"]
; actual:
nil
; FAIL in anagram-test/detect-anagram (anagram_test.clj:19):
; expected:
["inlets"]
; actual:
nil
; FAIL in anagram-test/detect-simple-anagram (anagram_test.clj:10):
; expected:
["tan"]
; actual:
nil
; FAIL in anagram-test/does-not-confuse-different-duplicates (anagram_test.clj:13):
; expected:
[]
; actual:
nil
; FAIL in anagram-test/eliminate-anagram-subsets (anagram_test.clj:16):
; expected:
[]
; actual:
nil
; FAIL in anagram-test/multiple-anagrams (anagram_test.clj:24):
; expected:
["gallery" "regally" "largely"]
; actual:
nil
; FAIL in anagram-test/no-matches (anagram_test.clj:6):
; expected:
[]
; actual:
nil
; FAIL in anagram-test/word-is-not-own-anagram (anagram_test.clj:35):
; expected:
[]
; actual:
nil
; 9 tests finished, problems found. ðŸ˜­ errors: 0, failures: 9, ns: 1, vars: 9
cljêž‰anagramêž‰>Â 
; Evaluating file: anagram.clj
(2 3)
; Running tests for anagram...
; FAIL in anagram-test/capital-word-is-not-own-anagram (anagram_test.clj:38):
; expected:
[]
; actual:
nil
; FAIL in anagram-test/case-insensitive-anagrams (anagram_test.clj:30):
; expected:
["Carthorse"]
; actual:
nil
; FAIL in anagram-test/detect-anagram (anagram_test.clj:19):
; expected:
["inlets"]
; actual:
nil
; FAIL in anagram-test/detect-simple-anagram (anagram_test.clj:10):
; expected:
["tan"]
; actual:
nil
; FAIL in anagram-test/does-not-confuse-different-duplicates (anagram_test.clj:13):
; expected:
[]
; actual:
nil
; FAIL in anagram-test/eliminate-anagram-subsets (anagram_test.clj:16):
; expected:
[]
; actual:
nil
; FAIL in anagram-test/multiple-anagrams (anagram_test.clj:24):
; expected:
["gallery" "regally" "largely"]
; actual:
nil
; FAIL in anagram-test/no-matches (anagram_test.clj:6):
; expected:
[]
; actual:
nil
; FAIL in anagram-test/word-is-not-own-anagram (anagram_test.clj:35):
; expected:
[]
; actual:
nil
; 9 tests finished, problems found. ðŸ˜­ errors: 0, failures: 9, ns: 1, vars: 9
cljêž‰anagramêž‰>Â 
; Evaluating file: anagram.clj
(2 3)
; Running tests for anagram...
; FAIL in anagram-test/capital-word-is-not-own-anagram (anagram_test.clj:38):
; expected:
[]
; actual:
nil
; FAIL in anagram-test/case-insensitive-anagrams (anagram_test.clj:30):
; expected:
["Carthorse"]
; actual:
nil
; FAIL in anagram-test/detect-anagram (anagram_test.clj:19):
; expected:
["inlets"]
; actual:
nil
; FAIL in anagram-test/detect-simple-anagram (anagram_test.clj:10):
; expected:
["tan"]
; actual:
nil
; FAIL in anagram-test/does-not-confuse-different-duplicates (anagram_test.clj:13):
; expected:
[]
; actual:
nil
; FAIL in anagram-test/eliminate-anagram-subsets (anagram_test.clj:16):
; expected:
[]
; actual:
nil
; FAIL in anagram-test/multiple-anagrams (anagram_test.clj:24):
; expected:
["gallery" "regally" "largely"]
; actual:
nil
; FAIL in anagram-test/no-matches (anagram_test.clj:6):
; expected:
[]
; actual:
nil
; FAIL in anagram-test/word-is-not-own-anagram (anagram_test.clj:35):
; expected:
[]
; actual:
nil
; 9 tests finished, problems found. ðŸ˜­ errors: 0, failures: 9, ns: 1, vars: 9
cljêž‰anagramêž‰>Â 
; Error printing return value (ClassCastException) at clojure.lang.Numbers/add (Numbers.java:153).
; class java.lang.Character cannot be cast to class java.lang.Number (java.lang.Character and java.lang.Number are in module java.base of loader 'bootstrap')
cljêž‰anagramêž‰>Â 
; Evaluating file: anagram.clj
(2 3)
; Running tests for anagram...
; FAIL in anagram-test/capital-word-is-not-own-anagram (anagram_test.clj:38):
; expected:
[]
; actual:
nil
; FAIL in anagram-test/case-insensitive-anagrams (anagram_test.clj:30):
; expected:
["Carthorse"]
; actual:
nil
; FAIL in anagram-test/detect-anagram (anagram_test.clj:19):
; expected:
["inlets"]
; actual:
nil
; FAIL in anagram-test/detect-simple-anagram (anagram_test.clj:10):
; expected:
["tan"]
; actual:
nil
; FAIL in anagram-test/does-not-confuse-different-duplicates (anagram_test.clj:13):
; expected:
[]
; actual:
nil
; FAIL in anagram-test/eliminate-anagram-subsets (anagram_test.clj:16):
; expected:
[]
; actual:
nil
; FAIL in anagram-test/multiple-anagrams (anagram_test.clj:24):
; expected:
["gallery" "regally" "largely"]
; actual:
nil
; FAIL in anagram-test/no-matches (anagram_test.clj:6):
; expected:
[]
; actual:
nil
; FAIL in anagram-test/word-is-not-own-anagram (anagram_test.clj:35):
; expected:
[]
; actual:
nil
; 9 tests finished, problems found. ðŸ˜­ errors: 0, failures: 9, ns: 1, vars: 9
cljêž‰anagramêž‰>Â 
(true true true true true true)
cljêž‰anagramêž‰>Â 
; Evaluating file: anagram.clj
(2 3)
; Running tests for anagram...
; FAIL in anagram-test/capital-word-is-not-own-anagram (anagram_test.clj:38):
; expected:
[]
; actual:
nil
; FAIL in anagram-test/case-insensitive-anagrams (anagram_test.clj:30):
; expected:
["Carthorse"]
; actual:
nil
; FAIL in anagram-test/detect-anagram (anagram_test.clj:19):
; expected:
["inlets"]
; actual:
nil
; FAIL in anagram-test/detect-simple-anagram (anagram_test.clj:10):
; expected:
["tan"]
; actual:
nil
; FAIL in anagram-test/does-not-confuse-different-duplicates (anagram_test.clj:13):
; expected:
[]
; actual:
nil
; FAIL in anagram-test/eliminate-anagram-subsets (anagram_test.clj:16):
; expected:
[]
; actual:
nil
; FAIL in anagram-test/multiple-anagrams (anagram_test.clj:24):
; expected:
["gallery" "regally" "largely"]
; actual:
nil
; FAIL in anagram-test/no-matches (anagram_test.clj:6):
; expected:
[]
; actual:
nil
; FAIL in anagram-test/word-is-not-own-anagram (anagram_test.clj:35):
; expected:
[]
; actual:
nil
; 9 tests finished, problems found. ðŸ˜­ errors: 0, failures: 9, ns: 1, vars: 9
cljêž‰anagramêž‰>Â 
(true true nil true true true)
cljêž‰anagramêž‰>Â 
; Evaluating file: anagram.clj
(2 3)
; Running tests for anagram...
; FAIL in anagram-test/capital-word-is-not-own-anagram (anagram_test.clj:38):
; expected:
[]
; actual:
nil
; FAIL in anagram-test/case-insensitive-anagrams (anagram_test.clj:30):
; expected:
["Carthorse"]
; actual:
nil
; FAIL in anagram-test/detect-anagram (anagram_test.clj:19):
; expected:
["inlets"]
; actual:
nil
; FAIL in anagram-test/detect-simple-anagram (anagram_test.clj:10):
; expected:
["tan"]
; actual:
nil
; FAIL in anagram-test/does-not-confuse-different-duplicates (anagram_test.clj:13):
; expected:
[]
; actual:
nil
; FAIL in anagram-test/eliminate-anagram-subsets (anagram_test.clj:16):
; expected:
[]
; actual:
nil
; FAIL in anagram-test/multiple-anagrams (anagram_test.clj:24):
; expected:
["gallery" "regally" "largely"]
; actual:
nil
; FAIL in anagram-test/no-matches (anagram_test.clj:6):
; expected:
[]
; actual:
nil
; FAIL in anagram-test/word-is-not-own-anagram (anagram_test.clj:35):
; expected:
[]
; actual:
nil
; 9 tests finished, problems found. ðŸ˜­ errors: 0, failures: 9, ns: 1, vars: 9
cljêž‰anagramêž‰>Â 
(true true true true true true)
cljêž‰anagramêž‰>Â 
; Evaluating file: anagram.clj
(2 3)
; Running tests for anagram...
; FAIL in anagram-test/capital-word-is-not-own-anagram (anagram_test.clj:38):
; expected:
[]
; actual:
nil
; FAIL in anagram-test/case-insensitive-anagrams (anagram_test.clj:30):
; expected:
["Carthorse"]
; actual:
nil
; FAIL in anagram-test/detect-anagram (anagram_test.clj:19):
; expected:
["inlets"]
; actual:
nil
; FAIL in anagram-test/detect-simple-anagram (anagram_test.clj:10):
; expected:
["tan"]
; actual:
nil
; FAIL in anagram-test/does-not-confuse-different-duplicates (anagram_test.clj:13):
; expected:
[]
; actual:
nil
; FAIL in anagram-test/eliminate-anagram-subsets (anagram_test.clj:16):
; expected:
[]
; actual:
nil
; FAIL in anagram-test/multiple-anagrams (anagram_test.clj:24):
; expected:
["gallery" "regally" "largely"]
; actual:
nil
; FAIL in anagram-test/no-matches (anagram_test.clj:6):
; expected:
[]
; actual:
nil
; FAIL in anagram-test/word-is-not-own-anagram (anagram_test.clj:35):
; expected:
[]
; actual:
nil
; 9 tests finished, problems found. ðŸ˜­ errors: 0, failures: 9, ns: 1, vars: 9
cljêž‰anagramêž‰>Â 
(true true true true true true)
cljêž‰anagramêž‰>Â 
; Evaluating file: anagram.clj
(2 3)
; Running tests for anagram...
; FAIL in anagram-test/capital-word-is-not-own-anagram (anagram_test.clj:38):
; expected:
[]
; actual:
nil
; FAIL in anagram-test/case-insensitive-anagrams (anagram_test.clj:30):
; expected:
["Carthorse"]
; actual:
nil
; FAIL in anagram-test/detect-anagram (anagram_test.clj:19):
; expected:
["inlets"]
; actual:
nil
; FAIL in anagram-test/detect-simple-anagram (anagram_test.clj:10):
; expected:
["tan"]
; actual:
nil
; FAIL in anagram-test/does-not-confuse-different-duplicates (anagram_test.clj:13):
; expected:
[]
; actual:
nil
; FAIL in anagram-test/eliminate-anagram-subsets (anagram_test.clj:16):
; expected:
[]
; actual:
nil
; FAIL in anagram-test/multiple-anagrams (anagram_test.clj:24):
; expected:
["gallery" "regally" "largely"]
; actual:
nil
; FAIL in anagram-test/no-matches (anagram_test.clj:6):
; expected:
[]
; actual:
nil
; FAIL in anagram-test/word-is-not-own-anagram (anagram_test.clj:35):
; expected:
[]
; actual:
nil
; 9 tests finished, problems found. ðŸ˜­ errors: 0, failures: 9, ns: 1, vars: 9
cljêž‰anagramêž‰>Â 
; Evaluating file: anagram.clj
(2 3)
; Running tests for anagram...
; FAIL in anagram-test/capital-word-is-not-own-anagram (anagram_test.clj:38):
; expected:
[]
; actual:
nil
; FAIL in anagram-test/case-insensitive-anagrams (anagram_test.clj:30):
; expected:
["Carthorse"]
; actual:
nil
; FAIL in anagram-test/detect-anagram (anagram_test.clj:19):
; expected:
["inlets"]
; actual:
nil
; FAIL in anagram-test/detect-simple-anagram (anagram_test.clj:10):
; expected:
["tan"]
; actual:
nil
; FAIL in anagram-test/does-not-confuse-different-duplicates (anagram_test.clj:13):
; expected:
[]
; actual:
nil
; FAIL in anagram-test/eliminate-anagram-subsets (anagram_test.clj:16):
; expected:
[]
; actual:
nil
; FAIL in anagram-test/multiple-anagrams (anagram_test.clj:24):
; expected:
["gallery" "regally" "largely"]
; actual:
nil
; FAIL in anagram-test/no-matches (anagram_test.clj:6):
; expected:
[]
; actual:
nil
; FAIL in anagram-test/word-is-not-own-anagram (anagram_test.clj:35):
; expected:
[]
; actual:
nil
; 9 tests finished, problems found. ðŸ˜­ errors: 0, failures: 9, ns: 1, vars: 9
cljêž‰anagramêž‰>Â 
(true true true true true true true)
cljêž‰anagramêž‰>Â 
; Evaluating file: anagram.clj
(2 3)
; Running tests for anagram...
; FAIL in anagram-test/capital-word-is-not-own-anagram (anagram_test.clj:38):
; expected:
[]
; actual:
nil
; FAIL in anagram-test/case-insensitive-anagrams (anagram_test.clj:30):
; expected:
["Carthorse"]
; actual:
nil
; FAIL in anagram-test/detect-anagram (anagram_test.clj:19):
; expected:
["inlets"]
; actual:
nil
; FAIL in anagram-test/detect-simple-anagram (anagram_test.clj:10):
; expected:
["tan"]
; actual:
nil
; FAIL in anagram-test/does-not-confuse-different-duplicates (anagram_test.clj:13):
; expected:
[]
; actual:
nil
; FAIL in anagram-test/eliminate-anagram-subsets (anagram_test.clj:16):
; expected:
[]
; actual:
nil
; FAIL in anagram-test/multiple-anagrams (anagram_test.clj:24):
; expected:
["gallery" "regally" "largely"]
; actual:
nil
; FAIL in anagram-test/no-matches (anagram_test.clj:6):
; expected:
[]
; actual:
nil
; FAIL in anagram-test/word-is-not-own-anagram (anagram_test.clj:35):
; expected:
[]
; actual:
nil
; 9 tests finished, problems found. ðŸ˜­ errors: 0, failures: 9, ns: 1, vars: 9
cljêž‰anagramêž‰>Â 
; Evaluating file: anagram.clj
()
; Running tests for anagram...
; FAIL in anagram-test/capital-word-is-not-own-anagram (anagram_test.clj:38):
; expected:
[]
; actual:
nil
; FAIL in anagram-test/case-insensitive-anagrams (anagram_test.clj:30):
; expected:
["Carthorse"]
; actual:
nil
; FAIL in anagram-test/detect-anagram (anagram_test.clj:19):
; expected:
["inlets"]
; actual:
nil
; FAIL in anagram-test/detect-simple-anagram (anagram_test.clj:10):
; expected:
["tan"]
; actual:
nil
; FAIL in anagram-test/does-not-confuse-different-duplicates (anagram_test.clj:13):
; expected:
[]
; actual:
nil
; FAIL in anagram-test/eliminate-anagram-subsets (anagram_test.clj:16):
; expected:
[]
; actual:
nil
; FAIL in anagram-test/multiple-anagrams (anagram_test.clj:24):
; expected:
["gallery" "regally" "largely"]
; actual:
nil
; FAIL in anagram-test/no-matches (anagram_test.clj:6):
; expected:
[]
; actual:
nil
; FAIL in anagram-test/word-is-not-own-anagram (anagram_test.clj:35):
; expected:
[]
; actual:
nil
; 9 tests finished, problems found. ðŸ˜­ errors: 0, failures: 9, ns: 1, vars: 9
cljêž‰anagramêž‰>Â 
; Evaluating file: anagram.clj
; Syntax error (ArityException) compiling at (anagram.clj:8:1).
; Wrong number of args (0) passed to: clojure.core/juxt
; Evaluation of file anagram.clj failed: class clojure.lang.Compiler$CompilerException
; Evaluating file: anagram.clj
; Syntax error (ArityException) compiling at (anagram.clj:8:1).
; Wrong number of args (0) passed to: clojure.core/juxt
; Evaluation of file anagram.clj failed: class clojure.lang.Compiler$CompilerException
; Evaluating file: anagram.clj
()
; Running tests for anagram...
; FAIL in anagram-test/capital-word-is-not-own-anagram (anagram_test.clj:38):
; expected:
[]
; actual:
nil
; FAIL in anagram-test/case-insensitive-anagrams (anagram_test.clj:30):
; expected:
["Carthorse"]
; actual:
nil
; FAIL in anagram-test/detect-anagram (anagram_test.clj:19):
; expected:
["inlets"]
; actual:
nil
; FAIL in anagram-test/detect-simple-anagram (anagram_test.clj:10):
; expected:
["tan"]
; actual:
nil
; FAIL in anagram-test/does-not-confuse-different-duplicates (anagram_test.clj:13):
; expected:
[]
; actual:
nil
; FAIL in anagram-test/eliminate-anagram-subsets (anagram_test.clj:16):
; expected:
[]
; actual:
nil
; FAIL in anagram-test/multiple-anagrams (anagram_test.clj:24):
; expected:
["gallery" "regally" "largely"]
; actual:
nil
; FAIL in anagram-test/no-matches (anagram_test.clj:6):
; expected:
[]
; actual:
nil
; FAIL in anagram-test/word-is-not-own-anagram (anagram_test.clj:35):
; expected:
[]
; actual:
nil
; 9 tests finished, problems found. ðŸ˜­ errors: 0, failures: 9, ns: 1, vars: 9
cljêž‰anagramêž‰>Â 
; Evaluating file: anagram.clj
(\e \i \l \n \s \t)
; Running tests for anagram...
; FAIL in anagram-test/capital-word-is-not-own-anagram (anagram_test.clj:38):
; expected:
[]
; actual:
nil
; FAIL in anagram-test/case-insensitive-anagrams (anagram_test.clj:30):
; expected:
["Carthorse"]
; actual:
nil
; FAIL in anagram-test/detect-anagram (anagram_test.clj:19):
; expected:
["inlets"]
; actual:
nil
; FAIL in anagram-test/detect-simple-anagram (anagram_test.clj:10):
; expected:
["tan"]
; actual:
nil
; FAIL in anagram-test/does-not-confuse-different-duplicates (anagram_test.clj:13):
; expected:
[]
; actual:
nil
; FAIL in anagram-test/eliminate-anagram-subsets (anagram_test.clj:16):
; expected:
[]
; actual:
nil
; FAIL in anagram-test/multiple-anagrams (anagram_test.clj:24):
; expected:
["gallery" "regally" "largely"]
; actual:
nil
; FAIL in anagram-test/no-matches (anagram_test.clj:6):
; expected:
[]
; actual:
nil
; FAIL in anagram-test/word-is-not-own-anagram (anagram_test.clj:35):
; expected:
[]
; actual:
nil
; 9 tests finished, problems found. ðŸ˜­ errors: 0, failures: 9, ns: 1, vars: 9
cljêž‰anagramêž‰>Â 
; Evaluating file: anagram.clj
(\e \i \l \n \s \t)
; Running tests for anagram...
; FAIL in anagram-test/capital-word-is-not-own-anagram (anagram_test.clj:38):
; expected:
[]
; actual:
nil
; FAIL in anagram-test/case-insensitive-anagrams (anagram_test.clj:30):
; expected:
["Carthorse"]
; actual:
nil
; FAIL in anagram-test/detect-anagram (anagram_test.clj:19):
; expected:
["inlets"]
; actual:
nil
; FAIL in anagram-test/detect-simple-anagram (anagram_test.clj:10):
; expected:
["tan"]
; actual:
nil
; FAIL in anagram-test/does-not-confuse-different-duplicates (anagram_test.clj:13):
; expected:
[]
; actual:
nil
; FAIL in anagram-test/eliminate-anagram-subsets (anagram_test.clj:16):
; expected:
[]
; actual:
nil
; FAIL in anagram-test/multiple-anagrams (anagram_test.clj:24):
; expected:
["gallery" "regally" "largely"]
; actual:
nil
; FAIL in anagram-test/no-matches (anagram_test.clj:6):
; expected:
[]
; actual:
nil
; FAIL in anagram-test/word-is-not-own-anagram (anagram_test.clj:35):
; expected:
[]
; actual:
nil
; 9 tests finished, problems found. ðŸ˜­ errors: 0, failures: 9, ns: 1, vars: 9
cljêž‰anagramêž‰>Â 
; Evaluating file: anagram.clj
(\e \i \l \n \s \t)
; Running tests for anagram...
; FAIL in anagram-test/capital-word-is-not-own-anagram (anagram_test.clj:38):
; expected:
[]
; actual:
nil
; FAIL in anagram-test/case-insensitive-anagrams (anagram_test.clj:30):
; expected:
["Carthorse"]
; actual:
nil
; FAIL in anagram-test/detect-anagram (anagram_test.clj:19):
; expected:
["inlets"]
; actual:
nil
; FAIL in anagram-test/detect-simple-anagram (anagram_test.clj:10):
; expected:
["tan"]
; actual:
nil
; FAIL in anagram-test/does-not-confuse-different-duplicates (anagram_test.clj:13):
; expected:
[]
; actual:
nil
; FAIL in anagram-test/eliminate-anagram-subsets (anagram_test.clj:16):
; expected:
[]
; actual:
nil
; FAIL in anagram-test/multiple-anagrams (anagram_test.clj:24):
; expected:
["gallery" "regally" "largely"]
; actual:
nil
; FAIL in anagram-test/no-matches (anagram_test.clj:6):
; expected:
[]
; actual:
nil
; FAIL in anagram-test/word-is-not-own-anagram (anagram_test.clj:35):
; expected:
[]
; actual:
nil
; 9 tests finished, problems found. ðŸ˜­ errors: 0, failures: 9, ns: 1, vars: 9
cljêž‰anagramêž‰>Â 
(\e \i \l \n \s \t)
cljêž‰anagramêž‰>Â 
; Evaluating file: anagram.clj
(\e \i \l \n \s \t)
; Running tests for anagram...
; FAIL in anagram-test/capital-word-is-not-own-anagram (anagram_test.clj:38):
; expected:
[]
; actual:
nil
; FAIL in anagram-test/case-insensitive-anagrams (anagram_test.clj:30):
; expected:
["Carthorse"]
; actual:
nil
; FAIL in anagram-test/detect-anagram (anagram_test.clj:19):
; expected:
["inlets"]
; actual:
nil
; FAIL in anagram-test/detect-simple-anagram (anagram_test.clj:10):
; expected:
["tan"]
; actual:
nil
; FAIL in anagram-test/does-not-confuse-different-duplicates (anagram_test.clj:13):
; expected:
[]
; actual:
nil
; FAIL in anagram-test/eliminate-anagram-subsets (anagram_test.clj:16):
; expected:
[]
; actual:
nil
; FAIL in anagram-test/multiple-anagrams (anagram_test.clj:24):
; expected:
["gallery" "regally" "largely"]
; actual:
nil
; FAIL in anagram-test/no-matches (anagram_test.clj:6):
; expected:
[]
; actual:
nil
; FAIL in anagram-test/word-is-not-own-anagram (anagram_test.clj:35):
; expected:
[]
; actual:
nil
; 9 tests finished, problems found. ðŸ˜­ errors: 0, failures: 9, ns: 1, vars: 9
cljêž‰anagramêž‰>Â 
; Evaluating file: anagram.clj
()
; Running tests for anagram...
; FAIL in anagram-test/capital-word-is-not-own-anagram (anagram_test.clj:38):
; expected:
[]
; actual:
nil
; FAIL in anagram-test/case-insensitive-anagrams (anagram_test.clj:30):
; expected:
["Carthorse"]
; actual:
nil
; FAIL in anagram-test/detect-anagram (anagram_test.clj:19):
; expected:
["inlets"]
; actual:
nil
; FAIL in anagram-test/detect-simple-anagram (anagram_test.clj:10):
; expected:
["tan"]
; actual:
nil
; FAIL in anagram-test/does-not-confuse-different-duplicates (anagram_test.clj:13):
; expected:
[]
; actual:
nil
; FAIL in anagram-test/eliminate-anagram-subsets (anagram_test.clj:16):
; expected:
[]
; actual:
nil
; FAIL in anagram-test/multiple-anagrams (anagram_test.clj:24):
; expected:
["gallery" "regally" "largely"]
; actual:
nil
; FAIL in anagram-test/no-matches (anagram_test.clj:6):
; expected:
[]
; actual:
nil
; FAIL in anagram-test/word-is-not-own-anagram (anagram_test.clj:35):
; expected:
[]
; actual:
nil
; 9 tests finished, problems found. ðŸ˜­ errors: 0, failures: 9, ns: 1, vars: 9
cljêž‰anagramêž‰>Â 
; Evaluating file: anagram.clj
(\e)
; Running tests for anagram...
; FAIL in anagram-test/capital-word-is-not-own-anagram (anagram_test.clj:38):
; expected:
[]
; actual:
nil
; FAIL in anagram-test/case-insensitive-anagrams (anagram_test.clj:30):
; expected:
["Carthorse"]
; actual:
nil
; FAIL in anagram-test/detect-anagram (anagram_test.clj:19):
; expected:
["inlets"]
; actual:
nil
; FAIL in anagram-test/detect-simple-anagram (anagram_test.clj:10):
; expected:
["tan"]
; actual:
nil
; FAIL in anagram-test/does-not-confuse-different-duplicates (anagram_test.clj:13):
; expected:
[]
; actual:
nil
; FAIL in anagram-test/eliminate-anagram-subsets (anagram_test.clj:16):
; expected:
[]
; actual:
nil
; FAIL in anagram-test/multiple-anagrams (anagram_test.clj:24):
; expected:
["gallery" "regally" "largely"]
; actual:
nil
; FAIL in anagram-test/no-matches (anagram_test.clj:6):
; expected:
[]
; actual:
nil
; FAIL in anagram-test/word-is-not-own-anagram (anagram_test.clj:35):
; expected:
[]
; actual:
nil
; 9 tests finished, problems found. ðŸ˜­ errors: 0, failures: 9, ns: 1, vars: 9
cljêž‰anagramêž‰>Â 
; Evaluating file: anagram.clj
(\e \i \l \n \s \s \t)
; Running tests for anagram...
; FAIL in anagram-test/capital-word-is-not-own-anagram (anagram_test.clj:38):
; expected:
[]
; actual:
nil
; FAIL in anagram-test/case-insensitive-anagrams (anagram_test.clj:30):
; expected:
["Carthorse"]
; actual:
nil
; FAIL in anagram-test/detect-anagram (anagram_test.clj:19):
; expected:
["inlets"]
; actual:
nil
; FAIL in anagram-test/detect-simple-anagram (anagram_test.clj:10):
; expected:
["tan"]
; actual:
nil
; FAIL in anagram-test/does-not-confuse-different-duplicates (anagram_test.clj:13):
; expected:
[]
; actual:
nil
; FAIL in anagram-test/eliminate-anagram-subsets (anagram_test.clj:16):
; expected:
[]
; actual:
nil
; FAIL in anagram-test/multiple-anagrams (anagram_test.clj:24):
; expected:
["gallery" "regally" "largely"]
; actual:
nil
; FAIL in anagram-test/no-matches (anagram_test.clj:6):
; expected:
[]
; actual:
nil
; FAIL in anagram-test/word-is-not-own-anagram (anagram_test.clj:35):
; expected:
[]
; actual:
nil
; 9 tests finished, problems found. ðŸ˜­ errors: 0, failures: 9, ns: 1, vars: 9
cljêž‰anagramêž‰>Â 
(\e \i \l \n \s \s \t)
cljêž‰anagramêž‰>Â 
(\e \i \l \n \s \t)
cljêž‰anagramêž‰>Â 
; Evaluating file: anagram.clj
(\i \n)
; Running tests for anagram...
; FAIL in anagram-test/capital-word-is-not-own-anagram (anagram_test.clj:38):
; expected:
[]
; actual:
nil
; FAIL in anagram-test/case-insensitive-anagrams (anagram_test.clj:30):
; expected:
["Carthorse"]
; actual:
nil
; FAIL in anagram-test/detect-anagram (anagram_test.clj:19):
; expected:
["inlets"]
; actual:
nil
; FAIL in anagram-test/detect-simple-anagram (anagram_test.clj:10):
; expected:
["tan"]
; actual:
nil
; FAIL in anagram-test/does-not-confuse-different-duplicates (anagram_test.clj:13):
; expected:
[]
; actual:
nil
; FAIL in anagram-test/eliminate-anagram-subsets (anagram_test.clj:16):
; expected:
[]
; actual:
nil
; FAIL in anagram-test/multiple-anagrams (anagram_test.clj:24):
; expected:
["gallery" "regally" "largely"]
; actual:
nil
; FAIL in anagram-test/no-matches (anagram_test.clj:6):
; expected:
[]
; actual:
nil
; FAIL in anagram-test/word-is-not-own-anagram (anagram_test.clj:35):
; expected:
[]
; actual:
nil
; 9 tests finished, problems found. ðŸ˜­ errors: 0, failures: 9, ns: 1, vars: 9
cljêž‰anagramêž‰>Â 
; Evaluating file: anagram.clj
(\e \i \l \n \s \t)
; Running tests for anagram...
; FAIL in anagram-test/capital-word-is-not-own-anagram (anagram_test.clj:38):
; expected:
[]
; actual:
nil
; FAIL in anagram-test/case-insensitive-anagrams (anagram_test.clj:30):
; expected:
["Carthorse"]
; actual:
nil
; FAIL in anagram-test/detect-anagram (anagram_test.clj:19):
; expected:
["inlets"]
; actual:
nil
; FAIL in anagram-test/detect-simple-anagram (anagram_test.clj:10):
; expected:
["tan"]
; actual:
nil
; FAIL in anagram-test/does-not-confuse-different-duplicates (anagram_test.clj:13):
; expected:
[]
; actual:
nil
; FAIL in anagram-test/eliminate-anagram-subsets (anagram_test.clj:16):
; expected:
[]
; actual:
nil
; FAIL in anagram-test/multiple-anagrams (anagram_test.clj:24):
; expected:
["gallery" "regally" "largely"]
; actual:
nil
; FAIL in anagram-test/no-matches (anagram_test.clj:6):
; expected:
[]
; actual:
nil
; FAIL in anagram-test/word-is-not-own-anagram (anagram_test.clj:35):
; expected:
[]
; actual:
nil
; 9 tests finished, problems found. ðŸ˜­ errors: 0, failures: 9, ns: 1, vars: 9
cljêž‰anagramêž‰>Â 
(\e \i \l \n \s \t)
cljêž‰anagramêž‰>Â 
(\e \i \l \n \s \t)
cljêž‰anagramêž‰>Â 
; Evaluating file: anagram.clj
; Syntax error compiling at (anagram.clj:3:1).
; Can't take value of a macro: #'clojure.core/let
; Evaluation of file anagram.clj failed: class clojure.lang.Compiler$CompilerException
; Evaluating file: anagram.clj
; Syntax error compiling at (anagram.clj:3:1).
; Can't take value of a macro: #'clojure.core/let
; Evaluation of file anagram.clj failed: class clojure.lang.Compiler$CompilerException
; Evaluating file: anagram.clj
; Syntax error compiling at (anagram.clj:3:1).
; Can't take value of a macro: #'clojure.core/let
; Evaluation of file anagram.clj failed: class clojure.lang.Compiler$CompilerException
; Evaluating file: anagram.clj
; Syntax error compiling at (anagram.clj:3:1).
; Can't take value of a macro: #'clojure.core/let
; Evaluation of file anagram.clj failed: class clojure.lang.Compiler$CompilerException
; Evaluating file: anagram.clj
; Syntax error compiling at (anagram.clj:3:1).
; Can't take value of a macro: #'clojure.core/let
; Evaluation of file anagram.clj failed: class clojure.lang.Compiler$CompilerException
; Evaluating file: anagram.clj
; Syntax error compiling at (anagram.clj:3:1).
; Can't take value of a macro: #'clojure.core/let
; Evaluation of file anagram.clj failed: class clojure.lang.Compiler$CompilerException
; Evaluating file: anagram.clj
; Syntax error compiling at (anagram.clj:3:1).
; Can't take value of a macro: #'clojure.core/let
; Evaluation of file anagram.clj failed: class clojure.lang.Compiler$CompilerException
; Evaluating file: anagram.clj
; Syntax error compiling at (anagram.clj:3:1).
; Can't take value of a macro: #'clojure.core/let
; Evaluation of file anagram.clj failed: class clojure.lang.Compiler$CompilerException
; Evaluating file: anagram.clj
; Syntax error compiling at (anagram.clj:3:1).
; Can't take value of a macro: #'clojure.core/let
; Evaluation of file anagram.clj failed: class clojure.lang.Compiler$CompilerException
; Evaluating file: anagram.clj
; Syntax error compiling at (anagram.clj:3:1).
; Can't take value of a macro: #'clojure.core/let
; Evaluation of file anagram.clj failed: class clojure.lang.Compiler$CompilerException
; Evaluating file: anagram.clj
; Syntax error compiling at (anagram.clj:3:1).
; Can't take value of a macro: #'clojure.core/let
; Evaluation of file anagram.clj failed: class clojure.lang.Compiler$CompilerException
; Evaluating file: anagram.clj
; Syntax error compiling at (anagram.clj:3:1).
; Can't take value of a macro: #'clojure.core/let
; Evaluation of file anagram.clj failed: class clojure.lang.Compiler$CompilerException
; Evaluating file: anagram.clj
; Syntax error compiling at (anagram.clj:6:12).
; Unable to resolve symbol: sorted-word in this context
; Evaluation of file anagram.clj failed: class clojure.lang.Compiler$CompilerException
; Evaluating file: anagram.clj
; Syntax error compiling at (anagram.clj:6:12).
; Unable to resolve symbol: sorted-word in this context
; Evaluation of file anagram.clj failed: class clojure.lang.Compiler$CompilerException
; Evaluating file: anagram.clj
; Syntax error compiling at (anagram.clj:6:12).
; Unable to resolve symbol: sorted-word in this context
; Evaluation of file anagram.clj failed: class clojure.lang.Compiler$CompilerException
; Evaluating file: anagram.clj
; Syntax error compiling at (anagram.clj:6:12).
; Unable to resolve symbol: sorted-word in this context
; Evaluation of file anagram.clj failed: class clojure.lang.Compiler$CompilerException
; Evaluating file: anagram.clj
; Syntax error compiling at (anagram.clj:6:12).
; Unable to resolve symbol: sorted-word in this context
; Evaluation of file anagram.clj failed: class clojure.lang.Compiler$CompilerException
; Evaluating file: anagram.clj
; Syntax error compiling at (anagram.clj:6:12).
; Unable to resolve symbol: sorted-word in this context
; Evaluation of file anagram.clj failed: class clojure.lang.Compiler$CompilerException
; Evaluating file: anagram.clj
; Syntax error compiling at (anagram.clj:6:12).
; Unable to resolve symbol: sorted-word in this context
; Evaluation of file anagram.clj failed: class clojure.lang.Compiler$CompilerException
; Evaluating file: anagram.clj
(\e \i \l \n \s \t)
; Running tests for anagram...
; FAIL in anagram-test/case-insensitive-anagrams (anagram_test.clj:30):
; expected:
["Carthorse"]
; actual:
()
; FAIL in anagram-test/detect-anagram (anagram_test.clj:19):
; expected:
["inlets"]
; actual:
()
; FAIL in anagram-test/detect-simple-anagram (anagram_test.clj:10):
; expected:
["tan"]
; actual:
()
; FAIL in anagram-test/multiple-anagrams (anagram_test.clj:24):
; expected:
["gallery" "regally" "largely"]
; actual:
()
; 9 tests finished, problems found. ðŸ˜­ errors: 0, failures: 4, ns: 1, vars: 9
cljêž‰anagramêž‰>Â 
; Evaluating file: anagram.clj
; Syntax error compiling at (anagram.clj:8:1).
; Unable to resolve symbol: ana in this context
; Evaluation of file anagram.clj failed: class clojure.lang.Compiler$CompilerException
; Evaluating file: anagram.clj
; Syntax error (ArityException) compiling at (anagram.clj:8:1).
; Wrong number of args (1) passed to: anagram/anagrams-for
; Evaluation of file anagram.clj failed: class clojure.lang.Compiler$CompilerException
; Evaluating file: anagram.clj
(\e \i \l \n \s \t)
; Running tests for anagram...
; FAIL in anagram-test/case-insensitive-anagrams (anagram_test.clj:30):
; expected:
["Carthorse"]
; actual:
()
; FAIL in anagram-test/detect-anagram (anagram_test.clj:19):
; expected:
["inlets"]
; actual:
()
; FAIL in anagram-test/detect-simple-anagram (anagram_test.clj:10):
; expected:
["tan"]
; actual:
()
; FAIL in anagram-test/multiple-anagrams (anagram_test.clj:24):
; expected:
["gallery" "regally" "largely"]
; actual:
()
; 9 tests finished, problems found. ðŸ˜­ errors: 0, failures: 4, ns: 1, vars: 9
cljêž‰anagramêž‰>Â 
; Evaluating file: anagram.clj
(\e \i \l \n \s \t)
; Running tests for anagram...
; FAIL in anagram-test/case-insensitive-anagrams (anagram_test.clj:30):
; expected:
["Carthorse"]
; actual:
()
; FAIL in anagram-test/detect-anagram (anagram_test.clj:19):
; expected:
["inlets"]
; actual:
()
; FAIL in anagram-test/detect-simple-anagram (anagram_test.clj:10):
; expected:
["tan"]
; actual:
()
; FAIL in anagram-test/multiple-anagrams (anagram_test.clj:24):
; expected:
["gallery" "regally" "largely"]
; actual:
()
; 9 tests finished, problems found. ðŸ˜­ errors: 0, failures: 4, ns: 1, vars: 9
cljêž‰anagramêž‰>Â 
; Evaluating file: anagram.clj
(\e \i \l \n \s \t)
; Running tests for anagram...
; FAIL in anagram-test/case-insensitive-anagrams (anagram_test.clj:30):
; expected:
["Carthorse"]
; actual:
()
; FAIL in anagram-test/detect-anagram (anagram_test.clj:19):
; expected:
["inlets"]
; actual:
()
; FAIL in anagram-test/detect-simple-anagram (anagram_test.clj:10):
; expected:
["tan"]
; actual:
()
; FAIL in anagram-test/multiple-anagrams (anagram_test.clj:24):
; expected:
["gallery" "regally" "largely"]
; actual:
()
; 9 tests finished, problems found. ðŸ˜­ errors: 0, failures: 4, ns: 1, vars: 9
cljêž‰anagramêž‰>Â 
()
cljêž‰anagramêž‰>Â 
; Evaluating file: anagram.clj
; Syntax error compiling at (anagram.clj:7:10).
; Unable to resolve symbol: sorted-word in this context
; Evaluation of file anagram.clj failed: class clojure.lang.Compiler$CompilerException
; Evaluating file: anagram.clj
; Syntax error compiling at (anagram.clj:7:1).
; Unable to resolve symbol: sorted-list in this context
; Evaluation of file anagram.clj failed: class clojure.lang.Compiler$CompilerException
; Evaluating file: anagram.clj
; Syntax error (ArityException) compiling at (anagram.clj:7:1).
; Wrong number of args (3) passed to: clojure.core/filter
; Evaluation of file anagram.clj failed: class clojure.lang.Compiler$CompilerException
; Evaluating file: anagram.clj
; Syntax error reading source at (anagram.clj:7:44).
; Unmatched delimiter: ]
; Evaluation of file anagram.clj failed: class clojure.lang.Compiler$CompilerException
; Evaluating file: anagram.clj
; Syntax error reading source at (anagram.clj:7:46).
; Unmatched delimiter: ]
; Evaluation of file anagram.clj failed: class clojure.lang.Compiler$CompilerException
; Evaluating file: anagram.clj
; Syntax error reading source at (anagram.clj:7:46).
; Unmatched delimiter: ]
; Evaluation of file anagram.clj failed: class clojure.lang.Compiler$CompilerException
; Evaluating file: anagram.clj
(\e \i \l \n \s \t)
; Running tests for anagram...
; FAIL in anagram-test/case-insensitive-anagrams (anagram_test.clj:30):
; expected:
["Carthorse"]
; actual:
()
; FAIL in anagram-test/detect-anagram (anagram_test.clj:19):
; expected:
["inlets"]
; actual:
()
; FAIL in anagram-test/detect-simple-anagram (anagram_test.clj:10):
; expected:
["tan"]
; actual:
()
; FAIL in anagram-test/multiple-anagrams (anagram_test.clj:24):
; expected:
["gallery" "regally" "largely"]
; actual:
()
; 9 tests finished, problems found. ðŸ˜­ errors: 0, failures: 4, ns: 1, vars: 9
cljêž‰anagramêž‰>Â 
; Evaluating file: anagram.clj
(\e \i \l \n \s \t)
; Running tests for anagram...
; FAIL in anagram-test/case-insensitive-anagrams (anagram_test.clj:30):
; expected:
["Carthorse"]
; actual:
()
; FAIL in anagram-test/detect-anagram (anagram_test.clj:19):
; expected:
["inlets"]
; actual:
()
; FAIL in anagram-test/detect-simple-anagram (anagram_test.clj:10):
; expected:
["tan"]
; actual:
()
; FAIL in anagram-test/multiple-anagrams (anagram_test.clj:24):
; expected:
["gallery" "regally" "largely"]
; actual:
()
; 9 tests finished, problems found. ðŸ˜­ errors: 0, failures: 4, ns: 1, vars: 9
cljêž‰anagramêž‰>Â 
; Evaluating file: anagram.clj
(\e \i \l \n \s \t)
; Running tests for anagram...
; FAIL in anagram-test/case-insensitive-anagrams (anagram_test.clj:30):
; expected:
["Carthorse"]
; actual:
()
; FAIL in anagram-test/detect-anagram (anagram_test.clj:19):
; expected:
["inlets"]
; actual:
()
; FAIL in anagram-test/detect-simple-anagram (anagram_test.clj:10):
; expected:
["tan"]
; actual:
()
; FAIL in anagram-test/multiple-anagrams (anagram_test.clj:24):
; expected:
["gallery" "regally" "largely"]
; actual:
()
; 9 tests finished, problems found. ðŸ˜­ errors: 0, failures: 4, ns: 1, vars: 9
cljêž‰anagramêž‰>Â 
; Evaluating file: anagram.clj
()
; Running tests for anagram...
()
; FAIL in anagram-test/case-insensitive-anagrams (anagram_test.clj:30):
; expected:
["Carthorse"]
; actual:
()
; FAIL in anagram-test/detect-anagram (anagram_test.clj:19):
; expected:
["inlets"]
; actual:
()
; FAIL in anagram-test/detect-simple-anagram (anagram_test.clj:10):
; expected:
["tan"]
; actual:
()
; FAIL in anagram-test/multiple-anagrams (anagram_test.clj:24):
; expected:
["gallery" "regally" "largely"]
; actual:
()
; 9 tests finished, problems found. ðŸ˜­ errors: 0, failures: 4, ns: 1, vars: 9
cljêž‰anagramêž‰>Â 
cljêž‰anagramêž‰>Â 
; Evaluating file: anagram.clj
()
; Running tests for anagram...
; FAIL in anagram-test/case-insensitive-anagrams (anagram_test.clj:30):
; expected:
["Carthorse"]
; actual:
()
; FAIL in anagram-test/detect-anagram (anagram_test.clj:19):
; expected:
["inlets"]
; actual:
()
; FAIL in anagram-test/detect-simple-anagram (anagram_test.clj:10):
; expected:
["tan"]
; actual:
()
; FAIL in anagram-test/multiple-anagrams (anagram_test.clj:24):
; expected:
["gallery" "regally" "largely"]
; actual:
()
; 9 tests finished, problems found. ðŸ˜­ errors: 0, failures: 4, ns: 1, vars: 9
cljêž‰anagramêž‰>Â 
; Evaluating file: anagram.clj
()
; Running tests for anagram...
; FAIL in anagram-test/case-insensitive-anagrams (anagram_test.clj:30):
; expected:
["Carthorse"]
; actual:
()
; FAIL in anagram-test/detect-anagram (anagram_test.clj:19):
; expected:
["inlets"]
; actual:
()
; FAIL in anagram-test/detect-simple-anagram (anagram_test.clj:10):
; expected:
["tan"]
; actual:
()
; FAIL in anagram-test/multiple-anagrams (anagram_test.clj:24):
; expected:
["gallery" "regally" "largely"]
; actual:
()
; 9 tests finished, problems found. ðŸ˜­ errors: 0, failures: 4, ns: 1, vars: 9
cljêž‰anagramêž‰>Â 
; Evaluating file: anagram.clj
; Syntax error compiling at (anagram.clj:7:33).
; Unable to resolve symbol: s in this context
; Evaluation of file anagram.clj failed: class clojure.lang.Compiler$CompilerException
; Evaluating file: anagram.clj
()
; Running tests for anagram...
; FAIL in anagram-test/case-insensitive-anagrams (anagram_test.clj:30):
; expected:
["Carthorse"]
; actual:
()
; FAIL in anagram-test/detect-anagram (anagram_test.clj:19):
; expected:
["inlets"]
; actual:
()
; FAIL in anagram-test/detect-simple-anagram (anagram_test.clj:10):
; expected:
["tan"]
; actual:
()
; FAIL in anagram-test/multiple-anagrams (anagram_test.clj:24):
; expected:
["gallery" "regally" "largely"]
; actual:
()
; 9 tests finished, problems found. ðŸ˜­ errors: 0, failures: 4, ns: 1, vars: 9
cljêž‰anagramêž‰>Â 
; Evaluating file: anagram.clj
()
; Running tests for anagram...
; FAIL in anagram-test/case-insensitive-anagrams (anagram_test.clj:30):
; expected:
["Carthorse"]
; actual:
()
; FAIL in anagram-test/detect-anagram (anagram_test.clj:19):
; expected:
["inlets"]
; actual:
()
; FAIL in anagram-test/detect-simple-anagram (anagram_test.clj:10):
; expected:
["tan"]
; actual:
()
; FAIL in anagram-test/multiple-anagrams (anagram_test.clj:24):
; expected:
["gallery" "regally" "largely"]
; actual:
()
; 9 tests finished, problems found. ðŸ˜­ errors: 0, failures: 4, ns: 1, vars: 9
cljêž‰anagramêž‰>Â 
; Evaluating file: anagram.clj
((\e \i \l \n \s \t))
; Running tests for anagram...
; FAIL in anagram-test/case-insensitive-anagrams (anagram_test.clj:30):
; expected:
["Carthorse"]
; actual:
()
; FAIL in anagram-test/detect-anagram (anagram_test.clj:19):
; expected:
["inlets"]
; actual:
((\e \i \l \n \s \t))
; FAIL in anagram-test/detect-simple-anagram (anagram_test.clj:10):
; expected:
["tan"]
; actual:
((\a \n \t))
; FAIL in anagram-test/multiple-anagrams (anagram_test.clj:24):
; expected:
["gallery" "regally" "largely"]
; actual:
((\a \e \g \l \l \r \y) (\a \e \g \l \l \r \y) (\a \e \g \l \l \r \y))
; FAIL in anagram-test/word-is-not-own-anagram (anagram_test.clj:35):
; expected:
[]
; actual:
((\a \a \a \b \n \n))
; 9 tests finished, problems found. ðŸ˜­ errors: 0, failures: 5, ns: 1, vars: 9
cljêž‰anagramêž‰>Â 
((\e \i \l \n \s \t))
cljêž‰anagramêž‰>Â 
; Evaluating file: anagram.clj
; Syntax error compiling at (anagram.clj:6:5).
; Unable to resolve symbol: m in this context
; Evaluation of file anagram.clj failed: class clojure.lang.Compiler$CompilerException
; Evaluating file: anagram.clj
("(\\e \\i \\l \\n \\s \\t)")
; Running tests for anagram...
; FAIL in anagram-test/case-insensitive-anagrams (anagram_test.clj:30):
; expected:
["Carthorse"]
; actual:
()
; FAIL in anagram-test/detect-anagram (anagram_test.clj:19):
; expected:
["inlets"]
; actual:
("(\\e \\i \\l \\n \\s \\t)")
; FAIL in anagram-test/detect-simple-anagram (anagram_test.clj:10):
; expected:
["tan"]
; actual:
("(\\a \\n \\t)")
; FAIL in anagram-test/multiple-anagrams (anagram_test.clj:24):
; expected:
["gallery" "regally" "largely"]
; actual:
("(\\a \\e \\g \\l \\l \\r \\y)"
 "(\\a \\e \\g \\l \\l \\r \\y)"
 "(\\a \\e \\g \\l \\l \\r \\y)")
; FAIL in anagram-test/word-is-not-own-anagram (anagram_test.clj:35):
; expected:
[]
; actual:
("(\\a \\a \\a \\b \\n \\n)")
; 9 tests finished, problems found. ðŸ˜­ errors: 0, failures: 5, ns: 1, vars: 9
cljêž‰anagramêž‰>Â 
; Evaluating file: anagram.clj
("(\\e \\i \\l \\n \\s \\t)")
; Running tests for anagram...
; FAIL in anagram-test/case-insensitive-anagrams (anagram_test.clj:30):
; expected:
["Carthorse"]
; actual:
()
; FAIL in anagram-test/detect-anagram (anagram_test.clj:19):
; expected:
["inlets"]
; actual:
("(\\e \\i \\l \\n \\s \\t)")
; FAIL in anagram-test/detect-simple-anagram (anagram_test.clj:10):
; expected:
["tan"]
; actual:
("(\\a \\n \\t)")
; FAIL in anagram-test/multiple-anagrams (anagram_test.clj:24):
; expected:
["gallery" "regally" "largely"]
; actual:
("(\\a \\e \\g \\l \\l \\r \\y)"
 "(\\a \\e \\g \\l \\l \\r \\y)"
 "(\\a \\e \\g \\l \\l \\r \\y)")
; FAIL in anagram-test/word-is-not-own-anagram (anagram_test.clj:35):
; expected:
[]
; actual:
("(\\a \\a \\a \\b \\n \\n)")
; 9 tests finished, problems found. ðŸ˜­ errors: 0, failures: 5, ns: 1, vars: 9
cljêž‰anagramêž‰>Â 
("(\\e \\i \\l \\n \\s \\t)")
cljêž‰anagramêž‰>Â 
; Evaluating file: anagram.clj
; Error printing return value (ArityException) at clojure.lang.AFn/throwArity (AFn.java:429).
; Wrong number of args (1) passed to: anagram/anagrams-for/fn--21603
; Evaluation of file anagram.clj failed: class clojure.lang.ExceptionInfo
; Evaluating file: anagram.clj
; Error printing return value (ArityException) at clojure.lang.AFn/throwArity (AFn.java:429).
; Wrong number of args (1) passed to: anagram/anagrams-for/fn--21733
; Evaluation of file anagram.clj failed: class clojure.lang.ExceptionInfo
; Evaluating file: anagram.clj
; Syntax error reading source at (anagram.clj:6:24).
; Unmatched delimiter: )
; Evaluation of file anagram.clj failed: class clojure.lang.Compiler$CompilerException
; Error printing return value (ArityException) at clojure.lang.AFn/throwArity (AFn.java:429).
; Wrong number of args (1) passed to: anagram/anagrams-for/fn--21733
cljêž‰anagramêž‰>Â 
; Evaluating file: anagram.clj
("eilnst")
; Running tests for anagram...
; FAIL in anagram-test/case-insensitive-anagrams (anagram_test.clj:30):
; expected:
["Carthorse"]
; actual:
()
; FAIL in anagram-test/detect-anagram (anagram_test.clj:19):
; expected:
["inlets"]
; actual:
("eilnst")
; FAIL in anagram-test/detect-simple-anagram (anagram_test.clj:10):
; expected:
["tan"]
; actual:
("ant")
; FAIL in anagram-test/multiple-anagrams (anagram_test.clj:24):
; expected:
["gallery" "regally" "largely"]
; actual:
("aegllry" "aegllry" "aegllry")
; FAIL in anagram-test/word-is-not-own-anagram (anagram_test.clj:35):
; expected:
[]
; actual:
("aaabnn")
; 9 tests finished, problems found. ðŸ˜­ errors: 0, failures: 5, ns: 1, vars: 9
cljêž‰anagramêž‰>Â 
("eilnst")
cljêž‰anagramêž‰>Â 
; Evaluating file: anagram.clj
("eilnst")
; Running tests for anagram...
; FAIL in anagram-test/case-insensitive-anagrams (anagram_test.clj:30):
; expected:
["Carthorse"]
; actual:
()
; FAIL in anagram-test/detect-anagram (anagram_test.clj:19):
; expected:
["inlets"]
; actual:
("eilnst")
; FAIL in anagram-test/detect-simple-anagram (anagram_test.clj:10):
; expected:
["tan"]
; actual:
("ant")
; FAIL in anagram-test/multiple-anagrams (anagram_test.clj:24):
; expected:
["gallery" "regally" "largely"]
; actual:
("aegllry" "aegllry" "aegllry")
; FAIL in anagram-test/word-is-not-own-anagram (anagram_test.clj:35):
; expected:
[]
; actual:
("aaabnn")
; 9 tests finished, problems found. ðŸ˜­ errors: 0, failures: 5, ns: 1, vars: 9
cljêž‰anagramêž‰>Â 
("eilnst")
cljêž‰anagramêž‰>Â 
; Evaluating file: anagram.clj
; Error printing return value (ArityException) at clojure.lang.AFn/throwArity (AFn.java:429).
; Wrong number of args (0) passed to: clojure.core/sort
; Evaluation of file anagram.clj failed: class clojure.lang.ExceptionInfo
; Evaluating file: anagram.clj
("eilnst")
; Running tests for anagram...
; FAIL in anagram-test/case-insensitive-anagrams (anagram_test.clj:30):
; expected:
["Carthorse"]
; actual:
()
; FAIL in anagram-test/detect-anagram (anagram_test.clj:19):
; expected:
["inlets"]
; actual:
("eilnst")
; FAIL in anagram-test/detect-simple-anagram (anagram_test.clj:10):
; expected:
["tan"]
; actual:
("ant")
; FAIL in anagram-test/multiple-anagrams (anagram_test.clj:24):
; expected:
["gallery" "regally" "largely"]
; actual:
("aegllry" "aegllry" "aegllry")
; FAIL in anagram-test/word-is-not-own-anagram (anagram_test.clj:35):
; expected:
[]
; actual:
("aaabnn")
; 9 tests finished, problems found. ðŸ˜­ errors: 0, failures: 5, ns: 1, vars: 9
cljêž‰anagramêž‰>Â 
; Evaluating file: anagram.clj
; Syntax error (ArityException) compiling at (anagram.clj:8:1).
; Wrong number of args (0) passed to: clojure.core/juxt
; Evaluation of file anagram.clj failed: class clojure.lang.Compiler$CompilerException
; Evaluating file: anagram.clj
; Syntax error (ArityException) compiling at (anagram.clj:8:1).
; Wrong number of args (0) passed to: clojure.core/juxt
; Evaluation of file anagram.clj failed: class clojure.lang.Compiler$CompilerException
; Evaluating file: anagram.clj
; Syntax error (ArityException) compiling at (anagram.clj:8:1).
; Wrong number of args (0) passed to: clojure.core/juxt
; Evaluation of file anagram.clj failed: class clojure.lang.Compiler$CompilerException
; Evaluating file: anagram.clj
; Syntax error (ArityException) compiling at (anagram.clj:8:1).
; Wrong number of args (0) passed to: clojure.core/juxt
; Evaluation of file anagram.clj failed: class clojure.lang.Compiler$CompilerException
; Evaluating file: anagram.clj
; Syntax error (ArityException) compiling at (anagram.clj:8:3).
; Wrong number of args (0) passed to: clojure.core/juxt
; Evaluation of file anagram.clj failed: class clojure.lang.Compiler$CompilerException
; Evaluating file: anagram.clj
; Syntax error compiling at (anagram.clj:8:1).
; Unable to resolve symbol: m in this context
; Evaluation of file anagram.clj failed: class clojure.lang.Compiler$CompilerException
; Evaluating file: anagram.clj
; Syntax error (ArityException) compiling at (anagram.clj:8:1).
; Wrong number of args (0) passed to: clojure.core/juxt
; Evaluation of file anagram.clj failed: class clojure.lang.Compiler$CompilerException
; Evaluating file: anagram.clj
; Syntax error compiling at (anagram.clj:8:6).
; Unable to resolve symbol: s in this context
; Evaluation of file anagram.clj failed: class clojure.lang.Compiler$CompilerException
; Evaluating file: anagram.clj
#function[clojure.core/map/fn--5847]
; Running tests for anagram...
; FAIL in anagram-test/case-insensitive-anagrams (anagram_test.clj:30):
; expected:
["Carthorse"]
; actual:
()
; FAIL in anagram-test/detect-anagram (anagram_test.clj:19):
; expected:
["inlets"]
; actual:
()
; FAIL in anagram-test/detect-simple-anagram (anagram_test.clj:10):
; expected:
["tan"]
; actual:
()
; FAIL in anagram-test/multiple-anagrams (anagram_test.clj:24):
; expected:
["gallery" "regally" "largely"]
; actual:
()
; 9 tests finished, problems found. ðŸ˜­ errors: 0, failures: 4, ns: 1, vars: 9
cljêž‰anagramêž‰>Â 
; Evaluating file: anagram.clj
(["enlist" (\e \i \l \n \s \t)])
; Running tests for anagram...
; FAIL in anagram-test/case-insensitive-anagrams (anagram_test.clj:30):
; expected:
["Carthorse"]
; actual:
()
; FAIL in anagram-test/detect-anagram (anagram_test.clj:19):
; expected:
["inlets"]
; actual:
()
; FAIL in anagram-test/detect-simple-anagram (anagram_test.clj:10):
; expected:
["tan"]
; actual:
()
; FAIL in anagram-test/multiple-anagrams (anagram_test.clj:24):
; expected:
["gallery" "regally" "largely"]
; actual:
()
; 9 tests finished, problems found. ðŸ˜­ errors: 0, failures: 4, ns: 1, vars: 9
cljêž‰anagramêž‰>Â 
; Evaluating file: anagram.clj
(["enlist" (\e \i \l \n \s \t)] ["list" (\i \l \s \t)])
; Running tests for anagram...
; FAIL in anagram-test/case-insensitive-anagrams (anagram_test.clj:30):
; expected:
["Carthorse"]
; actual:
()
; FAIL in anagram-test/detect-anagram (anagram_test.clj:19):
; expected:
["inlets"]
; actual:
()
; FAIL in anagram-test/detect-simple-anagram (anagram_test.clj:10):
; expected:
["tan"]
; actual:
()
; FAIL in anagram-test/multiple-anagrams (anagram_test.clj:24):
; expected:
["gallery" "regally" "largely"]
; actual:
()
; 9 tests finished, problems found. ðŸ˜­ errors: 0, failures: 4, ns: 1, vars: 9
cljêž‰anagramêž‰>Â 
(["enlist" (\e \i \l \n \s \t)] ["list" (\i \l \s \t)])
cljêž‰anagramêž‰>Â 
; Evaluating file: anagram.clj
(["enlist" (\e \i \l \n \s \t)] ["list" (\i \l \s \t)])
; Running tests for anagram...
; FAIL in anagram-test/case-insensitive-anagrams (anagram_test.clj:30):
; expected:
["Carthorse"]
; actual:
()
; FAIL in anagram-test/detect-anagram (anagram_test.clj:19):
; expected:
["inlets"]
; actual:
()
; FAIL in anagram-test/detect-simple-anagram (anagram_test.clj:10):
; expected:
["tan"]
; actual:
()
; FAIL in anagram-test/multiple-anagrams (anagram_test.clj:24):
; expected:
["gallery" "regally" "largely"]
; actual:
()
; 9 tests finished, problems found. ðŸ˜­ errors: 0, failures: 4, ns: 1, vars: 9
cljêž‰anagramêž‰>Â 
; Evaluating file: anagram.clj
(["enlist" (\e \i \l \n \s \t)] ["list" (\i \l \s \t)])
; Running tests for anagram...
; ERROR in anagram-test/capital-word-is-not-own-anagram (AFn.java:38):
; error: clojure.lang.ArityException: Wrong number of args (0) passed to: clojure.lang.PersistentVector (AFn.java:38)
; expected:
(= [] (anagram/anagrams-for "BANANA" ["banana"]))
; ERROR in anagram-test/case-insensitive-anagrams (AFn.java:30):
; error: clojure.lang.ArityException: Wrong number of args (0) passed to: clojure.lang.PersistentVector (AFn.java:30)
; expected:
(=
 ["Carthorse"]
 (let
  [coll ["cashregister" "Carthorse" "radishes"]]
  (anagram/anagrams-for "Orchestra" coll)))
; ERROR in anagram-test/detect-anagram (AFn.java:19):
; error: clojure.lang.ArityException: Wrong number of args (0) passed to: clojure.lang.PersistentVector (AFn.java:19)
; expected:
(=
 ["inlets"]
 (let
  [coll ["enlists" "google" "inlets" "banana"]]
  (anagram/anagrams-for "listen" coll)))
; ERROR in anagram-test/detect-simple-anagram (AFn.java:10):
; error: clojure.lang.ArityException: Wrong number of args (0) passed to: clojure.lang.PersistentVector (AFn.java:10)
; expected:
(= ["tan"] (anagram/anagrams-for "ant" ["tan" "stand" "at"]))
; ERROR in anagram-test/does-not-confuse-different-duplicates (AFn.java:13):
; error: clojure.lang.ArityException: Wrong number of args (0) passed to: clojure.lang.PersistentVector (AFn.java:13)
; expected:
(= [] (anagram/anagrams-for "galea" ["eagle"]))
; ERROR in anagram-test/eliminate-anagram-subsets (AFn.java:16):
; error: clojure.lang.ArityException: Wrong number of args (0) passed to: clojure.lang.PersistentVector (AFn.java:16)
; expected:
(= [] (anagram/anagrams-for "good" ["dog" "goody"]))
; ERROR in anagram-test/multiple-anagrams (AFn.java:24):
; error: clojure.lang.ArityException: Wrong number of args (0) passed to: clojure.lang.PersistentVector (AFn.java:24)
; expected:
(=
 ["gallery" "regally" "largely"]
 (let
  [coll ["gallery" "ballerina" "regally" "clergy" "largely" "leading"]]
  (anagram/anagrams-for "allergy" coll)))
; ERROR in anagram-test/no-matches (AFn.java:6):
; error: clojure.lang.ArityException: Wrong number of args (0) passed to: clojure.lang.PersistentVector (AFn.java:6)
; expected:
(=
 []
 (anagram/anagrams-for "diaper" ["hello" "world" "zombies" "pants"]))
; ERROR in anagram-test/word-is-not-own-anagram (AFn.java:35):
; error: clojure.lang.ArityException: Wrong number of args (0) passed to: clojure.lang.PersistentVector (AFn.java:35)
; expected:
(= [] (anagram/anagrams-for "banana" ["banana"]))
; 9 tests finished, problems found. ðŸ˜­ errors: 9, failures: 0, ns: 1, vars: 9
cljêž‰anagramêž‰>Â 
; Evaluating file: anagram.clj
(["enlist" (\e \i \l \n \s \t)] ["list" (\i \l \s \t)])
; Running tests for anagram...
; FAIL in anagram-test/case-insensitive-anagrams (anagram_test.clj:30):
; expected:
["Carthorse"]
; actual:
()
; FAIL in anagram-test/detect-anagram (anagram_test.clj:19):
; expected:
["inlets"]
; actual:
("inlets(\\e \\i \\l \\n \\s \\t)")
; FAIL in anagram-test/detect-simple-anagram (anagram_test.clj:10):
; expected:
["tan"]
; actual:
("tan(\\a \\n \\t)")
; FAIL in anagram-test/multiple-anagrams (anagram_test.clj:24):
; expected:
["gallery" "regally" "largely"]
; actual:
("gallery(\\a \\e \\g \\l \\l \\r \\y)"
 "regally(\\a \\e \\g \\l \\l \\r \\y)"
 "largely(\\a \\e \\g \\l \\l \\r \\y)")
; FAIL in anagram-test/word-is-not-own-anagram (anagram_test.clj:35):
; expected:
[]
; actual:
("banana(\\a \\a \\a \\b \\n \\n)")
; 9 tests finished, problems found. ðŸ˜­ errors: 0, failures: 5, ns: 1, vars: 9
cljêž‰anagramêž‰>Â 
; Evaluating file: anagram.clj
; Syntax error (ClassCastException) compiling at (anagram.clj:7:1).
; class clojure.lang.LazySeq cannot be cast to class clojure.lang.IFn (clojure.lang.LazySeq and clojure.lang.IFn are in unnamed module of loader 'app')
; Evaluation of file anagram.clj failed: class clojure.lang.Compiler$CompilerException
; Evaluating file: anagram.clj
(["enlist" (\e \i \l \n \s \t)] ["list" (\i \l \s \t)])
; Running tests for anagram...
; FAIL in anagram-test/case-insensitive-anagrams (anagram_test.clj:30):
; expected:
["Carthorse"]
; actual:
()
; FAIL in anagram-test/detect-anagram (anagram_test.clj:19):
; expected:
["inlets"]
; actual:
(["inlets" (\e \i \l \n \s \t)])
; FAIL in anagram-test/detect-simple-anagram (anagram_test.clj:10):
; expected:
["tan"]
; actual:
(["tan" (\a \n \t)])
; FAIL in anagram-test/multiple-anagrams (anagram_test.clj:24):
; expected:
["gallery" "regally" "largely"]
; actual:
(["gallery" (\a \e \g \l \l \r \y)]
 ["regally" (\a \e \g \l \l \r \y)]
 ["largely" (\a \e \g \l \l \r \y)])
; FAIL in anagram-test/word-is-not-own-anagram (anagram_test.clj:35):
; expected:
[]
; actual:
(["banana" (\a \a \a \b \n \n)])
; 9 tests finished, problems found. ðŸ˜­ errors: 0, failures: 5, ns: 1, vars: 9
cljêž‰anagramêž‰>Â 
(["inlets" (\e \i \l \n \s \t)])
cljêž‰anagramêž‰>Â 
; Evaluating file: anagram.clj
(["enlist" (\e \i \l \n \s \t)] ["list" (\i \l \s \t)])
; Running tests for anagram...
; ERROR in anagram-test/capital-word-is-not-own-anagram (Util.java):
; error: java.lang.StackOverflowError (Util.java)
; expected:
(= [] (anagram/anagrams-for "BANANA" ["banana"]))
; ERROR in anagram-test/case-insensitive-anagrams (Util.java):
; error: java.lang.StackOverflowError (Util.java)
; expected:
(=
 ["Carthorse"]
 (let
  [coll ["cashregister" "Carthorse" "radishes"]]
  (anagram/anagrams-for "Orchestra" coll)))
; ERROR in anagram-test/detect-anagram (core.clj):
; error: java.lang.StackOverflowError (core.clj)
; expected:
(=
 ["inlets"]
 (let
  [coll ["enlists" "google" "inlets" "banana"]]
  (anagram/anagrams-for "listen" coll)))
; ERROR in anagram-test/detect-simple-anagram (Util.java):
; error: java.lang.StackOverflowError (Util.java)
; expected:
(= ["tan"] (anagram/anagrams-for "ant" ["tan" "stand" "at"]))
; ERROR in anagram-test/does-not-confuse-different-duplicates (Util.java):
; error: java.lang.StackOverflowError (Util.java)
; expected:
(= [] (anagram/anagrams-for "galea" ["eagle"]))
; ERROR in anagram-test/eliminate-anagram-subsets (Util.java):
; error: java.lang.StackOverflowError (Util.java)
; expected:
(= [] (anagram/anagrams-for "good" ["dog" "goody"]))
; ERROR in anagram-test/multiple-anagrams (Util.java):
; error: java.lang.StackOverflowError (Util.java)
; expected:
(=
 ["gallery" "regally" "largely"]
 (let
  [coll ["gallery" "ballerina" "regally" "clergy" "largely" "leading"]]
  (anagram/anagrams-for "allergy" coll)))
; ERROR in anagram-test/no-matches (Util.java):
; error: java.lang.StackOverflowError (Util.java)
; expected:
(=
 []
 (anagram/anagrams-for "diaper" ["hello" "world" "zombies" "pants"]))
; ERROR in anagram-test/word-is-not-own-anagram (Util.java):
; error: java.lang.StackOverflowError (Util.java)
; expected:
(= [] (anagram/anagrams-for "banana" ["banana"]))
; 9 tests finished, problems found. ðŸ˜­ errors: 9, failures: 0, ns: 1, vars: 9
cljêž‰anagramêž‰>Â 
; Evaluating file: anagram.clj
(["enlist" (\e \i \l \n \s \t)] ["list" (\i \l \s \t)])
; Running tests for anagram...
; FAIL in anagram-test/case-insensitive-anagrams (anagram_test.clj:30):
; expected:
["Carthorse"]
; actual:
()
; FAIL in anagram-test/detect-anagram (anagram_test.clj:19):
; expected:
["inlets"]
; actual:
(["inlets" (\e \i \l \n \s \t)])
; FAIL in anagram-test/detect-simple-anagram (anagram_test.clj:10):
; expected:
["tan"]
; actual:
(["tan" (\a \n \t)])
; FAIL in anagram-test/multiple-anagrams (anagram_test.clj:24):
; expected:
["gallery" "regally" "largely"]
; actual:
(["gallery" (\a \e \g \l \l \r \y)]
 ["regally" (\a \e \g \l \l \r \y)]
 ["largely" (\a \e \g \l \l \r \y)])
; FAIL in anagram-test/word-is-not-own-anagram (anagram_test.clj:35):
; expected:
[]
; actual:
(["banana" (\a \a \a \b \n \n)])
; 9 tests finished, problems found. ðŸ˜­ errors: 0, failures: 5, ns: 1, vars: 9
cljêž‰anagramêž‰>Â 
; Evaluating file: anagram.clj
; Syntax error (ClassCastException) compiling at (anagram.clj:7:1).
; class clojure.lang.LazySeq cannot be cast to class clojure.lang.IFn (clojure.lang.LazySeq and clojure.lang.IFn are in unnamed module of loader 'app')
; Evaluation of file anagram.clj failed: class clojure.lang.Compiler$CompilerException
; Evaluating file: anagram.clj
(["enlist" (\e \i \l \n \s \t)] ["list" (\i \l \s \t)])
; Running tests for anagram...
; FAIL in anagram-test/capital-word-is-not-own-anagram (anagram_test.clj:38):
; expected:
[]
; actual:
#function[clojure.core/map/fn--5847]
; FAIL in anagram-test/case-insensitive-anagrams (anagram_test.clj:30):
; expected:
["Carthorse"]
; actual:
#function[clojure.core/map/fn--5847]
; FAIL in anagram-test/detect-anagram (anagram_test.clj:19):
; expected:
["inlets"]
; actual:
#function[clojure.core/map/fn--5847]
; FAIL in anagram-test/detect-simple-anagram (anagram_test.clj:10):
; expected:
["tan"]
; actual:
#function[clojure.core/map/fn--5847]
; FAIL in anagram-test/does-not-confuse-different-duplicates (anagram_test.clj:13):
; expected:
[]
; actual:
#function[clojure.core/map/fn--5847]
; FAIL in anagram-test/eliminate-anagram-subsets (anagram_test.clj:16):
; expected:
[]
; actual:
#function[clojure.core/map/fn--5847]
; FAIL in anagram-test/multiple-anagrams (anagram_test.clj:24):
; expected:
["gallery" "regally" "largely"]
; actual:
#function[clojure.core/map/fn--5847]
; FAIL in anagram-test/no-matches (anagram_test.clj:6):
; expected:
[]
; actual:
#function[clojure.core/map/fn--5847]
; FAIL in anagram-test/word-is-not-own-anagram (anagram_test.clj:35):
; expected:
[]
; actual:
#function[clojure.core/map/fn--5847]
; 9 tests finished, problems found. ðŸ˜­ errors: 0, failures: 9, ns: 1, vars: 9
cljêž‰anagramêž‰>Â 
; Evaluating file: anagram.clj
(["enlist" (\e \i \l \n \s \t)] ["list" (\i \l \s \t)])
; Running tests for anagram...
; FAIL in anagram-test/case-insensitive-anagrams (anagram_test.clj:30):
; expected:
["Carthorse"]
; actual:
()
; ERROR in anagram-test/detect-anagram (AFn.java:19):
; error: clojure.lang.ArityException: Wrong number of args (1) passed to: anagram/anagrams-for/fn--25079 (AFn.java:19)
; expected:
(=
 ["inlets"]
 (let
  [coll ["enlists" "google" "inlets" "banana"]]
  (anagram/anagrams-for "listen" coll)))
; ERROR in anagram-test/detect-simple-anagram (AFn.java:10):
; error: clojure.lang.ArityException: Wrong number of args (1) passed to: anagram/anagrams-for/fn--25079 (AFn.java:10)
; expected:
(= ["tan"] (anagram/anagrams-for "ant" ["tan" "stand" "at"]))
; ERROR in anagram-test/multiple-anagrams (AFn.java:24):
; error: clojure.lang.ArityException: Wrong number of args (1) passed to: anagram/anagrams-for/fn--25079 (AFn.java:24)
; expected:
(=
 ["gallery" "regally" "largely"]
 (let
  [coll ["gallery" "ballerina" "regally" "clergy" "largely" "leading"]]
  (anagram/anagrams-for "allergy" coll)))
; ERROR in anagram-test/word-is-not-own-anagram (AFn.java:35):
; error: clojure.lang.ArityException: Wrong number of args (1) passed to: anagram/anagrams-for/fn--25079 (AFn.java:35)
; expected:
(= [] (anagram/anagrams-for "banana" ["banana"]))
; 9 tests finished, problems found. ðŸ˜­ errors: 4, failures: 1, ns: 1, vars: 9
cljêž‰anagramêž‰>Â 
; Evaluating file: anagram.clj
(["enlist" (\e \i \l \n \s \t)] ["list" (\i \l \s \t)])
; Running tests for anagram...
; FAIL in anagram-test/case-insensitive-anagrams (anagram_test.clj:30):
; expected:
["Carthorse"]
; actual:
()
; ERROR in anagram-test/detect-anagram (AFn.java:19):
; error: clojure.lang.ArityException: Wrong number of args (0) passed to: clojure.lang.PersistentVector (AFn.java:19)
; expected:
(=
 ["inlets"]
 (let
  [coll ["enlists" "google" "inlets" "banana"]]
  (anagram/anagrams-for "listen" coll)))
; ERROR in anagram-test/detect-simple-anagram (AFn.java:10):
; error: clojure.lang.ArityException: Wrong number of args (0) passed to: clojure.lang.PersistentVector (AFn.java:10)
; expected:
(= ["tan"] (anagram/anagrams-for "ant" ["tan" "stand" "at"]))
; ERROR in anagram-test/multiple-anagrams (AFn.java:24):
; error: clojure.lang.ArityException: Wrong number of args (0) passed to: clojure.lang.PersistentVector (AFn.java:24)
; expected:
(=
 ["gallery" "regally" "largely"]
 (let
  [coll ["gallery" "ballerina" "regally" "clergy" "largely" "leading"]]
  (anagram/anagrams-for "allergy" coll)))
; ERROR in anagram-test/word-is-not-own-anagram (AFn.java:35):
; error: clojure.lang.ArityException: Wrong number of args (0) passed to: clojure.lang.PersistentVector (AFn.java:35)
; expected:
(= [] (anagram/anagrams-for "banana" ["banana"]))
; 9 tests finished, problems found. ðŸ˜­ errors: 4, failures: 1, ns: 1, vars: 9
cljêž‰anagramêž‰>Â 
; Evaluating file: anagram.clj
(["enlist" (\e \i \l \n \s \t)] ["list" (\i \l \s \t)])
; Running tests for anagram...
; FAIL in anagram-test/case-insensitive-anagrams (anagram_test.clj:30):
; expected:
["Carthorse"]
; actual:
()
; FAIL in anagram-test/word-is-not-own-anagram (anagram_test.clj:35):
; expected:
[]
; actual:
("banana")
; 9 tests finished, problems found. ðŸ˜­ errors: 0, failures: 2, ns: 1, vars: 9
cljêž‰anagramêž‰>Â 
; Evaluating file: anagram.clj
(["enlist" (\e \i \l \n \s \t)] ["list" (\i \l \s \t)])
; Running tests for anagram...
; FAIL in anagram-test/case-insensitive-anagrams (anagram_test.clj:30):
; expected:
["Carthorse"]
; actual:
()
; FAIL in anagram-test/word-is-not-own-anagram (anagram_test.clj:35):
; expected:
[]
; actual:
("banana")
; 9 tests finished, problems found. ðŸ˜­ errors: 0, failures: 2, ns: 1, vars: 9
cljêž‰anagramêž‰>Â 
; Evaluating file: anagram.clj
(["enlist" (\e \i \l \n \s \t)] ["list" (\i \l \s \t)])
; Running tests for anagram...
; ERROR in anagram-test/capital-word-is-not-own-anagram (AFn.java:38):
; error: clojure.lang.ArityException: Wrong number of args (1) passed to: anagram/anagrams-for/fn--25594 (AFn.java:38)
; expected:
(= [] (anagram/anagrams-for "BANANA" ["banana"]))
; ERROR in anagram-test/case-insensitive-anagrams (AFn.java:30):
; error: clojure.lang.ArityException: Wrong number of args (1) passed to: anagram/anagrams-for/fn--25594 (AFn.java:30)
; expected:
(=
 ["Carthorse"]
 (let
  [coll ["cashregister" "Carthorse" "radishes"]]
  (anagram/anagrams-for "Orchestra" coll)))
; ERROR in anagram-test/detect-anagram (AFn.java:19):
; error: clojure.lang.ArityException: Wrong number of args (1) passed to: anagram/anagrams-for/fn--25594 (AFn.java:19)
; expected:
(=
 ["inlets"]
 (let
  [coll ["enlists" "google" "inlets" "banana"]]
  (anagram/anagrams-for "listen" coll)))
; ERROR in anagram-test/detect-simple-anagram (AFn.java:10):
; error: clojure.lang.ArityException: Wrong number of args (1) passed to: anagram/anagrams-for/fn--25594 (AFn.java:10)
; expected:
(= ["tan"] (anagram/anagrams-for "ant" ["tan" "stand" "at"]))
; ERROR in anagram-test/does-not-confuse-different-duplicates (AFn.java:13):
; error: clojure.lang.ArityException: Wrong number of args (1) passed to: anagram/anagrams-for/fn--25594 (AFn.java:13)
; expected:
(= [] (anagram/anagrams-for "galea" ["eagle"]))
; ERROR in anagram-test/eliminate-anagram-subsets (AFn.java:16):
; error: clojure.lang.ArityException: Wrong number of args (1) passed to: anagram/anagrams-for/fn--25594 (AFn.java:16)
; expected:
(= [] (anagram/anagrams-for "good" ["dog" "goody"]))
; ERROR in anagram-test/multiple-anagrams (AFn.java:24):
; error: clojure.lang.ArityException: Wrong number of args (1) passed to: anagram/anagrams-for/fn--25594 (AFn.java:24)
; expected:
(=
 ["gallery" "regally" "largely"]
 (let
  [coll ["gallery" "ballerina" "regally" "clergy" "largely" "leading"]]
  (anagram/anagrams-for "allergy" coll)))
; ERROR in anagram-test/no-matches (AFn.java:6):
; error: clojure.lang.ArityException: Wrong number of args (1) passed to: anagram/anagrams-for/fn--25594 (AFn.java:6)
; expected:
(=
 []
 (anagram/anagrams-for "diaper" ["hello" "world" "zombies" "pants"]))
; ERROR in anagram-test/word-is-not-own-anagram (AFn.java:35):
; error: clojure.lang.ArityException: Wrong number of args (1) passed to: anagram/anagrams-for/fn--25594 (AFn.java:35)
; expected:
(= [] (anagram/anagrams-for "banana" ["banana"]))
; 9 tests finished, problems found. ðŸ˜­ errors: 9, failures: 0, ns: 1, vars: 9
cljêž‰anagramêž‰>Â 
; Evaluating file: anagram.clj
(["enlist" (\e \i \l \n \s \t)] ["list" (\i \l \s \t)])
; Running tests for anagram...
; FAIL in anagram-test/case-insensitive-anagrams (anagram_test.clj:30):
; expected:
["Carthorse"]
; actual:
()
; FAIL in anagram-test/word-is-not-own-anagram (anagram_test.clj:35):
; expected:
[]
; actual:
("banana")
; 9 tests finished, problems found. ðŸ˜­ errors: 0, failures: 2, ns: 1, vars: 9
cljêž‰anagramêž‰>Â 
("inlets")
cljêž‰anagramêž‰>Â 
; Evaluating file: anagram.clj
; Syntax error (ClassCastException) compiling at (anagram.clj:7:1).
; class java.lang.String cannot be cast to class clojure.lang.IFn (java.lang.String is in module java.base of loader 'bootstrap'; clojure.lang.IFn is in unnamed module of loader 'app')
; Evaluation of file anagram.clj failed: class clojure.lang.Compiler$CompilerException
; Evaluating file: anagram.clj
; Syntax error compiling at (anagram.clj:4:27).
; Unable to resolve symbol: lower-word in this context
; Evaluation of file anagram.clj failed: class clojure.lang.Compiler$CompilerException
; Evaluating file: anagram.clj
; Syntax error compiling at (anagram.clj:4:27).
; Unable to resolve symbol: lower-case in this context
; Evaluation of file anagram.clj failed: class clojure.lang.Compiler$CompilerException
; Evaluating file: anagram.clj
; Syntax error compiling at (anagram.clj:4:27).
; Unable to resolve symbol: lowercase in this context
; Evaluation of file anagram.clj failed: class clojure.lang.Compiler$CompilerException
; Evaluating file: anagram.clj
; Syntax error reading source at (anagram.clj:2:32).
; Invalid token: :
; Evaluation of file anagram.clj failed: class clojure.lang.Compiler$CompilerException
; Evaluating file: anagram.clj
; Syntax error macroexpanding clojure.core/ns at (anagram.clj:1:1).
; (:require [clojure.string :as str]) - failed: Extra input spec: :clojure.core.specs.alpha/ns-form
; Evaluation of file anagram.clj failed: class clojure.lang.Compiler$CompilerException
; Evaluating file: anagram.clj
; Syntax error macroexpanding clojure.core/ns at (anagram.clj:1:1).
; (:require [clojure.string :as str]) - failed: Extra input spec: :clojure.core.specs.alpha/ns-form
; Evaluation of file anagram.clj failed: class clojure.lang.Compiler$CompilerException
; Evaluating file: anagram.clj
; Syntax error macroexpanding clojure.core/ns at (anagram.clj:1:1).
; (:require [clojure.string :as str]) - failed: Extra input spec: :clojure.core.specs.alpha/ns-form
; Evaluation of file anagram.clj failed: class clojure.lang.Compiler$CompilerException
; Evaluating file: anagram.clj
; Syntax error macroexpanding clojure.core/ns at (anagram.clj:1:1).
; (:require [clojure.string :as str]) - failed: Extra input spec: :clojure.core.specs.alpha/ns-form
; Evaluation of file anagram.clj failed: class clojure.lang.Compiler$CompilerException
; Evaluating file: anagram.clj
; Syntax error macroexpanding clojure.core/ns at (anagram.clj:1:1).
; (() :require [clojure.string :as str]) - failed: Extra input spec: :clojure.core.specs.alpha/ns-form
; Evaluation of file anagram.clj failed: class clojure.lang.Compiler$CompilerException
; Evaluating file: anagram.clj
; Syntax error reading source at (anagram.clj:5:32).
; Invalid token: str/
; Evaluation of file anagram.clj failed: class clojure.lang.Compiler$CompilerException
; Evaluating file: anagram.clj
; Syntax error reading source at (anagram.clj:5:32).
; Invalid token: str/
; Evaluation of file anagram.clj failed: class clojure.lang.Compiler$CompilerException
; Evaluating file: anagram.clj
; Syntax error reading source at (anagram.clj:5:32).
; Invalid token: str/
; Evaluation of file anagram.clj failed: class clojure.lang.Compiler$CompilerException
; Evaluating file: anagram.clj
(["enlist" (\e \i \l \n \s \t)] ["list" (\i \l \s \t)])
; Running tests for anagram...
; FAIL in anagram-test/capital-word-is-not-own-anagram (anagram_test.clj:38):
; expected:
[]
; actual:
("banana")
; FAIL in anagram-test/case-insensitive-anagrams (anagram_test.clj:30):
; expected:
["Carthorse"]
; actual:
()
; FAIL in anagram-test/word-is-not-own-anagram (anagram_test.clj:35):
; expected:
[]
; actual:
("banana")
; 9 tests finished, problems found. ðŸ˜­ errors: 0, failures: 3, ns: 1, vars: 9
cljêž‰anagramêž‰>Â 
; Evaluating file: anagram.clj
(["enlist" (\e \i \l \n \s \t)] ["list" (\i \l \s \t)])
; Running tests for anagram...
; ERROR in anagram-test/capital-word-is-not-own-anagram (core.clj:38):
; error: java.lang.ClassCastException: class clojure.lang.PersistentList$EmptyList cannot be cast to class clojure.lang.IFn (clojure.lang.PersistentList$EmptyList and clojure.lang.IFn are in unnamed module of loader 'app') (core.clj:38)
; expected:
(= [] (anagram/anagrams-for "BANANA" ["banana"]))
; ERROR in anagram-test/case-insensitive-anagrams (core.clj:30):
; error: java.lang.ClassCastException: class clojure.lang.PersistentList$EmptyList cannot be cast to class clojure.lang.IFn (clojure.lang.PersistentList$EmptyList and clojure.lang.IFn are in unnamed module of loader 'app') (core.clj:30)
; expected:
(=
 ["Carthorse"]
 (let
  [coll ["cashregister" "Carthorse" "radishes"]]
  (anagram/anagrams-for "Orchestra" coll)))
; ERROR in anagram-test/detect-anagram (core.clj:19):
; error: java.lang.ClassCastException: class clojure.lang.PersistentList$EmptyList cannot be cast to class clojure.lang.IFn (clojure.lang.PersistentList$EmptyList and clojure.lang.IFn are in unnamed module of loader 'app') (core.clj:19)
; expected:
(=
 ["inlets"]
 (let
  [coll ["enlists" "google" "inlets" "banana"]]
  (anagram/anagrams-for "listen" coll)))
; ERROR in anagram-test/detect-simple-anagram (core.clj:10):
; error: java.lang.ClassCastException: class clojure.lang.PersistentList$EmptyList cannot be cast to class clojure.lang.IFn (clojure.lang.PersistentList$EmptyList and clojure.lang.IFn are in unnamed module of loader 'app') (core.clj:10)
; expected:
(= ["tan"] (anagram/anagrams-for "ant" ["tan" "stand" "at"]))
; ERROR in anagram-test/does-not-confuse-different-duplicates (core.clj:13):
; error: java.lang.ClassCastException: class clojure.lang.PersistentList$EmptyList cannot be cast to class clojure.lang.IFn (clojure.lang.PersistentList$EmptyList and clojure.lang.IFn are in unnamed module of loader 'app') (core.clj:13)
; expected:
(= [] (anagram/anagrams-for "galea" ["eagle"]))
; ERROR in anagram-test/eliminate-anagram-subsets (core.clj:16):
; error: java.lang.ClassCastException: class clojure.lang.PersistentList$EmptyList cannot be cast to class clojure.lang.IFn (clojure.lang.PersistentList$EmptyList and clojure.lang.IFn are in unnamed module of loader 'app') (core.clj:16)
; expected:
(= [] (anagram/anagrams-for "good" ["dog" "goody"]))
; ERROR in anagram-test/multiple-anagrams (core.clj:24):
; error: java.lang.ClassCastException: class clojure.lang.PersistentList$EmptyList cannot be cast to class clojure.lang.IFn (clojure.lang.PersistentList$EmptyList and clojure.lang.IFn are in unnamed module of loader 'app') (core.clj:24)
; expected:
(=
 ["gallery" "regally" "largely"]
 (let
  [coll ["gallery" "ballerina" "regally" "clergy" "largely" "leading"]]
  (anagram/anagrams-for "allergy" coll)))
; ERROR in anagram-test/no-matches (core.clj:6):
; error: java.lang.ClassCastException: class clojure.lang.PersistentList$EmptyList cannot be cast to class clojure.lang.IFn (clojure.lang.PersistentList$EmptyList and clojure.lang.IFn are in unnamed module of loader 'app') (core.clj:6)
; expected:
(=
 []
 (anagram/anagrams-for "diaper" ["hello" "world" "zombies" "pants"]))
; ERROR in anagram-test/word-is-not-own-anagram (core.clj:35):
; error: java.lang.ClassCastException: class clojure.lang.PersistentList$EmptyList cannot be cast to class clojure.lang.IFn (clojure.lang.PersistentList$EmptyList and clojure.lang.IFn are in unnamed module of loader 'app') (core.clj:35)
; expected:
(= [] (anagram/anagrams-for "banana" ["banana"]))
; 9 tests finished, problems found. ðŸ˜­ errors: 9, failures: 0, ns: 1, vars: 9
cljêž‰anagramêž‰>Â 
; Evaluating file: anagram.clj
(["enlist" (\e \i \l \n \s \t)] ["list" (\i \l \s \t)])
; Running tests for anagram...
; FAIL in anagram-test/capital-word-is-not-own-anagram (anagram_test.clj:38):
; expected:
[]
; actual:
("banana")
; FAIL in anagram-test/case-insensitive-anagrams (anagram_test.clj:30):
; expected:
["Carthorse"]
; actual:
()
; FAIL in anagram-test/word-is-not-own-anagram (anagram_test.clj:35):
; expected:
[]
; actual:
("banana")
; 9 tests finished, problems found. ðŸ˜­ errors: 0, failures: 3, ns: 1, vars: 9
cljêž‰anagramêž‰>Â 
; Evaluating file: anagram.clj
(["enlist" (\e \i \l \n \s \t)] ["list" (\i \l \s \t)])
; Running tests for anagram...
; ERROR in anagram-test/capital-word-is-not-own-anagram (RT.java:38):
; error: java.lang.IllegalArgumentException: Don't know how to create ISeq from: clojure.core$map$fn__5847 (RT.java:38)
; expected:
(= [] (anagram/anagrams-for "BANANA" ["banana"]))
; ERROR in anagram-test/case-insensitive-anagrams (RT.java:30):
; error: java.lang.IllegalArgumentException: Don't know how to create ISeq from: clojure.core$map$fn__5847 (RT.java:30)
; expected:
(=
 ["Carthorse"]
 (let
  [coll ["cashregister" "Carthorse" "radishes"]]
  (anagram/anagrams-for "Orchestra" coll)))
; ERROR in anagram-test/detect-anagram (RT.java:19):
; error: java.lang.IllegalArgumentException: Don't know how to create ISeq from: clojure.core$map$fn__5847 (RT.java:19)
; expected:
(=
 ["inlets"]
 (let
  [coll ["enlists" "google" "inlets" "banana"]]
  (anagram/anagrams-for "listen" coll)))
; ERROR in anagram-test/detect-simple-anagram (RT.java:10):
; error: java.lang.IllegalArgumentException: Don't know how to create ISeq from: clojure.core$map$fn__5847 (RT.java:10)
; expected:
(= ["tan"] (anagram/anagrams-for "ant" ["tan" "stand" "at"]))
; ERROR in anagram-test/does-not-confuse-different-duplicates (RT.java:13):
; error: java.lang.IllegalArgumentException: Don't know how to create ISeq from: clojure.core$map$fn__5847 (RT.java:13)
; expected:
(= [] (anagram/anagrams-for "galea" ["eagle"]))
; ERROR in anagram-test/eliminate-anagram-subsets (RT.java:16):
; error: java.lang.IllegalArgumentException: Don't know how to create ISeq from: clojure.core$map$fn__5847 (RT.java:16)
; expected:
(= [] (anagram/anagrams-for "good" ["dog" "goody"]))
; ERROR in anagram-test/multiple-anagrams (RT.java:24):
; error: java.lang.IllegalArgumentException: Don't know how to create ISeq from: clojure.core$map$fn__5847 (RT.java:24)
; expected:
(=
 ["gallery" "regally" "largely"]
 (let
  [coll ["gallery" "ballerina" "regally" "clergy" "largely" "leading"]]
  (anagram/anagrams-for "allergy" coll)))
; ERROR in anagram-test/no-matches (RT.java:6):
; error: java.lang.IllegalArgumentException: Don't know how to create ISeq from: clojure.core$map$fn__5847 (RT.java:6)
; expected:
(=
 []
 (anagram/anagrams-for "diaper" ["hello" "world" "zombies" "pants"]))
; ERROR in anagram-test/word-is-not-own-anagram (RT.java:35):
; error: java.lang.IllegalArgumentException: Don't know how to create ISeq from: clojure.core$map$fn__5847 (RT.java:35)
; expected:
(= [] (anagram/anagrams-for "banana" ["banana"]))
; 9 tests finished, problems found. ðŸ˜­ errors: 9, failures: 0, ns: 1, vars: 9
cljêž‰anagramêž‰>Â 
; Evaluating file: anagram.clj
(["enlist" (\e \i \l \n \s \t)] ["list" (\i \l \s \t)])
; Running tests for anagram...
; ERROR in anagram-test/capital-word-is-not-own-anagram (RT.java:38):
; error: java.lang.IllegalArgumentException: Don't know how to create ISeq from: clojure.core$map$fn__5847 (RT.java:38)
; expected:
(= [] (anagram/anagrams-for "BANANA" ["banana"]))
; ERROR in anagram-test/case-insensitive-anagrams (RT.java:30):
; error: java.lang.IllegalArgumentException: Don't know how to create ISeq from: clojure.core$map$fn__5847 (RT.java:30)
; expected:
(=
 ["Carthorse"]
 (let
  [coll ["cashregister" "Carthorse" "radishes"]]
  (anagram/anagrams-for "Orchestra" coll)))
; ERROR in anagram-test/detect-anagram (RT.java:19):
; error: java.lang.IllegalArgumentException: Don't know how to create ISeq from: clojure.core$map$fn__5847 (RT.java:19)
; expected:
(=
 ["inlets"]
 (let
  [coll ["enlists" "google" "inlets" "banana"]]
  (anagram/anagrams-for "listen" coll)))
; ERROR in anagram-test/detect-simple-anagram (RT.java:10):
; error: java.lang.IllegalArgumentException: Don't know how to create ISeq from: clojure.core$map$fn__5847 (RT.java:10)
; expected:
(= ["tan"] (anagram/anagrams-for "ant" ["tan" "stand" "at"]))
; ERROR in anagram-test/does-not-confuse-different-duplicates (RT.java:13):
; error: java.lang.IllegalArgumentException: Don't know how to create ISeq from: clojure.core$map$fn__5847 (RT.java:13)
; expected:
(= [] (anagram/anagrams-for "galea" ["eagle"]))
; ERROR in anagram-test/eliminate-anagram-subsets (RT.java:16):
; error: java.lang.IllegalArgumentException: Don't know how to create ISeq from: clojure.core$map$fn__5847 (RT.java:16)
; expected:
(= [] (anagram/anagrams-for "good" ["dog" "goody"]))
; ERROR in anagram-test/multiple-anagrams (RT.java:24):
; error: java.lang.IllegalArgumentException: Don't know how to create ISeq from: clojure.core$map$fn__5847 (RT.java:24)
; expected:
(=
 ["gallery" "regally" "largely"]
 (let
  [coll ["gallery" "ballerina" "regally" "clergy" "largely" "leading"]]
  (anagram/anagrams-for "allergy" coll)))
; ERROR in anagram-test/no-matches (RT.java:6):
; error: java.lang.IllegalArgumentException: Don't know how to create ISeq from: clojure.core$map$fn__5847 (RT.java:6)
; expected:
(=
 []
 (anagram/anagrams-for "diaper" ["hello" "world" "zombies" "pants"]))
; ERROR in anagram-test/word-is-not-own-anagram (RT.java:35):
; error: java.lang.IllegalArgumentException: Don't know how to create ISeq from: clojure.core$map$fn__5847 (RT.java:35)
; expected:
(= [] (anagram/anagrams-for "banana" ["banana"]))
; 9 tests finished, problems found. ðŸ˜­ errors: 9, failures: 0, ns: 1, vars: 9
cljêž‰anagramêž‰>Â 
; Evaluating file: anagram.clj
(["enlist" (\e \i \l \n \s \t)] ["list" (\i \l \s \t)])
; Running tests for anagram...
; ERROR in anagram-test/capital-word-is-not-own-anagram (RT.java:38):
; error: java.lang.IllegalArgumentException: Don't know how to create ISeq from: clojure.core$map$fn__5847 (RT.java:38)
; expected:
(= [] (anagram/anagrams-for "BANANA" ["banana"]))
; ERROR in anagram-test/case-insensitive-anagrams (RT.java:30):
; error: java.lang.IllegalArgumentException: Don't know how to create ISeq from: clojure.core$map$fn__5847 (RT.java:30)
; expected:
(=
 ["Carthorse"]
 (let
  [coll ["cashregister" "Carthorse" "radishes"]]
  (anagram/anagrams-for "Orchestra" coll)))
; ERROR in anagram-test/detect-anagram (RT.java:19):
; error: java.lang.IllegalArgumentException: Don't know how to create ISeq from: clojure.core$map$fn__5847 (RT.java:19)
; expected:
(=
 ["inlets"]
 (let
  [coll ["enlists" "google" "inlets" "banana"]]
  (anagram/anagrams-for "listen" coll)))
; ERROR in anagram-test/detect-simple-anagram (RT.java:10):
; error: java.lang.IllegalArgumentException: Don't know how to create ISeq from: clojure.core$map$fn__5847 (RT.java:10)
; expected:
(= ["tan"] (anagram/anagrams-for "ant" ["tan" "stand" "at"]))
; ERROR in anagram-test/does-not-confuse-different-duplicates (RT.java:13):
; error: java.lang.IllegalArgumentException: Don't know how to create ISeq from: clojure.core$map$fn__5847 (RT.java:13)
; expected:
(= [] (anagram/anagrams-for "galea" ["eagle"]))
; ERROR in anagram-test/eliminate-anagram-subsets (RT.java:16):
; error: java.lang.IllegalArgumentException: Don't know how to create ISeq from: clojure.core$map$fn__5847 (RT.java:16)
; expected:
(= [] (anagram/anagrams-for "good" ["dog" "goody"]))
; ERROR in anagram-test/multiple-anagrams (RT.java:24):
; error: java.lang.IllegalArgumentException: Don't know how to create ISeq from: clojure.core$map$fn__5847 (RT.java:24)
; expected:
(=
 ["gallery" "regally" "largely"]
 (let
  [coll ["gallery" "ballerina" "regally" "clergy" "largely" "leading"]]
  (anagram/anagrams-for "allergy" coll)))
; ERROR in anagram-test/no-matches (RT.java:6):
; error: java.lang.IllegalArgumentException: Don't know how to create ISeq from: clojure.core$map$fn__5847 (RT.java:6)
; expected:
(=
 []
 (anagram/anagrams-for "diaper" ["hello" "world" "zombies" "pants"]))
; ERROR in anagram-test/word-is-not-own-anagram (RT.java:35):
; error: java.lang.IllegalArgumentException: Don't know how to create ISeq from: clojure.core$map$fn__5847 (RT.java:35)
; expected:
(= [] (anagram/anagrams-for "banana" ["banana"]))
; 9 tests finished, problems found. ðŸ˜­ errors: 9, failures: 0, ns: 1, vars: 9
cljêž‰anagramêž‰>Â 
; Evaluating file: anagram.clj
(["enlist" (\e \i \l \n \s \t)] ["list" (\i \l \s \t)])
; Running tests for anagram...
; ERROR in anagram-test/capital-word-is-not-own-anagram (RT.java:38):
; error: java.lang.IllegalArgumentException: Don't know how to create ISeq from: clojure.core$map$fn__5847 (RT.java:38)
; expected:
(= [] (anagram/anagrams-for "BANANA" ["banana"]))
; ERROR in anagram-test/case-insensitive-anagrams (RT.java:30):
; error: java.lang.IllegalArgumentException: Don't know how to create ISeq from: clojure.core$map$fn__5847 (RT.java:30)
; expected:
(=
 ["Carthorse"]
 (let
  [coll ["cashregister" "Carthorse" "radishes"]]
  (anagram/anagrams-for "Orchestra" coll)))
; ERROR in anagram-test/detect-anagram (RT.java:19):
; error: java.lang.IllegalArgumentException: Don't know how to create ISeq from: clojure.core$map$fn__5847 (RT.java:19)
; expected:
(=
 ["inlets"]
 (let
  [coll ["enlists" "google" "inlets" "banana"]]
  (anagram/anagrams-for "listen" coll)))
; ERROR in anagram-test/detect-simple-anagram (RT.java:10):
; error: java.lang.IllegalArgumentException: Don't know how to create ISeq from: clojure.core$map$fn__5847 (RT.java:10)
; expected:
(= ["tan"] (anagram/anagrams-for "ant" ["tan" "stand" "at"]))
; ERROR in anagram-test/does-not-confuse-different-duplicates (RT.java:13):
; error: java.lang.IllegalArgumentException: Don't know how to create ISeq from: clojure.core$map$fn__5847 (RT.java:13)
; expected:
(= [] (anagram/anagrams-for "galea" ["eagle"]))
; ERROR in anagram-test/eliminate-anagram-subsets (RT.java:16):
; error: java.lang.IllegalArgumentException: Don't know how to create ISeq from: clojure.core$map$fn__5847 (RT.java:16)
; expected:
(= [] (anagram/anagrams-for "good" ["dog" "goody"]))
; ERROR in anagram-test/multiple-anagrams (RT.java:24):
; error: java.lang.IllegalArgumentException: Don't know how to create ISeq from: clojure.core$map$fn__5847 (RT.java:24)
; expected:
(=
 ["gallery" "regally" "largely"]
 (let
  [coll ["gallery" "ballerina" "regally" "clergy" "largely" "leading"]]
  (anagram/anagrams-for "allergy" coll)))
; ERROR in anagram-test/no-matches (RT.java:6):
; error: java.lang.IllegalArgumentException: Don't know how to create ISeq from: clojure.core$map$fn__5847 (RT.java:6)
; expected:
(=
 []
 (anagram/anagrams-for "diaper" ["hello" "world" "zombies" "pants"]))
; ERROR in anagram-test/word-is-not-own-anagram (RT.java:35):
; error: java.lang.IllegalArgumentException: Don't know how to create ISeq from: clojure.core$map$fn__5847 (RT.java:35)
; expected:
(= [] (anagram/anagrams-for "banana" ["banana"]))
; 9 tests finished, problems found. ðŸ˜­ errors: 9, failures: 0, ns: 1, vars: 9
cljêž‰anagramêž‰>Â 
; Evaluating file: anagram.clj
(["enlist" (\e \i \l \n \s \t)] ["list" (\i \l \s \t)])
; Running tests for anagram...
; ERROR in anagram-test/capital-word-is-not-own-anagram (RT.java:38):
; error: java.lang.IllegalArgumentException: Don't know how to create ISeq from: clojure.core$map$fn__5847 (RT.java:38)
; expected:
(= [] (anagram/anagrams-for "BANANA" ["banana"]))
; ERROR in anagram-test/case-insensitive-anagrams (RT.java:30):
; error: java.lang.IllegalArgumentException: Don't know how to create ISeq from: clojure.core$map$fn__5847 (RT.java:30)
; expected:
(=
 ["Carthorse"]
 (let
  [coll ["cashregister" "Carthorse" "radishes"]]
  (anagram/anagrams-for "Orchestra" coll)))
; ERROR in anagram-test/detect-anagram (RT.java:19):
; error: java.lang.IllegalArgumentException: Don't know how to create ISeq from: clojure.core$map$fn__5847 (RT.java:19)
; expected:
(=
 ["inlets"]
 (let
  [coll ["enlists" "google" "inlets" "banana"]]
  (anagram/anagrams-for "listen" coll)))
; ERROR in anagram-test/detect-simple-anagram (RT.java:10):
; error: java.lang.IllegalArgumentException: Don't know how to create ISeq from: clojure.core$map$fn__5847 (RT.java:10)
; expected:
(= ["tan"] (anagram/anagrams-for "ant" ["tan" "stand" "at"]))
; ERROR in anagram-test/does-not-confuse-different-duplicates (RT.java:13):
; error: java.lang.IllegalArgumentException: Don't know how to create ISeq from: clojure.core$map$fn__5847 (RT.java:13)
; expected:
(= [] (anagram/anagrams-for "galea" ["eagle"]))
; ERROR in anagram-test/eliminate-anagram-subsets (RT.java:16):
; error: java.lang.IllegalArgumentException: Don't know how to create ISeq from: clojure.core$map$fn__5847 (RT.java:16)
; expected:
(= [] (anagram/anagrams-for "good" ["dog" "goody"]))
; ERROR in anagram-test/multiple-anagrams (RT.java:24):
; error: java.lang.IllegalArgumentException: Don't know how to create ISeq from: clojure.core$map$fn__5847 (RT.java:24)
; expected:
(=
 ["gallery" "regally" "largely"]
 (let
  [coll ["gallery" "ballerina" "regally" "clergy" "largely" "leading"]]
  (anagram/anagrams-for "allergy" coll)))
; ERROR in anagram-test/no-matches (RT.java:6):
; error: java.lang.IllegalArgumentException: Don't know how to create ISeq from: clojure.core$map$fn__5847 (RT.java:6)
; expected:
(=
 []
 (anagram/anagrams-for "diaper" ["hello" "world" "zombies" "pants"]))
; ERROR in anagram-test/word-is-not-own-anagram (RT.java:35):
; error: java.lang.IllegalArgumentException: Don't know how to create ISeq from: clojure.core$map$fn__5847 (RT.java:35)
; expected:
(= [] (anagram/anagrams-for "banana" ["banana"]))
; 9 tests finished, problems found. ðŸ˜­ errors: 9, failures: 0, ns: 1, vars: 9
cljêž‰anagramêž‰>Â 
; Evaluating file: anagram.clj
(["enlist" (\e \i \l \n \s \t)] ["list" (\i \l \s \t)])
; Running tests for anagram...
; ERROR in anagram-test/capital-word-is-not-own-anagram (RT.java:38):
; error: java.lang.IllegalArgumentException: Don't know how to create ISeq from: clojure.core$map$fn__5847 (RT.java:38)
; expected:
(= [] (anagram/anagrams-for "BANANA" ["banana"]))
; ERROR in anagram-test/case-insensitive-anagrams (RT.java:30):
; error: java.lang.IllegalArgumentException: Don't know how to create ISeq from: clojure.core$map$fn__5847 (RT.java:30)
; expected:
(=
 ["Carthorse"]
 (let
  [coll ["cashregister" "Carthorse" "radishes"]]
  (anagram/anagrams-for "Orchestra" coll)))
; ERROR in anagram-test/detect-anagram (RT.java:19):
; error: java.lang.IllegalArgumentException: Don't know how to create ISeq from: clojure.core$map$fn__5847 (RT.java:19)
; expected:
(=
 ["inlets"]
 (let
  [coll ["enlists" "google" "inlets" "banana"]]
  (anagram/anagrams-for "listen" coll)))
; ERROR in anagram-test/detect-simple-anagram (RT.java:10):
; error: java.lang.IllegalArgumentException: Don't know how to create ISeq from: clojure.core$map$fn__5847 (RT.java:10)
; expected:
(= ["tan"] (anagram/anagrams-for "ant" ["tan" "stand" "at"]))
; ERROR in anagram-test/does-not-confuse-different-duplicates (RT.java:13):
; error: java.lang.IllegalArgumentException: Don't know how to create ISeq from: clojure.core$map$fn__5847 (RT.java:13)
; expected:
(= [] (anagram/anagrams-for "galea" ["eagle"]))
; ERROR in anagram-test/eliminate-anagram-subsets (RT.java:16):
; error: java.lang.IllegalArgumentException: Don't know how to create ISeq from: clojure.core$map$fn__5847 (RT.java:16)
; expected:
(= [] (anagram/anagrams-for "good" ["dog" "goody"]))
; ERROR in anagram-test/multiple-anagrams (RT.java:24):
; error: java.lang.IllegalArgumentException: Don't know how to create ISeq from: clojure.core$map$fn__5847 (RT.java:24)
; expected:
(=
 ["gallery" "regally" "largely"]
 (let
  [coll ["gallery" "ballerina" "regally" "clergy" "largely" "leading"]]
  (anagram/anagrams-for "allergy" coll)))
; ERROR in anagram-test/no-matches (RT.java:6):
; error: java.lang.IllegalArgumentException: Don't know how to create ISeq from: clojure.core$map$fn__5847 (RT.java:6)
; expected:
(=
 []
 (anagram/anagrams-for "diaper" ["hello" "world" "zombies" "pants"]))
; ERROR in anagram-test/word-is-not-own-anagram (RT.java:35):
; error: java.lang.IllegalArgumentException: Don't know how to create ISeq from: clojure.core$map$fn__5847 (RT.java:35)
; expected:
(= [] (anagram/anagrams-for "banana" ["banana"]))
; 9 tests finished, problems found. ðŸ˜­ errors: 9, failures: 0, ns: 1, vars: 9
cljêž‰anagramêž‰>Â 
; Error printing return value (IllegalArgumentException) at clojure.lang.RT/seqFrom (RT.java:553).
; Don't know how to create ISeq from: clojure.core$map$fn__5847
cljêž‰anagramêž‰>Â 
; Evaluating file: anagram.clj
(["enlist" (\e \i \l \n \s \t)] ["list" (\i \l \s \t)])
; Running tests for anagram...
; ERROR in anagram-test/capital-word-is-not-own-anagram (core.clj:38):
; error: java.lang.ClassCastException: class clojure.lang.PersistentList$EmptyList cannot be cast to class clojure.lang.IFn (clojure.lang.PersistentList$EmptyList and clojure.lang.IFn are in unnamed module of loader 'app') (core.clj:38)
; expected:
(= [] (anagram/anagrams-for "BANANA" ["banana"]))
; ERROR in anagram-test/case-insensitive-anagrams (core.clj:30):
; error: java.lang.ClassCastException: class clojure.lang.PersistentList$EmptyList cannot be cast to class clojure.lang.IFn (clojure.lang.PersistentList$EmptyList and clojure.lang.IFn are in unnamed module of loader 'app') (core.clj:30)
; expected:
(=
 ["Carthorse"]
 (let
  [coll ["cashregister" "Carthorse" "radishes"]]
  (anagram/anagrams-for "Orchestra" coll)))
; ERROR in anagram-test/detect-anagram (core.clj:19):
; error: java.lang.ClassCastException: class clojure.lang.PersistentList$EmptyList cannot be cast to class clojure.lang.IFn (clojure.lang.PersistentList$EmptyList and clojure.lang.IFn are in unnamed module of loader 'app') (core.clj:19)
; expected:
(=
 ["inlets"]
 (let
  [coll ["enlists" "google" "inlets" "banana"]]
  (anagram/anagrams-for "listen" coll)))
; ERROR in anagram-test/detect-simple-anagram (core.clj:10):
; error: java.lang.ClassCastException: class clojure.lang.PersistentList$EmptyList cannot be cast to class clojure.lang.IFn (clojure.lang.PersistentList$EmptyList and clojure.lang.IFn are in unnamed module of loader 'app') (core.clj:10)
; expected:
(= ["tan"] (anagram/anagrams-for "ant" ["tan" "stand" "at"]))
; ERROR in anagram-test/does-not-confuse-different-duplicates (core.clj:13):
; error: java.lang.ClassCastException: class clojure.lang.PersistentList$EmptyList cannot be cast to class clojure.lang.IFn (clojure.lang.PersistentList$EmptyList and clojure.lang.IFn are in unnamed module of loader 'app') (core.clj:13)
; expected:
(= [] (anagram/anagrams-for "galea" ["eagle"]))
; ERROR in anagram-test/eliminate-anagram-subsets (core.clj:16):
; error: java.lang.ClassCastException: class clojure.lang.PersistentList$EmptyList cannot be cast to class clojure.lang.IFn (clojure.lang.PersistentList$EmptyList and clojure.lang.IFn are in unnamed module of loader 'app') (core.clj:16)
; expected:
(= [] (anagram/anagrams-for "good" ["dog" "goody"]))
; ERROR in anagram-test/multiple-anagrams (core.clj:24):
; error: java.lang.ClassCastException: class clojure.lang.PersistentList$EmptyList cannot be cast to class clojure.lang.IFn (clojure.lang.PersistentList$EmptyList and clojure.lang.IFn are in unnamed module of loader 'app') (core.clj:24)
; expected:
(=
 ["gallery" "regally" "largely"]
 (let
  [coll ["gallery" "ballerina" "regally" "clergy" "largely" "leading"]]
  (anagram/anagrams-for "allergy" coll)))
; ERROR in anagram-test/no-matches (core.clj:6):
; error: java.lang.ClassCastException: class clojure.lang.PersistentList$EmptyList cannot be cast to class clojure.lang.IFn (clojure.lang.PersistentList$EmptyList and clojure.lang.IFn are in unnamed module of loader 'app') (core.clj:6)
; expected:
(=
 []
 (anagram/anagrams-for "diaper" ["hello" "world" "zombies" "pants"]))
; ERROR in anagram-test/word-is-not-own-anagram (core.clj:35):
; error: java.lang.ClassCastException: class clojure.lang.PersistentList$EmptyList cannot be cast to class clojure.lang.IFn (clojure.lang.PersistentList$EmptyList and clojure.lang.IFn are in unnamed module of loader 'app') (core.clj:35)
; expected:
(= [] (anagram/anagrams-for "banana" ["banana"]))
; 9 tests finished, problems found. ðŸ˜­ errors: 9, failures: 0, ns: 1, vars: 9
cljêž‰anagramêž‰>Â 
; Evaluating file: anagram.clj
; Syntax error (ArityException) compiling at (anagram.clj:8:1).
; Wrong number of args (0) passed to: clojure.core/sort
; Evaluation of file anagram.clj failed: class clojure.lang.Compiler$CompilerException
; Evaluating file: anagram.clj
(["enlist" (\e \i \l \n \s \t)] ["list" (\i \l \s \t)])
; Running tests for anagram...
; FAIL in anagram-test/capital-word-is-not-own-anagram (anagram_test.clj:38):
; expected:
[]
; actual:
("banana")
; FAIL in anagram-test/case-insensitive-anagrams (anagram_test.clj:30):
; expected:
["Carthorse"]
; actual:
()
; FAIL in anagram-test/word-is-not-own-anagram (anagram_test.clj:35):
; expected:
[]
; actual:
("banana")
; 9 tests finished, problems found. ðŸ˜­ errors: 0, failures: 3, ns: 1, vars: 9
cljêž‰anagramêž‰>Â 
; Evaluating file: anagram.clj
(["enlist" (\e \i \l \n \s \t)] ["list" (\i \l \s \t)])
; Running tests for anagram...
; FAIL in anagram-test/case-insensitive-anagrams (anagram_test.clj:30):
; expected:
["Carthorse"]
; actual:
()
; FAIL in anagram-test/detect-anagram (anagram_test.clj:19):
; expected:
["inlets"]
; actual:
()
; FAIL in anagram-test/detect-simple-anagram (anagram_test.clj:10):
; expected:
["tan"]
; actual:
()
; FAIL in anagram-test/multiple-anagrams (anagram_test.clj:24):
; expected:
["gallery" "regally" "largely"]
; actual:
()
; 9 tests finished, problems found. ðŸ˜­ errors: 0, failures: 4, ns: 1, vars: 9
cljêž‰anagramêž‰>Â 
; Evaluating file: anagram.clj
(["enlist" (\e \i \l \n \s \t)] ["list" (\i \l \s \t)])
; Running tests for anagram...
; FAIL in anagram-test/capital-word-is-not-own-anagram (anagram_test.clj:38):
; expected:
[]
; actual:
("banana")
; FAIL in anagram-test/case-insensitive-anagrams (anagram_test.clj:30):
; expected:
["Carthorse"]
; actual:
()
; FAIL in anagram-test/word-is-not-own-anagram (anagram_test.clj:35):
; expected:
[]
; actual:
("banana")
; 9 tests finished, problems found. ðŸ˜­ errors: 0, failures: 3, ns: 1, vars: 9
cljêž‰anagramêž‰>Â 
; Evaluating file: anagram.clj
(["enlist" (\e \i \l \n \s \t)] ["list" (\i \l \s \t)])
; Running tests for anagram...
; FAIL in anagram-test/capital-word-is-not-own-anagram (anagram_test.clj:38):
; expected:
[]
; actual:
("banana")
; FAIL in anagram-test/word-is-not-own-anagram (anagram_test.clj:35):
; expected:
[]
; actual:
("banana")
; 9 tests finished, problems found. ðŸ˜­ errors: 0, failures: 2, ns: 1, vars: 9
cljêž‰anagramêž‰>Â 
("inlets")
cljêž‰anagramêž‰>Â 
; Evaluating file: anagram.clj
(["enlist" (\e \i \l \n \s \t)] ["list" (\i \l \s \t)])
; Running tests for anagram...
; FAIL in anagram-test/capital-word-is-not-own-anagram (anagram_test.clj:38):
; expected:
[]
; actual:
("banana")
; FAIL in anagram-test/word-is-not-own-anagram (anagram_test.clj:35):
; expected:
[]
; actual:
("banana")
; 9 tests finished, problems found. ðŸ˜­ errors: 0, failures: 2, ns: 1, vars: 9
cljêž‰anagramêž‰>Â 
; Evaluating file: anagram.clj
(["enlist" (\e \i \l \n \s \t)] ["list" (\i \l \s \t)])
; Running tests for anagram...
; FAIL in anagram-test/capital-word-is-not-own-anagram (anagram_test.clj:38):
; expected:
[]
; actual:
("banana")
; FAIL in anagram-test/word-is-not-own-anagram (anagram_test.clj:35):
; expected:
[]
; actual:
("banana")
; 9 tests finished, problems found. ðŸ˜­ errors: 0, failures: 2, ns: 1, vars: 9
cljêž‰anagramêž‰>Â 
; Evaluating file: anagram.clj
(["enlist" (\e \i \l \n \s \t)] ["list" (\i \l \s \t)])
; Running tests for anagram...
; FAIL in anagram-test/capital-word-is-not-own-anagram (anagram_test.clj:38):
; expected:
[]
; actual:
("banana")
; FAIL in anagram-test/word-is-not-own-anagram (anagram_test.clj:35):
; expected:
[]
; actual:
("banana")
; 9 tests finished, problems found. ðŸ˜­ errors: 0, failures: 2, ns: 1, vars: 9
cljêž‰anagramêž‰>Â 
; Evaluating file: anagram.clj
(["enlist" (\e \i \l \n \s \t)] ["list" (\i \l \s \t)])
; Running tests for anagram...
; FAIL in anagram-test/capital-word-is-not-own-anagram (anagram_test.clj:38):
; expected:
[]
; actual:
("banana")
; FAIL in anagram-test/word-is-not-own-anagram (anagram_test.clj:35):
; expected:
[]
; actual:
("banana")
; 9 tests finished, problems found. ðŸ˜­ errors: 0, failures: 2, ns: 1, vars: 9
cljêž‰anagramêž‰>Â 
; Evaluating file: anagram.clj
; Syntax error reading source at (anagram.clj:8:22).
; Unmatched delimiter: )
; Evaluation of file anagram.clj failed: class clojure.lang.Compiler$CompilerException
; Evaluating file: anagram.clj
(["enlist" (\e \i \l \n \s \t)] ["list" (\i \l \s \t)])
; Running tests for anagram...
; FAIL in anagram-test/capital-word-is-not-own-anagram (anagram_test.clj:38):
; expected:
[]
; actual:
(["enlist" (\e \i \l \n \s \t)] ["list" (\i \l \s \t)])
; FAIL in anagram-test/case-insensitive-anagrams (anagram_test.clj:30):
; expected:
["Carthorse"]
; actual:
(["enlist" (\e \i \l \n \s \t)] ["list" (\i \l \s \t)])
; FAIL in anagram-test/detect-anagram (anagram_test.clj:19):
; expected:
["inlets"]
; actual:
(["enlist" (\e \i \l \n \s \t)] ["list" (\i \l \s \t)])
; FAIL in anagram-test/detect-simple-anagram (anagram_test.clj:10):
; expected:
["tan"]
; actual:
(["enlist" (\e \i \l \n \s \t)] ["list" (\i \l \s \t)])
; FAIL in anagram-test/does-not-confuse-different-duplicates (anagram_test.clj:13):
; expected:
[]
; actual:
(["enlist" (\e \i \l \n \s \t)] ["list" (\i \l \s \t)])
; FAIL in anagram-test/eliminate-anagram-subsets (anagram_test.clj:16):
; expected:
[]
; actual:
(["enlist" (\e \i \l \n \s \t)] ["list" (\i \l \s \t)])
; FAIL in anagram-test/multiple-anagrams (anagram_test.clj:24):
; expected:
["gallery" "regally" "largely"]
; actual:
(["enlist" (\e \i \l \n \s \t)] ["list" (\i \l \s \t)])
; FAIL in anagram-test/no-matches (anagram_test.clj:6):
; expected:
[]
; actual:
(["enlist" (\e \i \l \n \s \t)] ["list" (\i \l \s \t)])
; FAIL in anagram-test/word-is-not-own-anagram (anagram_test.clj:35):
; expected:
[]
; actual:
(["enlist" (\e \i \l \n \s \t)] ["list" (\i \l \s \t)])
; 9 tests finished, problems found. ðŸ˜­ errors: 0, failures: 9, ns: 1, vars: 9
cljêž‰anagramêž‰>Â 
; Evaluating file: anagram.clj
(["enlist" (\e \i \l \n \s \t)] ["list" (\i \l \s \t)])
; Running tests for anagram...
; FAIL in anagram-test/capital-word-is-not-own-anagram (anagram_test.clj:38):
; expected:
[]
; actual:
("banana")
; FAIL in anagram-test/word-is-not-own-anagram (anagram_test.clj:35):
; expected:
[]
; actual:
("banana")
; 9 tests finished, problems found. ðŸ˜­ errors: 0, failures: 2, ns: 1, vars: 9
cljêž‰anagramêž‰>Â 
; Evaluating file: anagram.clj
(["enlist" (\e \i \l \n \s \t)] ["list" (\i \l \s \t)])
; Running tests for anagram...
; FAIL in anagram-test/capital-word-is-not-own-anagram (anagram_test.clj:38):
; expected:
[]
; actual:
("banana")
; FAIL in anagram-test/word-is-not-own-anagram (anagram_test.clj:35):
; expected:
[]
; actual:
("banana")
; 9 tests finished, problems found. ðŸ˜­ errors: 0, failures: 2, ns: 1, vars: 9
cljêž‰anagramêž‰>Â 
; Evaluating file: anagram.clj
(["enlist" (\e \i \l \n \s \t)] ["list" (\i \l \s \t)])
; Running tests for anagram...
; FAIL in anagram-test/capital-word-is-not-own-anagram (anagram_test.clj:38):
; expected:
[]
; actual:
("banana")
; FAIL in anagram-test/word-is-not-own-anagram (anagram_test.clj:35):
; expected:
[]
; actual:
("banana")
; 9 tests finished, problems found. ðŸ˜­ errors: 0, failures: 2, ns: 1, vars: 9
cljêž‰anagramêž‰>Â 
; Evaluating file: anagram.clj
(["enlist" (\e \i \l \n \s \t)] ["list" (\i \l \s \t)])
; Running tests for anagram...
; FAIL in anagram-test/capital-word-is-not-own-anagram (anagram_test.clj:38):
; expected:
[]
; actual:
("banana")
; FAIL in anagram-test/word-is-not-own-anagram (anagram_test.clj:35):
; expected:
[]
; actual:
("banana")
; 9 tests finished, problems found. ðŸ˜­ errors: 0, failures: 2, ns: 1, vars: 9
cljêž‰anagramêž‰>Â 
; Evaluating file: anagram.clj
(["enlist" (\e \i \l \n \s \t)] ["list" (\i \l \s \t)])
; Running tests for anagram...
; FAIL in anagram-test/capital-word-is-not-own-anagram (anagram_test.clj:38):
; expected:
[]
; actual:
("banana")
; FAIL in anagram-test/word-is-not-own-anagram (anagram_test.clj:35):
; expected:
[]
; actual:
("banana")
; 9 tests finished, problems found. ðŸ˜­ errors: 0, failures: 2, ns: 1, vars: 9
cljêž‰anagramêž‰>Â 
; Evaluating file: anagram.clj
(["enlist" (\e \i \l \n \s \t)] ["list" (\i \l \s \t)])
; Running tests for anagram...
; FAIL in anagram-test/capital-word-is-not-own-anagram (anagram_test.clj:38):
; expected:
[]
; actual:
("banana")
; FAIL in anagram-test/word-is-not-own-anagram (anagram_test.clj:35):
; expected:
[]
; actual:
("banana")
; 9 tests finished, problems found. ðŸ˜­ errors: 0, failures: 2, ns: 1, vars: 9
cljêž‰anagramêž‰>Â 
; Evaluating file: anagram.clj
; Syntax error macroexpanding clojure.core/let at (anagram.clj:5:3).
; [sorted-word (sort (str/lower-case word)) sorted-list (map (juxt identity (comp sort str/lower-case)) prospect-list) (map first (filter (fn* [p1__30745#] (= (p1__30745# 1) sorted-word)) sorted-list))] - failed: even-number-of-forms? at: [:bindings] spec: :clojure.core.specs.alpha/bindings
; Evaluation of file anagram.clj failed: class clojure.lang.Compiler$CompilerException
; Evaluating file: anagram.clj
; Syntax error compiling at (anagram.clj:5:3).
; Unable to resolve symbol: new-binding in this context
; Evaluation of file anagram.clj failed: class clojure.lang.Compiler$CompilerException
; Evaluating file: anagram.clj
; Syntax error compiling at (anagram.clj:5:3).
; Unable to resolve symbol: new-binding in this context
; Evaluation of file anagram.clj failed: class clojure.lang.Compiler$CompilerException
; Evaluating file: anagram.clj
(["enlist" (\e \i \l \n \s \t)] ["list" (\i \l \s \t)])
; Running tests for anagram...
; FAIL in anagram-test/capital-word-is-not-own-anagram (anagram_test.clj:38):
; expected:
[]
; actual:
("banana")
; FAIL in anagram-test/word-is-not-own-anagram (anagram_test.clj:35):
; expected:
[]
; actual:
("banana")
; 9 tests finished, problems found. ðŸ˜­ errors: 0, failures: 2, ns: 1, vars: 9
cljêž‰anagramêž‰>Â 
("inlets")
cljêž‰anagramêž‰>Â 
; Evaluating file: anagram.clj
; Syntax error compiling at (anagram.clj:8:5).
; Unable to resolve symbol: filteranagrams in this context
; Evaluation of file anagram.clj failed: class clojure.lang.Compiler$CompilerException
; Evaluating file: anagram.clj
(["enlist" (\e \i \l \n \s \t)] ["list" (\i \l \s \t)])
; Running tests for anagram...
; FAIL in anagram-test/capital-word-is-not-own-anagram (anagram_test.clj:38):
; expected:
[]
; actual:
#function[clojure.core/filter/fn--5874]
; FAIL in anagram-test/case-insensitive-anagrams (anagram_test.clj:30):
; expected:
["Carthorse"]
; actual:
#function[clojure.core/filter/fn--5874]
; FAIL in anagram-test/detect-anagram (anagram_test.clj:19):
; expected:
["inlets"]
; actual:
#function[clojure.core/filter/fn--5874]
; FAIL in anagram-test/detect-simple-anagram (anagram_test.clj:10):
; expected:
["tan"]
; actual:
#function[clojure.core/filter/fn--5874]
; FAIL in anagram-test/does-not-confuse-different-duplicates (anagram_test.clj:13):
; expected:
[]
; actual:
#function[clojure.core/filter/fn--5874]
; FAIL in anagram-test/eliminate-anagram-subsets (anagram_test.clj:16):
; expected:
[]
; actual:
#function[clojure.core/filter/fn--5874]
; FAIL in anagram-test/multiple-anagrams (anagram_test.clj:24):
; expected:
["gallery" "regally" "largely"]
; actual:
#function[clojure.core/filter/fn--5874]
; FAIL in anagram-test/no-matches (anagram_test.clj:6):
; expected:
[]
; actual:
#function[clojure.core/filter/fn--5874]
; FAIL in anagram-test/word-is-not-own-anagram (anagram_test.clj:35):
; expected:
[]
; actual:
#function[clojure.core/filter/fn--5874]
; 9 tests finished, problems found. ðŸ˜­ errors: 0, failures: 9, ns: 1, vars: 9
cljêž‰anagramêž‰>Â 
; Evaluating file: anagram.clj
(["enlist" (\e \i \l \n \s \t)] ["list" (\i \l \s \t)])
; Running tests for anagram...
; ERROR in anagram-test/capital-word-is-not-own-anagram (AFn.java:38):
; error: clojure.lang.ArityException: Wrong number of args (1) passed to: anagram/anagrams-for/fn--31510 (AFn.java:38)
; expected:
(= [] (anagram/anagrams-for "BANANA" ["banana"]))
; ERROR in anagram-test/case-insensitive-anagrams (AFn.java:30):
; error: clojure.lang.ArityException: Wrong number of args (1) passed to: anagram/anagrams-for/fn--31510 (AFn.java:30)
; expected:
(=
 ["Carthorse"]
 (let
  [coll ["cashregister" "Carthorse" "radishes"]]
  (anagram/anagrams-for "Orchestra" coll)))
; ERROR in anagram-test/detect-anagram (AFn.java:19):
; error: clojure.lang.ArityException: Wrong number of args (1) passed to: anagram/anagrams-for/fn--31510 (AFn.java:19)
; expected:
(=
 ["inlets"]
 (let
  [coll ["enlists" "google" "inlets" "banana"]]
  (anagram/anagrams-for "listen" coll)))
; ERROR in anagram-test/detect-simple-anagram (AFn.java:10):
; error: clojure.lang.ArityException: Wrong number of args (1) passed to: anagram/anagrams-for/fn--31510 (AFn.java:10)
; expected:
(= ["tan"] (anagram/anagrams-for "ant" ["tan" "stand" "at"]))
; ERROR in anagram-test/multiple-anagrams (AFn.java:24):
; error: clojure.lang.ArityException: Wrong number of args (1) passed to: anagram/anagrams-for/fn--31510 (AFn.java:24)
; expected:
(=
 ["gallery" "regally" "largely"]
 (let
  [coll ["gallery" "ballerina" "regally" "clergy" "largely" "leading"]]
  (anagram/anagrams-for "allergy" coll)))
; ERROR in anagram-test/word-is-not-own-anagram (AFn.java:35):
; error: clojure.lang.ArityException: Wrong number of args (1) passed to: anagram/anagrams-for/fn--31510 (AFn.java:35)
; expected:
(= [] (anagram/anagrams-for "banana" ["banana"]))
; 9 tests finished, problems found. ðŸ˜­ errors: 6, failures: 0, ns: 1, vars: 9
cljêž‰anagramêž‰>Â 
; Evaluating file: anagram.clj
(["enlist" (\e \i \l \n \s \t)] ["list" (\i \l \s \t)])
; Running tests for anagram...
; ERROR in anagram-test/capital-word-is-not-own-anagram (AFn.java:38):
; error: clojure.lang.ArityException: Wrong number of args (1) passed to: anagram/anagrams-for/fn--31643 (AFn.java:38)
; expected:
(= [] (anagram/anagrams-for "BANANA" ["banana"]))
; ERROR in anagram-test/case-insensitive-anagrams (AFn.java:30):
; error: clojure.lang.ArityException: Wrong number of args (1) passed to: anagram/anagrams-for/fn--31643 (AFn.java:30)
; expected:
(=
 ["Carthorse"]
 (let
  [coll ["cashregister" "Carthorse" "radishes"]]
  (anagram/anagrams-for "Orchestra" coll)))
; ERROR in anagram-test/detect-anagram (AFn.java:19):
; error: clojure.lang.ArityException: Wrong number of args (1) passed to: anagram/anagrams-for/fn--31643 (AFn.java:19)
; expected:
(=
 ["inlets"]
 (let
  [coll ["enlists" "google" "inlets" "banana"]]
  (anagram/anagrams-for "listen" coll)))
; ERROR in anagram-test/detect-simple-anagram (AFn.java:10):
; error: clojure.lang.ArityException: Wrong number of args (1) passed to: anagram/anagrams-for/fn--31643 (AFn.java:10)
; expected:
(= ["tan"] (anagram/anagrams-for "ant" ["tan" "stand" "at"]))
; ERROR in anagram-test/multiple-anagrams (AFn.java:24):
; error: clojure.lang.ArityException: Wrong number of args (1) passed to: anagram/anagrams-for/fn--31643 (AFn.java:24)
; expected:
(=
 ["gallery" "regally" "largely"]
 (let
  [coll ["gallery" "ballerina" "regally" "clergy" "largely" "leading"]]
  (anagram/anagrams-for "allergy" coll)))
; ERROR in anagram-test/word-is-not-own-anagram (AFn.java:35):
; error: clojure.lang.ArityException: Wrong number of args (1) passed to: anagram/anagrams-for/fn--31643 (AFn.java:35)
; expected:
(= [] (anagram/anagrams-for "banana" ["banana"]))
; 9 tests finished, problems found. ðŸ˜­ errors: 6, failures: 0, ns: 1, vars: 9
cljêž‰anagramêž‰>Â 
; Evaluating file: anagram.clj
(["enlist" (\e \i \l \n \s \t)] ["list" (\i \l \s \t)])
; Running tests for anagram...
; ERROR in anagram-test/capital-word-is-not-own-anagram (AFn.java:38):
; error: clojure.lang.ArityException: Wrong number of args (1) passed to: anagram/anagrams-for/fn--31774 (AFn.java:38)
; expected:
(= [] (anagram/anagrams-for "BANANA" ["banana"]))
; ERROR in anagram-test/case-insensitive-anagrams (AFn.java:30):
; error: clojure.lang.ArityException: Wrong number of args (1) passed to: anagram/anagrams-for/fn--31774 (AFn.java:30)
; expected:
(=
 ["Carthorse"]
 (let
  [coll ["cashregister" "Carthorse" "radishes"]]
  (anagram/anagrams-for "Orchestra" coll)))
; ERROR in anagram-test/detect-anagram (AFn.java:19):
; error: clojure.lang.ArityException: Wrong number of args (1) passed to: anagram/anagrams-for/fn--31774 (AFn.java:19)
; expected:
(=
 ["inlets"]
 (let
  [coll ["enlists" "google" "inlets" "banana"]]
  (anagram/anagrams-for "listen" coll)))
; ERROR in anagram-test/detect-simple-anagram (AFn.java:10):
; error: clojure.lang.ArityException: Wrong number of args (1) passed to: anagram/anagrams-for/fn--31774 (AFn.java:10)
; expected:
(= ["tan"] (anagram/anagrams-for "ant" ["tan" "stand" "at"]))
; ERROR in anagram-test/multiple-anagrams (AFn.java:24):
; error: clojure.lang.ArityException: Wrong number of args (1) passed to: anagram/anagrams-for/fn--31774 (AFn.java:24)
; expected:
(=
 ["gallery" "regally" "largely"]
 (let
  [coll ["gallery" "ballerina" "regally" "clergy" "largely" "leading"]]
  (anagram/anagrams-for "allergy" coll)))
; ERROR in anagram-test/word-is-not-own-anagram (AFn.java:35):
; error: clojure.lang.ArityException: Wrong number of args (1) passed to: anagram/anagrams-for/fn--31774 (AFn.java:35)
; expected:
(= [] (anagram/anagrams-for "banana" ["banana"]))
; 9 tests finished, problems found. ðŸ˜­ errors: 6, failures: 0, ns: 1, vars: 9
cljêž‰anagramêž‰>Â 
; Evaluating file: anagram.clj
(["enlist" (\e \i \l \n \s \t)] ["list" (\i \l \s \t)])
; Running tests for anagram...
; FAIL in anagram-test/case-insensitive-anagrams (anagram_test.clj:30):
; expected:
["Carthorse"]
; actual:
()
; FAIL in anagram-test/detect-anagram (anagram_test.clj:19):
; expected:
["inlets"]
; actual:
()
; FAIL in anagram-test/detect-simple-anagram (anagram_test.clj:10):
; expected:
["tan"]
; actual:
()
; FAIL in anagram-test/multiple-anagrams (anagram_test.clj:24):
; expected:
["gallery" "regally" "largely"]
; actual:
()
; FAIL in anagram-test/word-is-not-own-anagram (anagram_test.clj:35):
; expected:
[]
; actual:
("banana")
; 9 tests finished, problems found. ðŸ˜­ errors: 0, failures: 5, ns: 1, vars: 9
cljêž‰anagramêž‰>Â 
; Evaluating file: anagram.clj
(["enlist" (\e \i \l \n \s \t)] ["list" (\i \l \s \t)])
; Running tests for anagram...
; FAIL in anagram-test/case-insensitive-anagrams (anagram_test.clj:30):
; expected:
["Carthorse"]
; actual:
()
; FAIL in anagram-test/detect-anagram (anagram_test.clj:19):
; expected:
["inlets"]
; actual:
()
; FAIL in anagram-test/detect-simple-anagram (anagram_test.clj:10):
; expected:
["tan"]
; actual:
()
; FAIL in anagram-test/multiple-anagrams (anagram_test.clj:24):
; expected:
["gallery" "regally" "largely"]
; actual:
()
; FAIL in anagram-test/word-is-not-own-anagram (anagram_test.clj:35):
; expected:
[]
; actual:
("banana")
; 9 tests finished, problems found. ðŸ˜­ errors: 0, failures: 5, ns: 1, vars: 9
cljêž‰anagramêž‰>Â 
; Evaluating file: anagram.clj
(["enlist" (\e \i \l \n \s \t)] ["list" (\i \l \s \t)])
; Running tests for anagram...
; FAIL in anagram-test/capital-word-is-not-own-anagram (anagram_test.clj:38):
; expected:
[]
; actual:
("banana")
; 9 tests finished, problems found. ðŸ˜­ errors: 0, failures: 1, ns: 1, vars: 9
cljêž‰anagramêž‰>Â 
("inlets")
cljêž‰anagramêž‰>Â 
; Evaluating file: anagram.clj
("inlets")
; Running tests for anagram...
; FAIL in anagram-test/capital-word-is-not-own-anagram (anagram_test.clj:38):
; expected:
[]
; actual:
("banana")
; 9 tests finished, problems found. ðŸ˜­ errors: 0, failures: 1, ns: 1, vars: 9
cljêž‰anagramêž‰>Â 
; Evaluating file: anagram.clj
; Error printing return value (ClassCastException) at anagram/anagrams-for$fn (anagram.clj:8).
; class java.lang.String cannot be cast to class clojure.lang.IFn (java.lang.String is in module java.base of loader 'bootstrap'; clojure.lang.IFn is in unnamed module of loader 'app')
; Evaluation of file anagram.clj failed: class clojure.lang.ExceptionInfo
; Evaluating file: anagram.clj
("inlets")
; Running tests for anagram...
; FAIL in anagram-test/capital-word-is-not-own-anagram (anagram_test.clj:38):
; expected:
[]
; actual:
("banana")
; 9 tests finished, problems found. ðŸ˜­ errors: 0, failures: 1, ns: 1, vars: 9
cljêž‰anagramêž‰>Â 
; Evaluating file: anagram.clj
; Syntax error compiling at (anagram.clj:8:36).
; Unable to resolve symbol: sword in this context
; Evaluation of file anagram.clj failed: class clojure.lang.Compiler$CompilerException
; Evaluating file: anagram.clj
; Syntax error compiling at (anagram.clj:8:36).
; No such var: str/lowercase
; Evaluation of file anagram.clj failed: class clojure.lang.Compiler$CompilerException
; Evaluating file: anagram.clj
("inlets")
; Running tests for anagram...
; 9 tests finished, all passing ðŸ‘, ns: 1, vars: 9
cljêž‰anagramêž‰>Â 
("inlets")
cljêž‰anagramêž‰>Â 
; Evaluating file: anagram.clj
("inlets")
; Running tests for anagram...
; 9 tests finished, all passing ðŸ‘, ns: 1, vars: 9
cljêž‰anagramêž‰>Â 
; Evaluating file: anagram.clj
("inlets")
; Running tests for anagram...
; 9 tests finished, all passing ðŸ‘, ns: 1, vars: 9
cljêž‰anagramêž‰>Â 
; Evaluating file: anagram.clj
("inlets")
; Running tests for anagram...
; 9 tests finished, all passing ðŸ‘, ns: 1, vars: 9
cljêž‰anagramêž‰>Â 
; Evaluating file: anagram.clj
("inlets")
; Running tests for anagram...
; 9 tests finished, all passing ðŸ‘, ns: 1, vars: 9
cljêž‰anagramêž‰>Â 
; Evaluating file: anagram.clj
#'anagram/anagrams-for
; Running tests for anagram...
; 9 tests finished, all passing ðŸ‘, ns: 1, vars: 9
cljêž‰anagramêž‰>Â 
; Evaluating file: anagram.clj
#'anagram/anagrams-for
; Running tests for anagram...
; 9 tests finished, all passing ðŸ‘, ns: 1, vars: 9
cljêž‰anagramêž‰>Â 
; Evaluating file: anagram.clj
#'anagram/anagrams-for
; Running tests for anagram...
; 9 tests finished, all passing ðŸ‘, ns: 1, vars: 9
cljêž‰anagramêž‰>Â 
#'anagram/anagrams-for
cljêž‰anagramêž‰>Â 
; Evaluating file: anagram.clj
#'anagram/anagrams-for
; Running tests for anagram...
; 9 tests finished, all passing ðŸ‘, ns: 1, vars: 9
cljêž‰anagramêž‰>Â 
; Evaluating file: anagram.clj
#'anagram/anagrams-for
; Running tests for anagram...
; 9 tests finished, all passing ðŸ‘, ns: 1, vars: 9
cljêž‰anagramêž‰>Â 
; Evaluating file: anagram.clj
; Syntax error macroexpanding clojure.core/defn at (anagram.clj:4:1).
; () - failed: Insufficient input at: [:fn-tail] spec: :clojure.core.specs.alpha/defn-args
; Evaluation of file anagram.clj failed: class clojure.lang.Compiler$CompilerException
; Evaluating file: anagram.clj
; Syntax error macroexpanding clojure.core/defn at (anagram.clj:4:1).
; () - failed: Insufficient input at: [:fn-name] spec: :clojure.core.specs.alpha/defn-args
; Evaluation of file anagram.clj failed: class clojure.lang.Compiler$CompilerException
; Evaluating file: anagram.clj
; Syntax error macroexpanding clojure.core/defn at (anagram.clj:4:1).
; () - failed: Insufficient input at: [:fn-tail] spec: :clojure.core.specs.alpha/defn-args
; Evaluation of file anagram.clj failed: class clojure.lang.Compiler$CompilerException
; Evaluating file: anagram.clj
; Syntax error macroexpanding clojure.core/defn at (anagram.clj:4:1).
; () - failed: Insufficient input at: [:fn-tail] spec: :clojure.core.specs.alpha/defn-args
; Evaluation of file anagram.clj failed: class clojure.lang.Compiler$CompilerException
; Evaluating file: anagram.clj
; Syntax error macroexpanding clojure.core/defn at (anagram.clj:4:1).
; () - failed: Insufficient input at: [:fn-tail] spec: :clojure.core.specs.alpha/defn-args
; Evaluation of file anagram.clj failed: class clojure.lang.Compiler$CompilerException
; Evaluating file: anagram.clj
#'anagram/anagrams-for
; Running tests for anagram...
; 9 tests finished, all passing ðŸ‘, ns: 1, vars: 9
cljêž‰anagramêž‰>Â 
; Evaluating file: anagram.clj
#'anagram/anagrams-for
; Running tests for anagram...
; 9 tests finished, all passing ðŸ‘, ns: 1, vars: 9
cljêž‰anagramêž‰>Â 
; Evaluating file: anagram.clj
#'anagram/anagrams-for
; Running tests for anagram...
; 9 tests finished, all passing ðŸ‘, ns: 1, vars: 9
cljêž‰anagramêž‰>Â 
; Evaluating file: anagram.clj
#'anagram/anagrams-for
; Running tests for anagram...
; 9 tests finished, all passing ðŸ‘, ns: 1, vars: 9
cljêž‰anagramêž‰>Â 
; Evaluating file: anagram.clj
; Syntax error compiling at (anagram.clj:4:1).
; Unable to resolve symbol: def- in this context
; Evaluation of file anagram.clj failed: class clojure.lang.Compiler$CompilerException
; Evaluating file: anagram.clj
#'anagram/anagrams-for
; Running tests for anagram...
; 9 tests finished, all passing ðŸ‘, ns: 1, vars: 9
cljêž‰anagramêž‰>Â 
; Evaluating file: anagram.clj
#'anagram/anagrams-for
; Running tests for anagram...
; 9 tests finished, all passing ðŸ‘, ns: 1, vars: 9
cljêž‰anagramêž‰>Â 
; Evaluating file: anagram.clj
#'anagram/anagrams-for
; Running tests for anagram...
; 9 tests finished, all passing ðŸ‘, ns: 1, vars: 9
cljêž‰anagramêž‰>Â 
; Evaluating file: anagram.clj
; Syntax error macroexpanding clojure.core/defn at (anagram.clj:6:1).
; () - failed: Insufficient input at: [:fn-name] spec: :clojure.core.specs.alpha/defn-args
; Evaluation of file anagram.clj failed: class clojure.lang.Compiler$CompilerException
; Evaluating file: anagram.clj
; Syntax error macroexpanding clojure.core/defn at (anagram.clj:6:1).
; () - failed: Insufficient input at: [:fn-name] spec: :clojure.core.specs.alpha/defn-args
; Evaluation of file anagram.clj failed: class clojure.lang.Compiler$CompilerException
; Evaluating file: anagram.clj
; Syntax error macroexpanding clojure.core/defn at (anagram.clj:6:1).
; () - failed: Insufficient input at: [:fn-name] spec: :clojure.core.specs.alpha/defn-args
; Evaluation of file anagram.clj failed: class clojure.lang.Compiler$CompilerException
; Evaluating file: anagram.clj
; Syntax error macroexpanding clojure.core/defn at (anagram.clj:6:1).
; () - failed: Insufficient input at: [:fn-name] spec: :clojure.core.specs.alpha/defn-args
; Evaluation of file anagram.clj failed: class clojure.lang.Compiler$CompilerException
; Evaluating file: anagram.clj
; Syntax error macroexpanding clojure.core/defn at (anagram.clj:6:1).
; () - failed: Insufficient input at: [:fn-name] spec: :clojure.core.specs.alpha/defn-args
; Evaluation of file anagram.clj failed: class clojure.lang.Compiler$CompilerException
; Evaluating file: anagram.clj
; Syntax error macroexpanding clojure.core/defn at (anagram.clj:6:1).
; () - failed: Insufficient input at: [:fn-name] spec: :clojure.core.specs.alpha/defn-args
; Evaluation of file anagram.clj failed: class clojure.lang.Compiler$CompilerException
; Evaluating file: anagram.clj
; Syntax error macroexpanding clojure.core/defn at (anagram.clj:6:1).
; () - failed: Insufficient input at: [:fn-name] spec: :clojure.core.specs.alpha/defn-args
; Evaluation of file anagram.clj failed: class clojure.lang.Compiler$CompilerException
; Evaluating file: anagram.clj
; Syntax error macroexpanding clojure.core/defn at (anagram.clj:6:1).
; () - failed: Insufficient input at: [:fn-name] spec: :clojure.core.specs.alpha/defn-args
; Evaluation of file anagram.clj failed: class clojure.lang.Compiler$CompilerException
; Evaluating file: anagram.clj
; Syntax error macroexpanding clojure.core/defn at (anagram.clj:6:1).
; () - failed: Insufficient input at: [:fn-name] spec: :clojure.core.specs.alpha/defn-args
; Evaluation of file anagram.clj failed: class clojure.lang.Compiler$CompilerException
; Evaluating file: anagram.clj
; Syntax error macroexpanding clojure.core/defn at (anagram.clj:6:1).
; () - failed: Insufficient input at: [:fn-name] spec: :clojure.core.specs.alpha/defn-args
; Evaluation of file anagram.clj failed: class clojure.lang.Compiler$CompilerException
; Evaluating file: anagram.clj
; Syntax error macroexpanding clojure.core/defn at (anagram.clj:6:1).
; () - failed: Insufficient input at: [:fn-name] spec: :clojure.core.specs.alpha/defn-args
; Evaluation of file anagram.clj failed: class clojure.lang.Compiler$CompilerException
; Evaluating file: anagram.clj
; Syntax error macroexpanding clojure.core/defn at (anagram.clj:6:1).
; () - failed: Insufficient input at: [:fn-name] spec: :clojure.core.specs.alpha/defn-args
; Evaluation of file anagram.clj failed: class clojure.lang.Compiler$CompilerException
; Evaluating file: anagram.clj
; Syntax error macroexpanding clojure.core/defn at (anagram.clj:6:1).
; () - failed: Insufficient input at: [:fn-name] spec: :clojure.core.specs.alpha/defn-args
; Evaluation of file anagram.clj failed: class clojure.lang.Compiler$CompilerException
; Evaluating file: anagram.clj
; Syntax error macroexpanding clojure.core/defn at (anagram.clj:6:1).
; () - failed: Insufficient input at: [:fn-tail] spec: :clojure.core.specs.alpha/defn-args
; Evaluation of file anagram.clj failed: class clojure.lang.Compiler$CompilerException
; Evaluating file: anagram.clj
; Syntax error macroexpanding clojure.core/defn at (anagram.clj:6:1).
; () - failed: Insufficient input at: [:fn-tail] spec: :clojure.core.specs.alpha/defn-args
; Evaluation of file anagram.clj failed: class clojure.lang.Compiler$CompilerException
; Evaluating file: anagram.clj
#'anagram/anagrams-for
; Running tests for anagram...
; ERROR in anagram-test/capital-word-is-not-own-anagram (AFn.java:38):
; error: clojure.lang.ArityException: Wrong number of args (2) passed to: anagram/match? (AFn.java:38)
; expected:
(= [] (anagram/anagrams-for "BANANA" ["banana"]))
; ERROR in anagram-test/case-insensitive-anagrams (AFn.java:30):
; error: clojure.lang.ArityException: Wrong number of args (2) passed to: anagram/match? (AFn.java:30)
; expected:
(=
 ["Carthorse"]
 (let
  [coll ["cashregister" "Carthorse" "radishes"]]
  (anagram/anagrams-for "Orchestra" coll)))
; ERROR in anagram-test/detect-anagram (AFn.java:19):
; error: clojure.lang.ArityException: Wrong number of args (2) passed to: anagram/match? (AFn.java:19)
; expected:
(=
 ["inlets"]
 (let
  [coll ["enlists" "google" "inlets" "banana"]]
  (anagram/anagrams-for "listen" coll)))
; ERROR in anagram-test/detect-simple-anagram (AFn.java:10):
; error: clojure.lang.ArityException: Wrong number of args (2) passed to: anagram/match? (AFn.java:10)
; expected:
(= ["tan"] (anagram/anagrams-for "ant" ["tan" "stand" "at"]))
; ERROR in anagram-test/does-not-confuse-different-duplicates (AFn.java:13):
; error: clojure.lang.ArityException: Wrong number of args (2) passed to: anagram/match? (AFn.java:13)
; expected:
(= [] (anagram/anagrams-for "galea" ["eagle"]))
; ERROR in anagram-test/eliminate-anagram-subsets (AFn.java:16):
; error: clojure.lang.ArityException: Wrong number of args (2) passed to: anagram/match? (AFn.java:16)
; expected:
(= [] (anagram/anagrams-for "good" ["dog" "goody"]))
; ERROR in anagram-test/multiple-anagrams (AFn.java:24):
; error: clojure.lang.ArityException: Wrong number of args (2) passed to: anagram/match? (AFn.java:24)
; expected:
(=
 ["gallery" "regally" "largely"]
 (let
  [coll ["gallery" "ballerina" "regally" "clergy" "largely" "leading"]]
  (anagram/anagrams-for "allergy" coll)))
; ERROR in anagram-test/no-matches (AFn.java:6):
; error: clojure.lang.ArityException: Wrong number of args (2) passed to: anagram/match? (AFn.java:6)
; expected:
(=
 []
 (anagram/anagrams-for "diaper" ["hello" "world" "zombies" "pants"]))
; ERROR in anagram-test/word-is-not-own-anagram (AFn.java:35):
; error: clojure.lang.ArityException: Wrong number of args (2) passed to: anagram/match? (AFn.java:35)
; expected:
(= [] (anagram/anagrams-for "banana" ["banana"]))
; 9 tests finished, problems found. ðŸ˜­ errors: 9, failures: 0, ns: 1, vars: 9
cljêž‰anagramêž‰>Â 
; Evaluating file: anagram.clj
#'anagram/anagrams-for
; Running tests for anagram...
; ERROR in anagram-test/capital-word-is-not-own-anagram (AFn.java:38):
; error: clojure.lang.ArityException: Wrong number of args (2) passed to: anagram/match? (AFn.java:38)
; expected:
(= [] (anagram/anagrams-for "BANANA" ["banana"]))
; ERROR in anagram-test/case-insensitive-anagrams (AFn.java:30):
; error: clojure.lang.ArityException: Wrong number of args (2) passed to: anagram/match? (AFn.java:30)
; expected:
(=
 ["Carthorse"]
 (let
  [coll ["cashregister" "Carthorse" "radishes"]]
  (anagram/anagrams-for "Orchestra" coll)))
; ERROR in anagram-test/detect-anagram (AFn.java:19):
; error: clojure.lang.ArityException: Wrong number of args (2) passed to: anagram/match? (AFn.java:19)
; expected:
(=
 ["inlets"]
 (let
  [coll ["enlists" "google" "inlets" "banana"]]
  (anagram/anagrams-for "listen" coll)))
; ERROR in anagram-test/detect-simple-anagram (AFn.java:10):
; error: clojure.lang.ArityException: Wrong number of args (2) passed to: anagram/match? (AFn.java:10)
; expected:
(= ["tan"] (anagram/anagrams-for "ant" ["tan" "stand" "at"]))
; ERROR in anagram-test/does-not-confuse-different-duplicates (AFn.java:13):
; error: clojure.lang.ArityException: Wrong number of args (2) passed to: anagram/match? (AFn.java:13)
; expected:
(= [] (anagram/anagrams-for "galea" ["eagle"]))
; ERROR in anagram-test/eliminate-anagram-subsets (AFn.java:16):
; error: clojure.lang.ArityException: Wrong number of args (2) passed to: anagram/match? (AFn.java:16)
; expected:
(= [] (anagram/anagrams-for "good" ["dog" "goody"]))
; ERROR in anagram-test/multiple-anagrams (AFn.java:24):
; error: clojure.lang.ArityException: Wrong number of args (2) passed to: anagram/match? (AFn.java:24)
; expected:
(=
 ["gallery" "regally" "largely"]
 (let
  [coll ["gallery" "ballerina" "regally" "clergy" "largely" "leading"]]
  (anagram/anagrams-for "allergy" coll)))
; ERROR in anagram-test/no-matches (AFn.java:6):
; error: clojure.lang.ArityException: Wrong number of args (2) passed to: anagram/match? (AFn.java:6)
; expected:
(=
 []
 (anagram/anagrams-for "diaper" ["hello" "world" "zombies" "pants"]))
; ERROR in anagram-test/word-is-not-own-anagram (AFn.java:35):
; error: clojure.lang.ArityException: Wrong number of args (2) passed to: anagram/match? (AFn.java:35)
; expected:
(= [] (anagram/anagrams-for "banana" ["banana"]))
; 9 tests finished, problems found. ðŸ˜­ errors: 9, failures: 0, ns: 1, vars: 9
cljêž‰anagramêž‰>Â 
; Evaluating file: anagram.clj
#'anagram/anagrams-for
; Running tests for anagram...
; ERROR in anagram-test/capital-word-is-not-own-anagram (AFn.java:38):
; error: clojure.lang.ArityException: Wrong number of args (2) passed to: anagram/match? (AFn.java:38)
; expected:
(= [] (anagram/anagrams-for "BANANA" ["banana"]))
; ERROR in anagram-test/case-insensitive-anagrams (AFn.java:30):
; error: clojure.lang.ArityException: Wrong number of args (2) passed to: anagram/match? (AFn.java:30)
; expected:
(=
 ["Carthorse"]
 (let
  [coll ["cashregister" "Carthorse" "radishes"]]
  (anagram/anagrams-for "Orchestra" coll)))
; ERROR in anagram-test/detect-anagram (AFn.java:19):
; error: clojure.lang.ArityException: Wrong number of args (2) passed to: anagram/match? (AFn.java:19)
; expected:
(=
 ["inlets"]
 (let
  [coll ["enlists" "google" "inlets" "banana"]]
  (anagram/anagrams-for "listen" coll)))
; ERROR in anagram-test/detect-simple-anagram (AFn.java:10):
; error: clojure.lang.ArityException: Wrong number of args (2) passed to: anagram/match? (AFn.java:10)
; expected:
(= ["tan"] (anagram/anagrams-for "ant" ["tan" "stand" "at"]))
; ERROR in anagram-test/does-not-confuse-different-duplicates (AFn.java:13):
; error: clojure.lang.ArityException: Wrong number of args (2) passed to: anagram/match? (AFn.java:13)
; expected:
(= [] (anagram/anagrams-for "galea" ["eagle"]))
; ERROR in anagram-test/eliminate-anagram-subsets (AFn.java:16):
; error: clojure.lang.ArityException: Wrong number of args (2) passed to: anagram/match? (AFn.java:16)
; expected:
(= [] (anagram/anagrams-for "good" ["dog" "goody"]))
; ERROR in anagram-test/multiple-anagrams (AFn.java:24):
; error: clojure.lang.ArityException: Wrong number of args (2) passed to: anagram/match? (AFn.java:24)
; expected:
(=
 ["gallery" "regally" "largely"]
 (let
  [coll ["gallery" "ballerina" "regally" "clergy" "largely" "leading"]]
  (anagram/anagrams-for "allergy" coll)))
; ERROR in anagram-test/no-matches (AFn.java:6):
; error: clojure.lang.ArityException: Wrong number of args (2) passed to: anagram/match? (AFn.java:6)
; expected:
(=
 []
 (anagram/anagrams-for "diaper" ["hello" "world" "zombies" "pants"]))
; ERROR in anagram-test/word-is-not-own-anagram (AFn.java:35):
; error: clojure.lang.ArityException: Wrong number of args (2) passed to: anagram/match? (AFn.java:35)
; expected:
(= [] (anagram/anagrams-for "banana" ["banana"]))
; 9 tests finished, problems found. ðŸ˜­ errors: 9, failures: 0, ns: 1, vars: 9
cljêž‰anagramêž‰>Â 
; Evaluating file: anagram.clj
#'anagram/anagrams-for
; Running tests for anagram...
; ERROR in anagram-test/capital-word-is-not-own-anagram (AFn.java:38):
; error: clojure.lang.ArityException: Wrong number of args (2) passed to: anagram/match? (AFn.java:38)
; expected:
(= [] (anagram/anagrams-for "BANANA" ["banana"]))
; ERROR in anagram-test/case-insensitive-anagrams (AFn.java:30):
; error: clojure.lang.ArityException: Wrong number of args (2) passed to: anagram/match? (AFn.java:30)
; expected:
(=
 ["Carthorse"]
 (let
  [coll ["cashregister" "Carthorse" "radishes"]]
  (anagram/anagrams-for "Orchestra" coll)))
; ERROR in anagram-test/detect-anagram (AFn.java:19):
; error: clojure.lang.ArityException: Wrong number of args (2) passed to: anagram/match? (AFn.java:19)
; expected:
(=
 ["inlets"]
 (let
  [coll ["enlists" "google" "inlets" "banana"]]
  (anagram/anagrams-for "listen" coll)))
; ERROR in anagram-test/detect-simple-anagram (AFn.java:10):
; error: clojure.lang.ArityException: Wrong number of args (2) passed to: anagram/match? (AFn.java:10)
; expected:
(= ["tan"] (anagram/anagrams-for "ant" ["tan" "stand" "at"]))
; ERROR in anagram-test/does-not-confuse-different-duplicates (AFn.java:13):
; error: clojure.lang.ArityException: Wrong number of args (2) passed to: anagram/match? (AFn.java:13)
; expected:
(= [] (anagram/anagrams-for "galea" ["eagle"]))
; ERROR in anagram-test/eliminate-anagram-subsets (AFn.java:16):
; error: clojure.lang.ArityException: Wrong number of args (2) passed to: anagram/match? (AFn.java:16)
; expected:
(= [] (anagram/anagrams-for "good" ["dog" "goody"]))
; ERROR in anagram-test/multiple-anagrams (AFn.java:24):
; error: clojure.lang.ArityException: Wrong number of args (2) passed to: anagram/match? (AFn.java:24)
; expected:
(=
 ["gallery" "regally" "largely"]
 (let
  [coll ["gallery" "ballerina" "regally" "clergy" "largely" "leading"]]
  (anagram/anagrams-for "allergy" coll)))
; ERROR in anagram-test/no-matches (AFn.java:6):
; error: clojure.lang.ArityException: Wrong number of args (2) passed to: anagram/match? (AFn.java:6)
; expected:
(=
 []
 (anagram/anagrams-for "diaper" ["hello" "world" "zombies" "pants"]))
; ERROR in anagram-test/word-is-not-own-anagram (AFn.java:35):
; error: clojure.lang.ArityException: Wrong number of args (2) passed to: anagram/match? (AFn.java:35)
; expected:
(= [] (anagram/anagrams-for "banana" ["banana"]))
; 9 tests finished, problems found. ðŸ˜­ errors: 9, failures: 0, ns: 1, vars: 9
cljêž‰anagramêž‰>Â 
; Evaluating file: anagram.clj
#'anagram/anagrams-for
; Running tests for anagram...
; ERROR in anagram-test/capital-word-is-not-own-anagram (AFn.java:38):
; error: clojure.lang.ArityException: Wrong number of args (2) passed to: anagram/match? (AFn.java:38)
; expected:
(= [] (anagram/anagrams-for "BANANA" ["banana"]))
; ERROR in anagram-test/case-insensitive-anagrams (AFn.java:30):
; error: clojure.lang.ArityException: Wrong number of args (2) passed to: anagram/match? (AFn.java:30)
; expected:
(=
 ["Carthorse"]
 (let
  [coll ["cashregister" "Carthorse" "radishes"]]
  (anagram/anagrams-for "Orchestra" coll)))
; ERROR in anagram-test/detect-anagram (AFn.java:19):
; error: clojure.lang.ArityException: Wrong number of args (2) passed to: anagram/match? (AFn.java:19)
; expected:
(=
 ["inlets"]
 (let
  [coll ["enlists" "google" "inlets" "banana"]]
  (anagram/anagrams-for "listen" coll)))
; ERROR in anagram-test/detect-simple-anagram (AFn.java:10):
; error: clojure.lang.ArityException: Wrong number of args (2) passed to: anagram/match? (AFn.java:10)
; expected:
(= ["tan"] (anagram/anagrams-for "ant" ["tan" "stand" "at"]))
; ERROR in anagram-test/does-not-confuse-different-duplicates (AFn.java:13):
; error: clojure.lang.ArityException: Wrong number of args (2) passed to: anagram/match? (AFn.java:13)
; expected:
(= [] (anagram/anagrams-for "galea" ["eagle"]))
; ERROR in anagram-test/eliminate-anagram-subsets (AFn.java:16):
; error: clojure.lang.ArityException: Wrong number of args (2) passed to: anagram/match? (AFn.java:16)
; expected:
(= [] (anagram/anagrams-for "good" ["dog" "goody"]))
; ERROR in anagram-test/multiple-anagrams (AFn.java:24):
; error: clojure.lang.ArityException: Wrong number of args (2) passed to: anagram/match? (AFn.java:24)
; expected:
(=
 ["gallery" "regally" "largely"]
 (let
  [coll ["gallery" "ballerina" "regally" "clergy" "largely" "leading"]]
  (anagram/anagrams-for "allergy" coll)))
; ERROR in anagram-test/no-matches (AFn.java:6):
; error: clojure.lang.ArityException: Wrong number of args (2) passed to: anagram/match? (AFn.java:6)
; expected:
(=
 []
 (anagram/anagrams-for "diaper" ["hello" "world" "zombies" "pants"]))
; ERROR in anagram-test/word-is-not-own-anagram (AFn.java:35):
; error: clojure.lang.ArityException: Wrong number of args (2) passed to: anagram/match? (AFn.java:35)
; expected:
(= [] (anagram/anagrams-for "banana" ["banana"]))
; 9 tests finished, problems found. ðŸ˜­ errors: 9, failures: 0, ns: 1, vars: 9
cljêž‰anagramêž‰>Â 
; Evaluating file: anagram.clj
#'anagram/anagrams-for
; Running tests for anagram...
; FAIL in anagram-test/case-insensitive-anagrams (anagram_test.clj:30):
; expected:
["Carthorse"]
; actual:
()
; FAIL in anagram-test/detect-anagram (anagram_test.clj:19):
; expected:
["inlets"]
; actual:
()
; FAIL in anagram-test/detect-simple-anagram (anagram_test.clj:10):
; expected:
["tan"]
; actual:
()
; FAIL in anagram-test/multiple-anagrams (anagram_test.clj:24):
; expected:
["gallery" "regally" "largely"]
; actual:
()
; 9 tests finished, problems found. ðŸ˜­ errors: 0, failures: 4, ns: 1, vars: 9
cljêž‰anagramêž‰>Â 
; Evaluating file: anagram.clj
#'anagram/anagrams-for
; Running tests for anagram...
; FAIL in anagram-test/case-insensitive-anagrams (anagram_test.clj:30):
; expected:
["Carthorse"]
; actual:
()
; FAIL in anagram-test/detect-anagram (anagram_test.clj:19):
; expected:
["inlets"]
; actual:
()
; FAIL in anagram-test/detect-simple-anagram (anagram_test.clj:10):
; expected:
["tan"]
; actual:
()
; FAIL in anagram-test/multiple-anagrams (anagram_test.clj:24):
; expected:
["gallery" "regally" "largely"]
; actual:
()
; 9 tests finished, problems found. ðŸ˜­ errors: 0, failures: 4, ns: 1, vars: 9
cljêž‰anagramêž‰>Â 
; Evaluating file: anagram.clj
#'anagram/anagrams-for
; Running tests for anagram...
; FAIL in anagram-test/capital-word-is-not-own-anagram (anagram_test.clj:38):
; expected:
[]
; actual:
("banana")
; FAIL in anagram-test/case-insensitive-anagrams (anagram_test.clj:30):
; expected:
["Carthorse"]
; actual:
("cashregister" "Carthorse" "radishes")
; FAIL in anagram-test/detect-anagram (anagram_test.clj:19):
; expected:
["inlets"]
; actual:
("enlists" "google" "inlets" "banana")
; FAIL in anagram-test/detect-simple-anagram (anagram_test.clj:10):
; expected:
["tan"]
; actual:
("tan" "stand" "at")
; FAIL in anagram-test/does-not-confuse-different-duplicates (anagram_test.clj:13):
; expected:
[]
; actual:
("eagle")
; FAIL in anagram-test/eliminate-anagram-subsets (anagram_test.clj:16):
; expected:
[]
; actual:
("dog" "goody")
; FAIL in anagram-test/multiple-anagrams (anagram_test.clj:24):
; expected:
["gallery" "regally" "largely"]
; actual:
("gallery" "ballerina" "regally" "clergy" "largely" "leading")
; FAIL in anagram-test/no-matches (anagram_test.clj:6):
; expected:
[]
; actual:
("hello" "world" "zombies" "pants")
; FAIL in anagram-test/word-is-not-own-anagram (anagram_test.clj:35):
; expected:
[]
; actual:
("banana")
; 9 tests finished, problems found. ðŸ˜­ errors: 0, failures: 9, ns: 1, vars: 9
cljêž‰anagramêž‰>Â 
; Evaluating file: anagram.clj
#'anagram/anagrams-for
; Running tests for anagram...
; FAIL in anagram-test/capital-word-is-not-own-anagram (anagram_test.clj:38):
; expected:
[]
; actual:
("banana")
; FAIL in anagram-test/case-insensitive-anagrams (anagram_test.clj:30):
; expected:
["Carthorse"]
; actual:
("cashregister" "Carthorse" "radishes")
; FAIL in anagram-test/detect-anagram (anagram_test.clj:19):
; expected:
["inlets"]
; actual:
("enlists" "google" "inlets" "banana")
; FAIL in anagram-test/detect-simple-anagram (anagram_test.clj:10):
; expected:
["tan"]
; actual:
("tan" "stand" "at")
; FAIL in anagram-test/does-not-confuse-different-duplicates (anagram_test.clj:13):
; expected:
[]
; actual:
("eagle")
; FAIL in anagram-test/eliminate-anagram-subsets (anagram_test.clj:16):
; expected:
[]
; actual:
("dog" "goody")
; FAIL in anagram-test/multiple-anagrams (anagram_test.clj:24):
; expected:
["gallery" "regally" "largely"]
; actual:
("gallery" "ballerina" "regally" "clergy" "largely" "leading")
; FAIL in anagram-test/no-matches (anagram_test.clj:6):
; expected:
[]
; actual:
("hello" "world" "zombies" "pants")
; FAIL in anagram-test/word-is-not-own-anagram (anagram_test.clj:35):
; expected:
[]
; actual:
("banana")
; 9 tests finished, problems found. ðŸ˜­ errors: 0, failures: 9, ns: 1, vars: 9
cljêž‰anagramêž‰>Â 
; Evaluating file: anagram.clj
#'anagram/anagrams-for
; Running tests for anagram...
; FAIL in anagram-test/capital-word-is-not-own-anagram (anagram_test.clj:38):
; expected:
[]
; actual:
("banana")
; FAIL in anagram-test/case-insensitive-anagrams (anagram_test.clj:30):
; expected:
["Carthorse"]
; actual:
("cashregister" "Carthorse" "radishes")
; FAIL in anagram-test/detect-anagram (anagram_test.clj:19):
; expected:
["inlets"]
; actual:
("enlists" "google" "inlets" "banana")
; FAIL in anagram-test/detect-simple-anagram (anagram_test.clj:10):
; expected:
["tan"]
; actual:
("tan" "stand" "at")
; FAIL in anagram-test/does-not-confuse-different-duplicates (anagram_test.clj:13):
; expected:
[]
; actual:
("eagle")
; FAIL in anagram-test/eliminate-anagram-subsets (anagram_test.clj:16):
; expected:
[]
; actual:
("dog" "goody")
; FAIL in anagram-test/multiple-anagrams (anagram_test.clj:24):
; expected:
["gallery" "regally" "largely"]
; actual:
("gallery" "ballerina" "regally" "clergy" "largely" "leading")
; FAIL in anagram-test/no-matches (anagram_test.clj:6):
; expected:
[]
; actual:
("hello" "world" "zombies" "pants")
; FAIL in anagram-test/word-is-not-own-anagram (anagram_test.clj:35):
; expected:
[]
; actual:
("banana")
; 9 tests finished, problems found. ðŸ˜­ errors: 0, failures: 9, ns: 1, vars: 9
cljêž‰anagramêž‰>Â 
; Evaluating file: anagram.clj
#'anagram/anagrams-for
; Running tests for anagram...
; ERROR in anagram-test/capital-word-is-not-own-anagram (AFn.java:38):
; error: clojure.lang.ArityException: Wrong number of args (2) passed to: clojure.string/lower-case (AFn.java:38)
; expected:
(= [] (anagram/anagrams-for "BANANA" ["banana"]))
; ERROR in anagram-test/case-insensitive-anagrams (AFn.java:30):
; error: clojure.lang.ArityException: Wrong number of args (2) passed to: clojure.string/lower-case (AFn.java:30)
; expected:
(=
 ["Carthorse"]
 (let
  [coll ["cashregister" "Carthorse" "radishes"]]
  (anagram/anagrams-for "Orchestra" coll)))
; ERROR in anagram-test/detect-anagram (AFn.java:19):
; error: clojure.lang.ArityException: Wrong number of args (2) passed to: clojure.string/lower-case (AFn.java:19)
; expected:
(=
 ["inlets"]
 (let
  [coll ["enlists" "google" "inlets" "banana"]]
  (anagram/anagrams-for "listen" coll)))
; ERROR in anagram-test/detect-simple-anagram (AFn.java:10):
; error: clojure.lang.ArityException: Wrong number of args (2) passed to: clojure.string/lower-case (AFn.java:10)
; expected:
(= ["tan"] (anagram/anagrams-for "ant" ["tan" "stand" "at"]))
; ERROR in anagram-test/does-not-confuse-different-duplicates (AFn.java:13):
; error: clojure.lang.ArityException: Wrong number of args (2) passed to: clojure.string/lower-case (AFn.java:13)
; expected:
(= [] (anagram/anagrams-for "galea" ["eagle"]))
; ERROR in anagram-test/eliminate-anagram-subsets (AFn.java:16):
; error: clojure.lang.ArityException: Wrong number of args (2) passed to: clojure.string/lower-case (AFn.java:16)
; expected:
(= [] (anagram/anagrams-for "good" ["dog" "goody"]))
; ERROR in anagram-test/multiple-anagrams (AFn.java:24):
; error: clojure.lang.ArityException: Wrong number of args (2) passed to: clojure.string/lower-case (AFn.java:24)
; expected:
(=
 ["gallery" "regally" "largely"]
 (let
  [coll ["gallery" "ballerina" "regally" "clergy" "largely" "leading"]]
  (anagram/anagrams-for "allergy" coll)))
; ERROR in anagram-test/no-matches (AFn.java:6):
; error: clojure.lang.ArityException: Wrong number of args (2) passed to: clojure.string/lower-case (AFn.java:6)
; expected:
(=
 []
 (anagram/anagrams-for "diaper" ["hello" "world" "zombies" "pants"]))
; ERROR in anagram-test/word-is-not-own-anagram (AFn.java:35):
; error: clojure.lang.ArityException: Wrong number of args (2) passed to: clojure.string/lower-case (AFn.java:35)
; expected:
(= [] (anagram/anagrams-for "banana" ["banana"]))
; 9 tests finished, problems found. ðŸ˜­ errors: 9, failures: 0, ns: 1, vars: 9
cljêž‰anagramêž‰>Â 
; Evaluating file: anagram.clj
#'anagram/anagrams-for
; Running tests for anagram...
; ERROR in anagram-test/capital-word-is-not-own-anagram (AFn.java:38):
; error: clojure.lang.ArityException: Wrong number of args (2) passed to: clojure.string/lower-case (AFn.java:38)
; expected:
(= [] (anagram/anagrams-for "BANANA" ["banana"]))
; ERROR in anagram-test/case-insensitive-anagrams (AFn.java:30):
; error: clojure.lang.ArityException: Wrong number of args (2) passed to: clojure.string/lower-case (AFn.java:30)
; expected:
(=
 ["Carthorse"]
 (let
  [coll ["cashregister" "Carthorse" "radishes"]]
  (anagram/anagrams-for "Orchestra" coll)))
; ERROR in anagram-test/detect-anagram (AFn.java:19):
; error: clojure.lang.ArityException: Wrong number of args (2) passed to: clojure.string/lower-case (AFn.java:19)
; expected:
(=
 ["inlets"]
 (let
  [coll ["enlists" "google" "inlets" "banana"]]
  (anagram/anagrams-for "listen" coll)))
; ERROR in anagram-test/detect-simple-anagram (AFn.java:10):
; error: clojure.lang.ArityException: Wrong number of args (2) passed to: clojure.string/lower-case (AFn.java:10)
; expected:
(= ["tan"] (anagram/anagrams-for "ant" ["tan" "stand" "at"]))
; ERROR in anagram-test/does-not-confuse-different-duplicates (AFn.java:13):
; error: clojure.lang.ArityException: Wrong number of args (2) passed to: clojure.string/lower-case (AFn.java:13)
; expected:
(= [] (anagram/anagrams-for "galea" ["eagle"]))
; ERROR in anagram-test/eliminate-anagram-subsets (AFn.java:16):
; error: clojure.lang.ArityException: Wrong number of args (2) passed to: clojure.string/lower-case (AFn.java:16)
; expected:
(= [] (anagram/anagrams-for "good" ["dog" "goody"]))
; ERROR in anagram-test/multiple-anagrams (AFn.java:24):
; error: clojure.lang.ArityException: Wrong number of args (2) passed to: clojure.string/lower-case (AFn.java:24)
; expected:
(=
 ["gallery" "regally" "largely"]
 (let
  [coll ["gallery" "ballerina" "regally" "clergy" "largely" "leading"]]
  (anagram/anagrams-for "allergy" coll)))
; ERROR in anagram-test/no-matches (AFn.java:6):
; error: clojure.lang.ArityException: Wrong number of args (2) passed to: clojure.string/lower-case (AFn.java:6)
; expected:
(=
 []
 (anagram/anagrams-for "diaper" ["hello" "world" "zombies" "pants"]))
; ERROR in anagram-test/word-is-not-own-anagram (AFn.java:35):
; error: clojure.lang.ArityException: Wrong number of args (2) passed to: clojure.string/lower-case (AFn.java:35)
; expected:
(= [] (anagram/anagrams-for "banana" ["banana"]))
; 9 tests finished, problems found. ðŸ˜­ errors: 9, failures: 0, ns: 1, vars: 9
cljêž‰anagramêž‰>Â 
; Evaluating file: anagram.clj
#'anagram/anagrams-for
; Running tests for anagram...
; ERROR in anagram-test/capital-word-is-not-own-anagram (AFn.java:38):
; error: clojure.lang.ArityException: Wrong number of args (2) passed to: clojure.string/lower-case (AFn.java:38)
; expected:
(= [] (anagram/anagrams-for "BANANA" ["banana"]))
; ERROR in anagram-test/case-insensitive-anagrams (AFn.java:30):
; error: clojure.lang.ArityException: Wrong number of args (2) passed to: clojure.string/lower-case (AFn.java:30)
; expected:
(=
 ["Carthorse"]
 (let
  [coll ["cashregister" "Carthorse" "radishes"]]
  (anagram/anagrams-for "Orchestra" coll)))
; ERROR in anagram-test/detect-anagram (AFn.java:19):
; error: clojure.lang.ArityException: Wrong number of args (2) passed to: clojure.string/lower-case (AFn.java:19)
; expected:
(=
 ["inlets"]
 (let
  [coll ["enlists" "google" "inlets" "banana"]]
  (anagram/anagrams-for "listen" coll)))
; ERROR in anagram-test/detect-simple-anagram (AFn.java:10):
; error: clojure.lang.ArityException: Wrong number of args (2) passed to: clojure.string/lower-case (AFn.java:10)
; expected:
(= ["tan"] (anagram/anagrams-for "ant" ["tan" "stand" "at"]))
; ERROR in anagram-test/does-not-confuse-different-duplicates (AFn.java:13):
; error: clojure.lang.ArityException: Wrong number of args (2) passed to: clojure.string/lower-case (AFn.java:13)
; expected:
(= [] (anagram/anagrams-for "galea" ["eagle"]))
; ERROR in anagram-test/eliminate-anagram-subsets (AFn.java:16):
; error: clojure.lang.ArityException: Wrong number of args (2) passed to: clojure.string/lower-case (AFn.java:16)
; expected:
(= [] (anagram/anagrams-for "good" ["dog" "goody"]))
; ERROR in anagram-test/multiple-anagrams (AFn.java:24):
; error: clojure.lang.ArityException: Wrong number of args (2) passed to: clojure.string/lower-case (AFn.java:24)
; expected:
(=
 ["gallery" "regally" "largely"]
 (let
  [coll ["gallery" "ballerina" "regally" "clergy" "largely" "leading"]]
  (anagram/anagrams-for "allergy" coll)))
; ERROR in anagram-test/no-matches (AFn.java:6):
; error: clojure.lang.ArityException: Wrong number of args (2) passed to: clojure.string/lower-case (AFn.java:6)
; expected:
(=
 []
 (anagram/anagrams-for "diaper" ["hello" "world" "zombies" "pants"]))
; ERROR in anagram-test/word-is-not-own-anagram (AFn.java:35):
; error: clojure.lang.ArityException: Wrong number of args (2) passed to: clojure.string/lower-case (AFn.java:35)
; expected:
(= [] (anagram/anagrams-for "banana" ["banana"]))
; 9 tests finished, problems found. ðŸ˜­ errors: 9, failures: 0, ns: 1, vars: 9
cljêž‰anagramêž‰>Â 
; Evaluating file: anagram.clj
; Syntax error compiling at (anagram.clj:7:8).
; Unable to resolve symbol: word in this context
; Evaluation of file anagram.clj failed: class clojure.lang.Compiler$CompilerException
; Evaluating file: anagram.clj
#'anagram/anagrams-for
; Running tests for anagram...
; ERROR in anagram-test/capital-word-is-not-own-anagram (AFn.java:38):
; error: clojure.lang.ArityException: Wrong number of args (2) passed to: clojure.string/lower-case (AFn.java:38)
; expected:
(= [] (anagram/anagrams-for "BANANA" ["banana"]))
; ERROR in anagram-test/case-insensitive-anagrams (AFn.java:30):
; error: clojure.lang.ArityException: Wrong number of args (2) passed to: clojure.string/lower-case (AFn.java:30)
; expected:
(=
 ["Carthorse"]
 (let
  [coll ["cashregister" "Carthorse" "radishes"]]
  (anagram/anagrams-for "Orchestra" coll)))
; ERROR in anagram-test/detect-anagram (AFn.java:19):
; error: clojure.lang.ArityException: Wrong number of args (2) passed to: clojure.string/lower-case (AFn.java:19)
; expected:
(=
 ["inlets"]
 (let
  [coll ["enlists" "google" "inlets" "banana"]]
  (anagram/anagrams-for "listen" coll)))
; ERROR in anagram-test/detect-simple-anagram (AFn.java:10):
; error: clojure.lang.ArityException: Wrong number of args (2) passed to: clojure.string/lower-case (AFn.java:10)
; expected:
(= ["tan"] (anagram/anagrams-for "ant" ["tan" "stand" "at"]))
; ERROR in anagram-test/does-not-confuse-different-duplicates (AFn.java:13):
; error: clojure.lang.ArityException: Wrong number of args (2) passed to: clojure.string/lower-case (AFn.java:13)
; expected:
(= [] (anagram/anagrams-for "galea" ["eagle"]))
; ERROR in anagram-test/eliminate-anagram-subsets (AFn.java:16):
; error: clojure.lang.ArityException: Wrong number of args (2) passed to: clojure.string/lower-case (AFn.java:16)
; expected:
(= [] (anagram/anagrams-for "good" ["dog" "goody"]))
; ERROR in anagram-test/multiple-anagrams (AFn.java:24):
; error: clojure.lang.ArityException: Wrong number of args (2) passed to: clojure.string/lower-case (AFn.java:24)
; expected:
(=
 ["gallery" "regally" "largely"]
 (let
  [coll ["gallery" "ballerina" "regally" "clergy" "largely" "leading"]]
  (anagram/anagrams-for "allergy" coll)))
; ERROR in anagram-test/no-matches (AFn.java:6):
; error: clojure.lang.ArityException: Wrong number of args (2) passed to: clojure.string/lower-case (AFn.java:6)
; expected:
(=
 []
 (anagram/anagrams-for "diaper" ["hello" "world" "zombies" "pants"]))
; ERROR in anagram-test/word-is-not-own-anagram (AFn.java:35):
; error: clojure.lang.ArityException: Wrong number of args (2) passed to: clojure.string/lower-case (AFn.java:35)
; expected:
(= [] (anagram/anagrams-for "banana" ["banana"]))
; 9 tests finished, problems found. ðŸ˜­ errors: 9, failures: 0, ns: 1, vars: 9
cljêž‰anagramêž‰>Â 
; Evaluating file: anagram.clj
#'anagram/anagrams-for
; Running tests for anagram...
; ERROR in anagram-test/capital-word-is-not-own-anagram (AFn.java:38):
; error: clojure.lang.ArityException: Wrong number of args (2) passed to: clojure.string/lower-case (AFn.java:38)
; expected:
(= [] (anagram/anagrams-for "BANANA" ["banana"]))
; ERROR in anagram-test/case-insensitive-anagrams (AFn.java:30):
; error: clojure.lang.ArityException: Wrong number of args (2) passed to: clojure.string/lower-case (AFn.java:30)
; expected:
(=
 ["Carthorse"]
 (let
  [coll ["cashregister" "Carthorse" "radishes"]]
  (anagram/anagrams-for "Orchestra" coll)))
; ERROR in anagram-test/detect-anagram (AFn.java:19):
; error: clojure.lang.ArityException: Wrong number of args (2) passed to: clojure.string/lower-case (AFn.java:19)
; expected:
(=
 ["inlets"]
 (let
  [coll ["enlists" "google" "inlets" "banana"]]
  (anagram/anagrams-for "listen" coll)))
; ERROR in anagram-test/detect-simple-anagram (AFn.java:10):
; error: clojure.lang.ArityException: Wrong number of args (2) passed to: clojure.string/lower-case (AFn.java:10)
; expected:
(= ["tan"] (anagram/anagrams-for "ant" ["tan" "stand" "at"]))
; ERROR in anagram-test/does-not-confuse-different-duplicates (AFn.java:13):
; error: clojure.lang.ArityException: Wrong number of args (2) passed to: clojure.string/lower-case (AFn.java:13)
; expected:
(= [] (anagram/anagrams-for "galea" ["eagle"]))
; ERROR in anagram-test/eliminate-anagram-subsets (AFn.java:16):
; error: clojure.lang.ArityException: Wrong number of args (2) passed to: clojure.string/lower-case (AFn.java:16)
; expected:
(= [] (anagram/anagrams-for "good" ["dog" "goody"]))
; ERROR in anagram-test/multiple-anagrams (AFn.java:24):
; error: clojure.lang.ArityException: Wrong number of args (2) passed to: clojure.string/lower-case (AFn.java:24)
; expected:
(=
 ["gallery" "regally" "largely"]
 (let
  [coll ["gallery" "ballerina" "regally" "clergy" "largely" "leading"]]
  (anagram/anagrams-for "allergy" coll)))
; ERROR in anagram-test/no-matches (AFn.java:6):
; error: clojure.lang.ArityException: Wrong number of args (2) passed to: clojure.string/lower-case (AFn.java:6)
; expected:
(=
 []
 (anagram/anagrams-for "diaper" ["hello" "world" "zombies" "pants"]))
; ERROR in anagram-test/word-is-not-own-anagram (AFn.java:35):
; error: clojure.lang.ArityException: Wrong number of args (2) passed to: clojure.string/lower-case (AFn.java:35)
; expected:
(= [] (anagram/anagrams-for "banana" ["banana"]))
; 9 tests finished, problems found. ðŸ˜­ errors: 9, failures: 0, ns: 1, vars: 9
cljêž‰anagramêž‰>Â 
; Evaluating file: anagram.clj
#'anagram/anagrams-for
; Running tests for anagram...
; ERROR in anagram-test/capital-word-is-not-own-anagram (AFn.java:38):
; error: clojure.lang.ArityException: Wrong number of args (2) passed to: clojure.string/lower-case (AFn.java:38)
; expected:
(= [] (anagram/anagrams-for "BANANA" ["banana"]))
; ERROR in anagram-test/case-insensitive-anagrams (AFn.java:30):
; error: clojure.lang.ArityException: Wrong number of args (2) passed to: clojure.string/lower-case (AFn.java:30)
; expected:
(=
 ["Carthorse"]
 (let
  [coll ["cashregister" "Carthorse" "radishes"]]
  (anagram/anagrams-for "Orchestra" coll)))
; ERROR in anagram-test/detect-anagram (AFn.java:19):
; error: clojure.lang.ArityException: Wrong number of args (2) passed to: clojure.string/lower-case (AFn.java:19)
; expected:
(=
 ["inlets"]
 (let
  [coll ["enlists" "google" "inlets" "banana"]]
  (anagram/anagrams-for "listen" coll)))
; ERROR in anagram-test/detect-simple-anagram (AFn.java:10):
; error: clojure.lang.ArityException: Wrong number of args (2) passed to: clojure.string/lower-case (AFn.java:10)
; expected:
(= ["tan"] (anagram/anagrams-for "ant" ["tan" "stand" "at"]))
; ERROR in anagram-test/does-not-confuse-different-duplicates (AFn.java:13):
; error: clojure.lang.ArityException: Wrong number of args (2) passed to: clojure.string/lower-case (AFn.java:13)
; expected:
(= [] (anagram/anagrams-for "galea" ["eagle"]))
; ERROR in anagram-test/eliminate-anagram-subsets (AFn.java:16):
; error: clojure.lang.ArityException: Wrong number of args (2) passed to: clojure.string/lower-case (AFn.java:16)
; expected:
(= [] (anagram/anagrams-for "good" ["dog" "goody"]))
; ERROR in anagram-test/multiple-anagrams (AFn.java:24):
; error: clojure.lang.ArityException: Wrong number of args (2) passed to: clojure.string/lower-case (AFn.java:24)
; expected:
(=
 ["gallery" "regally" "largely"]
 (let
  [coll ["gallery" "ballerina" "regally" "clergy" "largely" "leading"]]
  (anagram/anagrams-for "allergy" coll)))
; ERROR in anagram-test/no-matches (AFn.java:6):
; error: clojure.lang.ArityException: Wrong number of args (2) passed to: clojure.string/lower-case (AFn.java:6)
; expected:
(=
 []
 (anagram/anagrams-for "diaper" ["hello" "world" "zombies" "pants"]))
; ERROR in anagram-test/word-is-not-own-anagram (AFn.java:35):
; error: clojure.lang.ArityException: Wrong number of args (2) passed to: clojure.string/lower-case (AFn.java:35)
; expected:
(= [] (anagram/anagrams-for "banana" ["banana"]))
; 9 tests finished, problems found. ðŸ˜­ errors: 9, failures: 0, ns: 1, vars: 9
cljêž‰anagramêž‰>Â 
; Evaluating file: anagram.clj
#'anagram/anagrams-for
; Running tests for anagram...
; FAIL in anagram-test/capital-word-is-not-own-anagram (anagram_test.clj:38):
; expected:
[]
; actual:
("banana")
; FAIL in anagram-test/case-insensitive-anagrams (anagram_test.clj:30):
; expected:
["Carthorse"]
; actual:
("cashregister" "Carthorse" "radishes")
; FAIL in anagram-test/detect-anagram (anagram_test.clj:19):
; expected:
["inlets"]
; actual:
("enlists" "google" "inlets" "banana")
; FAIL in anagram-test/detect-simple-anagram (anagram_test.clj:10):
; expected:
["tan"]
; actual:
("tan" "stand" "at")
; FAIL in anagram-test/does-not-confuse-different-duplicates (anagram_test.clj:13):
; expected:
[]
; actual:
("eagle")
; FAIL in anagram-test/eliminate-anagram-subsets (anagram_test.clj:16):
; expected:
[]
; actual:
("dog" "goody")
; FAIL in anagram-test/multiple-anagrams (anagram_test.clj:24):
; expected:
["gallery" "regally" "largely"]
; actual:
("gallery" "ballerina" "regally" "clergy" "largely" "leading")
; FAIL in anagram-test/no-matches (anagram_test.clj:6):
; expected:
[]
; actual:
("hello" "world" "zombies" "pants")
; FAIL in anagram-test/word-is-not-own-anagram (anagram_test.clj:35):
; expected:
[]
; actual:
("banana")
; 9 tests finished, problems found. ðŸ˜­ errors: 0, failures: 9, ns: 1, vars: 9
cljêž‰anagramêž‰>Â 
; Evaluating file: anagram.clj
#'anagram/anagrams-for
; Running tests for anagram...
; FAIL in anagram-test/capital-word-is-not-own-anagram (anagram_test.clj:38):
; expected:
[]
; actual:
("banana")
; FAIL in anagram-test/case-insensitive-anagrams (anagram_test.clj:30):
; expected:
["Carthorse"]
; actual:
("cashregister" "Carthorse" "radishes")
; FAIL in anagram-test/detect-anagram (anagram_test.clj:19):
; expected:
["inlets"]
; actual:
("enlists" "google" "inlets" "banana")
; FAIL in anagram-test/detect-simple-anagram (anagram_test.clj:10):
; expected:
["tan"]
; actual:
("tan" "stand" "at")
; FAIL in anagram-test/does-not-confuse-different-duplicates (anagram_test.clj:13):
; expected:
[]
; actual:
("eagle")
; FAIL in anagram-test/eliminate-anagram-subsets (anagram_test.clj:16):
; expected:
[]
; actual:
("dog" "goody")
; FAIL in anagram-test/multiple-anagrams (anagram_test.clj:24):
; expected:
["gallery" "regally" "largely"]
; actual:
("gallery" "ballerina" "regally" "clergy" "largely" "leading")
; FAIL in anagram-test/no-matches (anagram_test.clj:6):
; expected:
[]
; actual:
("hello" "world" "zombies" "pants")
; FAIL in anagram-test/word-is-not-own-anagram (anagram_test.clj:35):
; expected:
[]
; actual:
("banana")
; 9 tests finished, problems found. ðŸ˜­ errors: 0, failures: 9, ns: 1, vars: 9
cljêž‰anagramêž‰>Â 
; Evaluating file: anagram.clj
#'anagram/anagrams-for
; Running tests for anagram...
; FAIL in anagram-test/case-insensitive-anagrams (anagram_test.clj:30):
; expected:
["Carthorse"]
; actual:
()
; FAIL in anagram-test/detect-anagram (anagram_test.clj:19):
; expected:
["inlets"]
; actual:
()
; FAIL in anagram-test/detect-simple-anagram (anagram_test.clj:10):
; expected:
["tan"]
; actual:
()
; FAIL in anagram-test/multiple-anagrams (anagram_test.clj:24):
; expected:
["gallery" "regally" "largely"]
; actual:
()
; FAIL in anagram-test/word-is-not-own-anagram (anagram_test.clj:35):
; expected:
[]
; actual:
("banana")
; 9 tests finished, problems found. ðŸ˜­ errors: 0, failures: 5, ns: 1, vars: 9
cljêž‰anagramêž‰>Â 
; Evaluating file: anagram.clj
; Syntax error compiling at (anagram.clj:11:12).
; Unable to resolve symbol: anagram? in this context
; Evaluation of file anagram.clj failed: class clojure.lang.Compiler$CompilerException
; Evaluating file: anagram.clj
#'anagram/anagrams-for
; Running tests for anagram...
; FAIL in anagram-test/case-insensitive-anagrams (anagram_test.clj:30):
; expected:
["Carthorse"]
; actual:
()
; FAIL in anagram-test/detect-anagram (anagram_test.clj:19):
; expected:
["inlets"]
; actual:
()
; FAIL in anagram-test/detect-simple-anagram (anagram_test.clj:10):
; expected:
["tan"]
; actual:
()
; FAIL in anagram-test/multiple-anagrams (anagram_test.clj:24):
; expected:
["gallery" "regally" "largely"]
; actual:
()
; FAIL in anagram-test/word-is-not-own-anagram (anagram_test.clj:35):
; expected:
[]
; actual:
("banana")
; 9 tests finished, problems found. ðŸ˜­ errors: 0, failures: 5, ns: 1, vars: 9
cljêž‰anagramêž‰>Â 
; Evaluating file: anagram.clj
#'anagram/anagrams-for
; Running tests for anagram...
; FAIL in anagram-test/case-insensitive-anagrams (anagram_test.clj:30):
; expected:
["Carthorse"]
; actual:
()
; FAIL in anagram-test/detect-anagram (anagram_test.clj:19):
; expected:
["inlets"]
; actual:
()
; FAIL in anagram-test/detect-simple-anagram (anagram_test.clj:10):
; expected:
["tan"]
; actual:
()
; FAIL in anagram-test/multiple-anagrams (anagram_test.clj:24):
; expected:
["gallery" "regally" "largely"]
; actual:
()
; FAIL in anagram-test/word-is-not-own-anagram (anagram_test.clj:35):
; expected:
[]
; actual:
("banana")
; 9 tests finished, problems found. ðŸ˜­ errors: 0, failures: 5, ns: 1, vars: 9
cljêž‰anagramêž‰>Â 
; Evaluating file: anagram.clj
#'anagram/anagrams-for
; Running tests for anagram...
; FAIL in anagram-test/capital-word-is-not-own-anagram (anagram_test.clj:38):
; expected:
[]
; actual:
("banana")
; FAIL in anagram-test/case-insensitive-anagrams (anagram_test.clj:30):
; expected:
["Carthorse"]
; actual:
("cashregister" "Carthorse" "radishes")
; FAIL in anagram-test/detect-anagram (anagram_test.clj:19):
; expected:
["inlets"]
; actual:
("enlists" "google" "inlets" "banana")
; FAIL in anagram-test/detect-simple-anagram (anagram_test.clj:10):
; expected:
["tan"]
; actual:
("tan" "stand" "at")
; FAIL in anagram-test/does-not-confuse-different-duplicates (anagram_test.clj:13):
; expected:
[]
; actual:
("eagle")
; FAIL in anagram-test/eliminate-anagram-subsets (anagram_test.clj:16):
; expected:
[]
; actual:
("dog" "goody")
; FAIL in anagram-test/multiple-anagrams (anagram_test.clj:24):
; expected:
["gallery" "regally" "largely"]
; actual:
("gallery" "ballerina" "regally" "clergy" "largely" "leading")
; FAIL in anagram-test/no-matches (anagram_test.clj:6):
; expected:
[]
; actual:
("hello" "world" "zombies" "pants")
; 9 tests finished, problems found. ðŸ˜­ errors: 0, failures: 8, ns: 1, vars: 9
cljêž‰anagramêž‰>Â 
; Evaluating file: anagram.clj
#'anagram/anagrams-for
; Running tests for anagram...
; FAIL in anagram-test/capital-word-is-not-own-anagram (anagram_test.clj:38):
; expected:
[]
; actual:
("banana")
; FAIL in anagram-test/case-insensitive-anagrams (anagram_test.clj:30):
; expected:
["Carthorse"]
; actual:
("cashregister" "Carthorse" "radishes")
; FAIL in anagram-test/detect-anagram (anagram_test.clj:19):
; expected:
["inlets"]
; actual:
("enlists" "google" "inlets" "banana")
; FAIL in anagram-test/detect-simple-anagram (anagram_test.clj:10):
; expected:
["tan"]
; actual:
("tan" "stand" "at")
; FAIL in anagram-test/does-not-confuse-different-duplicates (anagram_test.clj:13):
; expected:
[]
; actual:
("eagle")
; FAIL in anagram-test/eliminate-anagram-subsets (anagram_test.clj:16):
; expected:
[]
; actual:
("dog" "goody")
; FAIL in anagram-test/multiple-anagrams (anagram_test.clj:24):
; expected:
["gallery" "regally" "largely"]
; actual:
("gallery" "ballerina" "regally" "clergy" "largely" "leading")
; FAIL in anagram-test/no-matches (anagram_test.clj:6):
; expected:
[]
; actual:
("hello" "world" "zombies" "pants")
; 9 tests finished, problems found. ðŸ˜­ errors: 0, failures: 8, ns: 1, vars: 9
cljêž‰anagramêž‰>Â 
; Evaluating file: anagram.clj
#'anagram/anagrams-for
; Running tests for anagram...
; FAIL in anagram-test/capital-word-is-not-own-anagram (anagram_test.clj:38):
; expected:
[]
; actual:
("banana")
; FAIL in anagram-test/case-insensitive-anagrams (anagram_test.clj:30):
; expected:
["Carthorse"]
; actual:
("cashregister" "Carthorse" "radishes")
; FAIL in anagram-test/detect-anagram (anagram_test.clj:19):
; expected:
["inlets"]
; actual:
("enlists" "google" "inlets" "banana")
; FAIL in anagram-test/detect-simple-anagram (anagram_test.clj:10):
; expected:
["tan"]
; actual:
("tan" "stand" "at")
; FAIL in anagram-test/does-not-confuse-different-duplicates (anagram_test.clj:13):
; expected:
[]
; actual:
("eagle")
; FAIL in anagram-test/eliminate-anagram-subsets (anagram_test.clj:16):
; expected:
[]
; actual:
("dog" "goody")
; FAIL in anagram-test/multiple-anagrams (anagram_test.clj:24):
; expected:
["gallery" "regally" "largely"]
; actual:
("gallery" "ballerina" "regally" "clergy" "largely" "leading")
; FAIL in anagram-test/no-matches (anagram_test.clj:6):
; expected:
[]
; actual:
("hello" "world" "zombies" "pants")
; 9 tests finished, problems found. ðŸ˜­ errors: 0, failures: 8, ns: 1, vars: 9
cljêž‰anagramêž‰>Â 
; Evaluating file: anagram.clj
#'anagram/anagrams-for
; Running tests for anagram...
; ERROR in anagram-test/capital-word-is-not-own-anagram (AFn.java:38):
; error: clojure.lang.ArityException: Wrong number of args (0) passed to: clojure.core/= (AFn.java:38)
; expected:
(= [] (anagram/anagrams-for "BANANA" ["banana"]))
; ERROR in anagram-test/case-insensitive-anagrams (AFn.java:30):
; error: clojure.lang.ArityException: Wrong number of args (0) passed to: clojure.core/= (AFn.java:30)
; expected:
(=
 ["Carthorse"]
 (let
  [coll ["cashregister" "Carthorse" "radishes"]]
  (anagram/anagrams-for "Orchestra" coll)))
; ERROR in anagram-test/detect-anagram (AFn.java:19):
; error: clojure.lang.ArityException: Wrong number of args (0) passed to: clojure.core/= (AFn.java:19)
; expected:
(=
 ["inlets"]
 (let
  [coll ["enlists" "google" "inlets" "banana"]]
  (anagram/anagrams-for "listen" coll)))
; ERROR in anagram-test/detect-simple-anagram (AFn.java:10):
; error: clojure.lang.ArityException: Wrong number of args (0) passed to: clojure.core/= (AFn.java:10)
; expected:
(= ["tan"] (anagram/anagrams-for "ant" ["tan" "stand" "at"]))
; ERROR in anagram-test/does-not-confuse-different-duplicates (AFn.java:13):
; error: clojure.lang.ArityException: Wrong number of args (0) passed to: clojure.core/= (AFn.java:13)
; expected:
(= [] (anagram/anagrams-for "galea" ["eagle"]))
; ERROR in anagram-test/eliminate-anagram-subsets (AFn.java:16):
; error: clojure.lang.ArityException: Wrong number of args (0) passed to: clojure.core/= (AFn.java:16)
; expected:
(= [] (anagram/anagrams-for "good" ["dog" "goody"]))
; ERROR in anagram-test/multiple-anagrams (AFn.java:24):
; error: clojure.lang.ArityException: Wrong number of args (0) passed to: clojure.core/= (AFn.java:24)
; expected:
(=
 ["gallery" "regally" "largely"]
 (let
  [coll ["gallery" "ballerina" "regally" "clergy" "largely" "leading"]]
  (anagram/anagrams-for "allergy" coll)))
; ERROR in anagram-test/no-matches (AFn.java:6):
; error: clojure.lang.ArityException: Wrong number of args (0) passed to: clojure.core/= (AFn.java:6)
; expected:
(=
 []
 (anagram/anagrams-for "diaper" ["hello" "world" "zombies" "pants"]))
; 9 tests finished, problems found. ðŸ˜­ errors: 8, failures: 0, ns: 1, vars: 9
cljêž‰anagramêž‰>Â 
; Evaluating file: anagram.clj
#'anagram/anagrams-for
; Running tests for anagram...
; ERROR in anagram-test/capital-word-is-not-own-anagram (AFn.java:38):
; error: clojure.lang.ArityException: Wrong number of args (0) passed to: clojure.string/lower-case (AFn.java:38)
; expected:
(= [] (anagram/anagrams-for "BANANA" ["banana"]))
; ERROR in anagram-test/case-insensitive-anagrams (AFn.java:30):
; error: clojure.lang.ArityException: Wrong number of args (0) passed to: clojure.string/lower-case (AFn.java:30)
; expected:
(=
 ["Carthorse"]
 (let
  [coll ["cashregister" "Carthorse" "radishes"]]
  (anagram/anagrams-for "Orchestra" coll)))
; ERROR in anagram-test/detect-anagram (AFn.java:19):
; error: clojure.lang.ArityException: Wrong number of args (0) passed to: clojure.string/lower-case (AFn.java:19)
; expected:
(=
 ["inlets"]
 (let
  [coll ["enlists" "google" "inlets" "banana"]]
  (anagram/anagrams-for "listen" coll)))
; ERROR in anagram-test/detect-simple-anagram (AFn.java:10):
; error: clojure.lang.ArityException: Wrong number of args (0) passed to: clojure.string/lower-case (AFn.java:10)
; expected:
(= ["tan"] (anagram/anagrams-for "ant" ["tan" "stand" "at"]))
; ERROR in anagram-test/does-not-confuse-different-duplicates (AFn.java:13):
; error: clojure.lang.ArityException: Wrong number of args (0) passed to: clojure.string/lower-case (AFn.java:13)
; expected:
(= [] (anagram/anagrams-for "galea" ["eagle"]))
; ERROR in anagram-test/eliminate-anagram-subsets (AFn.java:16):
; error: clojure.lang.ArityException: Wrong number of args (0) passed to: clojure.string/lower-case (AFn.java:16)
; expected:
(= [] (anagram/anagrams-for "good" ["dog" "goody"]))
; ERROR in anagram-test/multiple-anagrams (AFn.java:24):
; error: clojure.lang.ArityException: Wrong number of args (0) passed to: clojure.string/lower-case (AFn.java:24)
; expected:
(=
 ["gallery" "regally" "largely"]
 (let
  [coll ["gallery" "ballerina" "regally" "clergy" "largely" "leading"]]
  (anagram/anagrams-for "allergy" coll)))
; ERROR in anagram-test/no-matches (AFn.java:6):
; error: clojure.lang.ArityException: Wrong number of args (0) passed to: clojure.string/lower-case (AFn.java:6)
; expected:
(=
 []
 (anagram/anagrams-for "diaper" ["hello" "world" "zombies" "pants"]))
; 9 tests finished, problems found. ðŸ˜­ errors: 8, failures: 0, ns: 1, vars: 9
cljêž‰anagramêž‰>Â 
; Evaluating file: anagram.clj
#'anagram/anagrams-for
; Running tests for anagram...
; FAIL in anagram-test/capital-word-is-not-own-anagram (anagram_test.clj:38):
; expected:
[]
; actual:
("banana")
; FAIL in anagram-test/case-insensitive-anagrams (anagram_test.clj:30):
; expected:
["Carthorse"]
; actual:
("cashregister" "Carthorse" "radishes")
; FAIL in anagram-test/detect-anagram (anagram_test.clj:19):
; expected:
["inlets"]
; actual:
("enlists" "google" "inlets" "banana")
; FAIL in anagram-test/detect-simple-anagram (anagram_test.clj:10):
; expected:
["tan"]
; actual:
("tan" "stand" "at")
; FAIL in anagram-test/does-not-confuse-different-duplicates (anagram_test.clj:13):
; expected:
[]
; actual:
("eagle")
; FAIL in anagram-test/eliminate-anagram-subsets (anagram_test.clj:16):
; expected:
[]
; actual:
("dog" "goody")
; FAIL in anagram-test/multiple-anagrams (anagram_test.clj:24):
; expected:
["gallery" "regally" "largely"]
; actual:
("gallery" "ballerina" "regally" "clergy" "largely" "leading")
; FAIL in anagram-test/no-matches (anagram_test.clj:6):
; expected:
[]
; actual:
("hello" "world" "zombies" "pants")
; 9 tests finished, problems found. ðŸ˜­ errors: 0, failures: 8, ns: 1, vars: 9
cljêž‰anagramêž‰>Â 
; Evaluating file: anagram.clj
#'anagram/anagrams-for
; Running tests for anagram...
; FAIL in anagram-test/capital-word-is-not-own-anagram (anagram_test.clj:38):
; expected:
[]
; actual:
("banana")
; 9 tests finished, problems found. ðŸ˜­ errors: 0, failures: 1, ns: 1, vars: 9
cljêž‰anagramêž‰>Â 
; Evaluating file: anagram.clj
; Syntax error reading source at (anagram.clj:10:1).
; EOF while reading, starting at line 6
; Evaluation of file anagram.clj failed: class clojure.lang.Compiler$CompilerException
; Evaluating file: anagram.clj
; Syntax error reading source at (anagram.clj:10:1).
; EOF while reading, starting at line 6
; Evaluation of file anagram.clj failed: class clojure.lang.Compiler$CompilerException
; Evaluating file: anagram.clj
; Syntax error reading source at (anagram.clj:10:1).
; EOF while reading, starting at line 6
; Evaluation of file anagram.clj failed: class clojure.lang.Compiler$CompilerException
; Evaluating file: anagram.clj
; Syntax error reading source at (anagram.clj:10:1).
; EOF while reading, starting at line 6
; Evaluation of file anagram.clj failed: class clojure.lang.Compiler$CompilerException
; Evaluating file: anagram.clj
; Syntax error reading source at (anagram.clj:10:1).
; EOF while reading, starting at line 6
; Evaluation of file anagram.clj failed: class clojure.lang.Compiler$CompilerException
; Evaluating file: anagram.clj
; Syntax error reading source at (anagram.clj:10:1).
; EOF while reading, starting at line 6
; Evaluation of file anagram.clj failed: class clojure.lang.Compiler$CompilerException
; Evaluating file: anagram.clj
; Syntax error reading source at (anagram.clj:10:1).
; EOF while reading, starting at line 6
; Evaluation of file anagram.clj failed: class clojure.lang.Compiler$CompilerException
; Evaluating file: anagram.clj
; Syntax error reading source at (anagram.clj:10:1).
; EOF while reading, starting at line 6
; Evaluation of file anagram.clj failed: class clojure.lang.Compiler$CompilerException
; Evaluating file: anagram.clj
; Syntax error reading source at (anagram.clj:10:1).
; EOF while reading, starting at line 6
; Evaluation of file anagram.clj failed: class clojure.lang.Compiler$CompilerException
; Evaluating file: anagram.clj
; Syntax error reading source at (anagram.clj:10:1).
; EOF while reading, starting at line 6
; Evaluation of file anagram.clj failed: class clojure.lang.Compiler$CompilerException
; Evaluating file: anagram.clj
; Syntax error reading source at (anagram.clj:10:1).
; EOF while reading, starting at line 6
; Evaluation of file anagram.clj failed: class clojure.lang.Compiler$CompilerException
; Evaluating file: anagram.clj
; Syntax error reading source at (anagram.clj:10:1).
; EOF while reading, starting at line 6
; Evaluation of file anagram.clj failed: class clojure.lang.Compiler$CompilerException
; Evaluating file: anagram.clj
; Syntax error reading source at (anagram.clj:10:1).
; EOF while reading, starting at line 6
; Evaluation of file anagram.clj failed: class clojure.lang.Compiler$CompilerException
; Evaluating file: anagram.clj
; Syntax error reading source at (anagram.clj:10:1).
; EOF while reading, starting at line 6
; Evaluation of file anagram.clj failed: class clojure.lang.Compiler$CompilerException
; Evaluating file: anagram.clj
; Syntax error reading source at (anagram.clj:10:1).
; EOF while reading, starting at line 6
; Evaluation of file anagram.clj failed: class clojure.lang.Compiler$CompilerException
; Evaluating file: anagram.clj
; Syntax error reading source at (anagram.clj:10:1).
; EOF while reading, starting at line 6
; Evaluation of file anagram.clj failed: class clojure.lang.Compiler$CompilerException
; Evaluating file: anagram.clj
; Syntax error reading source at (anagram.clj:9:1).
; EOF while reading, starting at line 6
; Evaluation of file anagram.clj failed: class clojure.lang.Compiler$CompilerException
; Evaluating file: anagram.clj
; Syntax error reading source at (anagram.clj:10:1).
; EOF while reading, starting at line 6
; Evaluation of file anagram.clj failed: class clojure.lang.Compiler$CompilerException
; Evaluating file: anagram.clj
; Syntax error macroexpanding clojure.core/let at (anagram.clj:7:3).
; [words] - failed: even-number-of-forms? at: [:bindings] spec: :clojure.core.specs.alpha/bindings
; Evaluation of file anagram.clj failed: class clojure.lang.Compiler$CompilerException
; Evaluating file: anagram.clj
; Syntax error macroexpanding clojure.core/let at (anagram.clj:7:3).
; [words] - failed: even-number-of-forms? at: [:bindings] spec: :clojure.core.specs.alpha/bindings
; Evaluation of file anagram.clj failed: class clojure.lang.Compiler$CompilerException
; Evaluating file: anagram.clj
; Syntax error macroexpanding clojure.core/let at (anagram.clj:7:3).
; [words] - failed: even-number-of-forms? at: [:bindings] spec: :clojure.core.specs.alpha/bindings
; Evaluation of file anagram.clj failed: class clojure.lang.Compiler$CompilerException
; Evaluating file: anagram.clj
; Syntax error macroexpanding clojure.core/let at (anagram.clj:7:3).
; [words] - failed: even-number-of-forms? at: [:bindings] spec: :clojure.core.specs.alpha/bindings
; Evaluation of file anagram.clj failed: class clojure.lang.Compiler$CompilerException
; Evaluating file: anagram.clj
#'anagram/anagrams-for
; Running tests for anagram...
; FAIL in anagram-test/case-insensitive-anagrams (anagram_test.clj:30):
; expected:
["Carthorse"]
; actual:
()
; FAIL in anagram-test/detect-anagram (anagram_test.clj:19):
; expected:
["inlets"]
; actual:
()
; FAIL in anagram-test/detect-simple-anagram (anagram_test.clj:10):
; expected:
["tan"]
; actual:
()
; FAIL in anagram-test/multiple-anagrams (anagram_test.clj:24):
; expected:
["gallery" "regally" "largely"]
; actual:
()
; 9 tests finished, problems found. ðŸ˜­ errors: 0, failures: 4, ns: 1, vars: 9
cljêž‰anagramêž‰>Â 
; Evaluating file: anagram.clj
#'anagram/anagrams-for
; Running tests for anagram...
; FAIL in anagram-test/case-insensitive-anagrams (anagram_test.clj:30):
; expected:
["Carthorse"]
; actual:
()
; FAIL in anagram-test/detect-anagram (anagram_test.clj:19):
; expected:
["inlets"]
; actual:
()
; FAIL in anagram-test/detect-simple-anagram (anagram_test.clj:10):
; expected:
["tan"]
; actual:
()
; FAIL in anagram-test/multiple-anagrams (anagram_test.clj:24):
; expected:
["gallery" "regally" "largely"]
; actual:
()
; 9 tests finished, problems found. ðŸ˜­ errors: 0, failures: 4, ns: 1, vars: 9
cljêž‰anagramêž‰>Â 
; Evaluating file: anagram.clj
; Syntax error macroexpanding clojure.core/let at (anagram.clj:7:3).
; [words (vector word1 word2) lowerc] - failed: even-number-of-forms? at: [:bindings] spec: :clojure.core.specs.alpha/bindings
; Evaluation of file anagram.clj failed: class clojure.lang.Compiler$CompilerException
; Evaluating file: anagram.clj
; Syntax error macroexpanding clojure.core/let at (anagram.clj:7:3).
; [words (vector word1 word2) casewords] - failed: even-number-of-forms? at: [:bindings] spec: :clojure.core.specs.alpha/bindings
; Evaluation of file anagram.clj failed: class clojure.lang.Compiler$CompilerException
; Evaluating file: anagram.clj
; Syntax error compiling at (anagram.clj:8:19).
; Unable to resolve symbol: lower-case in this context
; Evaluation of file anagram.clj failed: class clojure.lang.Compiler$CompilerException
; Evaluating file: anagram.clj
#'anagram/anagrams-for
; Running tests for anagram...
; FAIL in anagram-test/case-insensitive-anagrams (anagram_test.clj:30):
; expected:
["Carthorse"]
; actual:
()
; FAIL in anagram-test/detect-anagram (anagram_test.clj:19):
; expected:
["inlets"]
; actual:
()
; FAIL in anagram-test/detect-simple-anagram (anagram_test.clj:10):
; expected:
["tan"]
; actual:
()
; FAIL in anagram-test/multiple-anagrams (anagram_test.clj:24):
; expected:
["gallery" "regally" "largely"]
; actual:
()
; 9 tests finished, problems found. ðŸ˜­ errors: 0, failures: 4, ns: 1, vars: 9
cljêž‰anagramêž‰>Â 
; Evaluating file: anagram.clj
#'anagram/anagrams-for
; Running tests for anagram...
; FAIL in anagram-test/case-insensitive-anagrams (anagram_test.clj:30):
; expected:
["Carthorse"]
; actual:
()
; FAIL in anagram-test/detect-anagram (anagram_test.clj:19):
; expected:
["inlets"]
; actual:
()
; FAIL in anagram-test/detect-simple-anagram (anagram_test.clj:10):
; expected:
["tan"]
; actual:
()
; FAIL in anagram-test/multiple-anagrams (anagram_test.clj:24):
; expected:
["gallery" "regally" "largely"]
; actual:
()
; 9 tests finished, problems found. ðŸ˜­ errors: 0, failures: 4, ns: 1, vars: 9
cljêž‰anagramêž‰>Â 
; Evaluating file: anagram.clj
; Syntax error macroexpanding clojure.core/let at (anagram.clj:7:3).
; [words] - failed: even-number-of-forms? at: [:bindings] spec: :clojure.core.specs.alpha/bindings
; Evaluation of file anagram.clj failed: class clojure.lang.Compiler$CompilerException
; Evaluating file: anagram.clj
; Syntax error compiling at (anagram.clj:8:19).
; Unable to resolve symbol: lower-case in this context
; Evaluation of file anagram.clj failed: class clojure.lang.Compiler$CompilerException
; Evaluating file: anagram.clj
; Syntax error reading source at (anagram.clj:10:1).
; EOF while reading, starting at line 6
; Evaluation of file anagram.clj failed: class clojure.lang.Compiler$CompilerException
; Evaluating file: anagram.clj
#'anagram/anagrams-for
; Running tests for anagram...
; FAIL in anagram-test/capital-word-is-not-own-anagram (anagram_test.clj:38):
; expected:
[]
; actual:
("banana")
; 9 tests finished, problems found. ðŸ˜­ errors: 0, failures: 1, ns: 1, vars: 9
cljêž‰anagramêž‰>Â 
; Evaluating file: anagram.clj
; Syntax error (ArityException) compiling at (anagram.clj:4:18).
; Wrong number of args (0) passed to: clojure.string/lower-case
; Evaluation of file anagram.clj failed: class clojure.lang.Compiler$CompilerException
; Evaluating file: anagram.clj
; Syntax error macroexpanding clojure.core/fn at (anagram.clj:4:18).
; (comp sort str/lower-case) - failed: vector? at: [:fn-tail :arity-1 :params] spec: :clojure.core.specs.alpha/param-list
comp - failed: vector? at: [:fn-tail :arity-n :params] spec: :clojure.core.specs.alpha/param-list
; Evaluation of file anagram.clj failed: class clojure.lang.Compiler$CompilerException
; Evaluating file: anagram.clj
#'anagram/anagrams-for
; Running tests for anagram...
; ERROR in anagram-test/capital-word-is-not-own-anagram (AFn.java:38):
; error: clojure.lang.ArityException: Wrong number of args (1) passed to: anagram/case-sorted (AFn.java:38)
; expected:
(= [] (anagram/anagrams-for "BANANA" ["banana"]))
; ERROR in anagram-test/case-insensitive-anagrams (AFn.java:30):
; error: clojure.lang.ArityException: Wrong number of args (1) passed to: anagram/case-sorted (AFn.java:30)
; expected:
(=
 ["Carthorse"]
 (let
  [coll ["cashregister" "Carthorse" "radishes"]]
  (anagram/anagrams-for "Orchestra" coll)))
; ERROR in anagram-test/detect-anagram (AFn.java:19):
; error: clojure.lang.ArityException: Wrong number of args (1) passed to: anagram/case-sorted (AFn.java:19)
; expected:
(=
 ["inlets"]
 (let
  [coll ["enlists" "google" "inlets" "banana"]]
  (anagram/anagrams-for "listen" coll)))
; ERROR in anagram-test/detect-simple-anagram (AFn.java:10):
; error: clojure.lang.ArityException: Wrong number of args (1) passed to: anagram/case-sorted (AFn.java:10)
; expected:
(= ["tan"] (anagram/anagrams-for "ant" ["tan" "stand" "at"]))
; ERROR in anagram-test/does-not-confuse-different-duplicates (AFn.java:13):
; error: clojure.lang.ArityException: Wrong number of args (1) passed to: anagram/case-sorted (AFn.java:13)
; expected:
(= [] (anagram/anagrams-for "galea" ["eagle"]))
; ERROR in anagram-test/eliminate-anagram-subsets (AFn.java:16):
; error: clojure.lang.ArityException: Wrong number of args (1) passed to: anagram/case-sorted (AFn.java:16)
; expected:
(= [] (anagram/anagrams-for "good" ["dog" "goody"]))
; ERROR in anagram-test/multiple-anagrams (AFn.java:24):
; error: clojure.lang.ArityException: Wrong number of args (1) passed to: anagram/case-sorted (AFn.java:24)
; expected:
(=
 ["gallery" "regally" "largely"]
 (let
  [coll ["gallery" "ballerina" "regally" "clergy" "largely" "leading"]]
  (anagram/anagrams-for "allergy" coll)))
; ERROR in anagram-test/no-matches (AFn.java:6):
; error: clojure.lang.ArityException: Wrong number of args (1) passed to: anagram/case-sorted (AFn.java:6)
; expected:
(=
 []
 (anagram/anagrams-for "diaper" ["hello" "world" "zombies" "pants"]))
; 9 tests finished, problems found. ðŸ˜­ errors: 8, failures: 0, ns: 1, vars: 9
cljêž‰anagramêž‰>Â 
; Evaluating file: anagram.clj
#'anagram/anagrams-for
; Running tests for anagram...
; FAIL in anagram-test/case-insensitive-anagrams (anagram_test.clj:30):
; expected:
["Carthorse"]
; actual:
()
; FAIL in anagram-test/detect-anagram (anagram_test.clj:19):
; expected:
["inlets"]
; actual:
()
; FAIL in anagram-test/detect-simple-anagram (anagram_test.clj:10):
; expected:
["tan"]
; actual:
()
; FAIL in anagram-test/multiple-anagrams (anagram_test.clj:24):
; expected:
["gallery" "regally" "largely"]
; actual:
()
; 9 tests finished, problems found. ðŸ˜­ errors: 0, failures: 4, ns: 1, vars: 9
cljêž‰anagramêž‰>Â 
; Evaluating file: anagram.clj
#'anagram/anagrams-for
; Running tests for anagram...
; FAIL in anagram-test/case-insensitive-anagrams (anagram_test.clj:30):
; expected:
["Carthorse"]
; actual:
()
; FAIL in anagram-test/detect-anagram (anagram_test.clj:19):
; expected:
["inlets"]
; actual:
()
; FAIL in anagram-test/detect-simple-anagram (anagram_test.clj:10):
; expected:
["tan"]
; actual:
()
; FAIL in anagram-test/multiple-anagrams (anagram_test.clj:24):
; expected:
["gallery" "regally" "largely"]
; actual:
()
; 9 tests finished, problems found. ðŸ˜­ errors: 0, failures: 4, ns: 1, vars: 9
cljêž‰anagramêž‰>Â 
; Evaluating file: anagram.clj
#'anagram/anagrams-for
; Running tests for anagram...
; FAIL in anagram-test/case-insensitive-anagrams (anagram_test.clj:30):
; expected:
["Carthorse"]
; actual:
()
; FAIL in anagram-test/detect-anagram (anagram_test.clj:19):
; expected:
["inlets"]
; actual:
()
; FAIL in anagram-test/detect-simple-anagram (anagram_test.clj:10):
; expected:
["tan"]
; actual:
()
; FAIL in anagram-test/multiple-anagrams (anagram_test.clj:24):
; expected:
["gallery" "regally" "largely"]
; actual:
()
; 9 tests finished, problems found. ðŸ˜­ errors: 0, failures: 4, ns: 1, vars: 9
cljêž‰anagramêž‰>Â 
; Evaluating file: anagram.clj
#'anagram/anagrams-for
; Running tests for anagram...
; ERROR in anagram-test/capital-word-is-not-own-anagram (AFn.java:38):
; error: clojure.lang.ArityException: Wrong number of args (0) passed to: clojure.string/lower-case (AFn.java:38)
; expected:
(= [] (anagram/anagrams-for "BANANA" ["banana"]))
; ERROR in anagram-test/case-insensitive-anagrams (AFn.java:30):
; error: clojure.lang.ArityException: Wrong number of args (0) passed to: clojure.string/lower-case (AFn.java:30)
; expected:
(=
 ["Carthorse"]
 (let
  [coll ["cashregister" "Carthorse" "radishes"]]
  (anagram/anagrams-for "Orchestra" coll)))
; ERROR in anagram-test/detect-anagram (AFn.java:19):
; error: clojure.lang.ArityException: Wrong number of args (0) passed to: clojure.string/lower-case (AFn.java:19)
; expected:
(=
 ["inlets"]
 (let
  [coll ["enlists" "google" "inlets" "banana"]]
  (anagram/anagrams-for "listen" coll)))
; ERROR in anagram-test/detect-simple-anagram (AFn.java:10):
; error: clojure.lang.ArityException: Wrong number of args (0) passed to: clojure.string/lower-case (AFn.java:10)
; expected:
(= ["tan"] (anagram/anagrams-for "ant" ["tan" "stand" "at"]))
; ERROR in anagram-test/does-not-confuse-different-duplicates (AFn.java:13):
; error: clojure.lang.ArityException: Wrong number of args (0) passed to: clojure.string/lower-case (AFn.java:13)
; expected:
(= [] (anagram/anagrams-for "galea" ["eagle"]))
; ERROR in anagram-test/eliminate-anagram-subsets (AFn.java:16):
; error: clojure.lang.ArityException: Wrong number of args (0) passed to: clojure.string/lower-case (AFn.java:16)
; expected:
(= [] (anagram/anagrams-for "good" ["dog" "goody"]))
; ERROR in anagram-test/multiple-anagrams (AFn.java:24):
; error: clojure.lang.ArityException: Wrong number of args (0) passed to: clojure.string/lower-case (AFn.java:24)
; expected:
(=
 ["gallery" "regally" "largely"]
 (let
  [coll ["gallery" "ballerina" "regally" "clergy" "largely" "leading"]]
  (anagram/anagrams-for "allergy" coll)))
; ERROR in anagram-test/no-matches (AFn.java:6):
; error: clojure.lang.ArityException: Wrong number of args (0) passed to: clojure.string/lower-case (AFn.java:6)
; expected:
(=
 []
 (anagram/anagrams-for "diaper" ["hello" "world" "zombies" "pants"]))
; 9 tests finished, problems found. ðŸ˜­ errors: 8, failures: 0, ns: 1, vars: 9
cljêž‰anagramêž‰>Â 
; Evaluating file: anagram.clj
#'anagram/anagrams-for
; Running tests for anagram...
; FAIL in anagram-test/capital-word-is-not-own-anagram (anagram_test.clj:38):
; expected:
[]
; actual:
("banana")
; 9 tests finished, problems found. ðŸ˜­ errors: 0, failures: 1, ns: 1, vars: 9
cljêž‰anagramêž‰>Â 
; Evaluating file: anagram.clj
#'anagram/anagrams-for
; Running tests for anagram...
; ERROR in anagram-test/capital-word-is-not-own-anagram (AFn.java:38):
; error: clojure.lang.ArityException: Wrong number of args (3) passed to: anagram/anagram? (AFn.java:38)
; expected:
(= [] (anagram/anagrams-for "BANANA" ["banana"]))
; ERROR in anagram-test/case-insensitive-anagrams (AFn.java:30):
; error: clojure.lang.ArityException: Wrong number of args (3) passed to: anagram/anagram? (AFn.java:30)
; expected:
(=
 ["Carthorse"]
 (let
  [coll ["cashregister" "Carthorse" "radishes"]]
  (anagram/anagrams-for "Orchestra" coll)))
; ERROR in anagram-test/detect-anagram (AFn.java:19):
; error: clojure.lang.ArityException: Wrong number of args (3) passed to: anagram/anagram? (AFn.java:19)
; expected:
(=
 ["inlets"]
 (let
  [coll ["enlists" "google" "inlets" "banana"]]
  (anagram/anagrams-for "listen" coll)))
; ERROR in anagram-test/detect-simple-anagram (AFn.java:10):
; error: clojure.lang.ArityException: Wrong number of args (3) passed to: anagram/anagram? (AFn.java:10)
; expected:
(= ["tan"] (anagram/anagrams-for "ant" ["tan" "stand" "at"]))
; ERROR in anagram-test/does-not-confuse-different-duplicates (AFn.java:13):
; error: clojure.lang.ArityException: Wrong number of args (3) passed to: anagram/anagram? (AFn.java:13)
; expected:
(= [] (anagram/anagrams-for "galea" ["eagle"]))
; ERROR in anagram-test/eliminate-anagram-subsets (AFn.java:16):
; error: clojure.lang.ArityException: Wrong number of args (3) passed to: anagram/anagram? (AFn.java:16)
; expected:
(= [] (anagram/anagrams-for "good" ["dog" "goody"]))
; ERROR in anagram-test/multiple-anagrams (AFn.java:24):
; error: clojure.lang.ArityException: Wrong number of args (3) passed to: anagram/anagram? (AFn.java:24)
; expected:
(=
 ["gallery" "regally" "largely"]
 (let
  [coll ["gallery" "ballerina" "regally" "clergy" "largely" "leading"]]
  (anagram/anagrams-for "allergy" coll)))
; ERROR in anagram-test/no-matches (AFn.java:6):
; error: clojure.lang.ArityException: Wrong number of args (3) passed to: anagram/anagram? (AFn.java:6)
; expected:
(=
 []
 (anagram/anagrams-for "diaper" ["hello" "world" "zombies" "pants"]))
; ERROR in anagram-test/word-is-not-own-anagram (AFn.java:35):
; error: clojure.lang.ArityException: Wrong number of args (3) passed to: anagram/anagram? (AFn.java:35)
; expected:
(= [] (anagram/anagrams-for "banana" ["banana"]))
; 9 tests finished, problems found. ðŸ˜­ errors: 9, failures: 0, ns: 1, vars: 9
cljêž‰anagramêž‰>Â 
; Evaluating file: anagram.clj
#'anagram/anagrams-for
; Running tests for anagram...
; ERROR in anagram-test/capital-word-is-not-own-anagram (anagram.clj:38):
; error: java.lang.ClassCastException: class java.lang.String cannot be cast to class clojure.lang.IFn (java.lang.String is in module java.base of loader 'bootstrap'; clojure.lang.IFn is in unnamed module of loader 'app') (anagram.clj:38)
; expected:
(= [] (anagram/anagrams-for "BANANA" ["banana"]))
; ERROR in anagram-test/case-insensitive-anagrams (anagram.clj:30):
; error: java.lang.ClassCastException: class java.lang.String cannot be cast to class clojure.lang.IFn (java.lang.String is in module java.base of loader 'bootstrap'; clojure.lang.IFn is in unnamed module of loader 'app') (anagram.clj:30)
; expected:
(=
 ["Carthorse"]
 (let
  [coll ["cashregister" "Carthorse" "radishes"]]
  (anagram/anagrams-for "Orchestra" coll)))
; ERROR in anagram-test/detect-anagram (anagram.clj:19):
; error: java.lang.ClassCastException: class java.lang.String cannot be cast to class clojure.lang.IFn (java.lang.String is in module java.base of loader 'bootstrap'; clojure.lang.IFn is in unnamed module of loader 'app') (anagram.clj:19)
; expected:
(=
 ["inlets"]
 (let
  [coll ["enlists" "google" "inlets" "banana"]]
  (anagram/anagrams-for "listen" coll)))
; ERROR in anagram-test/detect-simple-anagram (anagram.clj:10):
; error: java.lang.ClassCastException: class java.lang.String cannot be cast to class clojure.lang.IFn (java.lang.String is in module java.base of loader 'bootstrap'; clojure.lang.IFn is in unnamed module of loader 'app') (anagram.clj:10)
; expected:
(= ["tan"] (anagram/anagrams-for "ant" ["tan" "stand" "at"]))
; ERROR in anagram-test/does-not-confuse-different-duplicates (anagram.clj:13):
; error: java.lang.ClassCastException: class java.lang.String cannot be cast to class clojure.lang.IFn (java.lang.String is in module java.base of loader 'bootstrap'; clojure.lang.IFn is in unnamed module of loader 'app') (anagram.clj:13)
; expected:
(= [] (anagram/anagrams-for "galea" ["eagle"]))
; ERROR in anagram-test/eliminate-anagram-subsets (anagram.clj:16):
; error: java.lang.ClassCastException: class java.lang.String cannot be cast to class clojure.lang.IFn (java.lang.String is in module java.base of loader 'bootstrap'; clojure.lang.IFn is in unnamed module of loader 'app') (anagram.clj:16)
; expected:
(= [] (anagram/anagrams-for "good" ["dog" "goody"]))
; ERROR in anagram-test/multiple-anagrams (anagram.clj:24):
; error: java.lang.ClassCastException: class java.lang.String cannot be cast to class clojure.lang.IFn (java.lang.String is in module java.base of loader 'bootstrap'; clojure.lang.IFn is in unnamed module of loader 'app') (anagram.clj:24)
; expected:
(=
 ["gallery" "regally" "largely"]
 (let
  [coll ["gallery" "ballerina" "regally" "clergy" "largely" "leading"]]
  (anagram/anagrams-for "allergy" coll)))
; ERROR in anagram-test/no-matches (anagram.clj:6):
; error: java.lang.ClassCastException: class java.lang.String cannot be cast to class clojure.lang.IFn (java.lang.String is in module java.base of loader 'bootstrap'; clojure.lang.IFn is in unnamed module of loader 'app') (anagram.clj:6)
; expected:
(=
 []
 (anagram/anagrams-for "diaper" ["hello" "world" "zombies" "pants"]))
; ERROR in anagram-test/word-is-not-own-anagram (anagram.clj:35):
; error: java.lang.ClassCastException: class java.lang.String cannot be cast to class clojure.lang.IFn (java.lang.String is in module java.base of loader 'bootstrap'; clojure.lang.IFn is in unnamed module of loader 'app') (anagram.clj:35)
; expected:
(= [] (anagram/anagrams-for "banana" ["banana"]))
; 9 tests finished, problems found. ðŸ˜­ errors: 9, failures: 0, ns: 1, vars: 9
cljêž‰anagramêž‰>Â 
; Evaluating file: anagram.clj
; Syntax error compiling at (anagram.clj:12:24).
; No such var: str/lowercase
; Evaluation of file anagram.clj failed: class clojure.lang.Compiler$CompilerException
; Evaluating file: anagram.clj
; Syntax error compiling at (anagram.clj:12:24).
; No such var: str/lowercase
; Evaluation of file anagram.clj failed: class clojure.lang.Compiler$CompilerException
; Evaluating file: anagram.clj
; Syntax error compiling at (anagram.clj:12:24).
; No such var: str/lowercase
; Evaluation of file anagram.clj failed: class clojure.lang.Compiler$CompilerException
; Evaluating file: anagram.clj
; Syntax error compiling at (anagram.clj:12:24).
; No such var: str/lowercase
; Evaluation of file anagram.clj failed: class clojure.lang.Compiler$CompilerException
; Evaluating file: anagram.clj
#'anagram/anagrams-for
; Running tests for anagram...
; FAIL in anagram-test/case-insensitive-anagrams (anagram_test.clj:30):
; expected:
["Carthorse"]
; actual:
("carthorse")
; 9 tests finished, problems found. ðŸ˜­ errors: 0, failures: 1, ns: 1, vars: 9
cljêž‰anagramêž‰>Â 
; Evaluating file: anagram.clj
#'anagram/anagrams-for
; Running tests for anagram...
; FAIL in anagram-test/case-insensitive-anagrams (anagram_test.clj:30):
; expected:
["Carthorse"]
; actual:
("carthorse")
; 9 tests finished, problems found. ðŸ˜­ errors: 0, failures: 1, ns: 1, vars: 9
cljêž‰anagramêž‰>Â 
; Evaluating file: anagram.clj
#'anagram/anagrams-for
; Running tests for anagram...
; FAIL in anagram-test/case-insensitive-anagrams (anagram_test.clj:30):
; expected:
["Carthorse"]
; actual:
("carthorse")
; 9 tests finished, problems found. ðŸ˜­ errors: 0, failures: 1, ns: 1, vars: 9
cljêž‰anagramêž‰>Â 
; Evaluating file: anagram.clj
#'anagram/anagrams-for
; Running tests for anagram...
; FAIL in anagram-test/case-insensitive-anagrams (anagram_test.clj:30):
; expected:
["Carthorse"]
; actual:
("carthorse")
; 9 tests finished, problems found. ðŸ˜­ errors: 0, failures: 1, ns: 1, vars: 9
cljêž‰anagramêž‰>Â 
; Evaluating file: anagram.clj
#'anagram/anagrams-for
; Running tests for anagram...
; FAIL in anagram-test/case-insensitive-anagrams (anagram_test.clj:30):
; expected:
["Carthorse"]
; actual:
("carthorse")
; 9 tests finished, problems found. ðŸ˜­ errors: 0, failures: 1, ns: 1, vars: 9
cljêž‰anagramêž‰>Â 
; Evaluating file: anagram.clj
#'anagram/anagrams-for
; Running tests for anagram...
; FAIL in anagram-test/capital-word-is-not-own-anagram (anagram_test.clj:38):
; expected:
[]
; actual:
("banana")
; 9 tests finished, problems found. ðŸ˜­ errors: 0, failures: 1, ns: 1, vars: 9
cljêž‰anagramêž‰>Â 
; Evaluating file: anagram.clj
#'anagram/anagrams-for
; Running tests for anagram...
; ERROR in anagram-test/capital-word-is-not-own-anagram (AFn.java:38):
; error: clojure.lang.ArityException: Wrong number of args (3) passed to: anagram/anagram? (AFn.java:38)
; expected:
(= [] (anagram/anagrams-for "BANANA" ["banana"]))
; ERROR in anagram-test/case-insensitive-anagrams (AFn.java:30):
; error: clojure.lang.ArityException: Wrong number of args (3) passed to: anagram/anagram? (AFn.java:30)
; expected:
(=
 ["Carthorse"]
 (let
  [coll ["cashregister" "Carthorse" "radishes"]]
  (anagram/anagrams-for "Orchestra" coll)))
; ERROR in anagram-test/detect-anagram (AFn.java:19):
; error: clojure.lang.ArityException: Wrong number of args (3) passed to: anagram/anagram? (AFn.java:19)
; expected:
(=
 ["inlets"]
 (let
  [coll ["enlists" "google" "inlets" "banana"]]
  (anagram/anagrams-for "listen" coll)))
; ERROR in anagram-test/detect-simple-anagram (AFn.java:10):
; error: clojure.lang.ArityException: Wrong number of args (3) passed to: anagram/anagram? (AFn.java:10)
; expected:
(= ["tan"] (anagram/anagrams-for "ant" ["tan" "stand" "at"]))
; ERROR in anagram-test/does-not-confuse-different-duplicates (AFn.java:13):
; error: clojure.lang.ArityException: Wrong number of args (3) passed to: anagram/anagram? (AFn.java:13)
; expected:
(= [] (anagram/anagrams-for "galea" ["eagle"]))
; ERROR in anagram-test/eliminate-anagram-subsets (AFn.java:16):
; error: clojure.lang.ArityException: Wrong number of args (3) passed to: anagram/anagram? (AFn.java:16)
; expected:
(= [] (anagram/anagrams-for "good" ["dog" "goody"]))
; ERROR in anagram-test/multiple-anagrams (AFn.java:24):
; error: clojure.lang.ArityException: Wrong number of args (3) passed to: anagram/anagram? (AFn.java:24)
; expected:
(=
 ["gallery" "regally" "largely"]
 (let
  [coll ["gallery" "ballerina" "regally" "clergy" "largely" "leading"]]
  (anagram/anagrams-for "allergy" coll)))
; ERROR in anagram-test/no-matches (AFn.java:6):
; error: clojure.lang.ArityException: Wrong number of args (3) passed to: anagram/anagram? (AFn.java:6)
; expected:
(=
 []
 (anagram/anagrams-for "diaper" ["hello" "world" "zombies" "pants"]))
; ERROR in anagram-test/word-is-not-own-anagram (AFn.java:35):
; error: clojure.lang.ArityException: Wrong number of args (3) passed to: anagram/anagram? (AFn.java:35)
; expected:
(= [] (anagram/anagrams-for "banana" ["banana"]))
; 9 tests finished, problems found. ðŸ˜­ errors: 9, failures: 0, ns: 1, vars: 9
cljêž‰anagramêž‰>Â 
; Evaluating file: anagram.clj
#'anagram/anagrams-for
; Running tests for anagram...
; ERROR in anagram-test/capital-word-is-not-own-anagram (AFn.java:38):
; error: clojure.lang.ArityException: Wrong number of args (1) passed to: anagram/anagram? (AFn.java:38)
; expected:
(= [] (anagram/anagrams-for "BANANA" ["banana"]))
; ERROR in anagram-test/case-insensitive-anagrams (AFn.java:30):
; error: clojure.lang.ArityException: Wrong number of args (1) passed to: anagram/anagram? (AFn.java:30)
; expected:
(=
 ["Carthorse"]
 (let
  [coll ["cashregister" "Carthorse" "radishes"]]
  (anagram/anagrams-for "Orchestra" coll)))
; ERROR in anagram-test/detect-anagram (AFn.java:19):
; error: clojure.lang.ArityException: Wrong number of args (1) passed to: anagram/anagram? (AFn.java:19)
; expected:
(=
 ["inlets"]
 (let
  [coll ["enlists" "google" "inlets" "banana"]]
  (anagram/anagrams-for "listen" coll)))
; ERROR in anagram-test/detect-simple-anagram (AFn.java:10):
; error: clojure.lang.ArityException: Wrong number of args (1) passed to: anagram/anagram? (AFn.java:10)
; expected:
(= ["tan"] (anagram/anagrams-for "ant" ["tan" "stand" "at"]))
; ERROR in anagram-test/does-not-confuse-different-duplicates (AFn.java:13):
; error: clojure.lang.ArityException: Wrong number of args (1) passed to: anagram/anagram? (AFn.java:13)
; expected:
(= [] (anagram/anagrams-for "galea" ["eagle"]))
; ERROR in anagram-test/eliminate-anagram-subsets (AFn.java:16):
; error: clojure.lang.ArityException: Wrong number of args (1) passed to: anagram/anagram? (AFn.java:16)
; expected:
(= [] (anagram/anagrams-for "good" ["dog" "goody"]))
; ERROR in anagram-test/multiple-anagrams (AFn.java:24):
; error: clojure.lang.ArityException: Wrong number of args (1) passed to: anagram/anagram? (AFn.java:24)
; expected:
(=
 ["gallery" "regally" "largely"]
 (let
  [coll ["gallery" "ballerina" "regally" "clergy" "largely" "leading"]]
  (anagram/anagrams-for "allergy" coll)))
; ERROR in anagram-test/no-matches (AFn.java:6):
; error: clojure.lang.ArityException: Wrong number of args (1) passed to: anagram/anagram? (AFn.java:6)
; expected:
(=
 []
 (anagram/anagrams-for "diaper" ["hello" "world" "zombies" "pants"]))
; ERROR in anagram-test/word-is-not-own-anagram (AFn.java:35):
; error: clojure.lang.ArityException: Wrong number of args (1) passed to: anagram/anagram? (AFn.java:35)
; expected:
(= [] (anagram/anagrams-for "banana" ["banana"]))
; 9 tests finished, problems found. ðŸ˜­ errors: 9, failures: 0, ns: 1, vars: 9
cljêž‰anagramêž‰>Â 
; Evaluating file: anagram.clj
#'anagram/anagrams-for
; Running tests for anagram...
; ERROR in anagram-test/capital-word-is-not-own-anagram (AFn.java:38):
; error: clojure.lang.ArityException: Wrong number of args (1) passed to: anagram/anagram? (AFn.java:38)
; expected:
(= [] (anagram/anagrams-for "BANANA" ["banana"]))
; ERROR in anagram-test/case-insensitive-anagrams (AFn.java:30):
; error: clojure.lang.ArityException: Wrong number of args (1) passed to: anagram/anagram? (AFn.java:30)
; expected:
(=
 ["Carthorse"]
 (let
  [coll ["cashregister" "Carthorse" "radishes"]]
  (anagram/anagrams-for "Orchestra" coll)))
; ERROR in anagram-test/detect-anagram (AFn.java:19):
; error: clojure.lang.ArityException: Wrong number of args (1) passed to: anagram/anagram? (AFn.java:19)
; expected:
(=
 ["inlets"]
 (let
  [coll ["enlists" "google" "inlets" "banana"]]
  (anagram/anagrams-for "listen" coll)))
; ERROR in anagram-test/detect-simple-anagram (AFn.java:10):
; error: clojure.lang.ArityException: Wrong number of args (1) passed to: anagram/anagram? (AFn.java:10)
; expected:
(= ["tan"] (anagram/anagrams-for "ant" ["tan" "stand" "at"]))
; ERROR in anagram-test/does-not-confuse-different-duplicates (AFn.java:13):
; error: clojure.lang.ArityException: Wrong number of args (1) passed to: anagram/anagram? (AFn.java:13)
; expected:
(= [] (anagram/anagrams-for "galea" ["eagle"]))
; ERROR in anagram-test/eliminate-anagram-subsets (AFn.java:16):
; error: clojure.lang.ArityException: Wrong number of args (1) passed to: anagram/anagram? (AFn.java:16)
; expected:
(= [] (anagram/anagrams-for "good" ["dog" "goody"]))
; ERROR in anagram-test/multiple-anagrams (AFn.java:24):
; error: clojure.lang.ArityException: Wrong number of args (1) passed to: anagram/anagram? (AFn.java:24)
; expected:
(=
 ["gallery" "regally" "largely"]
 (let
  [coll ["gallery" "ballerina" "regally" "clergy" "largely" "leading"]]
  (anagram/anagrams-for "allergy" coll)))
; ERROR in anagram-test/no-matches (AFn.java:6):
; error: clojure.lang.ArityException: Wrong number of args (1) passed to: anagram/anagram? (AFn.java:6)
; expected:
(=
 []
 (anagram/anagrams-for "diaper" ["hello" "world" "zombies" "pants"]))
; ERROR in anagram-test/word-is-not-own-anagram (AFn.java:35):
; error: clojure.lang.ArityException: Wrong number of args (1) passed to: anagram/anagram? (AFn.java:35)
; expected:
(= [] (anagram/anagrams-for "banana" ["banana"]))
; 9 tests finished, problems found. ðŸ˜­ errors: 9, failures: 0, ns: 1, vars: 9
cljêž‰anagramêž‰>Â 
; Evaluating file: anagram.clj
#'anagram/anagrams-for
; Running tests for anagram...
; FAIL in anagram-test/capital-word-is-not-own-anagram (anagram_test.clj:38):
; expected:
[]
; actual:
("banana")
; 9 tests finished, problems found. ðŸ˜­ errors: 0, failures: 1, ns: 1, vars: 9
cljêž‰anagramêž‰>Â 
; Evaluating file: anagram.clj
; Syntax error macroexpanding clojure.core/defn at (anagram.clj:6:1).
; Call to clojure.core/defn did not conform to spec.
; Evaluation of file anagram.clj failed: class clojure.lang.Compiler$CompilerException
; Evaluating file: anagram.clj
; Syntax error macroexpanding clojure.core/defn at (anagram.clj:6:1).
; Call to clojure.core/defn did not conform to spec.
; Evaluation of file anagram.clj failed: class clojure.lang.Compiler$CompilerException
; Evaluating file: anagram.clj
; Syntax error compiling at (anagram.clj:8:4).
; Unable to resolve symbol: word1 in this context
; Evaluation of file anagram.clj failed: class clojure.lang.Compiler$CompilerException
; Evaluating file: anagram.clj
; Syntax error compiling at (anagram.clj:9:4).
; Unable to resolve symbol: word1 in this context
; Evaluation of file anagram.clj failed: class clojure.lang.Compiler$CompilerException
; Evaluating file: anagram.clj
; Syntax error compiling at (anagram.clj:7:3).
; Unable to resolve symbol: l in this context
; Evaluation of file anagram.clj failed: class clojure.lang.Compiler$CompilerException
; Evaluating file: anagram.clj
; Syntax error compiling at (anagram.clj:9:4).
; Unable to resolve symbol: word1 in this context
; Evaluation of file anagram.clj failed: class clojure.lang.Compiler$CompilerException
; Evaluating file: anagram.clj
; Syntax error compiling at (anagram.clj:9:4).
; Unable to resolve symbol: word1 in this context
; Evaluation of file anagram.clj failed: class clojure.lang.Compiler$CompilerException
; Evaluating file: anagram.clj
; Syntax error macroexpanding clojure.core/let at (anagram.clj:7:3).
; [[w1 w2]] - failed: even-number-of-forms? at: [:bindings] spec: :clojure.core.specs.alpha/bindings
; Evaluation of file anagram.clj failed: class clojure.lang.Compiler$CompilerException
; Evaluating file: anagram.clj
; Syntax error compiling at (anagram.clj:7:17).
; Unable to resolve symbol: m in this context
; Evaluation of file anagram.clj failed: class clojure.lang.Compiler$CompilerException
; Evaluating file: anagram.clj
; Syntax error compiling at (anagram.clj:9:4).
; Unable to resolve symbol: word1 in this context
; Evaluation of file anagram.clj failed: class clojure.lang.Compiler$CompilerException
; Evaluating file: anagram.clj
; Syntax error compiling at (anagram.clj:9:4).
; Unable to resolve symbol: word1 in this context
; Evaluation of file anagram.clj failed: class clojure.lang.Compiler$CompilerException
; Evaluating file: anagram.clj
; Syntax error compiling at (anagram.clj:9:4).
; Unable to resolve symbol: word1 in this context
; Evaluation of file anagram.clj failed: class clojure.lang.Compiler$CompilerException
; Evaluating file: anagram.clj
; Syntax error compiling at (anagram.clj:9:6).
; Unable to resolve symbol: word1 in this context
; Evaluation of file anagram.clj failed: class clojure.lang.Compiler$CompilerException
; Evaluating file: anagram.clj
; Syntax error compiling at (anagram.clj:10:9).
; Unable to resolve symbol: word1 in this context
; Evaluation of file anagram.clj failed: class clojure.lang.Compiler$CompilerException
; Evaluating file: anagram.clj
; Syntax error compiling at (anagram.clj:10:26).
; Unable to resolve symbol: word2 in this context
; Evaluation of file anagram.clj failed: class clojure.lang.Compiler$CompilerException
; Evaluating file: anagram.clj
#'anagram/anagrams-for
; Running tests for anagram...
; 9 tests finished, all passing ðŸ‘, ns: 1, vars: 9
cljêž‰anagramêž‰>Â 
; Evaluating file: anagram.clj
#'anagram/anagrams-for
; Running tests for anagram...
; 9 tests finished, all passing ðŸ‘, ns: 1, vars: 9
cljêž‰anagramêž‰>Â 
; Evaluating file: anagram.clj
#'anagram/anagrams-for
; Running tests for anagram...
; 9 tests finished, all passing ðŸ‘, ns: 1, vars: 9
cljêž‰anagramêž‰>Â 
; Evaluating file: anagram.clj
#'anagram/anagrams-for
; Running tests for anagram...
; 9 tests finished, all passing ðŸ‘, ns: 1, vars: 9
cljêž‰anagramêž‰>Â 
; Evaluating file: anagram.clj
; Syntax error compiling at (anagram.clj:5:17).
; Unable to resolve symbol: words in this context
; Evaluation of file anagram.clj failed: class clojure.lang.Compiler$CompilerException
; Evaluating file: anagram.clj
; Syntax error compiling at (anagram.clj:5:17).
; Unable to resolve symbol: words in this context
; Evaluation of file anagram.clj failed: class clojure.lang.Compiler$CompilerException
; Evaluating file: anagram.clj
; Syntax error compiling at (anagram.clj:5:17).
; Unable to resolve symbol: words in this context
; Evaluation of file anagram.clj failed: class clojure.lang.Compiler$CompilerException
; Evaluating file: anagram.clj
; Syntax error compiling at (anagram.clj:5:17).
; Unable to resolve symbol: w in this context
; Evaluation of file anagram.clj failed: class clojure.lang.Compiler$CompilerException
; Evaluating file: anagram.clj
#'anagram/anagrams-for
; Running tests for anagram...
; 9 tests finished, all passing ðŸ‘, ns: 1, vars: 9
cljêž‰anagramêž‰>Â 
; Evaluating file: anagram.clj
#'anagram/anagrams-for
; Running tests for anagram...
; 9 tests finished, all passing ðŸ‘, ns: 1, vars: 9
cljêž‰anagramêž‰>Â 
; Evaluating file: anagram.clj
#'anagram/anagrams-for
; Running tests for anagram...
; 9 tests finished, all passing ðŸ‘, ns: 1, vars: 9
cljêž‰anagramêž‰>Â 
